[I 2026-06-17 18:37:46,560] A new study created in memory with name: no-name-e0853b3b-fb8e-4803-ae2d-a49b043be9b2
[I 2026-06-17 18:41:46,324] Trial 0 finished with value: 0.7841409691629956 and parameters: {'embed_dim': 256, 'contrast_dim': 16, 'mask_ratio': 0.6657851476986375, 'dropout': 0.2756099853353588, 'n_heads': 2, 'dim_feedforward': 256, 'alpha': 3.7074620874499207, 'beta': 3.762286779667661, 'gamma': 0.02156257791967881, 'pos_weight_scalar': 2.908739896468344, 'n_blocks': 6, 'lr': 0.0029185079961956935, 'weight_decay': 0.0008826654954155202}. Best is trial 0 with value: 0.7841409691629956.
[I 2026-06-17 18:47:24,009] Trial 1 finished with value: 0.8491189427312775 and parameters: {'embed_dim': 32, 'contrast_dim': 32, 'mask_ratio': 0.5773781970125907, 'dropout': 0.023607997316739904, 'n_heads': 4, 'dim_feedforward': 256, 'alpha': 0.5109927367611007, 'beta': 3.5897043880883737, 'gamma': 0.05421225677576694, 'pos_weight_scalar': 1.1785533531890304, 'n_blocks': 4, 'lr': 0.0002933098129894407, 'weight_decay': 0.0028729258841765017}. Best is trial 1 with value: 0.8491189427312775.
[I 2026-06-17 18:53:25,216] Trial 2 finished with value: 0.8348017621145375 and parameters: {'embed_dim': 32, 'contrast_dim': 16, 'mask_ratio': 0.19756894127555705, 'dropout': 0.317297335247402, 'n_heads': 2, 'dim_feedforward': 64, 'alpha': 3.358463596661267, 'beta': 2.256601886833762, 'gamma': 0.2709418038793425, 'pos_weight_scalar': 2.934313324730224, 'n_blocks': 4, 'lr': 0.0009059064043309527, 'weight_decay': 0.00142060223985785}. Best is trial 1 with value: 0.8491189427312775.
[I 2026-06-17 18:57:26,173] Trial 3 finished with value: 0.7841409691629956 and parameters: {'embed_dim': 256, 'contrast_dim': 64, 'mask_ratio': 0.16895924429633435, 'dropout': 0.20626183312737872, 'n_heads': 1, 'dim_feedforward': 512, 'alpha': 0.8938620719617208, 'beta': 1.3149295388929039, 'gamma': 0.11354278444117753, 'pos_weight_scalar': 3.1698580958283675, 'n_blocks': 4, 'lr': 0.0015951817731796579, 'weight_decay': 0.006297457380602669}. Best is trial 1 with value: 0.8491189427312775.
[I 2026-06-17 19:03:40,714] Trial 4 finished with value: 0.8469162995594713 and parameters: {'embed_dim': 32, 'contrast_dim': 32, 'mask_ratio': 0.1659566132951542, 'dropout': 0.10218142432509558, 'n_heads': 1, 'dim_feedforward': 64, 'alpha': 4.104655422153411, 'beta': 0.5763350074162376, 'gamma': 0.046059630912210464, 'pos_weight_scalar': 2.4682854720931378, 'n_blocks': 2, 'lr': 0.0002752431457554101, 'weight_decay': 0.0009134147767953577}. Best is trial 1 with value: 0.8491189427312775.
[I 2026-06-17 19:18:16,757] Trial 5 finished with value: 0.8502202643171806 and parameters: {'embed_dim': 32, 'contrast_dim': 16, 'mask_ratio': 0.6661725653350221, 'dropout': 0.33356404274142754, 'n_heads': 1, 'dim_feedforward': 256, 'alpha': 2.1207217907932954, 'beta': 1.9660906493101782, 'gamma': 0.041984826245121266, 'pos_weight_scalar': 2.5879760456187992, 'n_blocks': 4, 'lr': 0.0003970702495732162, 'weight_decay': 0.004397807899453567}. Best is trial 5 with value: 0.8502202643171806.
[I 2026-06-17 19:28:14,819] Trial 6 finished with value: 0.8392070484581498 and parameters: {'embed_dim': 32, 'contrast_dim': 64, 'mask_ratio': 0.6707162174408405, 'dropout': 0.136979185502839, 'n_heads': 2, 'dim_feedforward': 128, 'alpha': 0.2950777475626718, 'beta': 2.3126539812902105, 'gamma': 0.028988570379689167, 'pos_weight_scalar': 1.4066509612033276, 'n_blocks': 2, 'lr': 0.0006004431899054669, 'weight_decay': 0.008973859384288036}. Best is trial 5 with value: 0.8502202643171806.
[I 2026-06-17 19:34:18,565] Trial 7 finished with value: 0.8546255506607929 and parameters: {'embed_dim': 256, 'contrast_dim': 16, 'mask_ratio': 0.11976421915609164, 'dropout': 0.4601217512776042, 'n_heads': 4, 'dim_feedforward': 64, 'alpha': 3.79468437137906, 'beta': 3.7197133269768856, 'gamma': 0.5664196865053245, 'pos_weight_scalar': 1.4605178220437391, 'n_blocks': 6, 'lr': 0.00025491370844101435, 'weight_decay': 0.0014433063374909593}. Best is trial 7 with value: 0.8546255506607929.
[I 2026-06-17 19:40:40,964] Trial 8 finished with value: 0.7852422907488987 and parameters: {'embed_dim': 256, 'contrast_dim': 64, 'mask_ratio': 0.6384085926681575, 'dropout': 0.00540218208204063, 'n_heads': 1, 'dim_feedforward': 64, 'alpha': 2.5626062969113903, 'beta': 4.125435482595282, 'gamma': 0.03715384234673974, 'pos_weight_scalar': 4.852767171638659, 'n_blocks': 2, 'lr': 0.0025478740293768025, 'weight_decay': 0.002254492222538797}. Best is trial 7 with value: 0.8546255506607929.
[I 2026-06-17 19:45:21,689] Trial 9 finished with value: 0.7852422907488987 and parameters: {'embed_dim': 32, 'contrast_dim': 64, 'mask_ratio': 0.5876168652678182, 'dropout': 0.4323804832517119, 'n_heads': 1, 'dim_feedforward': 128, 'alpha': 2.3988685142568897, 'beta': 0.5515660305449401, 'gamma': 0.035111376871755175, 'pos_weight_scalar': 3.0787478045405923, 'n_blocks': 4, 'lr': 0.0027824638198757075, 'weight_decay': 0.0003561327379113156}. Best is trial 7 with value: 0.8546255506607929.
[I 2026-06-17 19:47:35,915] Trial 10 pruned. 
[I 2026-06-17 19:56:36,547] Trial 11 finished with value: 0.8590308370044053 and parameters: {'embed_dim': 128, 'contrast_dim': 16, 'mask_ratio': 0.42469772730035804, 'dropout': 0.3797640281176309, 'n_heads': 4, 'dim_feedforward': 256, 'alpha': 1.6454896723551233, 'beta': 2.659500522114016, 'gamma': 0.9606542695606821, 'pos_weight_scalar': 1.7711461252481056, 'n_blocks': 6, 'lr': 0.00024854895168494116, 'weight_decay': 0.003987987393153062}. Best is trial 11 with value: 0.8590308370044053.
[I 2026-06-17 20:04:21,368] Trial 12 finished with value: 0.8513215859030837 and parameters: {'embed_dim': 128, 'contrast_dim': 16, 'mask_ratio': 0.388228777552844, 'dropout': 0.4069787487864709, 'n_heads': 4, 'dim_feedforward': 256, 'alpha': 1.401042554156191, 'beta': 3.372672361616153, 'gamma': 0.6259830616677018, 'pos_weight_scalar': 1.8747656157030528, 'n_blocks': 6, 'lr': 0.0001415007951493809, 'weight_decay': 0.0004926336691044732}. Best is trial 11 with value: 0.8590308370044053.
[I 2026-06-17 20:10:23,932] Trial 13 finished with value: 0.8513215859030837 and parameters: {'embed_dim': 128, 'contrast_dim': 16, 'mask_ratio': 0.33273782126718, 'dropout': 0.49798634935205843, 'n_heads': 4, 'dim_feedforward': 64, 'alpha': 4.873651432444259, 'beta': 2.918292888834504, 'gamma': 0.3800655621764565, 'pos_weight_scalar': 1.8906145714391625, 'n_blocks': 6, 'lr': 0.0001889049700282828, 'weight_decay': 0.0029056737841987477}. Best is trial 11 with value: 0.8590308370044053.
[I 2026-06-17 20:14:08,734] Trial 14 pruned. 
[I 2026-06-17 20:21:31,942] Trial 15 finished with value: 0.8447136563876652 and parameters: {'embed_dim': 64, 'contrast_dim': 16, 'mask_ratio': 0.10011993952213351, 'dropout': 0.3708445985907952, 'n_heads': 4, 'dim_feedforward': 64, 'alpha': 2.9717052241123088, 'beta': 4.637904553383654, 'gamma': 0.8152908692093328, 'pos_weight_scalar': 1.0288700193421225, 'n_blocks': 6, 'lr': 0.00019421247379097014, 'weight_decay': 0.0043844337587765365}. Best is trial 11 with value: 0.8590308370044053.
[I 2026-06-17 20:27:36,727] Trial 16 finished with value: 0.8458149779735683 and parameters: {'embed_dim': 128, 'contrast_dim': 32, 'mask_ratio': 0.27486203182880076, 'dropout': 0.2628826257499797, 'n_heads': 4, 'dim_feedforward': 128, 'alpha': 4.214425665408648, 'beta': 1.4423307573785435, 'gamma': 0.4555070574362315, 'pos_weight_scalar': 4.004087883573835, 'n_blocks': 6, 'lr': 0.00043536926457947477, 'weight_decay': 0.00035630631853242713}. Best is trial 11 with value: 0.8590308370044053.
[I 2026-06-17 20:30:21,525] Trial 17 pruned. 
[I 2026-06-17 20:39:40,528] Trial 18 finished with value: 0.8502202643171806 and parameters: {'embed_dim': 128, 'contrast_dim': 16, 'mask_ratio': 0.2714491793589898, 'dropout': 0.3442783931237579, 'n_heads': 4, 'dim_feedforward': 64, 'alpha': 3.052321576007267, 'beta': 4.1609209888233725, 'gamma': 0.5157639341993138, 'pos_weight_scalar': 1.4614145371381686, 'n_blocks': 6, 'lr': 0.00010236088170591824, 'weight_decay': 0.0007613061847244752}. Best is trial 11 with value: 0.8590308370044053.
[I 2026-06-17 20:50:09,536] Trial 19 finished with value: 0.8557268722466961 and parameters: {'embed_dim': 256, 'contrast_dim': 32, 'mask_ratio': 0.4662459368449122, 'dropout': 0.44989195468205834, 'n_heads': 4, 'dim_feedforward': 256, 'alpha': 1.1852788350878574, 'beta': 3.214325879776604, 'gamma': 0.1962903594651034, 'pos_weight_scalar': 3.470647629404396, 'n_blocks': 6, 'lr': 0.0002479689633444339, 'weight_decay': 0.009285862470747027}. Best is trial 11 with value: 0.8590308370044053.
[I 2026-06-17 20:52:15,599] Trial 20 pruned. 
[I 2026-06-17 20:59:03,333] Trial 21 finished with value: 0.8502202643171806 and parameters: {'embed_dim': 256, 'contrast_dim': 32, 'mask_ratio': 0.5382644413271341, 'dropout': 0.45691916708569974, 'n_heads': 4, 'dim_feedforward': 256, 'alpha': 0.9262147261425239, 'beta': 3.170099207073357, 'gamma': 0.21443164262961803, 'pos_weight_scalar': 3.773683635674059, 'n_blocks': 6, 'lr': 0.0002571773030679432, 'weight_decay': 0.005059580151705886}. Best is trial 11 with value: 0.8590308370044053.
[I 2026-06-17 21:08:00,454] Trial 22 finished with value: 0.8436123348017621 and parameters: {'embed_dim': 256, 'contrast_dim': 32, 'mask_ratio': 0.4062194883927662, 'dropout': 0.4483848329797971, 'n_heads': 4, 'dim_feedforward': 256, 'alpha': 0.8718931948288746, 'beta': 2.61374264242241, 'gamma': 0.010509639275554003, 'pos_weight_scalar': 4.266809877652308, 'n_blocks': 6, 'lr': 0.00016974034084488583, 'weight_decay': 0.00641432938837722}. Best is trial 11 with value: 0.8590308370044053.
[I 2026-06-17 21:17:08,258] Trial 23 finished with value: 0.8414096916299559 and parameters: {'embed_dim': 256, 'contrast_dim': 32, 'mask_ratio': 0.2821878877582902, 'dropout': 0.38470742822506937, 'n_heads': 4, 'dim_feedforward': 256, 'alpha': 1.7128025569853649, 'beta': 3.932211239421989, 'gamma': 0.31994257344508803, 'pos_weight_scalar': 1.5519589948959376, 'n_blocks': 6, 'lr': 0.00038024172204901923, 'weight_decay': 0.003340495287451422}. Best is trial 11 with value: 0.8590308370044053.
[I 2026-06-17 21:25:23,523] Trial 24 finished with value: 0.8590308370044053 and parameters: {'embed_dim': 256, 'contrast_dim': 16, 'mask_ratio': 0.42748991185683943, 'dropout': 0.4182854687728394, 'n_heads': 4, 'dim_feedforward': 256, 'alpha': 2.6097118812346385, 'beta': 3.3636697272323546, 'gamma': 0.66791046335735, 'pos_weight_scalar': 2.2890454584057593, 'n_blocks': 6, 'lr': 0.00025211032258476933, 'weight_decay': 0.007354574366315818}. Best is trial 11 with value: 0.8590308370044053.
[I 2026-06-17 21:32:17,331] Trial 25 finished with value: 0.8557268722466961 and parameters: {'embed_dim': 128, 'contrast_dim': 32, 'mask_ratio': 0.4261071074118902, 'dropout': 0.3589244673915711, 'n_heads': 4, 'dim_feedforward': 256, 'alpha': 2.4656038830456373, 'beta': 3.2307899818280577, 'gamma': 0.17251714228808138, 'pos_weight_scalar': 2.3287446886074514, 'n_blocks': 6, 'lr': 0.00014293120828523935, 'weight_decay': 0.0077419782827710636}. Best is trial 11 with value: 0.8590308370044053.
[I 2026-06-17 21:34:35,479] Trial 26 pruned. 
[I 2026-06-17 21:37:12,459] Trial 27 pruned. 
[I 2026-06-17 21:39:46,889] Trial 28 pruned. 
[I 2026-06-17 21:46:09,238] Trial 29 finished with value: 0.8579295154185022 and parameters: {'embed_dim': 256, 'contrast_dim': 32, 'mask_ratio': 0.4396056662959674, 'dropout': 0.2040193046436797, 'n_heads': 2, 'dim_feedforward': 256, 'alpha': 3.036960692782807, 'beta': 1.8448219691069814, 'gamma': 0.07337751713182326, 'pos_weight_scalar': 2.1754368841279574, 'n_blocks': 2, 'lr': 0.00021692130646029577, 'weight_decay': 0.0021483672847622797}. Best is trial 11 with value: 0.8590308370044053.
[I 2026-06-17 21:55:26,195] Trial 30 finished with value: 0.8524229074889867 and parameters: {'embed_dim': 64, 'contrast_dim': 16, 'mask_ratio': 0.34785830538003815, 'dropout': 0.22670747808338726, 'n_heads': 2, 'dim_feedforward': 256, 'alpha': 2.8272480696714473, 'beta': 1.872151790325773, 'gamma': 0.021164184616340797, 'pos_weight_scalar': 2.1709739855759764, 'n_blocks': 2, 'lr': 0.00014155175592139494, 'weight_decay': 0.0020819517244642185}. Best is trial 11 with value: 0.8590308370044053.
[I 2026-06-17 22:00:39,036] Trial 31 finished with value: 0.8480176211453745 and parameters: {'embed_dim': 256, 'contrast_dim': 32, 'mask_ratio': 0.4438108369564086, 'dropout': 0.14841156758616622, 'n_heads': 2, 'dim_feedforward': 256, 'alpha': 3.369582782138817, 'beta': 0.9270786115905838, 'gamma': 0.07800953788856396, 'pos_weight_scalar': 2.762850680614997, 'n_blocks': 2, 'lr': 0.00023804023528355706, 'weight_decay': 0.006524833623434374}. Best is trial 11 with value: 0.8590308370044053.
[I 2026-06-17 22:10:25,029] Trial 32 finished with value: 0.8568281938325991 and parameters: {'embed_dim': 256, 'contrast_dim': 32, 'mask_ratio': 0.5270221974680743, 'dropout': 0.07645121389576165, 'n_heads': 2, 'dim_feedforward': 256, 'alpha': 2.149064180155886, 'beta': 2.492586720438264, 'gamma': 0.06423639196211177, 'pos_weight_scalar': 2.1242478281483814, 'n_blocks': 2, 'lr': 0.0003268800486767854, 'weight_decay': 0.003865574081269928}. Best is trial 11 with value: 0.8590308370044053.
[I 2026-06-17 22:12:43,995] Trial 33 pruned. 
[I 2026-06-17 22:17:31,920] Trial 34 finished with value: 0.8557268722466961 and parameters: {'embed_dim': 256, 'contrast_dim': 32, 'mask_ratio': 0.5150670232412194, 'dropout': 0.034871160139062905, 'n_heads': 2, 'dim_feedforward': 256, 'alpha': 2.7400204944261066, 'beta': 1.9007265548557732, 'gamma': 0.018482308017935538, 'pos_weight_scalar': 1.8190808691370557, 'n_blocks': 2, 'lr': 0.00019878324153473875, 'weight_decay': 0.003860217728444005}. Best is trial 11 with value: 0.8590308370044053.
[I 2026-06-17 22:28:04,086] Trial 35 finished with value: 0.8513215859030837 and parameters: {'embed_dim': 256, 'contrast_dim': 32, 'mask_ratio': 0.5972363083100876, 'dropout': 0.19397920427620316, 'n_heads': 2, 'dim_feedforward': 512, 'alpha': 3.162342036284951, 'beta': 1.103792074664154, 'gamma': 0.10698519366395466, 'pos_weight_scalar': 2.3989561377341477, 'n_blocks': 2, 'lr': 0.00033867432922202184, 'weight_decay': 0.0009873712175010021}. Best is trial 11 with value: 0.8590308370044053.
[I 2026-06-17 22:30:07,664] Trial 36 pruned. 
[I 2026-06-17 22:37:59,499] Trial 37 finished with value: 0.8579295154185022 and parameters: {'embed_dim': 128, 'contrast_dim': 16, 'mask_ratio': 0.43912556185155543, 'dropout': 0.07245062568287133, 'n_heads': 2, 'dim_feedforward': 128, 'alpha': 1.7936903963872668, 'beta': 2.1237441148293583, 'gamma': 0.010069085388764188, 'pos_weight_scalar': 2.9036563709523917, 'n_blocks': 4, 'lr': 0.0007311173945474797, 'weight_decay': 0.001880848948125562}. Best is trial 11 with value: 0.8590308370044053.
[I 2026-06-17 22:40:05,184] Trial 38 pruned. 
[I 2026-06-17 22:42:09,661] Trial 39 pruned. 
[I 2026-06-17 22:44:15,580] Trial 40 pruned. 
[I 2026-06-17 22:49:54,724] Trial 41 finished with value: 0.8513215859030837 and parameters: {'embed_dim': 32, 'contrast_dim': 16, 'mask_ratio': 0.44126395316978473, 'dropout': 0.06375458370677559, 'n_heads': 2, 'dim_feedforward': 128, 'alpha': 2.14905687178888, 'beta': 2.161679660268226, 'gamma': 0.13638225109985194, 'pos_weight_scalar': 1.6752302337867255, 'n_blocks': 4, 'lr': 0.0002828754880061734, 'weight_decay': 0.004924876895239725}. Best is trial 11 with value: 0.8590308370044053.
[I 2026-06-17 22:55:29,380] Trial 42 finished with value: 0.8502202643171806 and parameters: {'embed_dim': 128, 'contrast_dim': 64, 'mask_ratio': 0.6293296851476193, 'dropout': 0.08246563445996326, 'n_heads': 2, 'dim_feedforward': 256, 'alpha': 2.6535863091617253, 'beta': 2.378258507940864, 'gamma': 0.7049220329498234, 'pos_weight_scalar': 1.2712747685243813, 'n_blocks': 2, 'lr': 0.00022004416496865933, 'weight_decay': 0.006733232173423591}. Best is trial 11 with value: 0.8590308370044053.
[I 2026-06-17 22:57:36,628] Trial 43 pruned. 
[I 2026-06-17 22:59:56,875] Trial 44 pruned. 
[I 2026-06-17 23:09:37,519] Trial 45 finished with value: 0.8623348017621145 and parameters: {'embed_dim': 128, 'contrast_dim': 64, 'mask_ratio': 0.4155001284184048, 'dropout': 0.07557664922424989, 'n_heads': 1, 'dim_feedforward': 256, 'alpha': 1.9463519390165043, 'beta': 1.2827436282626397, 'gamma': 0.030993431077562212, 'pos_weight_scalar': 2.3281276543634375, 'n_blocks': 4, 'lr': 0.00017067280989424433, 'weight_decay': 0.0012304590706920557}. Best is trial 45 with value: 0.8623348017621145.
[I 2026-06-17 23:17:36,124] Trial 46 finished with value: 0.8502202643171806 and parameters: {'embed_dim': 128, 'contrast_dim': 64, 'mask_ratio': 0.40845728613199833, 'dropout': 0.05021950872580405, 'n_heads': 1, 'dim_feedforward': 128, 'alpha': 2.451712045672426, 'beta': 1.2606339571509377, 'gamma': 0.027141284230126256, 'pos_weight_scalar': 2.8888943861316783, 'n_blocks': 4, 'lr': 0.00011595271031263673, 'weight_decay': 0.00012026937052516332}. Best is trial 45 with value: 0.8623348017621145.
[I 2026-06-17 23:22:32,899] Trial 47 finished with value: 0.8524229074889867 and parameters: {'embed_dim': 128, 'contrast_dim': 64, 'mask_ratio': 0.41116114919160285, 'dropout': 0.0024399472388576815, 'n_heads': 1, 'dim_feedforward': 256, 'alpha': 1.9377451153051182, 'beta': 0.7935538625117846, 'gamma': 0.040174154107881416, 'pos_weight_scalar': 2.3116189697883667, 'n_blocks': 4, 'lr': 0.0001475666779875526, 'weight_decay': 0.0007140100977300853}. Best is trial 45 with value: 0.8623348017621145.
[I 2026-06-17 23:30:31,929] Trial 48 finished with value: 0.8480176211453745 and parameters: {'embed_dim': 128, 'contrast_dim': 64, 'mask_ratio': 0.4572453300103553, 'dropout': 0.17351483265753462, 'n_heads': 1, 'dim_feedforward': 256, 'alpha': 1.508699507512906, 'beta': 2.132296187126149, 'gamma': 0.03215101667305842, 'pos_weight_scalar': 3.1106134893196766, 'n_blocks': 4, 'lr': 0.00017881714471307963, 'weight_decay': 0.0012032402442487304}. Best is trial 45 with value: 0.8623348017621145.
[I 2026-06-17 23:39:24,243] Trial 49 finished with value: 0.8524229074889867 and parameters: {'embed_dim': 128, 'contrast_dim': 64, 'mask_ratio': 0.22127834289837991, 'dropout': 0.09961255141157488, 'n_heads': 1, 'dim_feedforward': 64, 'alpha': 4.037125744072689, 'beta': 3.714221947904753, 'gamma': 0.02332180045829777, 'pos_weight_scalar': 2.508070488160585, 'n_blocks': 4, 'lr': 0.00012061235015893463, 'weight_decay': 0.001436582811281499}. Best is trial 45 with value: 0.8623348017621145.
[I 2026-06-17 23:43:18,336] Trial 50 pruned. 
[I 2026-06-17 23:51:15,044] Trial 51 finished with value: 0.8502202643171806 and parameters: {'embed_dim': 64, 'contrast_dim': 64, 'mask_ratio': 0.49498264200359765, 'dropout': 0.07945715746719217, 'n_heads': 2, 'dim_feedforward': 256, 'alpha': 2.581539139614506, 'beta': 2.6701404128082484, 'gamma': 0.04488530843431617, 'pos_weight_scalar': 2.264537183981542, 'n_blocks': 2, 'lr': 0.00015951739408400872, 'weight_decay': 0.0022934758587806973}. Best is trial 45 with value: 0.8623348017621145.
[I 2026-06-17 23:59:41,219] Trial 52 finished with value: 0.8546255506607929 and parameters: {'embed_dim': 256, 'contrast_dim': 16, 'mask_ratio': 0.5747992471451373, 'dropout': 0.1313912533902437, 'n_heads': 2, 'dim_feedforward': 256, 'alpha': 2.1100435686253713, 'beta': 2.4186873717627355, 'gamma': 0.09596683826833093, 'pos_weight_scalar': 1.9818709698021046, 'n_blocks': 2, 'lr': 0.00022622504363947028, 'weight_decay': 0.0029557836821661938}. Best is trial 45 with value: 0.8623348017621145.
[I 2026-06-18 00:01:47,636] Trial 53 pruned. 
[I 2026-06-18 00:03:51,986] Trial 54 pruned. 
[I 2026-06-18 00:05:59,076] Trial 55 pruned. 
[I 2026-06-18 00:08:08,835] Trial 56 pruned. 
[I 2026-06-18 00:10:12,610] Trial 57 pruned. 
[I 2026-06-18 00:17:52,286] Trial 58 finished with value: 0.8491189427312775 and parameters: {'embed_dim': 64, 'contrast_dim': 32, 'mask_ratio': 0.3501483474595797, 'dropout': 0.023434950277771163, 'n_heads': 4, 'dim_feedforward': 256, 'alpha': 3.2602632003347134, 'beta': 2.7550892618367815, 'gamma': 0.16888954110463783, 'pos_weight_scalar': 2.243070235791243, 'n_blocks': 6, 'lr': 0.00026022198750211446, 'weight_decay': 0.005509908594125283}. Best is trial 45 with value: 0.8623348017621145.
[I 2026-06-18 00:26:21,762] Trial 59 finished with value: 0.8645374449339207 and parameters: {'embed_dim': 256, 'contrast_dim': 16, 'mask_ratio': 0.39135766769843094, 'dropout': 0.33832685291250286, 'n_heads': 2, 'dim_feedforward': 64, 'alpha': 1.714195942842495, 'beta': 2.997718349865888, 'gamma': 0.07718985807047177, 'pos_weight_scalar': 1.075425935397109, 'n_blocks': 4, 'lr': 0.0001766672760772574, 'weight_decay': 0.0008899754602178236}. Best is trial 59 with value: 0.8645374449339207.
[I 2026-06-18 00:35:06,953] Trial 60 finished with value: 0.8612334801762115 and parameters: {'embed_dim': 128, 'contrast_dim': 16, 'mask_ratio': 0.3740292651755858, 'dropout': 0.3309115120627622, 'n_heads': 4, 'dim_feedforward': 64, 'alpha': 1.3476865572906807, 'beta': 3.018046029120024, 'gamma': 0.010047336553591251, 'pos_weight_scalar': 1.0680452711083028, 'n_blocks': 4, 'lr': 0.00012068080531536043, 'weight_decay': 0.000278162119582175}. Best is trial 59 with value: 0.8645374449339207.
[I 2026-06-18 00:43:28,145] Trial 61 finished with value: 0.8623348017621145 and parameters: {'embed_dim': 128, 'contrast_dim': 16, 'mask_ratio': 0.38051970769124416, 'dropout': 0.3355346125921716, 'n_heads': 4, 'dim_feedforward': 64, 'alpha': 1.3821369208453902, 'beta': 3.320462777146375, 'gamma': 0.01047986822350154, 'pos_weight_scalar': 1.0237998494767677, 'n_blocks': 4, 'lr': 0.0001213290313320267, 'weight_decay': 0.00019780882812548903}. Best is trial 59 with value: 0.8645374449339207.
[I 2026-06-18 00:45:56,639] Trial 62 pruned. 
