[I 2026-06-18 00:51:40,244] Trial 63 finished with value: 0.8623348017621145 and parameters: {'embed_dim': 128, 'contrast_dim': 16, 'mask_ratio': 0.3627930821409542, 'dropout': 0.3507343588381296, 'n_heads': 4, 'dim_feedforward': 64, 'alpha': 1.0625431878440426, 'beta': 3.3500632066483824, 'gamma': 0.01242016698730103, 'pos_weight_scalar': 1.2635442525325555, 'n_blocks': 4, 'lr': 0.0001635984013216178, 'weight_decay': 0.0002638448652213074}. Best is trial 59 with value: 0.8645374449339207.
[I 2026-06-18 01:01:19,100] Trial 64 finished with value: 0.8623348017621145 and parameters: {'embed_dim': 128, 'contrast_dim': 16, 'mask_ratio': 0.23441542193045012, 'dropout': 0.3546278615695554, 'n_heads': 4, 'dim_feedforward': 64, 'alpha': 0.9990569675122959, 'beta': 3.363666280176128, 'gamma': 0.011939567823973114, 'pos_weight_scalar': 1.159085337621247, 'n_blocks': 4, 'lr': 0.00017256245989341373, 'weight_decay': 0.00027988815987264583}. Best is trial 59 with value: 0.8645374449339207.
[I 2026-06-18 01:07:57,126] Trial 65 finished with value: 0.8656387665198237 and parameters: {'embed_dim': 128, 'contrast_dim': 16, 'mask_ratio': 0.2692374960851519, 'dropout': 0.3558020444322145, 'n_heads': 4, 'dim_feedforward': 64, 'alpha': 0.9763497641836403, 'beta': 3.980410045389123, 'gamma': 0.011655964627436892, 'pos_weight_scalar': 1.1801586955051933, 'n_blocks': 4, 'lr': 0.00010968451392094668, 'weight_decay': 0.0002898473230541001}. Best is trial 65 with value: 0.8656387665198237.
[I 2026-06-18 01:16:03,107] Trial 66 finished with value: 0.8535242290748899 and parameters: {'embed_dim': 128, 'contrast_dim': 16, 'mask_ratio': 0.2341843891838848, 'dropout': 0.3523841999311903, 'n_heads': 4, 'dim_feedforward': 64, 'alpha': 0.6335675559397193, 'beta': 3.9256759800679006, 'gamma': 0.012043269945435052, 'pos_weight_scalar': 1.1837275621176542, 'n_blocks': 4, 'lr': 0.00010652107465527964, 'weight_decay': 0.00032381668202841903}. Best is trial 65 with value: 0.8656387665198237.
[I 2026-06-18 01:23:44,896] Trial 67 finished with value: 0.8535242290748899 and parameters: {'embed_dim': 128, 'contrast_dim': 16, 'mask_ratio': 0.15947572261710713, 'dropout': 0.2919022657782401, 'n_heads': 4, 'dim_feedforward': 64, 'alpha': 0.9993454412046332, 'beta': 4.112350037051378, 'gamma': 0.011660558575340091, 'pos_weight_scalar': 1.3105010974796345, 'n_blocks': 4, 'lr': 0.00012702602419172268, 'weight_decay': 0.0002740681709235149}. Best is trial 65 with value: 0.8656387665198237.
[I 2026-06-18 01:32:16,547] Trial 68 finished with value: 0.8601321585903083 and parameters: {'embed_dim': 128, 'contrast_dim': 16, 'mask_ratio': 0.26713912831340836, 'dropout': 0.3296992564504405, 'n_heads': 4, 'dim_feedforward': 64, 'alpha': 0.7927903295801895, 'beta': 3.6180571235776227, 'gamma': 0.017525318351817996, 'pos_weight_scalar': 1.0546652892303103, 'n_blocks': 4, 'lr': 0.0001576719957123719, 'weight_decay': 0.00024685089692931284}. Best is trial 65 with value: 0.8656387665198237.
[I 2026-06-18 01:34:19,961] Trial 69 pruned. 
[I 2026-06-18 01:43:21,967] Trial 70 finished with value: 0.8535242290748899 and parameters: {'embed_dim': 128, 'contrast_dim': 16, 'mask_ratio': 0.19382906545893536, 'dropout': 0.3688125877663035, 'n_heads': 4, 'dim_feedforward': 64, 'alpha': 1.036236016226586, 'beta': 4.849516008032802, 'gamma': 0.019721726038342324, 'pos_weight_scalar': 1.5251745576654374, 'n_blocks': 4, 'lr': 0.00010018454660795017, 'weight_decay': 0.00020594716069600167}. Best is trial 65 with value: 0.8656387665198237.
[I 2026-06-18 01:53:00,403] Trial 71 finished with value: 0.8612334801762115 and parameters: {'embed_dim': 128, 'contrast_dim': 16, 'mask_ratio': 0.31953947432287244, 'dropout': 0.32877836067044847, 'n_heads': 4, 'dim_feedforward': 64, 'alpha': 0.7583389114817809, 'beta': 3.690814645010782, 'gamma': 0.017353986347821194, 'pos_weight_scalar': 1.1037031377207773, 'n_blocks': 4, 'lr': 0.00016375425025484287, 'weight_decay': 0.00025099156752953573}. Best is trial 65 with value: 0.8656387665198237.
[I 2026-06-18 01:59:45,523] Trial 72 finished with value: 0.8612334801762115 and parameters: {'embed_dim': 128, 'contrast_dim': 16, 'mask_ratio': 0.3207921909281925, 'dropout': 0.3171549742011278, 'n_heads': 4, 'dim_feedforward': 64, 'alpha': 0.37971708017549255, 'beta': 3.311146574555626, 'gamma': 0.023214332705234153, 'pos_weight_scalar': 1.1224968316207677, 'n_blocks': 4, 'lr': 0.0001752070780794544, 'weight_decay': 0.0005135648364371325}. Best is trial 65 with value: 0.8656387665198237.
[I 2026-06-18 02:07:20,620] Trial 73 finished with value: 0.8524229074889867 and parameters: {'embed_dim': 128, 'contrast_dim': 16, 'mask_ratio': 0.3406619195761602, 'dropout': 0.34175457809244775, 'n_heads': 4, 'dim_feedforward': 64, 'alpha': 1.2740941225260958, 'beta': 3.960768259889397, 'gamma': 0.01609988683280776, 'pos_weight_scalar': 1.2704843195783857, 'n_blocks': 4, 'lr': 0.00019568503854364573, 'weight_decay': 0.0001413281335950099}. Best is trial 65 with value: 0.8656387665198237.
[I 2026-06-18 02:15:11,480] Trial 74 finished with value: 0.8491189427312775 and parameters: {'embed_dim': 128, 'contrast_dim': 16, 'mask_ratio': 0.29622384871840846, 'dropout': 0.2844640907058958, 'n_heads': 4, 'dim_feedforward': 64, 'alpha': 0.8016298575016568, 'beta': 3.8126280594857347, 'gamma': 0.011037331237418496, 'pos_weight_scalar': 1.3951554581375254, 'n_blocks': 4, 'lr': 0.0001610861111817789, 'weight_decay': 0.0002659758490341602}. Best is trial 65 with value: 0.8656387665198237.
[I 2026-06-18 02:21:34,245] Trial 75 finished with value: 0.8590308370044053 and parameters: {'embed_dim': 128, 'contrast_dim': 16, 'mask_ratio': 0.36216105688493955, 'dropout': 0.36317074473491884, 'n_heads': 4, 'dim_feedforward': 64, 'alpha': 1.1177878851747733, 'beta': 3.574539727167147, 'gamma': 0.013050661658534494, 'pos_weight_scalar': 1.0349712918055982, 'n_blocks': 4, 'lr': 0.00013326442254059246, 'weight_decay': 0.00010220452797951632}. Best is trial 65 with value: 0.8656387665198237.
[I 2026-06-18 02:25:05,167] Trial 76 pruned. 
[I 2026-06-18 02:30:03,728] Trial 77 finished with value: 0.8546255506607929 and parameters: {'embed_dim': 128, 'contrast_dim': 16, 'mask_ratio': 0.23709749897293989, 'dropout': 0.31826961107295904, 'n_heads': 4, 'dim_feedforward': 64, 'alpha': 0.4397291224001777, 'beta': 3.466465267759919, 'gamma': 0.015737417004338318, 'pos_weight_scalar': 1.4530062948665252, 'n_blocks': 4, 'lr': 0.0001429072555249552, 'weight_decay': 0.00021703840681314574}. Best is trial 65 with value: 0.8656387665198237.
[I 2026-06-18 02:43:00,253] Trial 78 finished with value: 0.8645374449339207 and parameters: {'embed_dim': 128, 'contrast_dim': 16, 'mask_ratio': 0.3333188904142473, 'dropout': 0.34837993003044265, 'n_heads': 4, 'dim_feedforward': 64, 'alpha': 0.6698964616834688, 'beta': 3.2879618456838355, 'gamma': 0.012985267560792374, 'pos_weight_scalar': 1.3067953121122153, 'n_blocks': 4, 'lr': 0.00018807249382281514, 'weight_decay': 0.00038949250753397233}. Best is trial 65 with value: 0.8656387665198237.
[I 2026-06-18 02:56:57,855] Trial 79 finished with value: 0.8568281938325991 and parameters: {'embed_dim': 128, 'contrast_dim': 16, 'mask_ratio': 0.19334229049904234, 'dropout': 0.40687425939676, 'n_heads': 4, 'dim_feedforward': 64, 'alpha': 0.17879461937091257, 'beta': 2.9899443496351825, 'gamma': 0.013061936676056289, 'pos_weight_scalar': 1.5768107490036098, 'n_blocks': 4, 'lr': 0.00018815069494956046, 'weight_decay': 0.00042204841570266154}. Best is trial 65 with value: 0.8656387665198237.
[I 2026-06-18 03:03:47,332] Trial 80 finished with value: 0.8612334801762115 and parameters: {'embed_dim': 128, 'contrast_dim': 16, 'mask_ratio': 0.3718759952611242, 'dropout': 0.2653172244981037, 'n_heads': 4, 'dim_feedforward': 64, 'alpha': 0.9441919731705026, 'beta': 3.3705806928936233, 'gamma': 0.01105150346425379, 'pos_weight_scalar': 1.3293979548729555, 'n_blocks': 4, 'lr': 0.00010971707105549408, 'weight_decay': 0.0005248328176838717}. Best is trial 65 with value: 0.8656387665198237.
[I 2026-06-18 03:11:27,164] Trial 81 finished with value: 0.8623348017621145 and parameters: {'embed_dim': 128, 'contrast_dim': 16, 'mask_ratio': 0.3333184684310202, 'dropout': 0.34512621761224493, 'n_heads': 4, 'dim_feedforward': 64, 'alpha': 0.6595162716578984, 'beta': 3.2007859883573873, 'gamma': 0.01898995126418462, 'pos_weight_scalar': 1.0057098442978767, 'n_blocks': 4, 'lr': 0.00015160387070175998, 'weight_decay': 0.00021495048717470368}. Best is trial 65 with value: 0.8656387665198237.
[I 2026-06-18 03:17:14,850] Trial 82 finished with value: 0.8469162995594713 and parameters: {'embed_dim': 128, 'contrast_dim': 16, 'mask_ratio': 0.28496997796451085, 'dropout': 0.3438927194068961, 'n_heads': 4, 'dim_feedforward': 64, 'alpha': 0.672838593189823, 'beta': 3.1890109569687493, 'gamma': 0.013817171540137138, 'pos_weight_scalar': 1.2295585641506623, 'n_blocks': 4, 'lr': 0.00014958313042068609, 'weight_decay': 0.00020458624744680397}. Best is trial 65 with value: 0.8656387665198237.
[I 2026-06-18 03:30:32,986] Trial 83 finished with value: 0.8667400881057269 and parameters: {'embed_dim': 128, 'contrast_dim': 16, 'mask_ratio': 0.3425096400478612, 'dropout': 0.37676652330132887, 'n_heads': 4, 'dim_feedforward': 64, 'alpha': 1.059199339502133, 'beta': 2.84284966938142, 'gamma': 0.019968367818736066, 'pos_weight_scalar': 1.4996121650064766, 'n_blocks': 4, 'lr': 0.00013059141701252927, 'weight_decay': 0.00029944981613782954}. Best is trial 83 with value: 0.8667400881057269.
[I 2026-06-18 03:32:48,807] Trial 84 pruned. 
[I 2026-06-18 03:35:00,237] Trial 85 pruned. 
[I 2026-06-18 03:44:13,223] Trial 86 finished with value: 0.8634361233480177 and parameters: {'embed_dim': 128, 'contrast_dim': 16, 'mask_ratio': 0.25864091524375143, 'dropout': 0.38816601232633907, 'n_heads': 4, 'dim_feedforward': 64, 'alpha': 0.34076552829156465, 'beta': 3.1911544185780287, 'gamma': 0.03015680565212109, 'pos_weight_scalar': 1.3542019035746604, 'n_blocks': 4, 'lr': 0.00017807859586851515, 'weight_decay': 0.000589538978500819}. Best is trial 83 with value: 0.8667400881057269.
[I 2026-06-18 03:46:24,854] Trial 87 pruned. 
[I 2026-06-18 03:51:26,449] Trial 88 finished with value: 0.8491189427312775 and parameters: {'embed_dim': 128, 'contrast_dim': 16, 'mask_ratio': 0.14466772853080884, 'dropout': 0.3092328783428676, 'n_heads': 4, 'dim_feedforward': 64, 'alpha': 1.616199753154272, 'beta': 3.125204017497286, 'gamma': 0.025157097517650655, 'pos_weight_scalar': 1.752353164278405, 'n_blocks': 4, 'lr': 0.0002328776682396367, 'weight_decay': 0.000839474319153475}. Best is trial 83 with value: 0.8667400881057269.
[I 2026-06-18 03:53:36,292] Trial 89 pruned. 
[I 2026-06-18 03:55:41,698] Trial 90 pruned. 
[I 2026-06-18 04:03:56,996] Trial 91 finished with value: 0.8535242290748899 and parameters: {'embed_dim': 128, 'contrast_dim': 16, 'mask_ratio': 0.27985289759122167, 'dropout': 0.40373722483615726, 'n_heads': 4, 'dim_feedforward': 64, 'alpha': 0.4506171022881771, 'beta': 3.274453163496995, 'gamma': 0.012386926740936064, 'pos_weight_scalar': 1.1499687198486013, 'n_blocks': 4, 'lr': 0.00015343581416556932, 'weight_decay': 0.0003163177293414079}. Best is trial 83 with value: 0.8667400881057269.
[I 2026-06-18 04:13:10,403] Trial 92 finished with value: 0.8601321585903083 and parameters: {'embed_dim': 128, 'contrast_dim': 16, 'mask_ratio': 0.35637852380664703, 'dropout': 0.3540792229858682, 'n_heads': 4, 'dim_feedforward': 64, 'alpha': 0.7402068388625214, 'beta': 3.2135605241466587, 'gamma': 0.015734181538637957, 'pos_weight_scalar': 1.4494408729572201, 'n_blocks': 4, 'lr': 0.00020284613206879103, 'weight_decay': 0.0002360145585688255}. Best is trial 83 with value: 0.8667400881057269.
[I 2026-06-18 04:19:17,466] Trial 93 finished with value: 0.8546255506607929 and parameters: {'embed_dim': 128, 'contrast_dim': 16, 'mask_ratio': 0.3359690259497675, 'dropout': 0.3792688569144174, 'n_heads': 4, 'dim_feedforward': 64, 'alpha': 0.2589647694028723, 'beta': 0.3458974725249111, 'gamma': 0.02002097854306476, 'pos_weight_scalar': 1.2942841717732871, 'n_blocks': 4, 'lr': 0.00016589654148254848, 'weight_decay': 0.000567377315878589}. Best is trial 83 with value: 0.8667400881057269.
[I 2026-06-18 04:25:49,804] Trial 94 finished with value: 0.8557268722466961 and parameters: {'embed_dim': 128, 'contrast_dim': 64, 'mask_ratio': 0.3062613745458479, 'dropout': 0.3453516967314813, 'n_heads': 4, 'dim_feedforward': 64, 'alpha': 0.5387250034064854, 'beta': 2.811006835549438, 'gamma': 0.023927259575489617, 'pos_weight_scalar': 1.610777422685421, 'n_blocks': 4, 'lr': 0.0001094743913072523, 'weight_decay': 0.0003713939482250314}. Best is trial 83 with value: 0.8667400881057269.
[I 2026-06-18 04:35:12,424] Trial 95 finished with value: 0.8667400881057269 and parameters: {'embed_dim': 128, 'contrast_dim': 16, 'mask_ratio': 0.2905545699573353, 'dropout': 0.39014615232713623, 'n_heads': 4, 'dim_feedforward': 512, 'alpha': 1.1907473299883735, 'beta': 2.9592594594158665, 'gamma': 0.01761200705305979, 'pos_weight_scalar': 1.0031353697467211, 'n_blocks': 4, 'lr': 0.00014416852713236813, 'weight_decay': 0.00030193408767356954}. Best is trial 83 with value: 0.8667400881057269.
[I 2026-06-18 04:37:22,270] Trial 96 pruned. 
[I 2026-06-18 04:39:31,427] Trial 97 pruned. 
[2026-06-18T04:42:33.015] error: *** JOB 9859522 ON della-l01g10 CANCELLED AT 2026-06-18T04:42:33 DUE TO TIME LIMIT ***
