[I 2026-06-08 06:27:53,123] Trial 94 finished with value: 0.8480176211453745 and parameters: {'embed_dim': 64, 'contrast_dim': 64, 'mask_ratio': 0.48677828119728517, 'dropout': 0.20705511124283651, 'n_heads': 4, 'dim_feedforward': 256, 'alpha': 0.334878986575826, 'beta': 3.9124255678955104, 'gamma': 0.6902391777672336, 'pos_weight_scalar': 1.6834385350671575, 'LR_PATIENCE': 13, 'ES_PATIENCE': 21, 'n_blocks': 6}. Best is trial 57 with value: 0.8601321585903083.
[I 2026-06-08 06:36:22,066] Trial 95 finished with value: 0.8182819383259912 and parameters: {'embed_dim': 64, 'contrast_dim': 64, 'mask_ratio': 0.5802177997481652, 'dropout': 0.49266053958902517, 'n_heads': 4, 'dim_feedforward': 128, 'alpha': 4.671185167920126, 'beta': 3.3180307054646487, 'gamma': 0.32956847744455275, 'pos_weight_scalar': 1.9138566644000186, 'LR_PATIENCE': 15, 'ES_PATIENCE': 17, 'n_blocks': 6}. Best is trial 57 with value: 0.8601321585903083.
[I 2026-06-08 06:43:04,530] Trial 96 finished with value: 0.8502202643171806 and parameters: {'embed_dim': 32, 'contrast_dim': 64, 'mask_ratio': 0.5222193083302871, 'dropout': 0.23865392752796966, 'n_heads': 4, 'dim_feedforward': 256, 'alpha': 0.5654321609436269, 'beta': 4.210861526351744, 'gamma': 0.40038591944031887, 'pos_weight_scalar': 1.4141042403656932, 'LR_PATIENCE': 6, 'ES_PATIENCE': 23, 'n_blocks': 6}. Best is trial 57 with value: 0.8601321585903083.
[I 2026-06-08 06:47:48,685] Trial 97 finished with value: 0.8348017621145375 and parameters: {'embed_dim': 64, 'contrast_dim': 16, 'mask_ratio': 0.5988226685551227, 'dropout': 0.3829461954166165, 'n_heads': 2, 'dim_feedforward': 256, 'alpha': 3.0740383837252594, 'beta': 3.613905062815104, 'gamma': 0.16919367970628155, 'pos_weight_scalar': 1.580755251974727, 'LR_PATIENCE': 14, 'ES_PATIENCE': 18, 'n_blocks': 2}. Best is trial 57 with value: 0.8601321585903083.
[I 2026-06-08 06:52:33,639] Trial 98 finished with value: 0.8403083700440529 and parameters: {'embed_dim': 32, 'contrast_dim': 64, 'mask_ratio': 0.5417046918114287, 'dropout': 0.3479605389228177, 'n_heads': 4, 'dim_feedforward': 256, 'alpha': 0.41434906493836154, 'beta': 3.1028854783788886, 'gamma': 0.5648731502500933, 'pos_weight_scalar': 1.1875370947488966, 'LR_PATIENCE': 13, 'ES_PATIENCE': 20, 'n_blocks': 2}. Best is trial 57 with value: 0.8601321585903083.
[I 2026-06-08 06:55:43,924] Trial 99 finished with value: 0.7863436123348018 and parameters: {'embed_dim': 32, 'contrast_dim': 64, 'mask_ratio': 0.5089400772137946, 'dropout': 0.46509760279456475, 'n_heads': 1, 'dim_feedforward': 128, 'alpha': 1.4899812462433901, 'beta': 4.96857146168373, 'gamma': 0.2937403115660283, 'pos_weight_scalar': 2.0127956385008097, 'LR_PATIENCE': 12, 'ES_PATIENCE': 20, 'n_blocks': 6}. Best is trial 57 with value: 0.8601321585903083.
