[I 2026-06-22 06:18:54,818] Trial 46 finished with value: 0.8541801685029164 and parameters: {'embed_dim': 512, 'dec_emb_frac': 1.0, 'contrast_dim': 64, 'mask_ratio': 0.45875476208943367, 'dropout': 0.12917377314907702, 'n_enc_heads': 1, 'n_dec_frac': 1.0, 'dim_feedforward': 128, 'dim_feedforward_dec_frac': 1.0, 'beta': 7.139108393440789, 'gamma': 0.028734219814341485, 'pos_weight_scalar': 1.9463089595066527, 'n_enc_blocks': 2, 'n_dec_block_frac': 0.25, 'pretrain_frac': 0.75, 'lr': 0.00019529848554965118, 'weight_decay': 0.0020162387645596275}. Best is trial 42 with value: 0.8723266364225535.
[I 2026-06-22 06:27:09,163] Trial 47 pruned. 
[I 2026-06-22 06:35:15,514] Trial 48 pruned. 
[I 2026-06-22 06:46:57,502] Trial 49 pruned. 
[I 2026-06-22 06:56:30,444] Trial 50 finished with value: 0.8677900194426442 and parameters: {'embed_dim': 256, 'dec_emb_frac': 0.5, 'contrast_dim': 64, 'mask_ratio': 0.3594907208916961, 'dropout': 0.16627711091936098, 'n_enc_heads': 1, 'n_dec_frac': 0.25, 'dim_feedforward': 256, 'dim_feedforward_dec_frac': 1.0, 'beta': 3.1442691126278532, 'gamma': 0.8168178619397319, 'pos_weight_scalar': 1.8190106717416112, 'n_enc_blocks': 8, 'n_dec_block_frac': 0.5, 'pretrain_frac': 0.5, 'lr': 0.00028076850136784766, 'weight_decay': 0.0011318511101980734}. Best is trial 42 with value: 0.8723266364225535.
[I 2026-06-22 07:05:37,821] Trial 51 finished with value: 0.8496435515230071 and parameters: {'embed_dim': 256, 'dec_emb_frac': 0.5, 'contrast_dim': 64, 'mask_ratio': 0.34293013363587416, 'dropout': 0.17272203640038536, 'n_enc_heads': 1, 'n_dec_frac': 0.25, 'dim_feedforward': 256, 'dim_feedforward_dec_frac': 1.0, 'beta': 3.315313322482153, 'gamma': 0.9615867698816748, 'pos_weight_scalar': 1.870114762457256, 'n_enc_blocks': 8, 'n_dec_block_frac': 0.5, 'pretrain_frac': 0.5, 'lr': 0.0002802907240807352, 'weight_decay': 0.0007431372099734215}. Best is trial 42 with value: 0.8723266364225535.
[I 2026-06-22 07:16:04,820] Trial 52 finished with value: 0.8561244329228775 and parameters: {'embed_dim': 256, 'dec_emb_frac': 0.5, 'contrast_dim': 64, 'mask_ratio': 0.4109480103112102, 'dropout': 0.13776215816872023, 'n_enc_heads': 1, 'n_dec_frac': 0.25, 'dim_feedforward': 256, 'dim_feedforward_dec_frac': 1.0, 'beta': 8.003162554323689, 'gamma': 0.45696976713798587, 'pos_weight_scalar': 2.0616442759911564, 'n_enc_blocks': 8, 'n_dec_block_frac': 0.5, 'pretrain_frac': 0.5, 'lr': 0.00048230608198327363, 'weight_decay': 0.0011863923540099417}. Best is trial 42 with value: 0.8723266364225535.
[I 2026-06-22 07:24:19,578] Trial 53 pruned. 
[I 2026-06-22 07:37:35,272] Trial 54 finished with value: 0.8515878159429683 and parameters: {'embed_dim': 512, 'dec_emb_frac': 1.0, 'contrast_dim': 64, 'mask_ratio': 0.3611119515140699, 'dropout': 0.16600223011427093, 'n_enc_heads': 1, 'n_dec_frac': 1.0, 'dim_feedforward': 256, 'dim_feedforward_dec_frac': 1.0, 'beta': 5.665795511445252, 'gamma': 0.7418857696191812, 'pos_weight_scalar': 1.6157859335720344, 'n_enc_blocks': 8, 'n_dec_block_frac': 0.5, 'pretrain_frac': 0.5, 'lr': 0.00017488717698926394, 'weight_decay': 0.0005955559138529884}. Best is trial 42 with value: 0.8723266364225535.
[I 2026-06-22 07:47:00,554] Trial 55 finished with value: 0.8522359040829552 and parameters: {'embed_dim': 256, 'dec_emb_frac': 0.5, 'contrast_dim': 16, 'mask_ratio': 0.500870747653982, 'dropout': 0.29603442107513545, 'n_enc_heads': 1, 'n_dec_frac': 0.25, 'dim_feedforward': 512, 'dim_feedforward_dec_frac': 1.0, 'beta': 5.327778331826867, 'gamma': 0.018281162719560415, 'pos_weight_scalar': 1.4070616138292835, 'n_enc_blocks': 2, 'n_dec_block_frac': 0.5, 'pretrain_frac': 0.5, 'lr': 0.00027737292255213247, 'weight_decay': 0.004236061698341302}. Best is trial 42 with value: 0.8723266364225535.
[I 2026-06-22 07:55:42,554] Trial 56 finished with value: 0.8690861957226182 and parameters: {'embed_dim': 128, 'dec_emb_frac': 0.5, 'contrast_dim': 64, 'mask_ratio': 0.3252838839684069, 'dropout': 0.22219286104506464, 'n_enc_heads': 1, 'n_dec_frac': 0.25, 'dim_feedforward': 128, 'dim_feedforward_dec_frac': 1.0, 'beta': 3.5144156574849137, 'gamma': 0.6243339713022928, 'pos_weight_scalar': 1.1530065100703073, 'n_enc_blocks': 8, 'n_dec_block_frac': 0.5, 'pretrain_frac': 0.5, 'lr': 0.0003866658680979185, 'weight_decay': 0.005791276179600648}. Best is trial 42 with value: 0.8723266364225535.
[I 2026-06-22 08:08:24,985] Trial 57 finished with value: 0.8554763447828905 and parameters: {'embed_dim': 128, 'dec_emb_frac': 0.5, 'contrast_dim': 64, 'mask_ratio': 0.26993093320245654, 'dropout': 0.2152950205531955, 'n_enc_heads': 1, 'n_dec_frac': 0.25, 'dim_feedforward': 128, 'dim_feedforward_dec_frac': 0.5, 'beta': 3.128010667240041, 'gamma': 0.5502443379216396, 'pos_weight_scalar': 1.1703833076668713, 'n_enc_blocks': 8, 'n_dec_block_frac': 0.5, 'pretrain_frac': 0.75, 'lr': 0.0007447555047848319, 'weight_decay': 0.0013230093672487334}. Best is trial 42 with value: 0.8723266364225535.
[I 2026-06-22 08:16:34,817] Trial 58 pruned. 
[I 2026-06-22 08:25:46,921] Trial 59 finished with value: 0.8548282566429034 and parameters: {'embed_dim': 128, 'dec_emb_frac': 1.0, 'contrast_dim': 64, 'mask_ratio': 0.327452532008618, 'dropout': 0.15336397922057082, 'n_enc_heads': 1, 'n_dec_frac': 0.25, 'dim_feedforward': 128, 'dim_feedforward_dec_frac': 1.0, 'beta': 2.195560241534272, 'gamma': 0.637974058647242, 'pos_weight_scalar': 1.2591148368665028, 'n_enc_blocks': 6, 'n_dec_block_frac': 0.5, 'pretrain_frac': 0.5, 'lr': 0.0005610471473738648, 'weight_decay': 0.005459568672308005}. Best is trial 42 with value: 0.8723266364225535.
[I 2026-06-22 08:32:24,172] Trial 60 finished with value: 0.8535320803629294 and parameters: {'embed_dim': 128, 'dec_emb_frac': 0.5, 'contrast_dim': 64, 'mask_ratio': 0.41094270300326835, 'dropout': 0.11355523001823056, 'n_enc_heads': 1, 'n_dec_frac': 1.0, 'dim_feedforward': 128, 'dim_feedforward_dec_frac': 1.0, 'beta': 4.978779703051198, 'gamma': 0.3654917378758618, 'pos_weight_scalar': 1.1266051892511455, 'n_enc_blocks': 8, 'n_dec_block_frac': 0.5, 'pretrain_frac': 0.25, 'lr': 0.00043904242942855397, 'weight_decay': 0.001042091110312665}. Best is trial 42 with value: 0.8723266364225535.
[I 2026-06-22 08:41:03,438] Trial 61 finished with value: 0.8580686973428386 and parameters: {'embed_dim': 256, 'dec_emb_frac': 0.5, 'contrast_dim': 16, 'mask_ratio': 0.4392426425424632, 'dropout': 0.24817077753857444, 'n_enc_heads': 1, 'n_dec_frac': 0.25, 'dim_feedforward': 512, 'dim_feedforward_dec_frac': 1.0, 'beta': 4.438206370685775, 'gamma': 0.7374254273548381, 'pos_weight_scalar': 1.4908675156226434, 'n_enc_blocks': 8, 'n_dec_block_frac': 0.5, 'pretrain_frac': 0.5, 'lr': 0.00026885666107167645, 'weight_decay': 0.0031084737082469564}. Best is trial 42 with value: 0.8723266364225535.
[2026-06-22T08:49:10.246] error: *** JOB 10071165 ON della-i14g13 CANCELLED AT 2026-06-22T08:49:10 DUE to SIGNAL Terminated ***
