[I 2026-06-21 23:32:15,227] A new study created in RDB with name: cmae_optimize
[I 2026-06-21 23:46:14,042] Trial 0 finished with value: 0.8101101749837978 and parameters: {'embed_dim': 128, 'dec_emb_frac': 0.5, 'contrast_dim': 32, 'mask_ratio': 0.13038687668640647, 'dropout': 0.4543474517983841, 'n_enc_heads': 1, 'n_dec_frac': 1.0, 'dim_feedforward': 64, 'dim_feedforward_dec_frac': 0.5, 'beta': 6.894365115889172, 'gamma': 0.017369620054726233, 'pos_weight_scalar': 3.5032036660694263, 'n_enc_blocks': 8, 'n_dec_block_frac': 0.5, 'pretrain_frac': 0.75, 'lr': 0.00016198444640500996, 'weight_decay': 0.0004568787665531318}. Best is trial 0 with value: 0.8101101749837978.
[I 2026-06-21 23:57:56,736] Trial 1 finished with value: 0.7835385612443292 and parameters: {'embed_dim': 128, 'dec_emb_frac': 1.0, 'contrast_dim': 64, 'mask_ratio': 0.4282710171534996, 'dropout': 0.07405763534422621, 'n_enc_heads': 2, 'n_dec_frac': 0.25, 'dim_feedforward': 128, 'dim_feedforward_dec_frac': 0.25, 'beta': 3.6610110115471, 'gamma': 0.035226326384722506, 'pos_weight_scalar': 2.7486465459329787, 'n_enc_blocks': 6, 'n_dec_block_frac': 0.25, 'pretrain_frac': 0.75, 'lr': 0.0026119356744471714, 'weight_decay': 0.008634567961863697}. Best is trial 0 with value: 0.8101101749837978.
[I 2026-06-22 00:11:35,117] Trial 2 finished with value: 0.8250162022034997 and parameters: {'embed_dim': 64, 'dec_emb_frac': 0.25, 'contrast_dim': 16, 'mask_ratio': 0.5620678358937603, 'dropout': 0.06875783684892434, 'n_enc_heads': 1, 'n_dec_frac': 1.0, 'dim_feedforward': 64, 'dim_feedforward_dec_frac': 0.25, 'beta': 3.6975275126358644, 'gamma': 0.036755449689938234, 'pos_weight_scalar': 3.982209198890567, 'n_enc_blocks': 2, 'n_dec_block_frac': 1.0, 'pretrain_frac': 0.75, 'lr': 0.0007016141106787135, 'weight_decay': 0.0027904142260278247}. Best is trial 2 with value: 0.8250162022034997.
[I 2026-06-22 00:24:43,653] Trial 3 finished with value: 0.8010369410239793 and parameters: {'embed_dim': 128, 'dec_emb_frac': 0.25, 'contrast_dim': 16, 'mask_ratio': 0.36690110364375783, 'dropout': 0.3601422561134285, 'n_enc_heads': 1, 'n_dec_frac': 1.0, 'dim_feedforward': 512, 'dim_feedforward_dec_frac': 0.5, 'beta': 3.5568738496125674, 'gamma': 0.011546979118333694, 'pos_weight_scalar': 4.910667999848423, 'n_enc_blocks': 6, 'n_dec_block_frac': 0.5, 'pretrain_frac': 0.75, 'lr': 0.00016953456907660875, 'weight_decay': 0.00010101757415032205}. Best is trial 2 with value: 0.8250162022034997.
[I 2026-06-22 00:36:04,026] Trial 4 finished with value: 0.8062216461438756 and parameters: {'embed_dim': 64, 'dec_emb_frac': 0.5, 'contrast_dim': 64, 'mask_ratio': 0.4690923996174946, 'dropout': 0.48867442149900553, 'n_enc_heads': 2, 'n_dec_frac': 1.0, 'dim_feedforward': 256, 'dim_feedforward_dec_frac': 1.0, 'beta': 8.025562642635464, 'gamma': 0.03165085592848908, 'pos_weight_scalar': 1.3770125302014469, 'n_enc_blocks': 2, 'n_dec_block_frac': 0.25, 'pretrain_frac': 0.5, 'lr': 0.0007608530803404134, 'weight_decay': 0.00029840650588995994}. Best is trial 2 with value: 0.8250162022034997.
[I 2026-06-22 00:49:42,181] Trial 5 finished with value: 0.8114063512637719 and parameters: {'embed_dim': 32, 'dec_emb_frac': 1.0, 'contrast_dim': 64, 'mask_ratio': 0.4458509574714373, 'dropout': 0.15017284118359864, 'n_enc_heads': 1, 'n_dec_frac': 1.0, 'dim_feedforward': 128, 'dim_feedforward_dec_frac': 0.5, 'beta': 5.8961381461671545, 'gamma': 0.6662198789885319, 'pos_weight_scalar': 3.180912305152648, 'n_enc_blocks': 2, 'n_dec_block_frac': 0.25, 'pretrain_frac': 0.75, 'lr': 0.00032285929746506836, 'weight_decay': 0.00021390454514937045}. Best is trial 2 with value: 0.8250162022034997.
[I 2026-06-22 00:57:54,731] Trial 6 finished with value: 0.8120544394037589 and parameters: {'embed_dim': 128, 'dec_emb_frac': 0.5, 'contrast_dim': 64, 'mask_ratio': 0.3372314193032404, 'dropout': 0.15318467651375783, 'n_enc_heads': 2, 'n_dec_frac': 0.5, 'dim_feedforward': 64, 'dim_feedforward_dec_frac': 1.0, 'beta': 7.397847826710766, 'gamma': 0.8466925060465298, 'pos_weight_scalar': 2.809493426472684, 'n_enc_blocks': 6, 'n_dec_block_frac': 0.25, 'pretrain_frac': 0.25, 'lr': 0.00011799066252122117, 'weight_decay': 0.0002939165389846689}. Best is trial 2 with value: 0.8250162022034997.
[I 2026-06-22 01:11:39,938] Trial 7 finished with value: 0.7906675307841866 and parameters: {'embed_dim': 32, 'dec_emb_frac': 0.5, 'contrast_dim': 64, 'mask_ratio': 0.7239599954838416, 'dropout': 0.17291247799706078, 'n_enc_heads': 1, 'n_dec_frac': 1.0, 'dim_feedforward': 128, 'dim_feedforward_dec_frac': 0.25, 'beta': 8.605266081429157, 'gamma': 0.5250149863069953, 'pos_weight_scalar': 1.519853384030157, 'n_enc_blocks': 2, 'n_dec_block_frac': 1.0, 'pretrain_frac': 0.75, 'lr': 0.00028494492357388526, 'weight_decay': 0.0054269063896980295}. Best is trial 2 with value: 0.8250162022034997.
[I 2026-06-22 01:23:26,071] Trial 8 finished with value: 0.7835385612443292 and parameters: {'embed_dim': 256, 'dec_emb_frac': 1.0, 'contrast_dim': 16, 'mask_ratio': 0.5730634668809977, 'dropout': 0.15726162148999884, 'n_enc_heads': 4, 'n_dec_frac': 0.25, 'dim_feedforward': 512, 'dim_feedforward_dec_frac': 0.25, 'beta': 5.471918278248137, 'gamma': 0.5167075846183153, 'pos_weight_scalar': 2.9675854506361774, 'n_enc_blocks': 4, 'n_dec_block_frac': 0.25, 'pretrain_frac': 0.75, 'lr': 0.0032549328407236247, 'weight_decay': 0.0012003510820745014}. Best is trial 2 with value: 0.8250162022034997.
[I 2026-06-22 01:32:45,115] Trial 9 finished with value: 0.7958522359040829 and parameters: {'embed_dim': 32, 'dec_emb_frac': 1.0, 'contrast_dim': 16, 'mask_ratio': 0.738897131547005, 'dropout': 0.2961967333738691, 'n_enc_heads': 2, 'n_dec_frac': 0.25, 'dim_feedforward': 256, 'dim_feedforward_dec_frac': 0.5, 'beta': 9.519341936302027, 'gamma': 0.14229297946341823, 'pos_weight_scalar': 3.503607709558281, 'n_enc_blocks': 8, 'n_dec_block_frac': 1.0, 'pretrain_frac': 0.5, 'lr': 0.00038828429876297706, 'weight_decay': 0.009772174652813643}. Best is trial 2 with value: 0.8250162022034997.
[I 2026-06-22 01:37:38,336] Trial 10 finished with value: 0.8366817887232664 and parameters: {'embed_dim': 64, 'dec_emb_frac': 0.25, 'contrast_dim': 32, 'mask_ratio': 0.1413909820948317, 'dropout': 0.01271952564788445, 'n_enc_heads': 4, 'n_dec_frac': 0.5, 'dim_feedforward': 64, 'dim_feedforward_dec_frac': 0.25, 'beta': 0.30872539466704385, 'gamma': 0.12632352997326501, 'pos_weight_scalar': 4.70255015053017, 'n_enc_blocks': 4, 'n_dec_block_frac': 1.0, 'pretrain_frac': 0.25, 'lr': 0.0012796027528161021, 'weight_decay': 0.0023078040403736043}. Best is trial 10 with value: 0.8366817887232664.
[I 2026-06-22 01:42:31,382] Trial 11 finished with value: 0.8412184057031756 and parameters: {'embed_dim': 64, 'dec_emb_frac': 0.25, 'contrast_dim': 32, 'mask_ratio': 0.1316737735157879, 'dropout': 0.009905463888537299, 'n_enc_heads': 4, 'n_dec_frac': 0.5, 'dim_feedforward': 64, 'dim_feedforward_dec_frac': 0.25, 'beta': 0.2387378779053817, 'gamma': 0.09747898657870294, 'pos_weight_scalar': 4.745881831262991, 'n_enc_blocks': 4, 'n_dec_block_frac': 1.0, 'pretrain_frac': 0.25, 'lr': 0.0013034908079801373, 'weight_decay': 0.0020599396359021077}. Best is trial 11 with value: 0.8412184057031756.
[I 2026-06-22 01:47:20,723] Trial 12 pruned. 
[I 2026-06-22 01:53:19,919] Trial 13 finished with value: 0.8347375243033053 and parameters: {'embed_dim': 64, 'dec_emb_frac': 0.25, 'contrast_dim': 32, 'mask_ratio': 0.22905308814848618, 'dropout': 0.02276558529674233, 'n_enc_heads': 4, 'n_dec_frac': 0.5, 'dim_feedforward': 64, 'dim_feedforward_dec_frac': 0.25, 'beta': 0.11908040021659053, 'gamma': 0.10680961637352095, 'pos_weight_scalar': 4.333877102338139, 'n_enc_blocks': 4, 'n_dec_block_frac': 1.0, 'pretrain_frac': 0.25, 'lr': 0.0014299482105223883, 'weight_decay': 0.0009171366769271465}. Best is trial 11 with value: 0.8412184057031756.
[I 2026-06-22 01:58:26,251] Trial 14 finished with value: 0.8425145819831497 and parameters: {'embed_dim': 64, 'dec_emb_frac': 0.25, 'contrast_dim': 32, 'mask_ratio': 0.2259454219213316, 'dropout': 0.08346314741425517, 'n_enc_heads': 4, 'n_dec_frac': 0.5, 'dim_feedforward': 64, 'dim_feedforward_dec_frac': 0.25, 'beta': 1.609217228396838, 'gamma': 0.08996890260685975, 'pos_weight_scalar': 4.311116458719927, 'n_enc_blocks': 4, 'n_dec_block_frac': 1.0, 'pretrain_frac': 0.25, 'lr': 0.0012013226301883743, 'weight_decay': 0.0028690774403296146}. Best is trial 14 with value: 0.8425145819831497.
[I 2026-06-22 02:03:02,304] Trial 15 pruned. 
[I 2026-06-22 02:08:29,877] Trial 16 finished with value: 0.8405703175631886 and parameters: {'embed_dim': 256, 'dec_emb_frac': 0.25, 'contrast_dim': 32, 'mask_ratio': 0.24085209086501772, 'dropout': 0.2409032004456229, 'n_enc_heads': 4, 'n_dec_frac': 0.5, 'dim_feedforward': 64, 'dim_feedforward_dec_frac': 1.0, 'beta': 2.265461041808075, 'gamma': 0.26173679938630007, 'pos_weight_scalar': 4.431906217529919, 'n_enc_blocks': 4, 'n_dec_block_frac': 0.5, 'pretrain_frac': 0.25, 'lr': 0.00065165732943365, 'weight_decay': 0.0007385626688840525}. Best is trial 14 with value: 0.8425145819831497.
[I 2026-06-22 02:13:20,397] Trial 17 pruned. 
[I 2026-06-22 02:18:23,281] Trial 18 finished with value: 0.8451069345430978 and parameters: {'embed_dim': 64, 'dec_emb_frac': 0.25, 'contrast_dim': 32, 'mask_ratio': 0.3151191542413198, 'dropout': 0.2320782181228821, 'n_enc_heads': 4, 'n_dec_frac': 0.5, 'dim_feedforward': 512, 'dim_feedforward_dec_frac': 0.25, 'beta': 1.216348169827599, 'gamma': 0.29989285568998886, 'pos_weight_scalar': 1.8509935480681874, 'n_enc_blocks': 4, 'n_dec_block_frac': 1.0, 'pretrain_frac': 0.25, 'lr': 0.000999919440266895, 'weight_decay': 0.004503566749270195}. Best is trial 18 with value: 0.8451069345430978.
[I 2026-06-22 02:27:03,458] Trial 19 pruned. 
[I 2026-06-22 02:31:38,166] Trial 20 pruned. 
[I 2026-06-22 02:36:12,293] Trial 21 pruned. 
[I 2026-06-22 02:42:16,783] Trial 22 finished with value: 0.8502916396629941 and parameters: {'embed_dim': 64, 'dec_emb_frac': 0.25, 'contrast_dim': 32, 'mask_ratio': 0.27970431228286846, 'dropout': 0.05220469252900469, 'n_enc_heads': 4, 'n_dec_frac': 0.5, 'dim_feedforward': 512, 'dim_feedforward_dec_frac': 0.25, 'beta': 2.6758140561909225, 'gamma': 0.21923373173652877, 'pos_weight_scalar': 4.548914295736981, 'n_enc_blocks': 4, 'n_dec_block_frac': 1.0, 'pretrain_frac': 0.25, 'lr': 0.0010281374434048338, 'weight_decay': 0.0036049172894676456}. Best is trial 22 with value: 0.8502916396629941.
[I 2026-06-22 02:47:56,915] Trial 23 finished with value: 0.8561244329228775 and parameters: {'embed_dim': 64, 'dec_emb_frac': 0.25, 'contrast_dim': 32, 'mask_ratio': 0.38157594209528845, 'dropout': 0.11577401743111812, 'n_enc_heads': 4, 'n_dec_frac': 0.5, 'dim_feedforward': 512, 'dim_feedforward_dec_frac': 0.25, 'beta': 4.604267150069583, 'gamma': 0.22460242626863997, 'pos_weight_scalar': 1.0222700405193303, 'n_enc_blocks': 4, 'n_dec_block_frac': 1.0, 'pretrain_frac': 0.25, 'lr': 0.0009967623119261154, 'weight_decay': 0.003476964794713429}. Best is trial 23 with value: 0.8561244329228775.
[I 2026-06-22 02:53:08,053] Trial 24 finished with value: 0.8567725210628645 and parameters: {'embed_dim': 64, 'dec_emb_frac': 0.25, 'contrast_dim': 32, 'mask_ratio': 0.3945804470230507, 'dropout': 0.19796202927496012, 'n_enc_heads': 4, 'n_dec_frac': 0.5, 'dim_feedforward': 512, 'dim_feedforward_dec_frac': 0.25, 'beta': 4.9024577022178715, 'gamma': 0.2367389372801183, 'pos_weight_scalar': 1.0459783398339262, 'n_enc_blocks': 4, 'n_dec_block_frac': 1.0, 'pretrain_frac': 0.25, 'lr': 0.0005250426800611819, 'weight_decay': 0.0035121394243543234}. Best is trial 24 with value: 0.8567725210628645.
[I 2026-06-22 02:59:37,513] Trial 25 finished with value: 0.8690861957226182 and parameters: {'embed_dim': 256, 'dec_emb_frac': 0.25, 'contrast_dim': 32, 'mask_ratio': 0.3917383531591042, 'dropout': 0.19332586725184325, 'n_enc_heads': 4, 'n_dec_frac': 0.25, 'dim_feedforward': 512, 'dim_feedforward_dec_frac': 0.25, 'beta': 4.900418014139409, 'gamma': 0.1991514883985933, 'pos_weight_scalar': 1.1301396039946006, 'n_enc_blocks': 4, 'n_dec_block_frac': 1.0, 'pretrain_frac': 0.25, 'lr': 0.0004665782984626265, 'weight_decay': 0.0032717072444737832}. Best is trial 25 with value: 0.8690861957226182.
[I 2026-06-22 03:08:24,288] Trial 26 finished with value: 0.8580686973428386 and parameters: {'embed_dim': 256, 'dec_emb_frac': 0.25, 'contrast_dim': 32, 'mask_ratio': 0.39077170829889835, 'dropout': 0.19514801317071562, 'n_enc_heads': 4, 'n_dec_frac': 0.25, 'dim_feedforward': 512, 'dim_feedforward_dec_frac': 0.25, 'beta': 4.745279084303555, 'gamma': 0.18329021130901307, 'pos_weight_scalar': 1.0227666626503453, 'n_enc_blocks': 4, 'n_dec_block_frac': 1.0, 'pretrain_frac': 0.5, 'lr': 0.0005267361956714428, 'weight_decay': 0.006752461481273587}. Best is trial 25 with value: 0.8690861957226182.
[I 2026-06-22 03:17:26,099] Trial 27 finished with value: 0.8626053143227479 and parameters: {'embed_dim': 256, 'dec_emb_frac': 0.25, 'contrast_dim': 32, 'mask_ratio': 0.5106834470254927, 'dropout': 0.27449137830855797, 'n_enc_heads': 4, 'n_dec_frac': 0.25, 'dim_feedforward': 512, 'dim_feedforward_dec_frac': 0.25, 'beta': 5.180676756690136, 'gamma': 0.16891001286638177, 'pos_weight_scalar': 1.1352002802665866, 'n_enc_blocks': 8, 'n_dec_block_frac': 1.0, 'pretrain_frac': 0.5, 'lr': 0.00023861941044878518, 'weight_decay': 0.0070403342219246875}. Best is trial 25 with value: 0.8690861957226182.
[I 2026-06-22 03:26:15,821] Trial 28 finished with value: 0.8613091380427739 and parameters: {'embed_dim': 256, 'dec_emb_frac': 0.5, 'contrast_dim': 16, 'mask_ratio': 0.49078856025708006, 'dropout': 0.28448511221928774, 'n_enc_heads': 2, 'n_dec_frac': 0.25, 'dim_feedforward': 512, 'dim_feedforward_dec_frac': 1.0, 'beta': 6.261296690012716, 'gamma': 0.16623332833707816, 'pos_weight_scalar': 1.439152302655813, 'n_enc_blocks': 8, 'n_dec_block_frac': 0.5, 'pretrain_frac': 0.5, 'lr': 0.00023585396864893781, 'weight_decay': 0.0061680277947319}. Best is trial 25 with value: 0.8690861957226182.
[I 2026-06-22 03:34:51,609] Trial 29 finished with value: 0.864549578742709 and parameters: {'embed_dim': 256, 'dec_emb_frac': 0.5, 'contrast_dim': 16, 'mask_ratio': 0.5242051959004235, 'dropout': 0.30310656704252864, 'n_enc_heads': 2, 'n_dec_frac': 0.25, 'dim_feedforward': 512, 'dim_feedforward_dec_frac': 1.0, 'beta': 6.591023027874132, 'gamma': 0.053713351074250806, 'pos_weight_scalar': 1.4835791536421579, 'n_enc_blocks': 8, 'n_dec_block_frac': 0.5, 'pretrain_frac': 0.5, 'lr': 0.00024753055287280064, 'weight_decay': 0.007370094497439813}. Best is trial 25 with value: 0.8690861957226182.
[I 2026-06-22 03:45:22,618] Trial 30 finished with value: 0.8535320803629294 and parameters: {'embed_dim': 256, 'dec_emb_frac': 0.5, 'contrast_dim': 16, 'mask_ratio': 0.5340707402360708, 'dropout': 0.3835342245984774, 'n_enc_heads': 2, 'n_dec_frac': 0.25, 'dim_feedforward': 512, 'dim_feedforward_dec_frac': 1.0, 'beta': 6.801737632687745, 'gamma': 0.04651273506461017, 'pos_weight_scalar': 1.7501712023296863, 'n_enc_blocks': 8, 'n_dec_block_frac': 0.5, 'pretrain_frac': 0.5, 'lr': 0.00017844279672299298, 'weight_decay': 0.007774631474118957}. Best is trial 25 with value: 0.8690861957226182.
[I 2026-06-22 03:55:18,097] Trial 31 finished with value: 0.8671419313026572 and parameters: {'embed_dim': 256, 'dec_emb_frac': 0.5, 'contrast_dim': 16, 'mask_ratio': 0.49710068800387736, 'dropout': 0.28985513011909864, 'n_enc_heads': 2, 'n_dec_frac': 0.25, 'dim_feedforward': 512, 'dim_feedforward_dec_frac': 1.0, 'beta': 6.582308745358449, 'gamma': 0.01800195632745348, 'pos_weight_scalar': 1.4290877436052114, 'n_enc_blocks': 8, 'n_dec_block_frac': 0.5, 'pretrain_frac': 0.5, 'lr': 0.00023648997976539736, 'weight_decay': 0.007329945470360043}. Best is trial 25 with value: 0.8690861957226182.
[I 2026-06-22 04:05:21,980] Trial 32 finished with value: 0.8541801685029164 and parameters: {'embed_dim': 256, 'dec_emb_frac': 0.5, 'contrast_dim': 16, 'mask_ratio': 0.6308324835765204, 'dropout': 0.3221914135675773, 'n_enc_heads': 2, 'n_dec_frac': 0.25, 'dim_feedforward': 512, 'dim_feedforward_dec_frac': 1.0, 'beta': 6.6671811441154585, 'gamma': 0.02117864957781251, 'pos_weight_scalar': 1.3123439172150526, 'n_enc_blocks': 8, 'n_dec_block_frac': 0.5, 'pretrain_frac': 0.5, 'lr': 0.0002268655815761795, 'weight_decay': 0.009689185058058072}. Best is trial 25 with value: 0.8690861957226182.
[I 2026-06-22 04:13:37,242] Trial 33 pruned. 
[I 2026-06-22 04:25:12,664] Trial 34 finished with value: 0.8502916396629941 and parameters: {'embed_dim': 256, 'dec_emb_frac': 0.5, 'contrast_dim': 16, 'mask_ratio': 0.6153280480290237, 'dropout': 0.34818233031329865, 'n_enc_heads': 2, 'n_dec_frac': 0.25, 'dim_feedforward': 128, 'dim_feedforward_dec_frac': 1.0, 'beta': 7.504969151799051, 'gamma': 0.012605319807086348, 'pos_weight_scalar': 2.1847833045167153, 'n_enc_blocks': 8, 'n_dec_block_frac': 0.5, 'pretrain_frac': 0.5, 'lr': 0.00024181130398928736, 'weight_decay': 0.007824774354721776}. Best is trial 25 with value: 0.8690861957226182.
[I 2026-06-22 04:35:27,945] Trial 35 finished with value: 0.8496435515230071 and parameters: {'embed_dim': 256, 'dec_emb_frac': 0.5, 'contrast_dim': 16, 'mask_ratio': 0.5915102023180936, 'dropout': 0.4077085623750747, 'n_enc_heads': 2, 'n_dec_frac': 0.25, 'dim_feedforward': 512, 'dim_feedforward_dec_frac': 0.5, 'beta': 3.9119816757930956, 'gamma': 0.04716890484860336, 'pos_weight_scalar': 1.193770616081863, 'n_enc_blocks': 8, 'n_dec_block_frac': 0.5, 'pretrain_frac': 0.5, 'lr': 0.0003520607064436753, 'weight_decay': 0.00450234833655619}. Best is trial 25 with value: 0.8690861957226182.
[I 2026-06-22 04:44:30,067] Trial 36 finished with value: 0.8664938431626701 and parameters: {'embed_dim': 256, 'dec_emb_frac': 0.5, 'contrast_dim': 16, 'mask_ratio': 0.42743328186937374, 'dropout': 0.2645355163205625, 'n_enc_heads': 1, 'n_dec_frac': 0.25, 'dim_feedforward': 512, 'dim_feedforward_dec_frac': 1.0, 'beta': 6.004288625802867, 'gamma': 0.02676788280825054, 'pos_weight_scalar': 1.536455899137532, 'n_enc_blocks': 8, 'n_dec_block_frac': 0.5, 'pretrain_frac': 0.5, 'lr': 0.00015163158132206768, 'weight_decay': 0.009969901796862954}. Best is trial 25 with value: 0.8690861957226182.
[I 2026-06-22 04:52:38,004] Trial 37 pruned. 
[I 2026-06-22 05:00:51,840] Trial 38 pruned. 
[I 2026-06-22 05:10:04,359] Trial 39 finished with value: 0.8684381075826313 and parameters: {'embed_dim': 256, 'dec_emb_frac': 0.5, 'contrast_dim': 16, 'mask_ratio': 0.4540241189794432, 'dropout': 0.26194561133592154, 'n_enc_heads': 1, 'n_dec_frac': 0.25, 'dim_feedforward': 512, 'dim_feedforward_dec_frac': 1.0, 'beta': 8.337587297324738, 'gamma': 0.02461692837641019, 'pos_weight_scalar': 1.5694474733492694, 'n_enc_blocks': 8, 'n_dec_block_frac': 0.5, 'pretrain_frac': 0.5, 'lr': 0.0001838046687829318, 'weight_decay': 0.002894557484575582}. Best is trial 25 with value: 0.8690861957226182.
[I 2026-06-22 05:23:27,416] Trial 40 finished with value: 0.8522359040829552 and parameters: {'embed_dim': 256, 'dec_emb_frac': 1.0, 'contrast_dim': 64, 'mask_ratio': 0.44953258505553634, 'dropout': 0.26675544072892193, 'n_enc_heads': 1, 'n_dec_frac': 1.0, 'dim_feedforward': 512, 'dim_feedforward_dec_frac': 1.0, 'beta': 8.598172783729753, 'gamma': 0.010426835144281539, 'pos_weight_scalar': 1.9979165449075391, 'n_enc_blocks': 2, 'n_dec_block_frac': 0.25, 'pretrain_frac': 0.75, 'lr': 0.0001878383094278164, 'weight_decay': 0.0028141602290443686}. Best is trial 25 with value: 0.8690861957226182.
[I 2026-06-22 05:32:21,678] Trial 41 finished with value: 0.8697342838626053 and parameters: {'embed_dim': 256, 'dec_emb_frac': 0.5, 'contrast_dim': 16, 'mask_ratio': 0.4811634705845189, 'dropout': 0.30428439350976605, 'n_enc_heads': 1, 'n_dec_frac': 0.25, 'dim_feedforward': 512, 'dim_feedforward_dec_frac': 1.0, 'beta': 5.904683754706647, 'gamma': 0.02645274157748226, 'pos_weight_scalar': 1.3303597898992572, 'n_enc_blocks': 8, 'n_dec_block_frac': 0.5, 'pretrain_frac': 0.5, 'lr': 0.00029210853473148486, 'weight_decay': 0.005032926902582675}. Best is trial 41 with value: 0.8697342838626053.
[I 2026-06-22 05:41:06,468] Trial 42 finished with value: 0.8723266364225535 and parameters: {'embed_dim': 256, 'dec_emb_frac': 0.5, 'contrast_dim': 16, 'mask_ratio': 0.47059243035618775, 'dropout': 0.25163794903894277, 'n_enc_heads': 1, 'n_dec_frac': 0.25, 'dim_feedforward': 512, 'dim_feedforward_dec_frac': 1.0, 'beta': 5.806182921025033, 'gamma': 0.024156066943848215, 'pos_weight_scalar': 1.6464803981750793, 'n_enc_blocks': 8, 'n_dec_block_frac': 0.5, 'pretrain_frac': 0.5, 'lr': 0.0002922409879917909, 'weight_decay': 0.00486025443101729}. Best is trial 42 with value: 0.8723266364225535.
[I 2026-06-22 05:49:11,463] Trial 43 pruned. 
[I 2026-06-22 05:58:15,000] Trial 44 finished with value: 0.8554763447828905 and parameters: {'embed_dim': 256, 'dec_emb_frac': 0.5, 'contrast_dim': 16, 'mask_ratio': 0.5562055883836116, 'dropout': 0.31132692605655166, 'n_enc_heads': 1, 'n_dec_frac': 0.25, 'dim_feedforward': 512, 'dim_feedforward_dec_frac': 0.5, 'beta': 9.399550900642623, 'gamma': 0.040363164204093215, 'pos_weight_scalar': 1.6978064403777116, 'n_enc_blocks': 8, 'n_dec_block_frac': 0.5, 'pretrain_frac': 0.5, 'lr': 0.00040665690700442174, 'weight_decay': 0.004508502192944414}. Best is trial 42 with value: 0.8723266364225535.
[I 2026-06-22 06:06:27,954] Trial 45 pruned. 
