[I 2026-06-23 01:02:59,803] Using an existing study with name 'cmae_optimize' instead of creating a new one.
[I 2026-06-23 01:14:07,433] Trial 67 pruned. 
[I 2026-06-23 01:25:51,944] Trial 68 pruned. 
[I 2026-06-23 01:37:21,243] Trial 69 pruned. 
[I 2026-06-23 01:50:34,878] Trial 70 finished with value: 0.6961483594864479 and parameters: {'embed_dim': 256, 'dec_emb_frac': 1.0, 'contrast_dim': 32, 'mask_ratio': 0.4609567726282567, 'dropout': 0.40689593694379167, 'n_enc_heads': 2, 'n_dec_frac': 0.5, 'dim_feedforward': 128, 'dim_feedforward_dec_frac': 1.0, 'beta': 5.110821627138801, 'gamma': 0.12551080174351126, 'pos_weight_scalar': 2.508244431842609, 'n_enc_blocks': 4, 'n_dec_block_frac': 0.5, 'pretrain_frac': 0.75, 'lr': 0.0003672938752073114, 'weight_decay': 0.006828463354719029}. Best is trial 65 with value: 0.7051851851851851.
[I 2026-06-23 02:02:34,450] Trial 71 finished with value: 0.6945945945945946 and parameters: {'embed_dim': 256, 'dec_emb_frac': 1.0, 'contrast_dim': 32, 'mask_ratio': 0.5126283093127908, 'dropout': 0.4371343291193347, 'n_enc_heads': 2, 'n_dec_frac': 0.25, 'dim_feedforward': 128, 'dim_feedforward_dec_frac': 0.5, 'beta': 5.158858954617947, 'gamma': 0.10388412627357503, 'pos_weight_scalar': 2.575983208833672, 'n_enc_blocks': 6, 'n_dec_block_frac': 0.25, 'pretrain_frac': 0.75, 'lr': 0.00045659137614394786, 'weight_decay': 0.005936064794874178}. Best is trial 65 with value: 0.7051851851851851.
[I 2026-06-23 02:14:34,771] Trial 72 pruned. 
[I 2026-06-23 02:27:00,539] Trial 73 finished with value: 0.6971935007385525 and parameters: {'embed_dim': 256, 'dec_emb_frac': 1.0, 'contrast_dim': 32, 'mask_ratio': 0.5625155209180798, 'dropout': 0.4520934008490331, 'n_enc_heads': 2, 'n_dec_frac': 0.25, 'dim_feedforward': 128, 'dim_feedforward_dec_frac': 0.5, 'beta': 5.205187077432556, 'gamma': 0.10133935925765933, 'pos_weight_scalar': 2.7633165226892835, 'n_enc_blocks': 6, 'n_dec_block_frac': 0.25, 'pretrain_frac': 0.75, 'lr': 0.0003751680301756134, 'weight_decay': 0.006902495905513425}. Best is trial 65 with value: 0.7051851851851851.
[I 2026-06-23 02:39:48,112] Trial 74 finished with value: 0.7082728592162555 and parameters: {'embed_dim': 256, 'dec_emb_frac': 1.0, 'contrast_dim': 32, 'mask_ratio': 0.555285829139834, 'dropout': 0.4619376276781948, 'n_enc_heads': 2, 'n_dec_frac': 0.25, 'dim_feedforward': 128, 'dim_feedforward_dec_frac': 0.5, 'beta': 5.47816355814618, 'gamma': 0.12931233081093432, 'pos_weight_scalar': 2.7862508443217866, 'n_enc_blocks': 6, 'n_dec_block_frac': 0.25, 'pretrain_frac': 0.75, 'lr': 0.00036670909563896355, 'weight_decay': 0.0037563227127831557}. Best is trial 74 with value: 0.7082728592162555.
[I 2026-06-23 02:51:44,687] Trial 75 finished with value: 0.7124463519313304 and parameters: {'embed_dim': 256, 'dec_emb_frac': 1.0, 'contrast_dim': 32, 'mask_ratio': 0.5653803555488318, 'dropout': 0.4016927018608615, 'n_enc_heads': 2, 'n_dec_frac': 0.25, 'dim_feedforward': 128, 'dim_feedforward_dec_frac': 0.5, 'beta': 6.078023915248176, 'gamma': 0.10004918884949954, 'pos_weight_scalar': 2.804267168887377, 'n_enc_blocks': 6, 'n_dec_block_frac': 0.25, 'pretrain_frac': 0.75, 'lr': 0.0005149714002619224, 'weight_decay': 0.0038458529022727906}. Best is trial 75 with value: 0.7124463519313304.
[I 2026-06-23 03:03:14,780] Trial 76 pruned. 
[I 2026-06-23 03:14:45,478] Trial 77 pruned. 
[I 2026-06-23 03:26:18,999] Trial 78 pruned. 
[I 2026-06-23 03:34:24,016] Trial 79 pruned. 
[I 2026-06-23 03:39:40,036] Trial 80 finished with value: 0.6945169712793734 and parameters: {'embed_dim': 256, 'dec_emb_frac': 1.0, 'contrast_dim': 32, 'mask_ratio': 0.5475274800482515, 'dropout': 0.34136971869237603, 'n_enc_heads': 2, 'n_dec_frac': 0.25, 'dim_feedforward': 256, 'dim_feedforward_dec_frac': 1.0, 'beta': 6.3364287607586895, 'gamma': 0.10138096139641599, 'pos_weight_scalar': 3.0941146578646475, 'n_enc_blocks': 6, 'n_dec_block_frac': 0.25, 'pretrain_frac': 0.25, 'lr': 0.0004808707093269102, 'weight_decay': 0.006760056500521267}. Best is trial 75 with value: 0.7124463519313304.
[I 2026-06-23 03:51:48,167] Trial 81 finished with value: 0.685131195335277 and parameters: {'embed_dim': 256, 'dec_emb_frac': 1.0, 'contrast_dim': 32, 'mask_ratio': 0.5329975187724967, 'dropout': 0.4718872069108966, 'n_enc_heads': 2, 'n_dec_frac': 0.25, 'dim_feedforward': 128, 'dim_feedforward_dec_frac': 0.5, 'beta': 5.467527484875808, 'gamma': 0.12451489421575487, 'pos_weight_scalar': 3.6321344867941447, 'n_enc_blocks': 6, 'n_dec_block_frac': 0.25, 'pretrain_frac': 0.75, 'lr': 0.0005567599761782975, 'weight_decay': 0.004786651340913494}. Best is trial 75 with value: 0.7124463519313304.
[I 2026-06-23 04:04:59,268] Trial 82 finished with value: 0.7029972752043597 and parameters: {'embed_dim': 256, 'dec_emb_frac': 1.0, 'contrast_dim': 32, 'mask_ratio': 0.561688740599758, 'dropout': 0.41631077703108804, 'n_enc_heads': 2, 'n_dec_frac': 0.25, 'dim_feedforward': 128, 'dim_feedforward_dec_frac': 0.5, 'beta': 5.180375667786728, 'gamma': 0.164467692445466, 'pos_weight_scalar': 2.681326701345713, 'n_enc_blocks': 6, 'n_dec_block_frac': 0.25, 'pretrain_frac': 0.75, 'lr': 0.00040284546178210646, 'weight_decay': 0.003987409784517478}. Best is trial 75 with value: 0.7124463519313304.
[I 2026-06-23 04:16:55,377] Trial 83 finished with value: 0.7032348804500703 and parameters: {'embed_dim': 256, 'dec_emb_frac': 1.0, 'contrast_dim': 32, 'mask_ratio': 0.5615301143787131, 'dropout': 0.41977629780562437, 'n_enc_heads': 2, 'n_dec_frac': 0.25, 'dim_feedforward': 128, 'dim_feedforward_dec_frac': 0.5, 'beta': 5.227697171200699, 'gamma': 0.07412729298480364, 'pos_weight_scalar': 2.6733909294948073, 'n_enc_blocks': 6, 'n_dec_block_frac': 0.25, 'pretrain_frac': 0.75, 'lr': 0.000406420083291585, 'weight_decay': 0.009733077297352571}. Best is trial 75 with value: 0.7124463519313304.
[I 2026-06-23 04:28:27,991] Trial 84 pruned. 
[I 2026-06-23 04:40:44,753] Trial 85 finished with value: 0.6879150066401063 and parameters: {'embed_dim': 256, 'dec_emb_frac': 1.0, 'contrast_dim': 32, 'mask_ratio': 0.5843864298061688, 'dropout': 0.4269734488250383, 'n_enc_heads': 2, 'n_dec_frac': 0.25, 'dim_feedforward': 128, 'dim_feedforward_dec_frac': 0.5, 'beta': 4.616703565546622, 'gamma': 0.07483884806512157, 'pos_weight_scalar': 2.836166413427534, 'n_enc_blocks': 6, 'n_dec_block_frac': 0.25, 'pretrain_frac': 0.75, 'lr': 0.0004231125113717007, 'weight_decay': 0.0041105369442195885}. Best is trial 75 with value: 0.7124463519313304.
[I 2026-06-23 04:52:18,992] Trial 86 pruned. 
[I 2026-06-23 05:03:52,992] Trial 87 pruned. 
[I 2026-06-23 05:15:27,740] Trial 88 pruned. 
[I 2026-06-23 05:27:04,645] Trial 89 pruned. 
[I 2026-06-23 05:38:39,648] Trial 90 pruned. 
[I 2026-06-23 05:50:40,328] Trial 91 finished with value: 0.7136812411847673 and parameters: {'embed_dim': 256, 'dec_emb_frac': 1.0, 'contrast_dim': 32, 'mask_ratio': 0.5652939163128134, 'dropout': 0.39065286014918066, 'n_enc_heads': 4, 'n_dec_frac': 0.25, 'dim_feedforward': 128, 'dim_feedforward_dec_frac': 0.5, 'beta': 5.623632188692529, 'gamma': 0.07842052708986882, 'pos_weight_scalar': 3.43776557054434, 'n_enc_blocks': 6, 'n_dec_block_frac': 0.25, 'pretrain_frac': 0.75, 'lr': 0.00031729836167805213, 'weight_decay': 0.0042601172750027436}. Best is trial 91 with value: 0.7136812411847673.
[I 2026-06-23 06:02:36,453] Trial 92 finished with value: 0.7054054054054054 and parameters: {'embed_dim': 256, 'dec_emb_frac': 1.0, 'contrast_dim': 32, 'mask_ratio': 0.572719906131302, 'dropout': 0.37126937935850746, 'n_enc_heads': 4, 'n_dec_frac': 0.25, 'dim_feedforward': 128, 'dim_feedforward_dec_frac': 0.5, 'beta': 5.565957354646114, 'gamma': 0.08292929532689386, 'pos_weight_scalar': 3.5119633776284003, 'n_enc_blocks': 6, 'n_dec_block_frac': 0.25, 'pretrain_frac': 0.75, 'lr': 0.0003207183336256121, 'weight_decay': 0.0037897678278034828}. Best is trial 91 with value: 0.7136812411847673.
[I 2026-06-23 06:14:41,122] Trial 93 finished with value: 0.6907514450867052 and parameters: {'embed_dim': 256, 'dec_emb_frac': 1.0, 'contrast_dim': 32, 'mask_ratio': 0.5647326278606203, 'dropout': 0.36771130689620235, 'n_enc_heads': 4, 'n_dec_frac': 0.25, 'dim_feedforward': 128, 'dim_feedforward_dec_frac': 0.5, 'beta': 5.592899922745157, 'gamma': 0.07987604770084826, 'pos_weight_scalar': 3.435202045918734, 'n_enc_blocks': 6, 'n_dec_block_frac': 0.25, 'pretrain_frac': 0.75, 'lr': 0.0003429165211290164, 'weight_decay': 0.003968404346211143}. Best is trial 91 with value: 0.7136812411847673.
[I 2026-06-23 06:26:15,966] Trial 94 pruned. 
[I 2026-06-23 06:38:29,503] Trial 95 finished with value: 0.6831955922865014 and parameters: {'embed_dim': 256, 'dec_emb_frac': 1.0, 'contrast_dim': 32, 'mask_ratio': 0.6224890437255542, 'dropout': 0.3149364624659075, 'n_enc_heads': 4, 'n_dec_frac': 0.25, 'dim_feedforward': 128, 'dim_feedforward_dec_frac': 0.5, 'beta': 6.475943531546581, 'gamma': 0.18868637247674672, 'pos_weight_scalar': 3.8622614443942993, 'n_enc_blocks': 6, 'n_dec_block_frac': 0.25, 'pretrain_frac': 0.75, 'lr': 0.00029999615097010335, 'weight_decay': 0.00543159294806827}. Best is trial 91 with value: 0.7136812411847673.
[I 2026-06-23 06:51:12,037] Trial 96 finished with value: 0.6852367688022284 and parameters: {'embed_dim': 512, 'dec_emb_frac': 1.0, 'contrast_dim': 32, 'mask_ratio': 0.6877456830640417, 'dropout': 0.3880635831426825, 'n_enc_heads': 4, 'n_dec_frac': 0.25, 'dim_feedforward': 128, 'dim_feedforward_dec_frac': 0.5, 'beta': 6.110358417792435, 'gamma': 0.06541091739072553, 'pos_weight_scalar': 3.4934837624208632, 'n_enc_blocks': 6, 'n_dec_block_frac': 0.25, 'pretrain_frac': 0.75, 'lr': 0.0003986221297124313, 'weight_decay': 0.003427436304016735}. Best is trial 91 with value: 0.7136812411847673.
[I 2026-06-23 07:02:56,114] Trial 97 pruned. 
[I 2026-06-23 07:11:02,422] Trial 98 pruned. 
[I 2026-06-23 07:23:29,930] Trial 99 finished with value: 0.6957671957671958 and parameters: {'embed_dim': 256, 'dec_emb_frac': 1.0, 'contrast_dim': 32, 'mask_ratio': 0.5194646203630827, 'dropout': 0.41211254304223316, 'n_enc_heads': 4, 'n_dec_frac': 0.25, 'dim_feedforward': 128, 'dim_feedforward_dec_frac': 0.5, 'beta': 5.0076011764530985, 'gamma': 0.15503922614661222, 'pos_weight_scalar': 3.1053945040452744, 'n_enc_blocks': 2, 'n_dec_block_frac': 0.25, 'pretrain_frac': 0.75, 'lr': 0.00034186531994858917, 'weight_decay': 0.002113150281204922}. Best is trial 91 with value: 0.7136812411847673.
[I 2026-06-23 07:28:06,395] Trial 100 pruned. 
[I 2026-06-23 07:40:03,719] Trial 101 finished with value: 0.6879535558780842 and parameters: {'embed_dim': 256, 'dec_emb_frac': 0.25, 'contrast_dim': 16, 'mask_ratio': 0.5709119543595048, 'dropout': 0.38949364110582807, 'n_enc_heads': 4, 'n_dec_frac': 0.25, 'dim_feedforward': 128, 'dim_feedforward_dec_frac': 0.5, 'beta': 5.643279083788172, 'gamma': 0.09903363304801781, 'pos_weight_scalar': 2.7615372484859817, 'n_enc_blocks': 6, 'n_dec_block_frac': 0.25, 'pretrain_frac': 0.75, 'lr': 0.00024019376914135077, 'weight_decay': 0.005065008859600199}. Best is trial 91 with value: 0.7136812411847673.
[I 2026-06-23 07:52:03,833] Trial 102 finished with value: 0.6925287356321839 and parameters: {'embed_dim': 256, 'dec_emb_frac': 1.0, 'contrast_dim': 32, 'mask_ratio': 0.49666881392662754, 'dropout': 0.44142477375132755, 'n_enc_heads': 2, 'n_dec_frac': 0.25, 'dim_feedforward': 64, 'dim_feedforward_dec_frac': 0.5, 'beta': 4.129835730092601, 'gamma': 0.08895398966263292, 'pos_weight_scalar': 2.467581701856541, 'n_enc_blocks': 6, 'n_dec_block_frac': 0.25, 'pretrain_frac': 0.75, 'lr': 0.0002764347117399322, 'weight_decay': 0.008765393353137014}. Best is trial 91 with value: 0.7136812411847673.
[I 2026-06-23 08:05:03,338] Trial 103 finished with value: 0.6959152798789713 and parameters: {'embed_dim': 256, 'dec_emb_frac': 1.0, 'contrast_dim': 32, 'mask_ratio': 0.540780657100888, 'dropout': 0.427904778855272, 'n_enc_heads': 2, 'n_dec_frac': 1.0, 'dim_feedforward': 256, 'dim_feedforward_dec_frac': 0.5, 'beta': 2.8363406332009884, 'gamma': 0.13158615453076222, 'pos_weight_scalar': 2.6326069487896233, 'n_enc_blocks': 6, 'n_dec_block_frac': 0.25, 'pretrain_frac': 0.75, 'lr': 0.00037039434756550667, 'weight_decay': 0.0030500440797843788}. Best is trial 91 with value: 0.7136812411847673.
[I 2026-06-23 08:17:10,525] Trial 104 finished with value: 0.6970509383378016 and parameters: {'embed_dim': 256, 'dec_emb_frac': 1.0, 'contrast_dim': 32, 'mask_ratio': 0.5570941129447822, 'dropout': 0.47619025181069774, 'n_enc_heads': 2, 'n_dec_frac': 0.25, 'dim_feedforward': 128, 'dim_feedforward_dec_frac': 0.5, 'beta': 5.389769284105334, 'gamma': 0.058315212744331185, 'pos_weight_scalar': 3.1761531387871322, 'n_enc_blocks': 6, 'n_dec_block_frac': 1.0, 'pretrain_frac': 0.75, 'lr': 0.0003138417833221211, 'weight_decay': 0.004449718900453002}. Best is trial 91 with value: 0.7136812411847673.
[I 2026-06-23 08:28:56,682] Trial 105 pruned. 
[I 2026-06-23 08:42:17,147] Trial 106 finished with value: 0.6896551724137931 and parameters: {'embed_dim': 256, 'dec_emb_frac': 1.0, 'contrast_dim': 32, 'mask_ratio': 0.5862377617415437, 'dropout': 0.45881207264235635, 'n_enc_heads': 4, 'n_dec_frac': 0.25, 'dim_feedforward': 128, 'dim_feedforward_dec_frac': 0.5, 'beta': 5.409642098805614, 'gamma': 0.21396579586454748, 'pos_weight_scalar': 3.380509172113515, 'n_enc_blocks': 6, 'n_dec_block_frac': 1.0, 'pretrain_frac': 0.75, 'lr': 0.00041579957231583313, 'weight_decay': 0.005465235900899074}. Best is trial 91 with value: 0.7136812411847673.
[I 2026-06-23 08:54:02,297] Trial 107 pruned. 
[I 2026-06-23 09:06:34,282] Trial 108 finished with value: 0.6952908587257618 and parameters: {'embed_dim': 256, 'dec_emb_frac': 1.0, 'contrast_dim': 16, 'mask_ratio': 0.6344710328186122, 'dropout': 0.39795297959310105, 'n_enc_heads': 2, 'n_dec_frac': 0.25, 'dim_feedforward': 128, 'dim_feedforward_dec_frac': 0.5, 'beta': 4.592407345099163, 'gamma': 0.11253625453942732, 'pos_weight_scalar': 3.203631699595788, 'n_enc_blocks': 6, 'n_dec_block_frac': 1.0, 'pretrain_frac': 0.75, 'lr': 0.00026843029645582636, 'weight_decay': 0.004527443155719579}. Best is trial 91 with value: 0.7136812411847673.
[I 2026-06-23 09:18:16,679] Trial 109 pruned. 
[I 2026-06-23 09:31:43,965] Trial 110 finished with value: 0.7043090638930164 and parameters: {'embed_dim': 256, 'dec_emb_frac': 0.5, 'contrast_dim': 32, 'mask_ratio': 0.48326164688204254, 'dropout': 0.3781021406878747, 'n_enc_heads': 1, 'n_dec_frac': 0.25, 'dim_feedforward': 128, 'dim_feedforward_dec_frac': 0.5, 'beta': 6.023249268523566, 'gamma': 0.177632248312394, 'pos_weight_scalar': 3.0173466775120015, 'n_enc_blocks': 6, 'n_dec_block_frac': 1.0, 'pretrain_frac': 0.75, 'lr': 0.0004997556632527077, 'weight_decay': 0.008241751954714478}. Best is trial 91 with value: 0.7136812411847673.
[I 2026-06-23 09:43:09,758] Trial 111 pruned. 
[I 2026-06-23 09:54:55,877] Trial 112 pruned. 
[I 2026-06-23 10:06:42,721] Trial 113 pruned. 
[I 2026-06-23 10:18:26,962] Trial 114 pruned. 
[I 2026-06-23 10:30:40,424] Trial 115 finished with value: 0.6960110041265475 and parameters: {'embed_dim': 256, 'dec_emb_frac': 0.5, 'contrast_dim': 32, 'mask_ratio': 0.5747922642108524, 'dropout': 0.3375107574969812, 'n_enc_heads': 1, 'n_dec_frac': 0.25, 'dim_feedforward': 128, 'dim_feedforward_dec_frac': 0.5, 'beta': 5.113649782703027, 'gamma': 0.0771699355715205, 'pos_weight_scalar': 4.1241919242996365, 'n_enc_blocks': 6, 'n_dec_block_frac': 1.0, 'pretrain_frac': 0.75, 'lr': 0.0004772259045500242, 'weight_decay': 0.008236465330133844}. Best is trial 91 with value: 0.7136812411847673.
[I 2026-06-23 10:42:41,525] Trial 116 pruned. 
[I 2026-06-23 10:55:42,233] Trial 117 finished with value: 0.6868131868131868 and parameters: {'embed_dim': 256, 'dec_emb_frac': 1.0, 'contrast_dim': 16, 'mask_ratio': 0.5392868855480847, 'dropout': 0.43274619570782846, 'n_enc_heads': 2, 'n_dec_frac': 0.25, 'dim_feedforward': 512, 'dim_feedforward_dec_frac': 0.25, 'beta': 5.932814222382113, 'gamma': 0.053395699457535126, 'pos_weight_scalar': 2.937364648782754, 'n_enc_blocks': 6, 'n_dec_block_frac': 0.25, 'pretrain_frac': 0.75, 'lr': 0.0002474809654967931, 'weight_decay': 0.006192002540152833}. Best is trial 91 with value: 0.7136812411847673.
[I 2026-06-23 11:03:48,013] Trial 118 pruned. 
[I 2026-06-23 11:15:37,606] Trial 119 pruned. 
[I 2026-06-23 11:20:17,864] Trial 120 pruned. 
[I 2026-06-23 11:33:40,504] Trial 121 finished with value: 0.6885714285714286 and parameters: {'embed_dim': 256, 'dec_emb_frac': 1.0, 'contrast_dim': 16, 'mask_ratio': 0.156812827854943, 'dropout': 0.44625158624883837, 'n_enc_heads': 2, 'n_dec_frac': 0.25, 'dim_feedforward': 128, 'dim_feedforward_dec_frac': 0.5, 'beta': 5.348289125861326, 'gamma': 0.11928145618646081, 'pos_weight_scalar': 2.6703685099564165, 'n_enc_blocks': 6, 'n_dec_block_frac': 0.25, 'pretrain_frac': 0.75, 'lr': 0.0003775518481811164, 'weight_decay': 0.006846880078737466}. Best is trial 91 with value: 0.7136812411847673.
[I 2026-06-23 11:45:14,615] Trial 122 pruned. 
[I 2026-06-23 11:56:53,425] Trial 123 pruned. 
[I 2026-06-23 12:08:29,121] Trial 124 pruned. 
[I 2026-06-23 12:20:12,792] Trial 125 pruned. 
[I 2026-06-23 12:31:51,571] Trial 126 pruned. 
[I 2026-06-23 12:43:25,583] Trial 127 pruned. 
[I 2026-06-23 12:55:18,624] Trial 128 pruned. 
[I 2026-06-23 13:08:11,036] Trial 129 finished with value: 0.6915351506456241 and parameters: {'embed_dim': 256, 'dec_emb_frac': 0.5, 'contrast_dim': 32, 'mask_ratio': 0.466305776965071, 'dropout': 0.4783081324656767, 'n_enc_heads': 2, 'n_dec_frac': 0.25, 'dim_feedforward': 64, 'dim_feedforward_dec_frac': 0.25, 'beta': 2.9371202551766666, 'gamma': 0.09602132726859275, 'pos_weight_scalar': 2.8930079419481385, 'n_enc_blocks': 6, 'n_dec_block_frac': 0.25, 'pretrain_frac': 0.75, 'lr': 0.0003455981958669288, 'weight_decay': 0.008273160239239883}. Best is trial 91 with value: 0.7136812411847673.
[2026-06-23T13:08:15.015] error: *** JOB 10120244 ON della-i14g13 CANCELLED AT 2026-06-23T13:08:15 DUE TO TIME LIMIT ***
