[I 2026-06-18 14:27:19,276] Trial 46 finished with value: 0.8579295154185022 and parameters: {'embed_dim': 64, 'dec_emb_frac': 1.0, 'contrast_dim': 64, 'mask_ratio': 0.4537781260561793, 'dropout': 0.2593906057896224, 'n_enc_heads': 4, 'n_dec_frac': 0.25, 'dim_feedforward': 256, 'dim_feedforward_dec_frac': 1.0, 'alpha': 3.0851186183343593, 'beta': 2.910554975649058, 'gamma': 0.1475374780437877, 'pos_weight_scalar': 3.7450169435436647, 'n_enc_blocks': 2, 'n_dec_block_frac': 1.0, 'lr': 0.00038037740307893654, 'weight_decay': 0.004190550191656199}. Best is trial 32 with value: 0.8623348017621145.
[I 2026-06-18 14:29:38,875] Trial 47 pruned. 
[I 2026-06-18 14:31:48,643] Trial 48 pruned. 
[I 2026-06-18 14:41:28,488] Trial 49 finished with value: 0.8634361233480177 and parameters: {'embed_dim': 128, 'dec_emb_frac': 0.5, 'contrast_dim': 64, 'mask_ratio': 0.39444697512014365, 'dropout': 0.4198316815601282, 'n_enc_heads': 4, 'n_dec_frac': 0.5, 'dim_feedforward': 64, 'dim_feedforward_dec_frac': 0.25, 'alpha': 4.7336832791469785, 'beta': 3.5027839101474703, 'gamma': 0.603602893931183, 'pos_weight_scalar': 3.2005793615715517, 'n_enc_blocks': 8, 'n_dec_block_frac': 0.5, 'lr': 0.00017653128730411172, 'weight_decay': 0.0002789166095569619}. Best is trial 49 with value: 0.8634361233480177.
[I 2026-06-18 14:48:22,847] Trial 50 finished with value: 0.8623348017621145 and parameters: {'embed_dim': 256, 'dec_emb_frac': 0.5, 'contrast_dim': 64, 'mask_ratio': 0.38685001965678373, 'dropout': 0.4403930122846529, 'n_enc_heads': 4, 'n_dec_frac': 0.25, 'dim_feedforward': 128, 'dim_feedforward_dec_frac': 1.0, 'alpha': 4.8776118071594725, 'beta': 3.4966044346810223, 'gamma': 0.02172954556732255, 'pos_weight_scalar': 3.2220269360164777, 'n_enc_blocks': 4, 'n_dec_block_frac': 0.5, 'lr': 0.0002791815588286218, 'weight_decay': 0.00030871983252378987}. Best is trial 49 with value: 0.8634361233480177.
[I 2026-06-18 14:52:52,960] Trial 51 finished with value: 0.8458149779735683 and parameters: {'embed_dim': 256, 'dec_emb_frac': 0.5, 'contrast_dim': 64, 'mask_ratio': 0.39074387977051367, 'dropout': 0.4573487397942204, 'n_enc_heads': 4, 'n_dec_frac': 0.25, 'dim_feedforward': 128, 'dim_feedforward_dec_frac': 1.0, 'alpha': 4.786278473391896, 'beta': 3.520699550969368, 'gamma': 0.37375910864441997, 'pos_weight_scalar': 3.2885797137029655, 'n_enc_blocks': 4, 'n_dec_block_frac': 0.5, 'lr': 0.0002757374587317712, 'weight_decay': 0.0002934366931205921}. Best is trial 49 with value: 0.8634361233480177.
[I 2026-06-18 14:56:57,797] Trial 52 finished with value: 0.8513215859030837 and parameters: {'embed_dim': 256, 'dec_emb_frac': 0.5, 'contrast_dim': 64, 'mask_ratio': 0.3483350934941391, 'dropout': 0.47662419730406624, 'n_enc_heads': 4, 'n_dec_frac': 0.25, 'dim_feedforward': 128, 'dim_feedforward_dec_frac': 1.0, 'alpha': 4.927781670622953, 'beta': 4.227945058233785, 'gamma': 0.025420368741445553, 'pos_weight_scalar': 3.0982989572729434, 'n_enc_blocks': 4, 'n_dec_block_frac': 0.5, 'lr': 0.00021611797048108042, 'weight_decay': 0.0001974793811939943}. Best is trial 49 with value: 0.8634361233480177.
[I 2026-06-18 15:03:27,975] Trial 53 finished with value: 0.8513215859030837 and parameters: {'embed_dim': 256, 'dec_emb_frac': 0.5, 'contrast_dim': 64, 'mask_ratio': 0.329858420330987, 'dropout': 0.4379646368281829, 'n_enc_heads': 4, 'n_dec_frac': 0.25, 'dim_feedforward': 128, 'dim_feedforward_dec_frac': 1.0, 'alpha': 4.727006470304752, 'beta': 3.876811183141013, 'gamma': 0.012724025338915722, 'pos_weight_scalar': 2.906878576450227, 'n_enc_blocks': 4, 'n_dec_block_frac': 0.5, 'lr': 0.00017604698771462207, 'weight_decay': 0.0001320298931119852}. Best is trial 49 with value: 0.8634361233480177.
[I 2026-06-18 15:08:29,968] Trial 54 finished with value: 0.8447136563876652 and parameters: {'embed_dim': 256, 'dec_emb_frac': 0.5, 'contrast_dim': 64, 'mask_ratio': 0.4191202599050479, 'dropout': 0.4241947681519368, 'n_enc_heads': 4, 'n_dec_frac': 0.25, 'dim_feedforward': 128, 'dim_feedforward_dec_frac': 1.0, 'alpha': 4.4122897613804835, 'beta': 3.2204056154405025, 'gamma': 0.010181991130937495, 'pos_weight_scalar': 3.7084718241561876, 'n_enc_blocks': 4, 'n_dec_block_frac': 0.5, 'lr': 0.0003140457665076731, 'weight_decay': 0.00026858823546736175}. Best is trial 49 with value: 0.8634361233480177.
[I 2026-06-18 15:12:37,798] Trial 55 pruned. 
[I 2026-06-18 15:14:45,496] Trial 56 pruned. 
[I 2026-06-18 15:17:54,439] Trial 57 pruned. 
[I 2026-06-18 15:20:13,574] Trial 58 pruned. 
[I 2026-06-18 15:25:54,432] Trial 59 finished with value: 0.8546255506607929 and parameters: {'embed_dim': 256, 'dec_emb_frac': 0.5, 'contrast_dim': 64, 'mask_ratio': 0.26677708078319917, 'dropout': 0.25277174274137243, 'n_enc_heads': 4, 'n_dec_frac': 0.5, 'dim_feedforward': 128, 'dim_feedforward_dec_frac': 1.0, 'alpha': 0.6838600701647632, 'beta': 1.9132665133299087, 'gamma': 0.2201333016066757, 'pos_weight_scalar': 3.6739788973009326, 'n_enc_blocks': 8, 'n_dec_block_frac': 0.25, 'lr': 0.0004040972748633947, 'weight_decay': 0.00023731018491709996}. Best is trial 49 with value: 0.8634361233480177.
[I 2026-06-18 15:28:12,282] Trial 60 pruned. 
[I 2026-06-18 15:36:59,511] Trial 61 finished with value: 0.8513215859030837 and parameters: {'embed_dim': 128, 'dec_emb_frac': 1.0, 'contrast_dim': 64, 'mask_ratio': 0.4421526690597873, 'dropout': 0.3733069755079681, 'n_enc_heads': 4, 'n_dec_frac': 0.5, 'dim_feedforward': 64, 'dim_feedforward_dec_frac': 0.25, 'alpha': 4.527662625972254, 'beta': 2.750434741732247, 'gamma': 0.6269545453757946, 'pos_weight_scalar': 3.206902796407969, 'n_enc_blocks': 8, 'n_dec_block_frac': 0.5, 'lr': 0.00012003058470023029, 'weight_decay': 0.0002589963198605588}. Best is trial 49 with value: 0.8634361233480177.
[I 2026-06-18 15:42:30,136] Trial 62 finished with value: 0.8546255506607929 and parameters: {'embed_dim': 128, 'dec_emb_frac': 1.0, 'contrast_dim': 64, 'mask_ratio': 0.49501867157260293, 'dropout': 0.3172361124262899, 'n_enc_heads': 4, 'n_dec_frac': 0.5, 'dim_feedforward': 64, 'dim_feedforward_dec_frac': 0.25, 'alpha': 3.9093373114909324, 'beta': 3.00379141316913, 'gamma': 0.49086370198555346, 'pos_weight_scalar': 1.177986099924279, 'n_enc_blocks': 8, 'n_dec_block_frac': 0.5, 'lr': 0.00015975777628841176, 'weight_decay': 0.00021487055757203144}. Best is trial 49 with value: 0.8634361233480177.
[I 2026-06-18 15:44:47,332] Trial 63 pruned. 
[I 2026-06-18 15:52:44,273] Trial 64 finished with value: 0.8469162995594713 and parameters: {'embed_dim': 128, 'dec_emb_frac': 1.0, 'contrast_dim': 64, 'mask_ratio': 0.5380786760809746, 'dropout': 0.3575602709433061, 'n_enc_heads': 4, 'n_dec_frac': 0.5, 'dim_feedforward': 64, 'dim_feedforward_dec_frac': 0.25, 'alpha': 4.154894210102437, 'beta': 2.1128013864667334, 'gamma': 0.335934746355218, 'pos_weight_scalar': 3.582768330697605, 'n_enc_blocks': 8, 'n_dec_block_frac': 0.5, 'lr': 0.0002237183305842425, 'weight_decay': 0.0006395163199397236}. Best is trial 49 with value: 0.8634361233480177.
[I 2026-06-18 15:59:14,580] Trial 65 finished with value: 0.8568281938325991 and parameters: {'embed_dim': 256, 'dec_emb_frac': 0.25, 'contrast_dim': 64, 'mask_ratio': 0.591469561620929, 'dropout': 0.02270027059276064, 'n_enc_heads': 4, 'n_dec_frac': 0.5, 'dim_feedforward': 64, 'dim_feedforward_dec_frac': 0.25, 'alpha': 3.7309427017013244, 'beta': 3.2948039050028664, 'gamma': 0.37275604347718017, 'pos_weight_scalar': 3.176370291513805, 'n_enc_blocks': 8, 'n_dec_block_frac': 0.5, 'lr': 0.00011438011125170839, 'weight_decay': 0.0001646286586172687}. Best is trial 49 with value: 0.8634361233480177.
[I 2026-06-18 16:03:28,741] Trial 66 finished with value: 0.8480176211453745 and parameters: {'embed_dim': 128, 'dec_emb_frac': 1.0, 'contrast_dim': 64, 'mask_ratio': 0.36994471095675746, 'dropout': 0.15969304934575543, 'n_enc_heads': 4, 'n_dec_frac': 1.0, 'dim_feedforward': 128, 'dim_feedforward_dec_frac': 0.25, 'alpha': 1.144113557721469, 'beta': 3.484822881010217, 'gamma': 0.5812177786831499, 'pos_weight_scalar': 3.410231890609335, 'n_enc_blocks': 8, 'n_dec_block_frac': 0.5, 'lr': 0.00018745384127964707, 'weight_decay': 0.00959766569859063}. Best is trial 49 with value: 0.8634361233480177.
[I 2026-06-18 16:13:03,944] Trial 67 finished with value: 0.8612334801762115 and parameters: {'embed_dim': 256, 'dec_emb_frac': 1.0, 'contrast_dim': 16, 'mask_ratio': 0.42538685103493235, 'dropout': 0.4688603555284435, 'n_enc_heads': 4, 'n_dec_frac': 0.5, 'dim_feedforward': 64, 'dim_feedforward_dec_frac': 0.5, 'alpha': 4.659138308906621, 'beta': 3.0910075110648942, 'gamma': 0.11987573738732593, 'pos_weight_scalar': 2.4619966513891125, 'n_enc_blocks': 4, 'n_dec_block_frac': 0.5, 'lr': 0.000133221484865486, 'weight_decay': 0.00034366143728457833}. Best is trial 49 with value: 0.8634361233480177.
[I 2026-06-18 16:15:10,158] Trial 68 pruned. 
[I 2026-06-18 16:19:40,701] Trial 69 finished with value: 0.8579295154185022 and parameters: {'embed_dim': 256, 'dec_emb_frac': 1.0, 'contrast_dim': 16, 'mask_ratio': 0.41817226231093213, 'dropout': 0.4493419937549987, 'n_enc_heads': 4, 'n_dec_frac': 0.5, 'dim_feedforward': 128, 'dim_feedforward_dec_frac': 0.5, 'alpha': 4.7104352098239755, 'beta': 3.81435815183931, 'gamma': 0.11669147126271383, 'pos_weight_scalar': 2.8745144492647134, 'n_enc_blocks': 4, 'n_dec_block_frac': 0.5, 'lr': 0.00033093487568562364, 'weight_decay': 0.0002967475943427887}. Best is trial 49 with value: 0.8634361233480177.
[I 2026-06-18 16:25:32,616] Trial 70 finished with value: 0.8601321585903083 and parameters: {'embed_dim': 256, 'dec_emb_frac': 0.25, 'contrast_dim': 16, 'mask_ratio': 0.4329837450541373, 'dropout': 0.4991635758535437, 'n_enc_heads': 4, 'n_dec_frac': 0.5, 'dim_feedforward': 64, 'dim_feedforward_dec_frac': 0.5, 'alpha': 0.5082098845949756, 'beta': 4.062835042171194, 'gamma': 0.1448838584301228, 'pos_weight_scalar': 2.547653553978494, 'n_enc_blocks': 4, 'n_dec_block_frac': 1.0, 'lr': 0.0002066286204190157, 'weight_decay': 0.0004200945688222997}. Best is trial 49 with value: 0.8634361233480177.
[I 2026-06-18 16:32:43,252] Trial 71 finished with value: 0.8502202643171806 and parameters: {'embed_dim': 256, 'dec_emb_frac': 1.0, 'contrast_dim': 16, 'mask_ratio': 0.3987342474448559, 'dropout': 0.4099596864759689, 'n_enc_heads': 4, 'n_dec_frac': 0.5, 'dim_feedforward': 64, 'dim_feedforward_dec_frac': 0.5, 'alpha': 3.9742108698355607, 'beta': 2.82306991353619, 'gamma': 0.2036769623987351, 'pos_weight_scalar': 2.693237435807557, 'n_enc_blocks': 4, 'n_dec_block_frac': 0.5, 'lr': 0.00014188166332026748, 'weight_decay': 0.0008334857259378623}. Best is trial 49 with value: 0.8634361233480177.
[I 2026-06-18 16:34:52,464] Trial 72 pruned. 
[I 2026-06-18 16:39:03,678] Trial 73 pruned. 
[I 2026-06-18 16:47:30,248] Trial 74 finished with value: 0.8535242290748899 and parameters: {'embed_dim': 64, 'dec_emb_frac': 1.0, 'contrast_dim': 64, 'mask_ratio': 0.3584530825757261, 'dropout': 0.22698212189852385, 'n_enc_heads': 4, 'n_dec_frac': 0.5, 'dim_feedforward': 64, 'dim_feedforward_dec_frac': 0.25, 'alpha': 4.092765940592688, 'beta': 3.6054708582802104, 'gamma': 0.49374551773371916, 'pos_weight_scalar': 1.7820220975914565, 'n_enc_blocks': 8, 'n_dec_block_frac': 0.5, 'lr': 0.00010895356221554513, 'weight_decay': 0.0002636703901158891}. Best is trial 49 with value: 0.8634361233480177.
[I 2026-06-18 16:51:49,805] Trial 75 finished with value: 0.8425110132158591 and parameters: {'embed_dim': 256, 'dec_emb_frac': 1.0, 'contrast_dim': 64, 'mask_ratio': 0.41139371738063685, 'dropout': 0.4500584283822918, 'n_enc_heads': 4, 'n_dec_frac': 0.5, 'dim_feedforward': 64, 'dim_feedforward_dec_frac': 0.25, 'alpha': 4.492017193129817, 'beta': 2.3789382507143277, 'gamma': 0.01721473833728316, 'pos_weight_scalar': 2.9994144977413164, 'n_enc_blocks': 2, 'n_dec_block_frac': 0.5, 'lr': 0.0001010451323593478, 'weight_decay': 0.0003875305111550009}. Best is trial 49 with value: 0.8634361233480177.
[I 2026-06-18 17:03:40,967] Trial 76 finished with value: 0.8568281938325991 and parameters: {'embed_dim': 128, 'dec_emb_frac': 1.0, 'contrast_dim': 32, 'mask_ratio': 0.4451358526492338, 'dropout': 0.11592547134128708, 'n_enc_heads': 1, 'n_dec_frac': 1.0, 'dim_feedforward': 512, 'dim_feedforward_dec_frac': 0.25, 'alpha': 0.10119625397143484, 'beta': 2.6862916107434387, 'gamma': 0.044325290266707874, 'pos_weight_scalar': 1.8565391479590354, 'n_enc_blocks': 4, 'n_dec_block_frac': 0.5, 'lr': 0.0002429079680750465, 'weight_decay': 0.00012658040370509458}. Best is trial 49 with value: 0.8634361233480177.
[I 2026-06-18 17:12:40,907] Trial 77 finished with value: 0.8535242290748899 and parameters: {'embed_dim': 128, 'dec_emb_frac': 1.0, 'contrast_dim': 16, 'mask_ratio': 0.3432316099759689, 'dropout': 0.20116089472179619, 'n_enc_heads': 4, 'n_dec_frac': 0.5, 'dim_feedforward': 64, 'dim_feedforward_dec_frac': 0.5, 'alpha': 3.537141291556342, 'beta': 3.202063858508163, 'gamma': 0.9895267321193217, 'pos_weight_scalar': 2.0120669932395243, 'n_enc_blocks': 8, 'n_dec_block_frac': 0.5, 'lr': 0.00012824952950085179, 'weight_decay': 0.0005586971086999992}. Best is trial 49 with value: 0.8634361233480177.
[I 2026-06-18 17:20:40,678] Trial 78 finished with value: 0.8623348017621145 and parameters: {'embed_dim': 256, 'dec_emb_frac': 0.5, 'contrast_dim': 64, 'mask_ratio': 0.49120634316305745, 'dropout': 0.2739385959668876, 'n_enc_heads': 4, 'n_dec_frac': 0.5, 'dim_feedforward': 128, 'dim_feedforward_dec_frac': 1.0, 'alpha': 4.62597584510878, 'beta': 1.6816108013288205, 'gamma': 0.6567721450912946, 'pos_weight_scalar': 3.9089771821618853, 'n_enc_blocks': 8, 'n_dec_block_frac': 0.5, 'lr': 0.0001761239605500905, 'weight_decay': 0.0005028490508832715}. Best is trial 49 with value: 0.8634361233480177.
[I 2026-06-18 17:28:26,505] Trial 79 finished with value: 0.8612334801762115 and parameters: {'embed_dim': 256, 'dec_emb_frac': 0.5, 'contrast_dim': 64, 'mask_ratio': 0.49011076992250846, 'dropout': 0.24649740277507384, 'n_enc_heads': 4, 'n_dec_frac': 0.5, 'dim_feedforward': 128, 'dim_feedforward_dec_frac': 1.0, 'alpha': 4.8719730196956235, 'beta': 1.066793461723462, 'gamma': 0.16965215565955258, 'pos_weight_scalar': 4.339289140926774, 'n_enc_blocks': 8, 'n_dec_block_frac': 0.5, 'lr': 0.0001679461437785909, 'weight_decay': 0.0004862183041477705}. Best is trial 49 with value: 0.8634361233480177.
[I 2026-06-18 17:37:50,982] Trial 80 finished with value: 0.8601321585903083 and parameters: {'embed_dim': 256, 'dec_emb_frac': 0.5, 'contrast_dim': 64, 'mask_ratio': 0.4919073565449012, 'dropout': 0.2760493968208338, 'n_enc_heads': 4, 'n_dec_frac': 0.25, 'dim_feedforward': 128, 'dim_feedforward_dec_frac': 1.0, 'alpha': 4.995036992311816, 'beta': 1.3804132441549224, 'gamma': 0.2398632091122244, 'pos_weight_scalar': 4.286069263317927, 'n_enc_blocks': 8, 'n_dec_block_frac': 0.25, 'lr': 0.00016957428956945432, 'weight_decay': 0.0006619585142860297}. Best is trial 49 with value: 0.8634361233480177.
[I 2026-06-18 17:40:19,346] Trial 81 pruned. 
[I 2026-06-18 17:42:38,521] Trial 82 pruned. 
[I 2026-06-18 17:50:18,895] Trial 83 finished with value: 0.8480176211453745 and parameters: {'embed_dim': 256, 'dec_emb_frac': 0.5, 'contrast_dim': 64, 'mask_ratio': 0.11315140836340082, 'dropout': 0.2230877860681481, 'n_enc_heads': 4, 'n_dec_frac': 0.5, 'dim_feedforward': 128, 'dim_feedforward_dec_frac': 1.0, 'alpha': 4.342697990002941, 'beta': 0.6725266858526973, 'gamma': 0.17123844876626984, 'pos_weight_scalar': 3.9739669160323077, 'n_enc_blocks': 8, 'n_dec_block_frac': 0.5, 'lr': 0.00015996485820627066, 'weight_decay': 0.0004984704341191513}. Best is trial 49 with value: 0.8634361233480177.
[I 2026-06-18 17:52:47,208] Trial 84 pruned. 
[I 2026-06-18 17:54:56,790] Trial 85 pruned. 
[I 2026-06-18 18:03:59,544] Trial 86 finished with value: 0.8524229074889867 and parameters: {'embed_dim': 256, 'dec_emb_frac': 0.5, 'contrast_dim': 64, 'mask_ratio': 0.5023249849805804, 'dropout': 0.4833314613731624, 'n_enc_heads': 2, 'n_dec_frac': 0.5, 'dim_feedforward': 128, 'dim_feedforward_dec_frac': 1.0, 'alpha': 2.7320895729386865, 'beta': 3.6800965975887165, 'gamma': 0.44250105493466174, 'pos_weight_scalar': 4.1064993568900725, 'n_enc_blocks': 4, 'n_dec_block_frac': 0.5, 'lr': 0.00026997585168619015, 'weight_decay': 0.0003594391025083182}. Best is trial 49 with value: 0.8634361233480177.
[I 2026-06-18 18:10:03,244] Trial 87 finished with value: 0.8502202643171806 and parameters: {'embed_dim': 256, 'dec_emb_frac': 0.5, 'contrast_dim': 64, 'mask_ratio': 0.45203922216062553, 'dropout': 0.26116428509608564, 'n_enc_heads': 4, 'n_dec_frac': 0.5, 'dim_feedforward': 128, 'dim_feedforward_dec_frac': 1.0, 'alpha': 3.16739556870672, 'beta': 1.7362201298265088, 'gamma': 0.12126789669247758, 'pos_weight_scalar': 4.7530112452148305, 'n_enc_blocks': 8, 'n_dec_block_frac': 0.5, 'lr': 0.00024239656439289158, 'weight_decay': 0.0007217018517774167}. Best is trial 49 with value: 0.8634361233480177.
[I 2026-06-18 18:18:04,169] Trial 88 finished with value: 0.8557268722466961 and parameters: {'embed_dim': 256, 'dec_emb_frac': 0.5, 'contrast_dim': 16, 'mask_ratio': 0.4325439054441946, 'dropout': 0.15034373083713418, 'n_enc_heads': 4, 'n_dec_frac': 0.25, 'dim_feedforward': 128, 'dim_feedforward_dec_frac': 1.0, 'alpha': 0.3104778931601615, 'beta': 0.5945018834311324, 'gamma': 0.2732981768637152, 'pos_weight_scalar': 3.170433600690197, 'n_enc_blocks': 8, 'n_dec_block_frac': 1.0, 'lr': 0.00017947507320425707, 'weight_decay': 0.00029235037373313816}. Best is trial 49 with value: 0.8634361233480177.
[I 2026-06-18 18:20:23,407] Trial 89 pruned. 
[I 2026-06-18 18:22:44,775] Trial 90 pruned. 
[I 2026-06-18 18:25:03,110] Trial 91 pruned. 
[I 2026-06-18 18:32:24,967] Trial 92 finished with value: 0.8557268722466961 and parameters: {'embed_dim': 128, 'dec_emb_frac': 1.0, 'contrast_dim': 64, 'mask_ratio': 0.4055963940647081, 'dropout': 0.27106261549532107, 'n_enc_heads': 4, 'n_dec_frac': 0.5, 'dim_feedforward': 64, 'dim_feedforward_dec_frac': 0.25, 'alpha': 4.290983998491282, 'beta': 0.9615525261782026, 'gamma': 0.5262036087282679, 'pos_weight_scalar': 2.8000304946464754, 'n_enc_blocks': 8, 'n_dec_block_frac': 0.5, 'lr': 0.00015796678887109876, 'weight_decay': 0.0008781420287465302}. Best is trial 49 with value: 0.8634361233480177.
[I 2026-06-18 18:46:11,017] Trial 93 finished with value: 0.8579295154185022 and parameters: {'embed_dim': 512, 'dec_emb_frac': 1.0, 'contrast_dim': 64, 'mask_ratio': 0.5848554643389908, 'dropout': 0.3293754095345991, 'n_enc_heads': 4, 'n_dec_frac': 0.5, 'dim_feedforward': 128, 'dim_feedforward_dec_frac': 0.25, 'alpha': 4.556423546829608, 'beta': 2.871415227570675, 'gamma': 0.7428141926316669, 'pos_weight_scalar': 1.4248079621756748, 'n_enc_blocks': 8, 'n_dec_block_frac': 0.5, 'lr': 0.00011100425869612566, 'weight_decay': 0.0020910384958582598}. Best is trial 49 with value: 0.8634361233480177.
[I 2026-06-18 18:48:30,539] Trial 94 pruned. 
[I 2026-06-18 18:50:37,574] Trial 95 pruned. 
[I 2026-06-18 19:01:57,078] Trial 96 finished with value: 0.8623348017621145 and parameters: {'embed_dim': 256, 'dec_emb_frac': 1.0, 'contrast_dim': 64, 'mask_ratio': 0.3578885876755373, 'dropout': 0.431711885889029, 'n_enc_heads': 4, 'n_dec_frac': 0.5, 'dim_feedforward': 128, 'dim_feedforward_dec_frac': 0.25, 'alpha': 4.893291599150061, 'beta': 2.991668704044331, 'gamma': 0.06280462859500663, 'pos_weight_scalar': 3.3068491410258214, 'n_enc_blocks': 8, 'n_dec_block_frac': 0.5, 'lr': 0.00021358730103495922, 'weight_decay': 0.001022464024815603}. Best is trial 49 with value: 0.8634361233480177.
[I 2026-06-18 19:10:32,591] Trial 97 finished with value: 0.8502202643171806 and parameters: {'embed_dim': 256, 'dec_emb_frac': 0.5, 'contrast_dim': 64, 'mask_ratio': 0.3653786897528475, 'dropout': 0.42330861616387416, 'n_enc_heads': 4, 'n_dec_frac': 0.5, 'dim_feedforward': 128, 'dim_feedforward_dec_frac': 0.5, 'alpha': 4.892993685758015, 'beta': 1.5490986745882345, 'gamma': 0.0547218763988683, 'pos_weight_scalar': 3.3690366371526244, 'n_enc_blocks': 8, 'n_dec_block_frac': 0.5, 'lr': 0.0002146974746020659, 'weight_decay': 0.0005405787575764188}. Best is trial 49 with value: 0.8634361233480177.
[I 2026-06-18 19:19:45,471] Trial 98 finished with value: 0.8491189427312775 and parameters: {'embed_dim': 256, 'dec_emb_frac': 1.0, 'contrast_dim': 64, 'mask_ratio': 0.3464692648088322, 'dropout': 0.4349566000557177, 'n_enc_heads': 4, 'n_dec_frac': 0.25, 'dim_feedforward': 128, 'dim_feedforward_dec_frac': 0.25, 'alpha': 4.688492187571617, 'beta': 3.0330838921264998, 'gamma': 0.07680121418772835, 'pos_weight_scalar': 3.2797057365411186, 'n_enc_blocks': 8, 'n_dec_block_frac': 0.5, 'lr': 0.00017482490082637166, 'weight_decay': 0.0002573525948215735}. Best is trial 49 with value: 0.8634361233480177.
[I 2026-06-18 19:24:08,959] Trial 99 finished with value: 0.8447136563876652 and parameters: {'embed_dim': 256, 'dec_emb_frac': 1.0, 'contrast_dim': 64, 'mask_ratio': 0.3156237019790639, 'dropout': 0.08092562207728098, 'n_enc_heads': 4, 'n_dec_frac': 0.5, 'dim_feedforward': 128, 'dim_feedforward_dec_frac': 0.25, 'alpha': 4.992325135484956, 'beta': 2.983966990144388, 'gamma': 0.03531775983076433, 'pos_weight_scalar': 3.5245272544576984, 'n_enc_blocks': 8, 'n_dec_block_frac': 0.5, 'lr': 0.00019708212536196607, 'weight_decay': 0.0015850333490884548}. Best is trial 49 with value: 0.8634361233480177.
