[I 2026-06-18 09:52:39,136] A new study created in memory with name: no-name-adfc9270-f444-49f8-bafc-b5aef431a134
[I 2026-06-18 09:58:59,291] Trial 0 finished with value: 0.8524229074889867 and parameters: {'embed_dim': 64, 'dec_emb_frac': 0.25, 'contrast_dim': 16, 'mask_ratio': 0.719941998265345, 'dropout': 0.3126151583545617, 'n_enc_heads': 2, 'n_dec_frac': 1.0, 'dim_feedforward': 128, 'dim_feedforward_dec_frac': 0.5, 'alpha': 1.828570160196473, 'beta': 1.4556728198703968, 'gamma': 0.23326294068133138, 'pos_weight_scalar': 4.639343350819998, 'n_enc_blocks': 2, 'n_dec_block_frac': 0.25, 'lr': 0.0005171320212059137, 'weight_decay': 0.0001401720992598529}. Best is trial 0 with value: 0.8524229074889867.
[I 2026-06-18 10:04:35,667] Trial 1 finished with value: 0.8337004405286343 and parameters: {'embed_dim': 64, 'dec_emb_frac': 0.5, 'contrast_dim': 64, 'mask_ratio': 0.5160457385672439, 'dropout': 0.40503731575616736, 'n_enc_heads': 2, 'n_dec_frac': 0.5, 'dim_feedforward': 128, 'dim_feedforward_dec_frac': 0.5, 'alpha': 1.3764657058138599, 'beta': 4.926967490286797, 'gamma': 0.32465186541350705, 'pos_weight_scalar': 1.3615134345979563, 'n_enc_blocks': 2, 'n_dec_block_frac': 0.25, 'lr': 0.0016862107344665582, 'weight_decay': 0.0007558917769870476}. Best is trial 0 with value: 0.8524229074889867.
[I 2026-06-18 10:10:16,947] Trial 2 finished with value: 0.8348017621145375 and parameters: {'embed_dim': 128, 'dec_emb_frac': 1.0, 'contrast_dim': 64, 'mask_ratio': 0.12838141953881702, 'dropout': 0.46282153929023356, 'n_enc_heads': 1, 'n_dec_frac': 0.25, 'dim_feedforward': 512, 'dim_feedforward_dec_frac': 0.25, 'alpha': 2.8880907098466437, 'beta': 2.43034662280046, 'gamma': 0.8903809144454665, 'pos_weight_scalar': 3.0089408059183618, 'n_enc_blocks': 2, 'n_dec_block_frac': 1.0, 'lr': 0.0003407540875827564, 'weight_decay': 0.0011240368615995783}. Best is trial 0 with value: 0.8524229074889867.
[I 2026-06-18 10:16:03,100] Trial 3 finished with value: 0.8414096916299559 and parameters: {'embed_dim': 32, 'dec_emb_frac': 0.5, 'contrast_dim': 32, 'mask_ratio': 0.6952075331764497, 'dropout': 0.09259270829225952, 'n_enc_heads': 2, 'n_dec_frac': 0.25, 'dim_feedforward': 512, 'dim_feedforward_dec_frac': 0.5, 'alpha': 4.327550577153959, 'beta': 0.3587414974388976, 'gamma': 0.03659388442701353, 'pos_weight_scalar': 4.5220190786369825, 'n_enc_blocks': 4, 'n_dec_block_frac': 0.25, 'lr': 0.00040901935733061025, 'weight_decay': 0.000519158282513556}. Best is trial 0 with value: 0.8524229074889867.
[I 2026-06-18 10:23:07,452] Trial 4 finished with value: 0.8337004405286343 and parameters: {'embed_dim': 64, 'dec_emb_frac': 0.25, 'contrast_dim': 32, 'mask_ratio': 0.16005262540119647, 'dropout': 0.3797390014881861, 'n_enc_heads': 4, 'n_dec_frac': 1.0, 'dim_feedforward': 128, 'dim_feedforward_dec_frac': 1.0, 'alpha': 1.9215836339569303, 'beta': 4.722067346073199, 'gamma': 0.01228418432599245, 'pos_weight_scalar': 4.484572027830776, 'n_enc_blocks': 2, 'n_dec_block_frac': 0.5, 'lr': 0.00271771306475814, 'weight_decay': 0.001599976281708425}. Best is trial 0 with value: 0.8524229074889867.
[I 2026-06-18 10:32:54,676] Trial 5 finished with value: 0.8447136563876652 and parameters: {'embed_dim': 32, 'dec_emb_frac': 0.5, 'contrast_dim': 32, 'mask_ratio': 0.25685792906490434, 'dropout': 0.43593437063530815, 'n_enc_heads': 1, 'n_dec_frac': 0.25, 'dim_feedforward': 64, 'dim_feedforward_dec_frac': 1.0, 'alpha': 2.369427903626786, 'beta': 2.3969539126652237, 'gamma': 0.2157785307599748, 'pos_weight_scalar': 1.9035293460140927, 'n_enc_blocks': 6, 'n_dec_block_frac': 1.0, 'lr': 0.00012300850568664037, 'weight_decay': 0.00046293996365461747}. Best is trial 0 with value: 0.8524229074889867.
[I 2026-06-18 10:41:07,814] Trial 6 finished with value: 0.8502202643171806 and parameters: {'embed_dim': 128, 'dec_emb_frac': 0.25, 'contrast_dim': 32, 'mask_ratio': 0.4840447562525396, 'dropout': 0.456020856969934, 'n_enc_heads': 2, 'n_dec_frac': 1.0, 'dim_feedforward': 128, 'dim_feedforward_dec_frac': 0.5, 'alpha': 3.870336224885297, 'beta': 1.891741707813305, 'gamma': 0.7654911082741009, 'pos_weight_scalar': 4.55941097723136, 'n_enc_blocks': 6, 'n_dec_block_frac': 0.25, 'lr': 0.00029120002283392597, 'weight_decay': 0.00021782278480108187}. Best is trial 0 with value: 0.8524229074889867.
[I 2026-06-18 10:44:11,360] Trial 7 finished with value: 0.788546255506608 and parameters: {'embed_dim': 32, 'dec_emb_frac': 0.25, 'contrast_dim': 32, 'mask_ratio': 0.5504405283670605, 'dropout': 0.33475108781608665, 'n_enc_heads': 1, 'n_dec_frac': 0.5, 'dim_feedforward': 128, 'dim_feedforward_dec_frac': 0.5, 'alpha': 2.225647848652622, 'beta': 4.913743416167302, 'gamma': 0.7287133742909998, 'pos_weight_scalar': 1.1853873965198716, 'n_enc_blocks': 6, 'n_dec_block_frac': 0.25, 'lr': 0.001285671351011641, 'weight_decay': 0.0031094946235356797}. Best is trial 0 with value: 0.8524229074889867.
[I 2026-06-18 10:47:05,858] Trial 8 finished with value: 0.7841409691629956 and parameters: {'embed_dim': 64, 'dec_emb_frac': 0.25, 'contrast_dim': 16, 'mask_ratio': 0.5156251136271272, 'dropout': 0.4837288880197464, 'n_enc_heads': 4, 'n_dec_frac': 0.5, 'dim_feedforward': 64, 'dim_feedforward_dec_frac': 0.25, 'alpha': 2.2511714996036063, 'beta': 3.0712438277293996, 'gamma': 0.01700269351843142, 'pos_weight_scalar': 1.0346394667779588, 'n_enc_blocks': 6, 'n_dec_block_frac': 1.0, 'lr': 0.004429173988515126, 'weight_decay': 0.008098525305153995}. Best is trial 0 with value: 0.8524229074889867.
[I 2026-06-18 10:50:52,296] Trial 9 finished with value: 0.8502202643171806 and parameters: {'embed_dim': 256, 'dec_emb_frac': 0.5, 'contrast_dim': 16, 'mask_ratio': 0.15100987235623703, 'dropout': 0.23760956343647288, 'n_enc_heads': 4, 'n_dec_frac': 0.25, 'dim_feedforward': 256, 'dim_feedforward_dec_frac': 0.5, 'alpha': 0.6688669179909779, 'beta': 4.931172384090153, 'gamma': 0.042967970392447964, 'pos_weight_scalar': 2.3430246913158537, 'n_enc_blocks': 4, 'n_dec_block_frac': 1.0, 'lr': 0.0003519623870947273, 'weight_decay': 0.0018177636171283517}. Best is trial 0 with value: 0.8524229074889867.
[I 2026-06-18 10:54:08,931] Trial 10 pruned. 
[I 2026-06-18 11:02:37,309] Trial 11 finished with value: 0.8590308370044053 and parameters: {'embed_dim': 128, 'dec_emb_frac': 0.25, 'contrast_dim': 16, 'mask_ratio': 0.36787422543271786, 'dropout': 0.29401726901971825, 'n_enc_heads': 2, 'n_dec_frac': 1.0, 'dim_feedforward': 128, 'dim_feedforward_dec_frac': 0.5, 'alpha': 3.6431496047611276, 'beta': 1.5488680153150955, 'gamma': 0.3354466764711166, 'pos_weight_scalar': 4.945601178675332, 'n_enc_blocks': 8, 'n_dec_block_frac': 0.25, 'lr': 0.00015074478204568295, 'weight_decay': 0.0001185948967922605}. Best is trial 11 with value: 0.8590308370044053.
[I 2026-06-18 11:09:21,241] Trial 12 finished with value: 0.8447136563876652 and parameters: {'embed_dim': 128, 'dec_emb_frac': 0.25, 'contrast_dim': 16, 'mask_ratio': 0.3565718323254812, 'dropout': 0.2628118251915437, 'n_enc_heads': 2, 'n_dec_frac': 1.0, 'dim_feedforward': 128, 'dim_feedforward_dec_frac': 0.5, 'alpha': 0.1263560676745341, 'beta': 1.3157050116580877, 'gamma': 0.22916145130919613, 'pos_weight_scalar': 3.8255504100599094, 'n_enc_blocks': 8, 'n_dec_block_frac': 0.25, 'lr': 0.0001284885085910033, 'weight_decay': 0.00010399902247576764}. Best is trial 11 with value: 0.8590308370044053.
[I 2026-06-18 11:16:18,810] Trial 13 finished with value: 0.8458149779735683 and parameters: {'embed_dim': 256, 'dec_emb_frac': 0.25, 'contrast_dim': 16, 'mask_ratio': 0.6343310372720592, 'dropout': 0.24378528653963258, 'n_enc_heads': 2, 'n_dec_frac': 1.0, 'dim_feedforward': 128, 'dim_feedforward_dec_frac': 0.5, 'alpha': 3.3406621776321344, 'beta': 1.1311474520016174, 'gamma': 0.12828966148929571, 'pos_weight_scalar': 4.977402547487656, 'n_enc_blocks': 8, 'n_dec_block_frac': 0.25, 'lr': 0.00021822561282262842, 'weight_decay': 0.00023890281241399424}. Best is trial 11 with value: 0.8590308370044053.
[I 2026-06-18 11:18:25,288] Trial 14 pruned. 
[I 2026-06-18 11:20:38,459] Trial 15 pruned. 
[I 2026-06-18 11:27:46,395] Trial 16 finished with value: 0.8524229074889867 and parameters: {'embed_dim': 64, 'dec_emb_frac': 1.0, 'contrast_dim': 64, 'mask_ratio': 0.6213954207075802, 'dropout': 0.17725780481916498, 'n_enc_heads': 2, 'n_dec_frac': 1.0, 'dim_feedforward': 64, 'dim_feedforward_dec_frac': 0.5, 'alpha': 4.907044507927774, 'beta': 0.8545212624519137, 'gamma': 0.3876104198202324, 'pos_weight_scalar': 4.097946164727554, 'n_enc_blocks': 2, 'n_dec_block_frac': 0.25, 'lr': 0.00017459946819295302, 'weight_decay': 0.00036543083746907367}. Best is trial 11 with value: 0.8590308370044053.
[I 2026-06-18 11:30:05,546] Trial 17 pruned. 
[I 2026-06-18 11:44:50,518] Trial 18 finished with value: 0.8513215859030837 and parameters: {'embed_dim': 64, 'dec_emb_frac': 0.25, 'contrast_dim': 16, 'mask_ratio': 0.22161033173211706, 'dropout': 0.2882941173976312, 'n_enc_heads': 1, 'n_dec_frac': 1.0, 'dim_feedforward': 256, 'dim_feedforward_dec_frac': 1.0, 'alpha': 2.905994180330878, 'beta': 1.7712445594619848, 'gamma': 0.07083266676450777, 'pos_weight_scalar': 4.197982337432813, 'n_enc_blocks': 4, 'n_dec_block_frac': 0.25, 'lr': 0.00010661071487541491, 'weight_decay': 0.00037699720887913665}. Best is trial 11 with value: 0.8590308370044053.
[I 2026-06-18 11:49:39,586] Trial 19 finished with value: 0.8535242290748899 and parameters: {'embed_dim': 256, 'dec_emb_frac': 1.0, 'contrast_dim': 16, 'mask_ratio': 0.4081469082896283, 'dropout': 0.17211766296517828, 'n_enc_heads': 4, 'n_dec_frac': 0.5, 'dim_feedforward': 128, 'dim_feedforward_dec_frac': 0.25, 'alpha': 1.5235222307046268, 'beta': 3.335531416889869, 'gamma': 0.5143023859328663, 'pos_weight_scalar': 3.2765920227068954, 'n_enc_blocks': 8, 'n_dec_block_frac': 0.5, 'lr': 0.00020284227119326279, 'weight_decay': 0.00010737394092467307}. Best is trial 11 with value: 0.8590308370044053.
[I 2026-06-18 11:56:19,781] Trial 20 finished with value: 0.8601321585903083 and parameters: {'embed_dim': 256, 'dec_emb_frac': 1.0, 'contrast_dim': 64, 'mask_ratio': 0.42999078912380095, 'dropout': 0.17345911645187567, 'n_enc_heads': 4, 'n_dec_frac': 0.5, 'dim_feedforward': 128, 'dim_feedforward_dec_frac': 0.25, 'alpha': 0.8845820027992722, 'beta': 3.6532134227520094, 'gamma': 0.5617440271870964, 'pos_weight_scalar': 2.6126003938813156, 'n_enc_blocks': 8, 'n_dec_block_frac': 0.5, 'lr': 0.00020859476403937584, 'weight_decay': 0.0002619453112854597}. Best is trial 20 with value: 0.8601321585903083.
[I 2026-06-18 12:01:06,519] Trial 21 finished with value: 0.8524229074889867 and parameters: {'embed_dim': 256, 'dec_emb_frac': 1.0, 'contrast_dim': 64, 'mask_ratio': 0.43184950291326074, 'dropout': 0.1789517380579526, 'n_enc_heads': 4, 'n_dec_frac': 0.5, 'dim_feedforward': 128, 'dim_feedforward_dec_frac': 0.25, 'alpha': 0.79341490362349, 'beta': 3.746160559727042, 'gamma': 0.5307886280790354, 'pos_weight_scalar': 2.4618096265564056, 'n_enc_blocks': 8, 'n_dec_block_frac': 0.5, 'lr': 0.00020437507264646599, 'weight_decay': 0.00026236595640794267}. Best is trial 20 with value: 0.8601321585903083.
[I 2026-06-18 12:10:53,475] Trial 22 finished with value: 0.8590308370044053 and parameters: {'embed_dim': 256, 'dec_emb_frac': 1.0, 'contrast_dim': 64, 'mask_ratio': 0.43084661633603527, 'dropout': 0.09944933051456943, 'n_enc_heads': 4, 'n_dec_frac': 0.5, 'dim_feedforward': 128, 'dim_feedforward_dec_frac': 0.25, 'alpha': 0.5249792310486883, 'beta': 3.9594497360298546, 'gamma': 0.5716858831522386, 'pos_weight_scalar': 3.0128796427675684, 'n_enc_blocks': 8, 'n_dec_block_frac': 0.5, 'lr': 0.00017708762134179364, 'weight_decay': 0.00010472763774545271}. Best is trial 20 with value: 0.8601321585903083.
[I 2026-06-18 12:15:42,340] Trial 23 finished with value: 0.8590308370044053 and parameters: {'embed_dim': 256, 'dec_emb_frac': 1.0, 'contrast_dim': 64, 'mask_ratio': 0.32470654279401023, 'dropout': 0.08692270018795227, 'n_enc_heads': 4, 'n_dec_frac': 0.5, 'dim_feedforward': 128, 'dim_feedforward_dec_frac': 0.25, 'alpha': 0.14335591551645654, 'beta': 4.489062369645828, 'gamma': 0.9958090982799876, 'pos_weight_scalar': 2.540350145070076, 'n_enc_blocks': 8, 'n_dec_block_frac': 0.5, 'lr': 0.00016796453659360255, 'weight_decay': 0.0001742785776655026}. Best is trial 20 with value: 0.8601321585903083.
[I 2026-06-18 12:20:55,184] Trial 24 finished with value: 0.8546255506607929 and parameters: {'embed_dim': 256, 'dec_emb_frac': 1.0, 'contrast_dim': 64, 'mask_ratio': 0.4379825150530119, 'dropout': 0.09439956093746198, 'n_enc_heads': 4, 'n_dec_frac': 0.5, 'dim_feedforward': 128, 'dim_feedforward_dec_frac': 0.25, 'alpha': 0.9179374287543334, 'beta': 4.087640239546969, 'gamma': 0.5217371978300255, 'pos_weight_scalar': 1.9064246141853105, 'n_enc_blocks': 8, 'n_dec_block_frac': 0.5, 'lr': 0.0002637838110448249, 'weight_decay': 0.00030314847200325624}. Best is trial 20 with value: 0.8601321585903083.
[I 2026-06-18 12:33:03,608] Trial 25 finished with value: 0.8601321585903083 and parameters: {'embed_dim': 256, 'dec_emb_frac': 1.0, 'contrast_dim': 64, 'mask_ratio': 0.46201742743658397, 'dropout': 0.05792437921645677, 'n_enc_heads': 4, 'n_dec_frac': 0.5, 'dim_feedforward': 128, 'dim_feedforward_dec_frac': 0.25, 'alpha': 0.460654726141586, 'beta': 2.8697723416842145, 'gamma': 0.323777950797604, 'pos_weight_scalar': 2.801746576592877, 'n_enc_blocks': 8, 'n_dec_block_frac': 0.5, 'lr': 0.0001409647606218341, 'weight_decay': 0.0005916468203869422}. Best is trial 20 with value: 0.8601321585903083.
[I 2026-06-18 12:38:23,405] Trial 26 finished with value: 0.8513215859030837 and parameters: {'embed_dim': 256, 'dec_emb_frac': 1.0, 'contrast_dim': 64, 'mask_ratio': 0.5852413250879023, 'dropout': 0.012288327943529853, 'n_enc_heads': 4, 'n_dec_frac': 0.5, 'dim_feedforward': 256, 'dim_feedforward_dec_frac': 0.25, 'alpha': 1.1360096794134198, 'beta': 2.7258168730307912, 'gamma': 0.24609086470359154, 'pos_weight_scalar': 2.6950595645159376, 'n_enc_blocks': 8, 'n_dec_block_frac': 0.5, 'lr': 0.00013971750537896307, 'weight_decay': 0.0006668329861416417}. Best is trial 20 with value: 0.8601321585903083.
[I 2026-06-18 12:46:49,979] Trial 27 finished with value: 0.8579295154185022 and parameters: {'embed_dim': 512, 'dec_emb_frac': 1.0, 'contrast_dim': 64, 'mask_ratio': 0.4772918328470069, 'dropout': 0.13674953173892185, 'n_enc_heads': 4, 'n_dec_frac': 0.5, 'dim_feedforward': 512, 'dim_feedforward_dec_frac': 0.25, 'alpha': 0.40193875481439933, 'beta': 2.8925189288385917, 'gamma': 0.3317750376204856, 'pos_weight_scalar': 2.1146773799444842, 'n_enc_blocks': 8, 'n_dec_block_frac': 0.5, 'lr': 0.00010226643929561043, 'weight_decay': 0.0007968585562278636}. Best is trial 20 with value: 0.8601321585903083.
[I 2026-06-18 12:52:53,185] Trial 28 finished with value: 0.8601321585903083 and parameters: {'embed_dim': 128, 'dec_emb_frac': 1.0, 'contrast_dim': 64, 'mask_ratio': 0.36557482125517715, 'dropout': 0.23479760113067036, 'n_enc_heads': 4, 'n_dec_frac': 0.5, 'dim_feedforward': 64, 'dim_feedforward_dec_frac': 0.25, 'alpha': 4.478566621114916, 'beta': 3.4417493375127997, 'gamma': 0.15008021903545168, 'pos_weight_scalar': 3.422236217583527, 'n_enc_blocks': 8, 'n_dec_block_frac': 0.5, 'lr': 0.00027569686972936125, 'weight_decay': 0.0004898996628034501}. Best is trial 20 with value: 0.8601321585903083.
[I 2026-06-18 12:58:35,910] Trial 29 finished with value: 0.8502202643171806 and parameters: {'embed_dim': 256, 'dec_emb_frac': 1.0, 'contrast_dim': 64, 'mask_ratio': 0.2887769055385416, 'dropout': 0.05274798718989898, 'n_enc_heads': 4, 'n_dec_frac': 0.5, 'dim_feedforward': 64, 'dim_feedforward_dec_frac': 0.25, 'alpha': 1.7626984673975148, 'beta': 3.4113904407542543, 'gamma': 0.150042033057402, 'pos_weight_scalar': 3.4593139388336076, 'n_enc_blocks': 8, 'n_dec_block_frac': 0.5, 'lr': 0.0004375720804502401, 'weight_decay': 0.0009824533745531833}. Best is trial 20 with value: 0.8601321585903083.
[I 2026-06-18 13:02:27,921] Trial 30 finished with value: 0.8447136563876652 and parameters: {'embed_dim': 256, 'dec_emb_frac': 1.0, 'contrast_dim': 64, 'mask_ratio': 0.20159362719921578, 'dropout': 0.21570200727664804, 'n_enc_heads': 4, 'n_dec_frac': 0.5, 'dim_feedforward': 64, 'dim_feedforward_dec_frac': 0.25, 'alpha': 2.7069633779684326, 'beta': 4.134389907336159, 'gamma': 0.07053395323141692, 'pos_weight_scalar': 2.8239423507171226, 'n_enc_blocks': 4, 'n_dec_block_frac': 0.5, 'lr': 0.00029591799054435084, 'weight_decay': 0.000538976979835108}. Best is trial 20 with value: 0.8601321585903083.
[I 2026-06-18 13:07:38,896] Trial 31 finished with value: 0.8535242290748899 and parameters: {'embed_dim': 128, 'dec_emb_frac': 1.0, 'contrast_dim': 64, 'mask_ratio': 0.36859118515102185, 'dropout': 0.21954539244438653, 'n_enc_heads': 4, 'n_dec_frac': 0.5, 'dim_feedforward': 64, 'dim_feedforward_dec_frac': 0.25, 'alpha': 4.53843606355483, 'beta': 3.7070607297086564, 'gamma': 0.26368432354988774, 'pos_weight_scalar': 2.2337860117714876, 'n_enc_blocks': 8, 'n_dec_block_frac': 0.5, 'lr': 0.00023771335655154677, 'weight_decay': 0.0003741133496149674}. Best is trial 20 with value: 0.8601321585903083.
[I 2026-06-18 13:13:07,017] Trial 32 finished with value: 0.8623348017621145 and parameters: {'embed_dim': 128, 'dec_emb_frac': 1.0, 'contrast_dim': 64, 'mask_ratio': 0.4752511284599096, 'dropout': 0.2930837058696575, 'n_enc_heads': 4, 'n_dec_frac': 0.5, 'dim_feedforward': 64, 'dim_feedforward_dec_frac': 0.25, 'alpha': 3.650572250538654, 'beta': 2.4716232002076177, 'gamma': 0.3247674327493748, 'pos_weight_scalar': 1.528796558219827, 'n_enc_blocks': 8, 'n_dec_block_frac': 0.5, 'lr': 0.00014206725069802487, 'weight_decay': 0.00019291658282151081}. Best is trial 32 with value: 0.8623348017621145.
[I 2026-06-18 13:21:45,824] Trial 33 finished with value: 0.8502202643171806 and parameters: {'embed_dim': 128, 'dec_emb_frac': 1.0, 'contrast_dim': 64, 'mask_ratio': 0.4809845864490991, 'dropout': 0.3766667115308713, 'n_enc_heads': 4, 'n_dec_frac': 0.5, 'dim_feedforward': 64, 'dim_feedforward_dec_frac': 0.25, 'alpha': 4.318514106766332, 'beta': 2.434668171864633, 'gamma': 0.1808571921040636, 'pos_weight_scalar': 1.733113601633484, 'n_enc_blocks': 8, 'n_dec_block_frac': 0.5, 'lr': 0.00012941706577216, 'weight_decay': 0.0003227435748700835}. Best is trial 32 with value: 0.8623348017621145.
[I 2026-06-18 13:29:44,430] Trial 34 finished with value: 0.8502202643171806 and parameters: {'embed_dim': 128, 'dec_emb_frac': 1.0, 'contrast_dim': 64, 'mask_ratio': 0.5240633301843797, 'dropout': 0.14103138605015098, 'n_enc_heads': 4, 'n_dec_frac': 0.5, 'dim_feedforward': 64, 'dim_feedforward_dec_frac': 0.25, 'alpha': 4.580304651532705, 'beta': 3.0797021132382367, 'gamma': 0.3094321090911327, 'pos_weight_scalar': 2.80593560595758, 'n_enc_blocks': 8, 'n_dec_block_frac': 0.5, 'lr': 0.0003552209489351994, 'weight_decay': 0.0006003702914893249}. Best is trial 32 with value: 0.8623348017621145.
[I 2026-06-18 13:40:34,090] Trial 35 finished with value: 0.8601321585903083 and parameters: {'embed_dim': 128, 'dec_emb_frac': 1.0, 'contrast_dim': 64, 'mask_ratio': 0.5657681315637318, 'dropout': 0.35380739215726764, 'n_enc_heads': 4, 'n_dec_frac': 0.5, 'dim_feedforward': 64, 'dim_feedforward_dec_frac': 0.25, 'alpha': 4.065919985682128, 'beta': 2.608047126435726, 'gamma': 0.6718996473582031, 'pos_weight_scalar': 1.5058058423250114, 'n_enc_blocks': 8, 'n_dec_block_frac': 0.5, 'lr': 0.00010057638342549939, 'weight_decay': 0.0013402863961676096}. Best is trial 32 with value: 0.8623348017621145.
[I 2026-06-18 13:46:14,368] Trial 36 finished with value: 0.8491189427312775 and parameters: {'embed_dim': 32, 'dec_emb_frac': 0.5, 'contrast_dim': 64, 'mask_ratio': 0.48485035586187086, 'dropout': 0.20629783032139337, 'n_enc_heads': 4, 'n_dec_frac': 0.25, 'dim_feedforward': 64, 'dim_feedforward_dec_frac': 0.25, 'alpha': 3.398259047300471, 'beta': 2.3040994512164286, 'gamma': 0.19395409189565047, 'pos_weight_scalar': 3.5179103522265085, 'n_enc_blocks': 2, 'n_dec_block_frac': 0.5, 'lr': 0.00047134107954642653, 'weight_decay': 0.0004541856458284404}. Best is trial 32 with value: 0.8623348017621145.
[I 2026-06-18 13:48:40,708] Trial 37 pruned. 
[I 2026-06-18 13:58:57,240] Trial 38 finished with value: 0.8579295154185022 and parameters: {'embed_dim': 32, 'dec_emb_frac': 1.0, 'contrast_dim': 64, 'mask_ratio': 0.30074417300231604, 'dropout': 0.04283253145461158, 'n_enc_heads': 4, 'n_dec_frac': 0.5, 'dim_feedforward': 64, 'dim_feedforward_dec_frac': 1.0, 'alpha': 1.5852443899291109, 'beta': 3.148767117788726, 'gamma': 0.30019259757536226, 'pos_weight_scalar': 3.2917983414375374, 'n_enc_blocks': 6, 'n_dec_block_frac': 0.5, 'lr': 0.00019237404089893502, 'weight_decay': 0.00021661178191110587}. Best is trial 32 with value: 0.8623348017621145.
[I 2026-06-18 14:01:20,409] Trial 39 pruned. 
[I 2026-06-18 14:03:40,187] Trial 40 pruned. 
[I 2026-06-18 14:05:56,531] Trial 41 pruned. 
[I 2026-06-18 14:08:13,931] Trial 42 pruned. 
[I 2026-06-18 14:10:29,968] Trial 43 pruned. 
[I 2026-06-18 14:12:47,689] Trial 44 pruned. 
[I 2026-06-18 14:19:53,786] Trial 45 finished with value: 0.8469162995594713 and parameters: {'embed_dim': 256, 'dec_emb_frac': 0.5, 'contrast_dim': 64, 'mask_ratio': 0.6543601218064742, 'dropout': 0.34682303408515197, 'n_enc_heads': 4, 'n_dec_frac': 0.5, 'dim_feedforward': 64, 'dim_feedforward_dec_frac': 0.25, 'alpha': 3.542177459619394, 'beta': 3.2640831873025427, 'gamma': 0.04806199771949749, 'pos_weight_scalar': 1.2857462995269786, 'n_enc_blocks': 8, 'n_dec_block_frac': 0.5, 'lr': 0.00011608228924847426, 'weight_decay': 0.0020037430220371335}. Best is trial 32 with value: 0.8623348017621145.
