[I 2026-06-19 17:44:04,750] A new study created in memory with name: no-name-dcbfcb35-8134-4ce6-96d1-c28c754d1d11
[I 2026-06-19 17:58:57,668] Trial 0 finished with value: 0.8755506607929515 and parameters: {'embed_dim': 512, 'dec_emb_frac': 0.25, 'contrast_dim': 16, 'mask_ratio': 0.7494345435740887, 'dropout': 0.29819421188975437, 'n_enc_heads': 1, 'n_dec_frac': 1.0, 'dim_feedforward': 256, 'dim_feedforward_dec_frac': 0.25, 'beta': 3.8429325934579794, 'gamma': 0.8558964830045328, 'pos_weight_scalar': 2.2565616695413917, 'n_enc_blocks': 2, 'n_dec_block_frac': 1.0, 'pretrain_frac': 0.5, 'lr': 0.00021478948897027872, 'weight_decay': 0.00016124633281783282}. Best is trial 0 with value: 0.8755506607929515.
[I 2026-06-19 18:29:45,656] Trial 1 finished with value: 0.8733480176211453 and parameters: {'embed_dim': 512, 'dec_emb_frac': 1.0, 'contrast_dim': 16, 'mask_ratio': 0.49138900127747887, 'dropout': 0.15658499045578494, 'n_enc_heads': 1, 'n_dec_frac': 1.0, 'dim_feedforward': 256, 'dim_feedforward_dec_frac': 1.0, 'beta': 1.9019877216030245, 'gamma': 0.048381772054031214, 'pos_weight_scalar': 3.5221462225108926, 'n_enc_blocks': 8, 'n_dec_block_frac': 1.0, 'pretrain_frac': 0.5, 'lr': 0.00013531365520534421, 'weight_decay': 0.0002365159173583579}. Best is trial 0 with value: 0.8755506607929515.
[I 2026-06-19 18:42:46,518] Trial 2 finished with value: 0.7852422907488987 and parameters: {'embed_dim': 128, 'dec_emb_frac': 1.0, 'contrast_dim': 64, 'mask_ratio': 0.33825505985304183, 'dropout': 0.1846500950184724, 'n_enc_heads': 2, 'n_dec_frac': 0.5, 'dim_feedforward': 128, 'dim_feedforward_dec_frac': 0.25, 'beta': 1.7935755176485255, 'gamma': 0.05903068987392199, 'pos_weight_scalar': 3.105630363270834, 'n_enc_blocks': 2, 'n_dec_block_frac': 0.25, 'pretrain_frac': 0.5, 'lr': 0.004988584540444127, 'weight_decay': 0.00022555791960050472}. Best is trial 0 with value: 0.8755506607929515.
[I 2026-06-19 19:02:03,662] Trial 3 finished with value: 0.7852422907488987 and parameters: {'embed_dim': 256, 'dec_emb_frac': 0.5, 'contrast_dim': 64, 'mask_ratio': 0.29599724333122146, 'dropout': 0.21962619845031506, 'n_enc_heads': 2, 'n_dec_frac': 0.25, 'dim_feedforward': 512, 'dim_feedforward_dec_frac': 1.0, 'beta': 0.42586925699919054, 'gamma': 0.25430346968725753, 'pos_weight_scalar': 1.2108177305763541, 'n_enc_blocks': 4, 'n_dec_block_frac': 0.5, 'pretrain_frac': 0.75, 'lr': 0.0013274101078126115, 'weight_decay': 0.002625858193513516}. Best is trial 0 with value: 0.8755506607929515.
[I 2026-06-19 19:14:52,266] Trial 4 finished with value: 0.8623348017621145 and parameters: {'embed_dim': 32, 'dec_emb_frac': 1.0, 'contrast_dim': 32, 'mask_ratio': 0.5121784157139023, 'dropout': 0.012894527039689685, 'n_enc_heads': 2, 'n_dec_frac': 0.25, 'dim_feedforward': 256, 'dim_feedforward_dec_frac': 1.0, 'beta': 3.436549878459157, 'gamma': 0.09623158920758162, 'pos_weight_scalar': 1.5919067841244647, 'n_enc_blocks': 4, 'n_dec_block_frac': 0.25, 'pretrain_frac': 0.5, 'lr': 0.0005286483024312098, 'weight_decay': 0.0015730601445719384}. Best is trial 0 with value: 0.8755506607929515.
[I 2026-06-19 19:27:00,568] Trial 5 finished with value: 0.8127753303964758 and parameters: {'embed_dim': 128, 'dec_emb_frac': 0.5, 'contrast_dim': 16, 'mask_ratio': 0.4392319811212654, 'dropout': 0.3367604695820591, 'n_enc_heads': 4, 'n_dec_frac': 0.25, 'dim_feedforward': 512, 'dim_feedforward_dec_frac': 1.0, 'beta': 3.9888356180239617, 'gamma': 0.011747581465004063, 'pos_weight_scalar': 1.001022285218709, 'n_enc_blocks': 2, 'n_dec_block_frac': 1.0, 'pretrain_frac': 0.25, 'lr': 0.0019128959386632662, 'weight_decay': 0.0027511168465140005}. Best is trial 0 with value: 0.8755506607929515.
[I 2026-06-19 19:50:06,677] Trial 6 finished with value: 0.7841409691629956 and parameters: {'embed_dim': 512, 'dec_emb_frac': 1.0, 'contrast_dim': 32, 'mask_ratio': 0.48772966635277437, 'dropout': 0.15234912802610018, 'n_enc_heads': 4, 'n_dec_frac': 0.5, 'dim_feedforward': 128, 'dim_feedforward_dec_frac': 1.0, 'beta': 1.471182749879254, 'gamma': 0.019693833956446666, 'pos_weight_scalar': 2.290402134030827, 'n_enc_blocks': 6, 'n_dec_block_frac': 1.0, 'pretrain_frac': 0.5, 'lr': 0.0012074127942742036, 'weight_decay': 0.00780524587143062}. Best is trial 0 with value: 0.8755506607929515.
[I 2026-06-19 20:18:44,401] Trial 7 finished with value: 0.7841409691629956 and parameters: {'embed_dim': 512, 'dec_emb_frac': 0.5, 'contrast_dim': 64, 'mask_ratio': 0.18626392184812868, 'dropout': 0.3844696082908853, 'n_enc_heads': 4, 'n_dec_frac': 0.5, 'dim_feedforward': 256, 'dim_feedforward_dec_frac': 1.0, 'beta': 3.717740411468953, 'gamma': 0.49658000209113057, 'pos_weight_scalar': 3.224734949636598, 'n_enc_blocks': 8, 'n_dec_block_frac': 1.0, 'pretrain_frac': 0.5, 'lr': 0.0022592290703986905, 'weight_decay': 0.0013129051618284919}. Best is trial 0 with value: 0.8755506607929515.
[I 2026-06-19 20:38:20,086] Trial 8 finished with value: 0.8414096916299559 and parameters: {'embed_dim': 128, 'dec_emb_frac': 0.5, 'contrast_dim': 32, 'mask_ratio': 0.15808620640327473, 'dropout': 0.2195965537066739, 'n_enc_heads': 1, 'n_dec_frac': 0.5, 'dim_feedforward': 256, 'dim_feedforward_dec_frac': 0.5, 'beta': 4.398757487056864, 'gamma': 0.039235586694067744, 'pos_weight_scalar': 1.6048275632293922, 'n_enc_blocks': 2, 'n_dec_block_frac': 0.25, 'pretrain_frac': 0.5, 'lr': 0.0005856441716179332, 'weight_decay': 0.00026252334874397865}. Best is trial 0 with value: 0.8755506607929515.
[I 2026-06-19 20:46:07,198] Trial 9 finished with value: 0.7841409691629956 and parameters: {'embed_dim': 128, 'dec_emb_frac': 0.25, 'contrast_dim': 16, 'mask_ratio': 0.28568082662378763, 'dropout': 0.3845053570248694, 'n_enc_heads': 1, 'n_dec_frac': 1.0, 'dim_feedforward': 512, 'dim_feedforward_dec_frac': 0.25, 'beta': 1.5593830284929682, 'gamma': 0.3989924864156201, 'pos_weight_scalar': 3.595152236292811, 'n_enc_blocks': 8, 'n_dec_block_frac': 0.25, 'pretrain_frac': 0.25, 'lr': 0.0019143183345226933, 'weight_decay': 0.000738977057992261}. Best is trial 0 with value: 0.8755506607929515.
[I 2026-06-19 21:02:59,822] Trial 10 pruned. 
[I 2026-06-19 21:24:25,969] Trial 11 finished with value: 0.8667400881057269 and parameters: {'embed_dim': 512, 'dec_emb_frac': 0.25, 'contrast_dim': 16, 'mask_ratio': 0.7387152528355105, 'dropout': 0.06996248445802652, 'n_enc_heads': 1, 'n_dec_frac': 1.0, 'dim_feedforward': 256, 'dim_feedforward_dec_frac': 0.5, 'beta': 2.7933081400948114, 'gamma': 0.11551822606215577, 'pos_weight_scalar': 4.032942673752695, 'n_enc_blocks': 8, 'n_dec_block_frac': 1.0, 'pretrain_frac': 0.5, 'lr': 0.00010111824022728064, 'weight_decay': 0.0001199569394689949}. Best is trial 0 with value: 0.8755506607929515.
[I 2026-06-19 21:48:47,693] Trial 12 pruned. 
[I 2026-06-19 22:01:12,719] Trial 13 pruned. 
[I 2026-06-19 22:20:35,075] Trial 14 finished with value: 0.8777533039647577 and parameters: {'embed_dim': 256, 'dec_emb_frac': 1.0, 'contrast_dim': 16, 'mask_ratio': 0.6305128550817475, 'dropout': 0.28388013701744236, 'n_enc_heads': 1, 'n_dec_frac': 1.0, 'dim_feedforward': 256, 'dim_feedforward_dec_frac': 0.5, 'beta': 2.74505755265734, 'gamma': 0.029085000624462672, 'pos_weight_scalar': 2.4658742697750977, 'n_enc_blocks': 2, 'n_dec_block_frac': 1.0, 'pretrain_frac': 0.75, 'lr': 0.00029378277427829824, 'weight_decay': 0.00042771881298460694}. Best is trial 14 with value: 0.8777533039647577.
[I 2026-06-19 22:38:05,028] Trial 15 pruned. 
[I 2026-06-19 22:55:35,190] Trial 16 pruned. 
[I 2026-06-19 23:13:05,503] Trial 17 pruned. 
[I 2026-06-19 23:20:04,856] Trial 18 pruned. 
[I 2026-06-19 23:38:24,342] Trial 19 finished with value: 0.8634361233480177 and parameters: {'embed_dim': 256, 'dec_emb_frac': 0.25, 'contrast_dim': 32, 'mask_ratio': 0.5583134689386039, 'dropout': 0.24825194065114967, 'n_enc_heads': 4, 'n_dec_frac': 0.25, 'dim_feedforward': 256, 'dim_feedforward_dec_frac': 0.5, 'beta': 0.9990566066525854, 'gamma': 0.2126188947526766, 'pos_weight_scalar': 2.898710329951165, 'n_enc_blocks': 6, 'n_dec_block_frac': 0.5, 'pretrain_frac': 0.75, 'lr': 0.00020117145886251536, 'weight_decay': 0.0007730760055786318}. Best is trial 14 with value: 0.8777533039647577.
[I 2026-06-19 23:56:06,630] Trial 20 pruned. 
[I 2026-06-20 00:26:47,434] Trial 21 finished with value: 0.8711453744493393 and parameters: {'embed_dim': 512, 'dec_emb_frac': 1.0, 'contrast_dim': 16, 'mask_ratio': 0.4161820924213926, 'dropout': 0.14617998963889667, 'n_enc_heads': 1, 'n_dec_frac': 1.0, 'dim_feedforward': 256, 'dim_feedforward_dec_frac': 1.0, 'beta': 2.128189942187313, 'gamma': 0.04079635155641995, 'pos_weight_scalar': 3.6019250292800082, 'n_enc_blocks': 8, 'n_dec_block_frac': 1.0, 'pretrain_frac': 0.5, 'lr': 0.00010913517861839558, 'weight_decay': 0.0002912842356206056}. Best is trial 14 with value: 0.8777533039647577.
[I 2026-06-20 00:54:41,716] Trial 22 finished with value: 0.8623348017621145 and parameters: {'embed_dim': 512, 'dec_emb_frac': 1.0, 'contrast_dim': 16, 'mask_ratio': 0.5548908593306334, 'dropout': 0.06935926968029263, 'n_enc_heads': 1, 'n_dec_frac': 1.0, 'dim_feedforward': 256, 'dim_feedforward_dec_frac': 1.0, 'beta': 1.068286393407329, 'gamma': 0.049013153341434794, 'pos_weight_scalar': 3.6042794073199222, 'n_enc_blocks': 8, 'n_dec_block_frac': 1.0, 'pretrain_frac': 0.5, 'lr': 0.00015410469249063074, 'weight_decay': 0.00017855166658797912}. Best is trial 14 with value: 0.8777533039647577.
[I 2026-06-20 01:01:44,783] Trial 23 pruned. 
[I 2026-06-20 01:13:38,368] Trial 24 pruned. 
[I 2026-06-20 01:32:47,518] Trial 25 pruned. 
[I 2026-06-20 01:46:25,788] Trial 26 finished with value: 0.8711453744493393 and parameters: {'embed_dim': 256, 'dec_emb_frac': 1.0, 'contrast_dim': 16, 'mask_ratio': 0.5898818891023849, 'dropout': 0.2603949825220529, 'n_enc_heads': 1, 'n_dec_frac': 1.0, 'dim_feedforward': 64, 'dim_feedforward_dec_frac': 0.25, 'beta': 3.7617899182571874, 'gamma': 0.1352977538786644, 'pos_weight_scalar': 4.952258533915762, 'n_enc_blocks': 6, 'n_dec_block_frac': 1.0, 'pretrain_frac': 0.5, 'lr': 0.00012703235671513634, 'weight_decay': 0.00047709379677078763}. Best is trial 14 with value: 0.8777533039647577.
[I 2026-06-20 01:55:15,102] Trial 27 pruned. 
[I 2026-06-20 02:13:09,430] Trial 28 pruned. 
[I 2026-06-20 02:24:58,101] Trial 29 pruned. 
[I 2026-06-20 02:37:12,768] Trial 30 pruned. 
[I 2026-06-20 03:08:12,624] Trial 31 pruned. 
[I 2026-06-20 03:42:42,512] Trial 32 pruned. 
[I 2026-06-20 04:12:29,635] Trial 33 pruned. 
[I 2026-06-20 04:33:59,542] Trial 34 finished with value: 0.8689427312775331 and parameters: {'embed_dim': 512, 'dec_emb_frac': 1.0, 'contrast_dim': 16, 'mask_ratio': 0.46224010615426375, 'dropout': 0.05632024148245093, 'n_enc_heads': 1, 'n_dec_frac': 0.25, 'dim_feedforward': 512, 'dim_feedforward_dec_frac': 1.0, 'beta': 1.553262059530659, 'gamma': 0.07550080135737654, 'pos_weight_scalar': 3.4139141009186527, 'n_enc_blocks': 4, 'n_dec_block_frac': 1.0, 'pretrain_frac': 0.5, 'lr': 0.00012376006796528327, 'weight_decay': 0.00020602520966927904}. Best is trial 14 with value: 0.8777533039647577.
[I 2026-06-20 04:48:57,132] Trial 35 finished with value: 0.8777533039647577 and parameters: {'embed_dim': 128, 'dec_emb_frac': 1.0, 'contrast_dim': 16, 'mask_ratio': 0.5234001054652219, 'dropout': 0.1206482669975226, 'n_enc_heads': 2, 'n_dec_frac': 1.0, 'dim_feedforward': 256, 'dim_feedforward_dec_frac': 1.0, 'beta': 3.0623642361741257, 'gamma': 0.02590803355972163, 'pos_weight_scalar': 3.9179688228524365, 'n_enc_blocks': 8, 'n_dec_block_frac': 1.0, 'pretrain_frac': 0.5, 'lr': 0.00017209781115558155, 'weight_decay': 0.0030262713050318007}. Best is trial 14 with value: 0.8777533039647577.
[I 2026-06-20 05:01:45,971] Trial 36 pruned. 
[I 2026-06-20 05:20:59,698] Trial 37 finished with value: 0.8755506607929515 and parameters: {'embed_dim': 128, 'dec_emb_frac': 1.0, 'contrast_dim': 64, 'mask_ratio': 0.6355514066416384, 'dropout': 0.2499351237928417, 'n_enc_heads': 2, 'n_dec_frac': 1.0, 'dim_feedforward': 256, 'dim_feedforward_dec_frac': 1.0, 'beta': 3.068850963291302, 'gamma': 0.023733285082588047, 'pos_weight_scalar': 1.2920959388934257, 'n_enc_blocks': 8, 'n_dec_block_frac': 0.5, 'pretrain_frac': 0.75, 'lr': 0.0008043670616742507, 'weight_decay': 0.00218600804706882}. Best is trial 14 with value: 0.8777533039647577.
[I 2026-06-20 05:40:07,241] Trial 38 finished with value: 0.8854625550660793 and parameters: {'embed_dim': 128, 'dec_emb_frac': 1.0, 'contrast_dim': 64, 'mask_ratio': 0.6487605896083466, 'dropout': 0.25491636777301646, 'n_enc_heads': 2, 'n_dec_frac': 1.0, 'dim_feedforward': 256, 'dim_feedforward_dec_frac': 1.0, 'beta': 3.1522884728082308, 'gamma': 0.021342694998000938, 'pos_weight_scalar': 1.0623706872086291, 'n_enc_blocks': 8, 'n_dec_block_frac': 0.5, 'pretrain_frac': 0.75, 'lr': 0.0006723855940279909, 'weight_decay': 0.002288454678174006}. Best is trial 38 with value: 0.8854625550660793.
[2026-06-20T05:48:58.113] error: *** JOB 9978616 ON della-l01g5 CANCELLED AT 2026-06-20T05:48:58 DUE TO TIME LIMIT ***
