[I 2026-06-20 09:58:31,433] A new study created in RDB with name: cmae_optimize
[I 2026-06-20 10:05:29,200] Trial 0 finished with value: 0.8491189427312775 and parameters: {'embed_dim': 128, 'dec_emb_frac': 0.25, 'contrast_dim': 16, 'mask_ratio': 0.16099776685320233, 'dropout': 0.2296380618871856, 'n_enc_heads': 2, 'n_dec_frac': 0.5, 'dim_feedforward': 128, 'dim_feedforward_dec_frac': 0.5, 'beta': 1.6766649904032311, 'gamma': 0.48841616212897965, 'pos_weight_scalar': 4.575315129179908, 'n_enc_blocks': 6, 'n_dec_block_frac': 0.5, 'pretrain_frac': 0.5, 'lr': 0.0005770326323033511, 'weight_decay': 0.003958331500393635}. Best is trial 0 with value: 0.8491189427312775.
[I 2026-06-20 10:14:10,360] Trial 1 finished with value: 0.7841409691629956 and parameters: {'embed_dim': 512, 'dec_emb_frac': 1.0, 'contrast_dim': 16, 'mask_ratio': 0.6461457969498496, 'dropout': 0.002067457759557967, 'n_enc_heads': 2, 'n_dec_frac': 0.25, 'dim_feedforward': 512, 'dim_feedforward_dec_frac': 0.25, 'beta': 1.8493087805603035, 'gamma': 0.010886525976189214, 'pos_weight_scalar': 4.977855151858554, 'n_enc_blocks': 4, 'n_dec_block_frac': 0.5, 'pretrain_frac': 0.5, 'lr': 0.0012667436087762188, 'weight_decay': 0.00014264581135873907}. Best is trial 0 with value: 0.8491189427312775.
[I 2026-06-20 10:18:55,017] Trial 2 finished with value: 0.7973568281938326 and parameters: {'embed_dim': 128, 'dec_emb_frac': 0.25, 'contrast_dim': 16, 'mask_ratio': 0.14606782539224725, 'dropout': 0.03416152300569053, 'n_enc_heads': 4, 'n_dec_frac': 0.25, 'dim_feedforward': 64, 'dim_feedforward_dec_frac': 1.0, 'beta': 4.240516394102197, 'gamma': 0.018688160328849422, 'pos_weight_scalar': 1.9750149601333127, 'n_enc_blocks': 8, 'n_dec_block_frac': 0.25, 'pretrain_frac': 0.25, 'lr': 0.0017244083375491616, 'weight_decay': 0.000344523780452069}. Best is trial 0 with value: 0.8491189427312775.
[I 2026-06-20 10:25:55,634] Trial 3 finished with value: 0.7929515418502202 and parameters: {'embed_dim': 64, 'dec_emb_frac': 1.0, 'contrast_dim': 32, 'mask_ratio': 0.15327648356803325, 'dropout': 0.43317320701124856, 'n_enc_heads': 4, 'n_dec_frac': 0.5, 'dim_feedforward': 512, 'dim_feedforward_dec_frac': 0.5, 'beta': 1.0159985087886285, 'gamma': 0.9488170890755466, 'pos_weight_scalar': 2.8926414223424888, 'n_enc_blocks': 6, 'n_dec_block_frac': 0.25, 'pretrain_frac': 0.5, 'lr': 0.0002976481535374942, 'weight_decay': 0.0003435591577595689}. Best is trial 0 with value: 0.8491189427312775.
[I 2026-06-20 10:34:05,467] Trial 4 finished with value: 0.8149779735682819 and parameters: {'embed_dim': 256, 'dec_emb_frac': 1.0, 'contrast_dim': 64, 'mask_ratio': 0.4219153671130377, 'dropout': 0.33712098109364963, 'n_enc_heads': 4, 'n_dec_frac': 0.5, 'dim_feedforward': 128, 'dim_feedforward_dec_frac': 0.5, 'beta': 1.9110031375559755, 'gamma': 0.038325600273962555, 'pos_weight_scalar': 4.182304904492751, 'n_enc_blocks': 8, 'n_dec_block_frac': 1.0, 'pretrain_frac': 0.25, 'lr': 0.0005152623284603493, 'weight_decay': 0.001790643398581787}. Best is trial 0 with value: 0.8491189427312775.
[I 2026-06-20 10:40:27,319] Trial 5 finished with value: 0.7841409691629956 and parameters: {'embed_dim': 32, 'dec_emb_frac': 0.25, 'contrast_dim': 32, 'mask_ratio': 0.17066415247904448, 'dropout': 0.4929873458336831, 'n_enc_heads': 2, 'n_dec_frac': 0.25, 'dim_feedforward': 256, 'dim_feedforward_dec_frac': 0.25, 'beta': 2.6728838019898373, 'gamma': 0.1451610634250388, 'pos_weight_scalar': 3.0697919812468504, 'n_enc_blocks': 8, 'n_dec_block_frac': 0.5, 'pretrain_frac': 0.5, 'lr': 0.00013625964800750853, 'weight_decay': 0.00017162811882850477}. Best is trial 0 with value: 0.8491189427312775.
[I 2026-06-20 10:57:43,463] Trial 6 finished with value: 0.7841409691629956 and parameters: {'embed_dim': 512, 'dec_emb_frac': 1.0, 'contrast_dim': 16, 'mask_ratio': 0.2235098740648257, 'dropout': 0.34250770620950294, 'n_enc_heads': 4, 'n_dec_frac': 0.25, 'dim_feedforward': 128, 'dim_feedforward_dec_frac': 0.5, 'beta': 0.7736095092913363, 'gamma': 0.05424735546155039, 'pos_weight_scalar': 2.673218775806159, 'n_enc_blocks': 6, 'n_dec_block_frac': 1.0, 'pretrain_frac': 0.5, 'lr': 0.0010549109850380124, 'weight_decay': 0.003196315014269544}. Best is trial 0 with value: 0.8491189427312775.
[I 2026-06-20 11:05:06,201] Trial 7 finished with value: 0.7918502202643172 and parameters: {'embed_dim': 32, 'dec_emb_frac': 1.0, 'contrast_dim': 32, 'mask_ratio': 0.7485981620568917, 'dropout': 0.2926720310780131, 'n_enc_heads': 2, 'n_dec_frac': 0.25, 'dim_feedforward': 512, 'dim_feedforward_dec_frac': 0.5, 'beta': 0.978103931576322, 'gamma': 0.02840982125493113, 'pos_weight_scalar': 1.605354110483316, 'n_enc_blocks': 2, 'n_dec_block_frac': 0.5, 'pretrain_frac': 0.5, 'lr': 0.00010077555097525588, 'weight_decay': 0.0029745692724314613}. Best is trial 0 with value: 0.8491189427312775.
[I 2026-06-20 11:14:29,449] Trial 8 finished with value: 0.802863436123348 and parameters: {'embed_dim': 64, 'dec_emb_frac': 1.0, 'contrast_dim': 32, 'mask_ratio': 0.3134923594623402, 'dropout': 0.4528376306939126, 'n_enc_heads': 2, 'n_dec_frac': 0.5, 'dim_feedforward': 128, 'dim_feedforward_dec_frac': 0.5, 'beta': 2.367330523961155, 'gamma': 0.0174793393449784, 'pos_weight_scalar': 4.986207794203986, 'n_enc_blocks': 2, 'n_dec_block_frac': 1.0, 'pretrain_frac': 0.75, 'lr': 0.0023145117692083593, 'weight_decay': 0.0007338426551155678}. Best is trial 0 with value: 0.8491189427312775.
[I 2026-06-20 11:23:29,040] Trial 9 finished with value: 0.8083700440528634 and parameters: {'embed_dim': 64, 'dec_emb_frac': 0.5, 'contrast_dim': 64, 'mask_ratio': 0.6904994087149335, 'dropout': 0.10682084164860728, 'n_enc_heads': 1, 'n_dec_frac': 0.5, 'dim_feedforward': 64, 'dim_feedforward_dec_frac': 0.5, 'beta': 2.145872609383597, 'gamma': 0.015100492275955526, 'pos_weight_scalar': 1.8685970202168214, 'n_enc_blocks': 2, 'n_dec_block_frac': 1.0, 'pretrain_frac': 0.25, 'lr': 0.0005449495086008377, 'weight_decay': 0.0008334329352296096}. Best is trial 0 with value: 0.8491189427312775.
[I 2026-06-20 11:31:47,381] Trial 10 pruned. 
[I 2026-06-20 11:36:39,102] Trial 11 finished with value: 0.8524229074889867 and parameters: {'embed_dim': 256, 'dec_emb_frac': 0.5, 'contrast_dim': 64, 'mask_ratio': 0.38266795901197137, 'dropout': 0.2697785852068242, 'n_enc_heads': 4, 'n_dec_frac': 0.5, 'dim_feedforward': 128, 'dim_feedforward_dec_frac': 0.5, 'beta': 3.530382920727509, 'gamma': 0.2671902596794322, 'pos_weight_scalar': 4.047905296623383, 'n_enc_blocks': 8, 'n_dec_block_frac': 1.0, 'pretrain_frac': 0.25, 'lr': 0.00046556517271410786, 'weight_decay': 0.002029196428210342}. Best is trial 11 with value: 0.8524229074889867.
[I 2026-06-20 11:40:54,923] Trial 12 finished with value: 0.8645374449339207 and parameters: {'embed_dim': 256, 'dec_emb_frac': 0.5, 'contrast_dim': 64, 'mask_ratio': 0.3126441567717063, 'dropout': 0.23622950030323894, 'n_enc_heads': 4, 'n_dec_frac': 0.5, 'dim_feedforward': 128, 'dim_feedforward_dec_frac': 0.5, 'beta': 3.41959214863515, 'gamma': 0.31053110282544094, 'pos_weight_scalar': 3.906071664028268, 'n_enc_blocks': 4, 'n_dec_block_frac': 1.0, 'pretrain_frac': 0.25, 'lr': 0.00029461365837781027, 'weight_decay': 0.008598351071033374}. Best is trial 12 with value: 0.8645374449339207.
[I 2026-06-20 11:44:51,095] Trial 13 finished with value: 0.8656387665198237 and parameters: {'embed_dim': 256, 'dec_emb_frac': 0.5, 'contrast_dim': 64, 'mask_ratio': 0.3566187971332215, 'dropout': 0.19274384504293984, 'n_enc_heads': 4, 'n_dec_frac': 1.0, 'dim_feedforward': 128, 'dim_feedforward_dec_frac': 1.0, 'beta': 3.3839671982603727, 'gamma': 0.2152057748463568, 'pos_weight_scalar': 3.7475804628013787, 'n_enc_blocks': 4, 'n_dec_block_frac': 1.0, 'pretrain_frac': 0.25, 'lr': 0.0002570051518879419, 'weight_decay': 0.008935585491406982}. Best is trial 13 with value: 0.8656387665198237.
[I 2026-06-20 11:48:46,655] Trial 14 finished with value: 0.8678414096916299 and parameters: {'embed_dim': 256, 'dec_emb_frac': 0.5, 'contrast_dim': 64, 'mask_ratio': 0.5202768585216226, 'dropout': 0.16076627394468335, 'n_enc_heads': 4, 'n_dec_frac': 1.0, 'dim_feedforward': 128, 'dim_feedforward_dec_frac': 1.0, 'beta': 3.304336636699826, 'gamma': 0.11698400523705622, 'pos_weight_scalar': 3.6002089397744177, 'n_enc_blocks': 4, 'n_dec_block_frac': 1.0, 'pretrain_frac': 0.25, 'lr': 0.00021573391815344186, 'weight_decay': 0.008713433658909798}. Best is trial 14 with value: 0.8678414096916299.
[I 2026-06-20 11:53:24,943] Trial 15 finished with value: 0.8612334801762115 and parameters: {'embed_dim': 256, 'dec_emb_frac': 0.5, 'contrast_dim': 64, 'mask_ratio': 0.5592760871924292, 'dropout': 0.13670054280713057, 'n_enc_heads': 4, 'n_dec_frac': 1.0, 'dim_feedforward': 128, 'dim_feedforward_dec_frac': 1.0, 'beta': 3.089013419087919, 'gamma': 0.08981392024362103, 'pos_weight_scalar': 3.5147214268516294, 'n_enc_blocks': 4, 'n_dec_block_frac': 1.0, 'pretrain_frac': 0.25, 'lr': 0.00019818404243704488, 'weight_decay': 0.009247425281448278}. Best is trial 14 with value: 0.8678414096916299.
[I 2026-06-20 12:01:18,318] Trial 16 finished with value: 0.8414096916299559 and parameters: {'embed_dim': 256, 'dec_emb_frac': 0.5, 'contrast_dim': 64, 'mask_ratio': 0.5464799128182145, 'dropout': 0.09302567121838418, 'n_enc_heads': 1, 'n_dec_frac': 1.0, 'dim_feedforward': 128, 'dim_feedforward_dec_frac': 1.0, 'beta': 4.164208235486109, 'gamma': 0.13382016540308644, 'pos_weight_scalar': 3.418818945485213, 'n_enc_blocks': 4, 'n_dec_block_frac': 1.0, 'pretrain_frac': 0.25, 'lr': 0.00020755436525762432, 'weight_decay': 0.005040391010253357}. Best is trial 14 with value: 0.8678414096916299.
[I 2026-06-20 12:07:42,691] Trial 17 finished with value: 0.8359030837004405 and parameters: {'embed_dim': 256, 'dec_emb_frac': 0.5, 'contrast_dim': 64, 'mask_ratio': 0.49389034697776435, 'dropout': 0.1603895720356343, 'n_enc_heads': 4, 'n_dec_frac': 1.0, 'dim_feedforward': 256, 'dim_feedforward_dec_frac': 1.0, 'beta': 4.041487702638894, 'gamma': 0.08836431458811787, 'pos_weight_scalar': 2.4768419116148306, 'n_enc_blocks': 4, 'n_dec_block_frac': 0.25, 'pretrain_frac': 0.25, 'lr': 0.00028433721538255653, 'weight_decay': 0.0057435264293579915}. Best is trial 14 with value: 0.8678414096916299.
[I 2026-06-20 12:16:25,991] Trial 18 finished with value: 0.8645374449339207 and parameters: {'embed_dim': 256, 'dec_emb_frac': 0.5, 'contrast_dim': 64, 'mask_ratio': 0.30678942161906014, 'dropout': 0.19280042652824594, 'n_enc_heads': 4, 'n_dec_frac': 1.0, 'dim_feedforward': 64, 'dim_feedforward_dec_frac': 1.0, 'beta': 2.915336251490627, 'gamma': 0.2095960454288639, 'pos_weight_scalar': 3.488213138336198, 'n_enc_blocks': 4, 'n_dec_block_frac': 1.0, 'pretrain_frac': 0.75, 'lr': 0.00015015193616442374, 'weight_decay': 0.009762244262726738}. Best is trial 14 with value: 0.8678414096916299.
[I 2026-06-20 12:19:57,946] Trial 19 pruned. 
[I 2026-06-20 12:23:23,329] Trial 20 pruned. 
[I 2026-06-20 12:27:33,517] Trial 21 finished with value: 0.8678414096916299 and parameters: {'embed_dim': 256, 'dec_emb_frac': 0.5, 'contrast_dim': 64, 'mask_ratio': 0.26977307589302096, 'dropout': 0.22763577046148947, 'n_enc_heads': 4, 'n_dec_frac': 1.0, 'dim_feedforward': 128, 'dim_feedforward_dec_frac': 1.0, 'beta': 3.3876326291455876, 'gamma': 0.31813014968235276, 'pos_weight_scalar': 3.91714301443995, 'n_enc_blocks': 4, 'n_dec_block_frac': 1.0, 'pretrain_frac': 0.25, 'lr': 0.00022268553082847864, 'weight_decay': 0.009312622060100905}. Best is trial 14 with value: 0.8678414096916299.
[I 2026-06-20 12:31:06,223] Trial 22 pruned. 
[I 2026-06-20 12:34:35,872] Trial 23 pruned. 
[I 2026-06-20 12:41:49,767] Trial 24 finished with value: 0.8381057268722467 and parameters: {'embed_dim': 256, 'dec_emb_frac': 0.5, 'contrast_dim': 64, 'mask_ratio': 0.2485098332465269, 'dropout': 0.2847427267788063, 'n_enc_heads': 4, 'n_dec_frac': 1.0, 'dim_feedforward': 128, 'dim_feedforward_dec_frac': 1.0, 'beta': 3.914180866317068, 'gamma': 0.20333896509015598, 'pos_weight_scalar': 3.7541512463264404, 'n_enc_blocks': 4, 'n_dec_block_frac': 1.0, 'pretrain_frac': 0.25, 'lr': 0.00037064656379892484, 'weight_decay': 0.009996269091518817}. Best is trial 14 with value: 0.8678414096916299.
[I 2026-06-20 12:57:27,991] Trial 25 finished with value: 0.8645374449339207 and parameters: {'embed_dim': 512, 'dec_emb_frac': 0.5, 'contrast_dim': 64, 'mask_ratio': 0.10408835660778737, 'dropout': 0.18346776498068382, 'n_enc_heads': 4, 'n_dec_frac': 1.0, 'dim_feedforward': 128, 'dim_feedforward_dec_frac': 1.0, 'beta': 2.6407835132740622, 'gamma': 0.3635780189204575, 'pos_weight_scalar': 4.2642049718491855, 'n_enc_blocks': 4, 'n_dec_block_frac': 1.0, 'pretrain_frac': 0.75, 'lr': 0.00023135582967891114, 'weight_decay': 0.0026386440818211014}. Best is trial 14 with value: 0.8678414096916299.
[I 2026-06-20 13:00:58,913] Trial 26 pruned. 
[I 2026-06-20 13:06:00,872] Trial 27 finished with value: 0.8711453744493393 and parameters: {'embed_dim': 256, 'dec_emb_frac': 0.5, 'contrast_dim': 64, 'mask_ratio': 0.4860548096647775, 'dropout': 0.156074309760872, 'n_enc_heads': 4, 'n_dec_frac': 1.0, 'dim_feedforward': 256, 'dim_feedforward_dec_frac': 1.0, 'beta': 3.5954525727130036, 'gamma': 0.20206132023253243, 'pos_weight_scalar': 2.4056772671197617, 'n_enc_blocks': 4, 'n_dec_block_frac': 1.0, 'pretrain_frac': 0.25, 'lr': 0.00040394211173601743, 'weight_decay': 0.004122316165724968}. Best is trial 27 with value: 0.8711453744493393.
[I 2026-06-20 13:12:36,506] Trial 28 finished with value: 0.8634361233480177 and parameters: {'embed_dim': 256, 'dec_emb_frac': 0.5, 'contrast_dim': 64, 'mask_ratio': 0.631307708696965, 'dropout': 0.14989652582766938, 'n_enc_heads': 4, 'n_dec_frac': 1.0, 'dim_feedforward': 256, 'dim_feedforward_dec_frac': 0.25, 'beta': 3.8349520193886772, 'gamma': 0.10499563973947136, 'pos_weight_scalar': 2.3278879726412307, 'n_enc_blocks': 2, 'n_dec_block_frac': 0.25, 'pretrain_frac': 0.25, 'lr': 0.0004059829565883342, 'weight_decay': 0.0012494391427598274}. Best is trial 27 with value: 0.8711453744493393.
[I 2026-06-20 13:21:15,108] Trial 29 finished with value: 0.8502202643171806 and parameters: {'embed_dim': 128, 'dec_emb_frac': 0.25, 'contrast_dim': 32, 'mask_ratio': 0.48307127447757764, 'dropout': 0.0749467223396979, 'n_enc_heads': 1, 'n_dec_frac': 1.0, 'dim_feedforward': 256, 'dim_feedforward_dec_frac': 1.0, 'beta': 2.7526460209580956, 'gamma': 0.6543437670612201, 'pos_weight_scalar': 1.1550500728372395, 'n_enc_blocks': 6, 'n_dec_block_frac': 1.0, 'pretrain_frac': 0.75, 'lr': 0.0007189956345031351, 'weight_decay': 0.004227841665310288}. Best is trial 27 with value: 0.8711453744493393.
[I 2026-06-20 13:24:41,588] Trial 30 pruned. 
[I 2026-06-20 13:29:41,306] Trial 31 finished with value: 0.8579295154185022 and parameters: {'embed_dim': 256, 'dec_emb_frac': 0.5, 'contrast_dim': 64, 'mask_ratio': 0.5244876086420239, 'dropout': 0.20173519494791042, 'n_enc_heads': 4, 'n_dec_frac': 1.0, 'dim_feedforward': 256, 'dim_feedforward_dec_frac': 1.0, 'beta': 3.3293921110792564, 'gamma': 0.21643263459693693, 'pos_weight_scalar': 2.909841635759621, 'n_enc_blocks': 4, 'n_dec_block_frac': 1.0, 'pretrain_frac': 0.25, 'lr': 0.00026255196658371425, 'weight_decay': 0.007271823858783343}. Best is trial 27 with value: 0.8711453744493393.
[I 2026-06-20 13:35:24,642] Trial 32 finished with value: 0.8623348017621145 and parameters: {'embed_dim': 256, 'dec_emb_frac': 0.5, 'contrast_dim': 64, 'mask_ratio': 0.6025524365004344, 'dropout': 0.15796883394368727, 'n_enc_heads': 4, 'n_dec_frac': 1.0, 'dim_feedforward': 512, 'dim_feedforward_dec_frac': 1.0, 'beta': 3.7061137386538667, 'gamma': 0.18190256303487426, 'pos_weight_scalar': 4.702582888805531, 'n_enc_blocks': 4, 'n_dec_block_frac': 1.0, 'pretrain_frac': 0.25, 'lr': 0.00016636202062526027, 'weight_decay': 0.00498443121347194}. Best is trial 27 with value: 0.8711453744493393.
[I 2026-06-20 13:41:11,913] Trial 33 finished with value: 0.8590308370044053 and parameters: {'embed_dim': 512, 'dec_emb_frac': 0.5, 'contrast_dim': 64, 'mask_ratio': 0.3485202481857643, 'dropout': 0.30364679400842864, 'n_enc_heads': 4, 'n_dec_frac': 1.0, 'dim_feedforward': 128, 'dim_feedforward_dec_frac': 1.0, 'beta': 3.078117807370923, 'gamma': 0.28159041173311566, 'pos_weight_scalar': 3.249299063414803, 'n_enc_blocks': 4, 'n_dec_block_frac': 1.0, 'pretrain_frac': 0.25, 'lr': 0.00041018676272030444, 'weight_decay': 0.006983949852264087}. Best is trial 27 with value: 0.8711453744493393.
[I 2026-06-20 13:45:01,269] Trial 34 finished with value: 0.8645374449339207 and parameters: {'embed_dim': 128, 'dec_emb_frac': 0.25, 'contrast_dim': 64, 'mask_ratio': 0.4629205531987876, 'dropout': 0.022019082416098512, 'n_enc_heads': 4, 'n_dec_frac': 1.0, 'dim_feedforward': 512, 'dim_feedforward_dec_frac': 1.0, 'beta': 2.407574032719525, 'gamma': 0.11436463409075669, 'pos_weight_scalar': 2.2242408374447216, 'n_enc_blocks': 4, 'n_dec_block_frac': 1.0, 'pretrain_frac': 0.25, 'lr': 0.000225511984049405, 'weight_decay': 0.0025499512943581376}. Best is trial 27 with value: 0.8711453744493393.
[I 2026-06-20 13:51:22,385] Trial 35 finished with value: 0.8568281938325991 and parameters: {'embed_dim': 256, 'dec_emb_frac': 0.5, 'contrast_dim': 16, 'mask_ratio': 0.19429955039472674, 'dropout': 0.11341032381909016, 'n_enc_heads': 4, 'n_dec_frac': 0.25, 'dim_feedforward': 128, 'dim_feedforward_dec_frac': 0.25, 'beta': 1.4653260853562038, 'gamma': 0.37815798651152277, 'pos_weight_scalar': 2.750803016823737, 'n_enc_blocks': 4, 'n_dec_block_frac': 1.0, 'pretrain_frac': 0.5, 'lr': 0.00032321824988710115, 'weight_decay': 0.007520532977096797}. Best is trial 27 with value: 0.8711453744493393.
[I 2026-06-20 13:54:51,762] Trial 36 pruned. 
[I 2026-06-20 14:01:13,400] Trial 37 finished with value: 0.8689427312775331 and parameters: {'embed_dim': 256, 'dec_emb_frac': 1.0, 'contrast_dim': 32, 'mask_ratio': 0.4003116253620624, 'dropout': 0.17134742182717086, 'n_enc_heads': 2, 'n_dec_frac': 0.25, 'dim_feedforward': 64, 'dim_feedforward_dec_frac': 1.0, 'beta': 3.3497237757068272, 'gamma': 0.24665489122150291, 'pos_weight_scalar': 4.077185158014894, 'n_enc_blocks': 6, 'n_dec_block_frac': 0.5, 'pretrain_frac': 0.25, 'lr': 0.00025035158421367576, 'weight_decay': 0.009939412632767444}. Best is trial 27 with value: 0.8711453744493393.
[I 2026-06-20 14:13:15,304] Trial 38 pruned. 
[I 2026-06-20 14:17:10,494] Trial 39 finished with value: 0.8579295154185022 and parameters: {'embed_dim': 256, 'dec_emb_frac': 1.0, 'contrast_dim': 32, 'mask_ratio': 0.5183656705262061, 'dropout': 0.04956117716126017, 'n_enc_heads': 2, 'n_dec_frac': 0.25, 'dim_feedforward': 64, 'dim_feedforward_dec_frac': 1.0, 'beta': 2.8114397935254134, 'gamma': 0.6532123454322714, 'pos_weight_scalar': 3.1703129198148603, 'n_enc_blocks': 6, 'n_dec_block_frac': 0.5, 'pretrain_frac': 0.25, 'lr': 0.0006083240411660537, 'weight_decay': 0.0002380292731774706}. Best is trial 27 with value: 0.8711453744493393.
[I 2026-06-20 14:24:36,969] Trial 40 finished with value: 0.8612334801762115 and parameters: {'embed_dim': 64, 'dec_emb_frac': 1.0, 'contrast_dim': 32, 'mask_ratio': 0.44192779769294277, 'dropout': 0.08945161354373654, 'n_enc_heads': 2, 'n_dec_frac': 0.25, 'dim_feedforward': 64, 'dim_feedforward_dec_frac': 1.0, 'beta': 1.6497254216678023, 'gamma': 0.26978339574971827, 'pos_weight_scalar': 4.759370747376332, 'n_enc_blocks': 6, 'n_dec_block_frac': 0.5, 'pretrain_frac': 0.5, 'lr': 0.0001704461325911347, 'weight_decay': 0.003414287069556607}. Best is trial 27 with value: 0.8711453744493393.
[I 2026-06-20 14:29:43,851] Trial 41 finished with value: 0.8689427312775331 and parameters: {'embed_dim': 256, 'dec_emb_frac': 1.0, 'contrast_dim': 32, 'mask_ratio': 0.3501009645487324, 'dropout': 0.20630780404150453, 'n_enc_heads': 2, 'n_dec_frac': 0.25, 'dim_feedforward': 64, 'dim_feedforward_dec_frac': 1.0, 'beta': 3.313304338538046, 'gamma': 0.2298591883721376, 'pos_weight_scalar': 4.1372581621536995, 'n_enc_blocks': 6, 'n_dec_block_frac': 0.5, 'pretrain_frac': 0.25, 'lr': 0.0002666061491035508, 'weight_decay': 0.007603296969205767}. Best is trial 27 with value: 0.8711453744493393.
[I 2026-06-20 14:34:22,696] Trial 42 finished with value: 0.8634361233480177 and parameters: {'embed_dim': 256, 'dec_emb_frac': 1.0, 'contrast_dim': 32, 'mask_ratio': 0.28706363517739314, 'dropout': 0.208367448538787, 'n_enc_heads': 2, 'n_dec_frac': 0.25, 'dim_feedforward': 64, 'dim_feedforward_dec_frac': 1.0, 'beta': 3.165605843039739, 'gamma': 0.33246625624268145, 'pos_weight_scalar': 4.049232889433369, 'n_enc_blocks': 6, 'n_dec_block_frac': 0.5, 'pretrain_frac': 0.25, 'lr': 0.0002216597175540987, 'weight_decay': 0.00011137585545732277}. Best is trial 27 with value: 0.8711453744493393.
[I 2026-06-20 14:39:56,861] Trial 43 finished with value: 0.8601321585903083 and parameters: {'embed_dim': 256, 'dec_emb_frac': 1.0, 'contrast_dim': 32, 'mask_ratio': 0.33281683315934973, 'dropout': 0.3199980016986501, 'n_enc_heads': 2, 'n_dec_frac': 0.25, 'dim_feedforward': 64, 'dim_feedforward_dec_frac': 1.0, 'beta': 3.862684080332146, 'gamma': 0.25334002140739953, 'pos_weight_scalar': 4.35521823318628, 'n_enc_blocks': 6, 'n_dec_block_frac': 0.5, 'pretrain_frac': 0.25, 'lr': 0.00036152384704034107, 'weight_decay': 0.00784582123134195}. Best is trial 27 with value: 0.8711453744493393.
[I 2026-06-20 14:43:40,844] Trial 44 pruned. 
[I 2026-06-20 14:47:09,768] Trial 45 pruned. 
