[I 2026-06-20 20:59:15,076] Trial 95 finished with value: 0.8766519823788547 and parameters: {'embed_dim': 128, 'dec_emb_frac': 0.5, 'contrast_dim': 64, 'mask_ratio': 0.6867883081839804, 'dropout': 0.07916536822116212, 'n_enc_heads': 2, 'n_dec_frac': 0.25, 'dim_feedforward': 64, 'dim_feedforward_dec_frac': 0.25, 'beta': 0.5211691868569772, 'gamma': 0.027993446196667805, 'pos_weight_scalar': 4.928901707997707, 'n_enc_blocks': 2, 'n_dec_block_frac': 0.5, 'pretrain_frac': 0.75, 'lr': 0.0005410418777038352, 'weight_decay': 0.0061601059527961076}. Best is trial 74 with value: 0.8777533039647577.
[I 2026-06-20 21:08:17,386] Trial 96 finished with value: 0.8612334801762115 and parameters: {'embed_dim': 128, 'dec_emb_frac': 0.5, 'contrast_dim': 64, 'mask_ratio': 0.6716674193418375, 'dropout': 0.09898757155756696, 'n_enc_heads': 2, 'n_dec_frac': 0.25, 'dim_feedforward': 64, 'dim_feedforward_dec_frac': 0.25, 'beta': 0.22471969225007182, 'gamma': 0.02902404022188271, 'pos_weight_scalar': 4.943060528892105, 'n_enc_blocks': 2, 'n_dec_block_frac': 0.5, 'pretrain_frac': 0.75, 'lr': 0.0005474038694610691, 'weight_decay': 0.006064141102129523}. Best is trial 74 with value: 0.8777533039647577.
[I 2026-06-20 21:16:46,310] Trial 97 finished with value: 0.8700440528634361 and parameters: {'embed_dim': 128, 'dec_emb_frac': 0.5, 'contrast_dim': 64, 'mask_ratio': 0.6279662466592713, 'dropout': 0.05243353905522987, 'n_enc_heads': 2, 'n_dec_frac': 0.25, 'dim_feedforward': 256, 'dim_feedforward_dec_frac': 0.25, 'beta': 0.6157302085431668, 'gamma': 0.021955393376709174, 'pos_weight_scalar': 4.837147668799877, 'n_enc_blocks': 2, 'n_dec_block_frac': 0.5, 'pretrain_frac': 0.75, 'lr': 0.0004258381597178891, 'weight_decay': 0.0053235099927179145}. Best is trial 74 with value: 0.8777533039647577.
[I 2026-06-20 21:25:46,434] Trial 98 finished with value: 0.8656387665198237 and parameters: {'embed_dim': 128, 'dec_emb_frac': 0.5, 'contrast_dim': 64, 'mask_ratio': 0.6872003776249277, 'dropout': 0.12375885804481425, 'n_enc_heads': 2, 'n_dec_frac': 0.25, 'dim_feedforward': 64, 'dim_feedforward_dec_frac': 0.25, 'beta': 0.11512995533138315, 'gamma': 0.02646674417701804, 'pos_weight_scalar': 4.686867392695375, 'n_enc_blocks': 2, 'n_dec_block_frac': 0.5, 'pretrain_frac': 0.75, 'lr': 0.000495801694660159, 'weight_decay': 0.006918276243461587}. Best is trial 74 with value: 0.8777533039647577.
[I 2026-06-20 21:33:41,777] Trial 99 pruned. 
