[I 2026-06-20 14:56:33,809] Trial 46 finished with value: 0.8623348017621145 and parameters: {'embed_dim': 128, 'dec_emb_frac': 1.0, 'contrast_dim': 32, 'mask_ratio': 0.21073698854203496, 'dropout': 0.14000582632255532, 'n_enc_heads': 2, 'n_dec_frac': 0.25, 'dim_feedforward': 512, 'dim_feedforward_dec_frac': 0.5, 'beta': 2.1953559523487662, 'gamma': 0.09031041711239315, 'pos_weight_scalar': 4.266256532828295, 'n_enc_blocks': 8, 'n_dec_block_frac': 0.5, 'pretrain_frac': 0.75, 'lr': 0.00025326056669962055, 'weight_decay': 0.008008808341165402}. Best is trial 27 with value: 0.8711453744493393.
[I 2026-06-20 15:00:01,600] Trial 47 pruned. 
[I 2026-06-20 15:04:31,343] Trial 48 finished with value: 0.8656387665198237 and parameters: {'embed_dim': 256, 'dec_emb_frac': 1.0, 'contrast_dim': 32, 'mask_ratio': 0.451614616225289, 'dropout': 0.2348644353216387, 'n_enc_heads': 2, 'n_dec_frac': 0.25, 'dim_feedforward': 256, 'dim_feedforward_dec_frac': 0.25, 'beta': 4.14213245264021, 'gamma': 0.23943382986027686, 'pos_weight_scalar': 4.5393714288186136, 'n_enc_blocks': 6, 'n_dec_block_frac': 0.5, 'pretrain_frac': 0.25, 'lr': 0.0004372036868545949, 'weight_decay': 0.006436167638169003}. Best is trial 27 with value: 0.8711453744493393.
[I 2026-06-20 15:10:30,825] Trial 49 pruned. 
[I 2026-06-20 15:14:01,845] Trial 50 pruned. 
[I 2026-06-20 15:18:03,299] Trial 51 finished with value: 0.8667400881057269 and parameters: {'embed_dim': 256, 'dec_emb_frac': 0.5, 'contrast_dim': 64, 'mask_ratio': 0.3676962498231747, 'dropout': 0.19663616560967767, 'n_enc_heads': 4, 'n_dec_frac': 1.0, 'dim_feedforward': 128, 'dim_feedforward_dec_frac': 1.0, 'beta': 3.428893845019855, 'gamma': 0.19761426798778736, 'pos_weight_scalar': 3.355043978986827, 'n_enc_blocks': 4, 'n_dec_block_frac': 1.0, 'pretrain_frac': 0.25, 'lr': 0.0002663640738309893, 'weight_decay': 0.008277366709816544}. Best is trial 27 with value: 0.8711453744493393.
[I 2026-06-20 15:21:31,591] Trial 52 pruned. 
[I 2026-06-20 15:25:54,719] Trial 53 finished with value: 0.8645374449339207 and parameters: {'embed_dim': 256, 'dec_emb_frac': 0.5, 'contrast_dim': 64, 'mask_ratio': 0.36819243704605, 'dropout': 0.1690703669358928, 'n_enc_heads': 4, 'n_dec_frac': 1.0, 'dim_feedforward': 128, 'dim_feedforward_dec_frac': 1.0, 'beta': 2.8647692262795768, 'gamma': 0.118070867416926, 'pos_weight_scalar': 3.9421874856088017, 'n_enc_blocks': 4, 'n_dec_block_frac': 1.0, 'pretrain_frac': 0.25, 'lr': 0.000262299619542321, 'weight_decay': 0.005560416078516166}. Best is trial 27 with value: 0.8711453744493393.
[I 2026-06-20 15:29:25,378] Trial 54 pruned. 
[I 2026-06-20 15:33:44,209] Trial 55 finished with value: 0.8689427312775331 and parameters: {'embed_dim': 256, 'dec_emb_frac': 0.5, 'contrast_dim': 32, 'mask_ratio': 0.2878590296788472, 'dropout': 0.13508019141152572, 'n_enc_heads': 4, 'n_dec_frac': 0.5, 'dim_feedforward': 128, 'dim_feedforward_dec_frac': 1.0, 'beta': 4.021105694485564, 'gamma': 0.19102042339104947, 'pos_weight_scalar': 4.139738537560187, 'n_enc_blocks': 6, 'n_dec_block_frac': 1.0, 'pretrain_frac': 0.25, 'lr': 0.00017873441026766386, 'weight_decay': 0.0044179833161748115}. Best is trial 27 with value: 0.8711453744493393.
[I 2026-06-20 15:38:08,902] Trial 56 pruned. 
[I 2026-06-20 15:59:03,602] Trial 57 finished with value: 0.8568281938325991 and parameters: {'embed_dim': 512, 'dec_emb_frac': 0.5, 'contrast_dim': 32, 'mask_ratio': 0.24040608736015434, 'dropout': 0.09093833934534168, 'n_enc_heads': 4, 'n_dec_frac': 0.5, 'dim_feedforward': 256, 'dim_feedforward_dec_frac': 1.0, 'beta': 4.032276241164242, 'gamma': 0.010311011806989056, 'pos_weight_scalar': 2.034267560317022, 'n_enc_blocks': 6, 'n_dec_block_frac': 1.0, 'pretrain_frac': 0.75, 'lr': 0.0001938611334161882, 'weight_decay': 0.004960809092625696}. Best is trial 27 with value: 0.8711453744493393.
[I 2026-06-20 16:03:52,464] Trial 58 finished with value: 0.8623348017621145 and parameters: {'embed_dim': 256, 'dec_emb_frac': 0.5, 'contrast_dim': 32, 'mask_ratio': 0.17216805606198524, 'dropout': 0.1345066406368663, 'n_enc_heads': 4, 'n_dec_frac': 0.5, 'dim_feedforward': 64, 'dim_feedforward_dec_frac': 0.5, 'beta': 3.9767465066894987, 'gamma': 0.2940009359357065, 'pos_weight_scalar': 3.8585821173223187, 'n_enc_blocks': 6, 'n_dec_block_frac': 1.0, 'pretrain_frac': 0.25, 'lr': 0.00013626126013280897, 'weight_decay': 0.006778033943562822}. Best is trial 27 with value: 0.8711453744493393.
[I 2026-06-20 16:07:21,047] Trial 59 pruned. 
[I 2026-06-20 16:10:59,816] Trial 60 pruned. 
[I 2026-06-20 16:14:31,138] Trial 61 pruned. 
[I 2026-06-20 16:18:25,172] Trial 62 finished with value: 0.8623348017621145 and parameters: {'embed_dim': 256, 'dec_emb_frac': 0.5, 'contrast_dim': 64, 'mask_ratio': 0.37138788001446, 'dropout': 0.2011287145433588, 'n_enc_heads': 4, 'n_dec_frac': 1.0, 'dim_feedforward': 128, 'dim_feedforward_dec_frac': 1.0, 'beta': 3.3819218789241203, 'gamma': 0.1825469060651452, 'pos_weight_scalar': 3.8670773688657385, 'n_enc_blocks': 4, 'n_dec_block_frac': 1.0, 'pretrain_frac': 0.25, 'lr': 0.00030309947090248273, 'weight_decay': 0.009024600574648012}. Best is trial 27 with value: 0.8711453744493393.
[I 2026-06-20 16:23:46,076] Trial 63 finished with value: 0.8601321585903083 and parameters: {'embed_dim': 256, 'dec_emb_frac': 0.5, 'contrast_dim': 64, 'mask_ratio': 0.2985186478548817, 'dropout': 0.15639294629598632, 'n_enc_heads': 4, 'n_dec_frac': 1.0, 'dim_feedforward': 128, 'dim_feedforward_dec_frac': 1.0, 'beta': 3.587693175427866, 'gamma': 0.23921181961646787, 'pos_weight_scalar': 3.084867936895891, 'n_enc_blocks': 4, 'n_dec_block_frac': 1.0, 'pretrain_frac': 0.25, 'lr': 0.0001512894432195147, 'weight_decay': 0.005840227111853091}. Best is trial 27 with value: 0.8711453744493393.
[I 2026-06-20 16:27:13,346] Trial 64 pruned. 
[I 2026-06-20 16:31:28,848] Trial 65 finished with value: 0.8623348017621145 and parameters: {'embed_dim': 256, 'dec_emb_frac': 0.5, 'contrast_dim': 32, 'mask_ratio': 0.4963166636223124, 'dropout': 0.1277041783668655, 'n_enc_heads': 4, 'n_dec_frac': 1.0, 'dim_feedforward': 256, 'dim_feedforward_dec_frac': 1.0, 'beta': 3.0876252248151856, 'gamma': 0.53451513118803, 'pos_weight_scalar': 3.425743085016549, 'n_enc_blocks': 4, 'n_dec_block_frac': 1.0, 'pretrain_frac': 0.25, 'lr': 0.0002723325195289445, 'weight_decay': 0.0007421576861304812}. Best is trial 27 with value: 0.8711453744493393.
[I 2026-06-20 16:34:56,899] Trial 66 pruned. 
[I 2026-06-20 16:39:42,907] Trial 67 finished with value: 0.8645374449339207 and parameters: {'embed_dim': 256, 'dec_emb_frac': 0.5, 'contrast_dim': 16, 'mask_ratio': 0.3143184245580406, 'dropout': 0.17461736058921598, 'n_enc_heads': 1, 'n_dec_frac': 1.0, 'dim_feedforward': 128, 'dim_feedforward_dec_frac': 0.25, 'beta': 4.6012918353850925, 'gamma': 0.3097944348860554, 'pos_weight_scalar': 4.218713416202848, 'n_enc_blocks': 8, 'n_dec_block_frac': 1.0, 'pretrain_frac': 0.25, 'lr': 0.00019014643301050693, 'weight_decay': 0.004658906015359137}. Best is trial 27 with value: 0.8711453744493393.
[I 2026-06-20 16:48:37,564] Trial 68 finished with value: 0.8744493392070485 and parameters: {'embed_dim': 256, 'dec_emb_frac': 0.5, 'contrast_dim': 64, 'mask_ratio': 0.26001639055856357, 'dropout': 0.22779435726505554, 'n_enc_heads': 4, 'n_dec_frac': 0.25, 'dim_feedforward': 64, 'dim_feedforward_dec_frac': 1.0, 'beta': 3.8692132276740403, 'gamma': 0.025837573156754265, 'pos_weight_scalar': 4.489021697308118, 'n_enc_blocks': 4, 'n_dec_block_frac': 1.0, 'pretrain_frac': 0.75, 'lr': 0.00039980907728204285, 'weight_decay': 0.006306548723590381}. Best is trial 68 with value: 0.8744493392070485.
[I 2026-06-20 17:00:53,458] Trial 69 finished with value: 0.8645374449339207 and parameters: {'embed_dim': 256, 'dec_emb_frac': 1.0, 'contrast_dim': 64, 'mask_ratio': 0.21993684867080257, 'dropout': 0.10373048341245654, 'n_enc_heads': 4, 'n_dec_frac': 0.25, 'dim_feedforward': 64, 'dim_feedforward_dec_frac': 1.0, 'beta': 3.912428519243293, 'gamma': 0.013080399075627169, 'pos_weight_scalar': 4.516339822299097, 'n_enc_blocks': 6, 'n_dec_block_frac': 1.0, 'pretrain_frac': 0.75, 'lr': 0.0005063640338186433, 'weight_decay': 0.0057065477260555076}. Best is trial 68 with value: 0.8744493392070485.
[I 2026-06-20 17:09:04,324] Trial 70 pruned. 
[I 2026-06-20 17:17:59,819] Trial 71 finished with value: 0.8568281938325991 and parameters: {'embed_dim': 256, 'dec_emb_frac': 0.5, 'contrast_dim': 64, 'mask_ratio': 0.27804587928895347, 'dropout': 0.2038056956473238, 'n_enc_heads': 4, 'n_dec_frac': 0.25, 'dim_feedforward': 64, 'dim_feedforward_dec_frac': 1.0, 'beta': 3.310721125729095, 'gamma': 0.043187984548079796, 'pos_weight_scalar': 3.9687619851712603, 'n_enc_blocks': 4, 'n_dec_block_frac': 1.0, 'pretrain_frac': 0.75, 'lr': 0.00028695486558158397, 'weight_decay': 0.00978038140963085}. Best is trial 68 with value: 0.8744493392070485.
[I 2026-06-20 17:27:30,241] Trial 72 finished with value: 0.8700440528634361 and parameters: {'embed_dim': 256, 'dec_emb_frac': 0.5, 'contrast_dim': 64, 'mask_ratio': 0.24036015227110813, 'dropout': 0.19358798572705005, 'n_enc_heads': 4, 'n_dec_frac': 0.25, 'dim_feedforward': 64, 'dim_feedforward_dec_frac': 1.0, 'beta': 3.6670470213151303, 'gamma': 0.020301522152051176, 'pos_weight_scalar': 4.3307971126132925, 'n_enc_blocks': 4, 'n_dec_block_frac': 1.0, 'pretrain_frac': 0.75, 'lr': 0.000243025397481969, 'weight_decay': 0.00737286910341724}. Best is trial 68 with value: 0.8744493392070485.
[I 2026-06-20 17:36:35,666] Trial 73 finished with value: 0.8667400881057269 and parameters: {'embed_dim': 256, 'dec_emb_frac': 0.5, 'contrast_dim': 64, 'mask_ratio': 0.19436172925697023, 'dropout': 0.15787077142536876, 'n_enc_heads': 4, 'n_dec_frac': 0.25, 'dim_feedforward': 64, 'dim_feedforward_dec_frac': 1.0, 'beta': 3.80683415414713, 'gamma': 0.0170318843033243, 'pos_weight_scalar': 4.297072301184994, 'n_enc_blocks': 4, 'n_dec_block_frac': 1.0, 'pretrain_frac': 0.75, 'lr': 0.0003359685699260923, 'weight_decay': 0.003726999971507579}. Best is trial 68 with value: 0.8744493392070485.
[I 2026-06-20 17:46:00,288] Trial 74 finished with value: 0.8777533039647577 and parameters: {'embed_dim': 256, 'dec_emb_frac': 0.5, 'contrast_dim': 64, 'mask_ratio': 0.13082660420997, 'dropout': 0.17160020804558077, 'n_enc_heads': 4, 'n_dec_frac': 0.25, 'dim_feedforward': 64, 'dim_feedforward_dec_frac': 1.0, 'beta': 4.08907721274844, 'gamma': 0.028071136507582032, 'pos_weight_scalar': 4.469209619316407, 'n_enc_blocks': 4, 'n_dec_block_frac': 1.0, 'pretrain_frac': 0.75, 'lr': 0.00023906725236268512, 'weight_decay': 0.007091998213890021}. Best is trial 74 with value: 0.8777533039647577.
[I 2026-06-20 17:55:06,072] Trial 75 finished with value: 0.8623348017621145 and parameters: {'embed_dim': 256, 'dec_emb_frac': 0.5, 'contrast_dim': 64, 'mask_ratio': 0.13316129293601717, 'dropout': 0.14825275358492734, 'n_enc_heads': 4, 'n_dec_frac': 0.25, 'dim_feedforward': 64, 'dim_feedforward_dec_frac': 1.0, 'beta': 4.046653417460878, 'gamma': 0.02696620471578699, 'pos_weight_scalar': 4.647708402575772, 'n_enc_blocks': 4, 'n_dec_block_frac': 1.0, 'pretrain_frac': 0.75, 'lr': 0.00044164323207840047, 'weight_decay': 0.005446997023708697}. Best is trial 74 with value: 0.8777533039647577.
[I 2026-06-20 18:10:41,799] Trial 76 finished with value: 0.8645374449339207 and parameters: {'embed_dim': 512, 'dec_emb_frac': 0.5, 'contrast_dim': 64, 'mask_ratio': 0.13159716730139506, 'dropout': 0.17308937596236618, 'n_enc_heads': 2, 'n_dec_frac': 0.25, 'dim_feedforward': 64, 'dim_feedforward_dec_frac': 1.0, 'beta': 3.656771523835346, 'gamma': 0.035366262831361135, 'pos_weight_scalar': 4.53854101183217, 'n_enc_blocks': 4, 'n_dec_block_frac': 1.0, 'pretrain_frac': 0.75, 'lr': 0.00017872734032214985, 'weight_decay': 0.007111749655413749}. Best is trial 74 with value: 0.8777533039647577.
[I 2026-06-20 18:18:54,014] Trial 77 pruned. 
[I 2026-06-20 18:29:12,662] Trial 78 finished with value: 0.8678414096916299 and parameters: {'embed_dim': 256, 'dec_emb_frac': 1.0, 'contrast_dim': 32, 'mask_ratio': 0.10789605974738734, 'dropout': 0.2164139461539446, 'n_enc_heads': 4, 'n_dec_frac': 0.25, 'dim_feedforward': 64, 'dim_feedforward_dec_frac': 1.0, 'beta': 4.103222064538481, 'gamma': 0.020497654243158945, 'pos_weight_scalar': 4.144351035280864, 'n_enc_blocks': 4, 'n_dec_block_frac': 1.0, 'pretrain_frac': 0.75, 'lr': 0.00023118230213152224, 'weight_decay': 0.002910261979918708}. Best is trial 74 with value: 0.8777533039647577.
[I 2026-06-20 18:38:43,436] Trial 79 finished with value: 0.8700440528634361 and parameters: {'embed_dim': 256, 'dec_emb_frac': 0.5, 'contrast_dim': 64, 'mask_ratio': 0.17725751672795545, 'dropout': 0.10202660800986467, 'n_enc_heads': 2, 'n_dec_frac': 0.25, 'dim_feedforward': 64, 'dim_feedforward_dec_frac': 1.0, 'beta': 0.5249724279961812, 'gamma': 0.014874117081015416, 'pos_weight_scalar': 4.757024634639555, 'n_enc_blocks': 6, 'n_dec_block_frac': 0.5, 'pretrain_frac': 0.75, 'lr': 0.00023895680504133535, 'weight_decay': 0.006486209872869218}. Best is trial 74 with value: 0.8777533039647577.
[I 2026-06-20 18:47:48,224] Trial 80 finished with value: 0.8601321585903083 and parameters: {'embed_dim': 256, 'dec_emb_frac': 0.25, 'contrast_dim': 64, 'mask_ratio': 0.18877568148206558, 'dropout': 0.10648547439101243, 'n_enc_heads': 2, 'n_dec_frac': 0.25, 'dim_feedforward': 64, 'dim_feedforward_dec_frac': 1.0, 'beta': 0.38883635051103216, 'gamma': 0.014199222024765479, 'pos_weight_scalar': 4.9227896858640205, 'n_enc_blocks': 6, 'n_dec_block_frac': 0.5, 'pretrain_frac': 0.75, 'lr': 0.00024340392821260083, 'weight_decay': 0.003997044770820973}. Best is trial 74 with value: 0.8777533039647577.
[I 2026-06-20 18:56:29,089] Trial 81 finished with value: 0.8623348017621145 and parameters: {'embed_dim': 256, 'dec_emb_frac': 0.5, 'contrast_dim': 64, 'mask_ratio': 0.5562728371708289, 'dropout': 0.0654862041126659, 'n_enc_heads': 2, 'n_dec_frac': 0.25, 'dim_feedforward': 64, 'dim_feedforward_dec_frac': 1.0, 'beta': 4.291881333313353, 'gamma': 0.032078690984676715, 'pos_weight_scalar': 4.733475892971331, 'n_enc_blocks': 6, 'n_dec_block_frac': 0.5, 'pretrain_frac': 0.75, 'lr': 0.00031193597885715646, 'weight_decay': 0.006336382117105908}. Best is trial 74 with value: 0.8777533039647577.
[I 2026-06-20 19:05:20,966] Trial 82 finished with value: 0.8722466960352423 and parameters: {'embed_dim': 256, 'dec_emb_frac': 0.5, 'contrast_dim': 64, 'mask_ratio': 0.7426346242706825, 'dropout': 0.12791855915653635, 'n_enc_heads': 2, 'n_dec_frac': 0.25, 'dim_feedforward': 64, 'dim_feedforward_dec_frac': 1.0, 'beta': 1.3035555081527792, 'gamma': 0.011671061774463908, 'pos_weight_scalar': 4.371966470647518, 'n_enc_blocks': 6, 'n_dec_block_frac': 0.5, 'pretrain_frac': 0.75, 'lr': 0.00020977593051917738, 'weight_decay': 0.007666082140413289}. Best is trial 74 with value: 0.8777533039647577.
[I 2026-06-20 19:14:33,428] Trial 83 pruned. 
[I 2026-06-20 19:23:16,862] Trial 84 finished with value: 0.8755506607929515 and parameters: {'embed_dim': 256, 'dec_emb_frac': 0.5, 'contrast_dim': 64, 'mask_ratio': 0.7434995239999055, 'dropout': 0.12438682748647556, 'n_enc_heads': 2, 'n_dec_frac': 0.25, 'dim_feedforward': 64, 'dim_feedforward_dec_frac': 1.0, 'beta': 0.19522243475544576, 'gamma': 0.017517242950177057, 'pos_weight_scalar': 4.621735212731501, 'n_enc_blocks': 6, 'n_dec_block_frac': 0.5, 'pretrain_frac': 0.75, 'lr': 0.00035344482417886205, 'weight_decay': 0.007578307478401019}. Best is trial 74 with value: 0.8777533039647577.
[I 2026-06-20 19:31:58,488] Trial 85 finished with value: 0.8733480176211453 and parameters: {'embed_dim': 128, 'dec_emb_frac': 0.5, 'contrast_dim': 64, 'mask_ratio': 0.7196253587908815, 'dropout': 0.09768226305277333, 'n_enc_heads': 2, 'n_dec_frac': 0.25, 'dim_feedforward': 64, 'dim_feedforward_dec_frac': 0.25, 'beta': 0.5757217829388503, 'gamma': 0.015948816606131958, 'pos_weight_scalar': 4.62851986357364, 'n_enc_blocks': 6, 'n_dec_block_frac': 0.5, 'pretrain_frac': 0.75, 'lr': 0.0005148576446838605, 'weight_decay': 0.007547697983039646}. Best is trial 74 with value: 0.8777533039647577.
[I 2026-06-20 19:40:49,377] Trial 86 finished with value: 0.8689427312775331 and parameters: {'embed_dim': 128, 'dec_emb_frac': 0.5, 'contrast_dim': 64, 'mask_ratio': 0.7489973574533901, 'dropout': 0.08240859616414571, 'n_enc_heads': 2, 'n_dec_frac': 0.25, 'dim_feedforward': 64, 'dim_feedforward_dec_frac': 0.25, 'beta': 0.666624823624604, 'gamma': 0.016755163800527634, 'pos_weight_scalar': 4.796461694074312, 'n_enc_blocks': 6, 'n_dec_block_frac': 0.5, 'pretrain_frac': 0.75, 'lr': 0.0005206803536513854, 'weight_decay': 0.006635792310569519}. Best is trial 74 with value: 0.8777533039647577.
[I 2026-06-20 19:49:25,707] Trial 87 finished with value: 0.8590308370044053 and parameters: {'embed_dim': 128, 'dec_emb_frac': 0.5, 'contrast_dim': 64, 'mask_ratio': 0.720899174937168, 'dropout': 0.036694963072775116, 'n_enc_heads': 2, 'n_dec_frac': 0.25, 'dim_feedforward': 64, 'dim_feedforward_dec_frac': 0.25, 'beta': 0.6398102302176628, 'gamma': 0.011496050183111704, 'pos_weight_scalar': 4.9943780724639675, 'n_enc_blocks': 6, 'n_dec_block_frac': 0.5, 'pretrain_frac': 0.75, 'lr': 0.00038759601968033715, 'weight_decay': 0.007679248291228175}. Best is trial 74 with value: 0.8777533039647577.
[I 2026-06-20 19:58:06,915] Trial 88 finished with value: 0.8634361233480177 and parameters: {'embed_dim': 128, 'dec_emb_frac': 0.5, 'contrast_dim': 64, 'mask_ratio': 0.7279051662763515, 'dropout': 0.10255111685827382, 'n_enc_heads': 2, 'n_dec_frac': 0.25, 'dim_feedforward': 64, 'dim_feedforward_dec_frac': 0.25, 'beta': 0.18984787842625733, 'gamma': 0.015761354946359933, 'pos_weight_scalar': 4.627790620013001, 'n_enc_blocks': 6, 'n_dec_block_frac': 0.5, 'pretrain_frac': 0.75, 'lr': 0.0006221370756763583, 'weight_decay': 0.006100912265936355}. Best is trial 74 with value: 0.8777533039647577.
[I 2026-06-20 20:06:55,869] Trial 89 finished with value: 0.8678414096916299 and parameters: {'embed_dim': 128, 'dec_emb_frac': 0.5, 'contrast_dim': 64, 'mask_ratio': 0.7114561507592644, 'dropout': 0.06924552556735328, 'n_enc_heads': 2, 'n_dec_frac': 0.25, 'dim_feedforward': 64, 'dim_feedforward_dec_frac': 0.25, 'beta': 1.018492420197202, 'gamma': 0.014162112346542964, 'pos_weight_scalar': 4.699596626762535, 'n_enc_blocks': 6, 'n_dec_block_frac': 0.5, 'pretrain_frac': 0.75, 'lr': 0.0008829115273797124, 'weight_decay': 0.008821691174709219}. Best is trial 74 with value: 0.8777533039647577.
[I 2026-06-20 20:15:22,446] Trial 90 finished with value: 0.8777533039647577 and parameters: {'embed_dim': 128, 'dec_emb_frac': 0.5, 'contrast_dim': 64, 'mask_ratio': 0.689264312131463, 'dropout': 0.12193955588139122, 'n_enc_heads': 2, 'n_dec_frac': 0.25, 'dim_feedforward': 64, 'dim_feedforward_dec_frac': 0.25, 'beta': 0.3811132075050951, 'gamma': 0.01947592407763718, 'pos_weight_scalar': 4.4718535756130375, 'n_enc_blocks': 2, 'n_dec_block_frac': 0.5, 'pretrain_frac': 0.75, 'lr': 0.00048764287254811546, 'weight_decay': 0.00728963079548687}. Best is trial 74 with value: 0.8777533039647577.
[I 2026-06-20 20:24:27,682] Trial 91 finished with value: 0.8689427312775331 and parameters: {'embed_dim': 128, 'dec_emb_frac': 0.5, 'contrast_dim': 64, 'mask_ratio': 0.6686716502434352, 'dropout': 0.11556793071300053, 'n_enc_heads': 2, 'n_dec_frac': 0.25, 'dim_feedforward': 64, 'dim_feedforward_dec_frac': 0.25, 'beta': 0.3551059408858768, 'gamma': 0.01891688311783689, 'pos_weight_scalar': 4.589164422883346, 'n_enc_blocks': 2, 'n_dec_block_frac': 0.5, 'pretrain_frac': 0.75, 'lr': 0.0004724955099833831, 'weight_decay': 0.007032328288990685}. Best is trial 74 with value: 0.8777533039647577.
[I 2026-06-20 20:33:41,638] Trial 92 finished with value: 0.8700440528634361 and parameters: {'embed_dim': 128, 'dec_emb_frac': 0.5, 'contrast_dim': 64, 'mask_ratio': 0.6978874625525716, 'dropout': 0.08131362554734414, 'n_enc_heads': 2, 'n_dec_frac': 0.25, 'dim_feedforward': 64, 'dim_feedforward_dec_frac': 0.25, 'beta': 0.4507051793602869, 'gamma': 0.019392449565782132, 'pos_weight_scalar': 4.44514296910729, 'n_enc_blocks': 2, 'n_dec_block_frac': 0.5, 'pretrain_frac': 0.75, 'lr': 0.0006967563537000423, 'weight_decay': 0.007968008954035863}. Best is trial 74 with value: 0.8777533039647577.
[I 2026-06-20 20:42:05,409] Trial 93 finished with value: 0.8678414096916299 and parameters: {'embed_dim': 128, 'dec_emb_frac': 0.5, 'contrast_dim': 64, 'mask_ratio': 0.7026761414962708, 'dropout': 0.04406542321660713, 'n_enc_heads': 2, 'n_dec_frac': 0.25, 'dim_feedforward': 64, 'dim_feedforward_dec_frac': 0.25, 'beta': 0.9011523537148227, 'gamma': 0.019004288513785703, 'pos_weight_scalar': 4.4619855713505725, 'n_enc_blocks': 2, 'n_dec_block_frac': 0.5, 'pretrain_frac': 0.75, 'lr': 0.0007282002616247485, 'weight_decay': 0.007807236509045872}. Best is trial 74 with value: 0.8777533039647577.
[I 2026-06-20 20:50:20,528] Trial 94 finished with value: 0.8689427312775331 and parameters: {'embed_dim': 128, 'dec_emb_frac': 0.5, 'contrast_dim': 64, 'mask_ratio': 0.7308253331147774, 'dropout': 0.021507193252951584, 'n_enc_heads': 2, 'n_dec_frac': 0.25, 'dim_feedforward': 64, 'dim_feedforward_dec_frac': 0.25, 'beta': 0.43808080746727057, 'gamma': 0.023808012931529128, 'pos_weight_scalar': 4.325328704247706, 'n_enc_blocks': 2, 'n_dec_block_frac': 0.5, 'pretrain_frac': 0.75, 'lr': 0.0006578990819570437, 'weight_decay': 0.004965655456706348}. Best is trial 74 with value: 0.8777533039647577.
