[I 2026-07-19 21:22:37,416] A new study created in RDB with name: cmae_optimize_freq
[I 2026-07-19 21:36:02,184] Trial 0 finished with value: 0.6739526411657559 and parameters: {'embed_dim': 128, 'dec_emb_frac': 0.5, 'contrast_dim': 16, 'mask_ratio': 0.240295586407905, 'dropout': 0.0630588977792022, 'n_enc_heads': 4, 'n_dec_frac': 1.0, 'dim_feedforward': 64, 'dim_feedforward_dec_frac': 1.0, 'beta': 9.496340393673375, 'gamma': 0.027076573879622926, 'pos_weight_scalar': 2.308537147103616, 'focal_gamma': -0.45125927551970113, 'n_enc_blocks': 4, 'n_dec_block_frac': 0.5, 'pretrain_frac': 0.6576631404731381, 'lr': 0.0003153129217540046, 'weight_decay': 0.0022149630187789605}. Best is trial 0 with value: 0.6739526411657559.
[I 2026-07-19 21:48:06,892] Trial 1 finished with value: 0.7283702213279678 and parameters: {'embed_dim': 128, 'dec_emb_frac': 1.0, 'contrast_dim': 16, 'mask_ratio': 0.6490161497498966, 'dropout': 0.2232781133157733, 'n_enc_heads': 4, 'n_dec_frac': 1.0, 'dim_feedforward': 64, 'dim_feedforward_dec_frac': 1.0, 'beta': 2.6340652543496765, 'gamma': 0.010070730696877285, 'pos_weight_scalar': 1.0355593352713952, 'focal_gamma': 0.7002609381422338, 'n_enc_blocks': 6, 'n_dec_block_frac': 0.25, 'pretrain_frac': 0.5326602298447054, 'lr': 0.00115054278506172, 'weight_decay': 0.000258751914079888}. Best is trial 1 with value: 0.7283702213279678.
[I 2026-07-19 22:01:09,437] Trial 2 finished with value: 0.3553299492385787 and parameters: {'embed_dim': 256, 'dec_emb_frac': 0.25, 'contrast_dim': 32, 'mask_ratio': 0.5187259123851218, 'dropout': 0.06402297394168843, 'n_enc_heads': 4, 'n_dec_frac': 0.5, 'dim_feedforward': 512, 'dim_feedforward_dec_frac': 1.0, 'beta': 8.541663128301241, 'gamma': 0.09015727102931119, 'pos_weight_scalar': 3.153057039582978, 'focal_gamma': 2.03507829275936, 'n_enc_blocks': 4, 'n_dec_block_frac': 0.25, 'pretrain_frac': 0.6453224259463229, 'lr': 0.004143219189041948, 'weight_decay': 0.0028402412181879333}. Best is trial 1 with value: 0.7283702213279678.
[I 2026-07-19 22:18:13,632] Trial 3 finished with value: 0.657487091222031 and parameters: {'embed_dim': 32, 'dec_emb_frac': 0.5, 'contrast_dim': 32, 'mask_ratio': 0.5208823058343418, 'dropout': 0.1388153746878894, 'n_enc_heads': 2, 'n_dec_frac': 1.0, 'dim_feedforward': 512, 'dim_feedforward_dec_frac': 1.0, 'beta': 9.331590607397796, 'gamma': 0.016410900560187392, 'pos_weight_scalar': 3.9874927723280096, 'focal_gamma': -0.5492443726895178, 'n_enc_blocks': 4, 'n_dec_block_frac': 0.5, 'pretrain_frac': 0.7273716680170266, 'lr': 0.0005742299823279467, 'weight_decay': 0.0035285462815957064}. Best is trial 1 with value: 0.7283702213279678.
[I 2026-07-19 22:38:08,788] Trial 4 finished with value: 0.3553299492385787 and parameters: {'embed_dim': 512, 'dec_emb_frac': 1.0, 'contrast_dim': 32, 'mask_ratio': 0.6421195389943664, 'dropout': 0.12746361843746962, 'n_enc_heads': 2, 'n_dec_frac': 0.25, 'dim_feedforward': 64, 'dim_feedforward_dec_frac': 1.0, 'beta': 1.8817994986262339, 'gamma': 0.18818944310030955, 'pos_weight_scalar': 2.0390151503756178, 'focal_gamma': 1.1720499649436351, 'n_enc_blocks': 4, 'n_dec_block_frac': 0.5, 'pretrain_frac': 0.8144429915042599, 'lr': 0.0008245702924483719, 'weight_decay': 0.001991173720342161}. Best is trial 1 with value: 0.7283702213279678.
[I 2026-07-19 22:56:28,799] Trial 5 finished with value: 0.6705882352941176 and parameters: {'embed_dim': 64, 'dec_emb_frac': 0.5, 'contrast_dim': 16, 'mask_ratio': 0.10908565479743956, 'dropout': 0.012413826924979332, 'n_enc_heads': 1, 'n_dec_frac': 1.0, 'dim_feedforward': 64, 'dim_feedforward_dec_frac': 0.5, 'beta': 4.236459306957077, 'gamma': 0.012004701561057221, 'pos_weight_scalar': 3.1786175454789047, 'focal_gamma': 0.8447188111333492, 'n_enc_blocks': 8, 'n_dec_block_frac': 0.5, 'pretrain_frac': 0.8705343004235873, 'lr': 0.0003244664859553533, 'weight_decay': 0.0007066078021639361}. Best is trial 1 with value: 0.7283702213279678.
[I 2026-07-19 23:11:03,260] Trial 6 finished with value: 0.3553299492385787 and parameters: {'embed_dim': 512, 'dec_emb_frac': 1.0, 'contrast_dim': 64, 'mask_ratio': 0.6803339229783296, 'dropout': 0.49326841313657455, 'n_enc_heads': 1, 'n_dec_frac': 1.0, 'dim_feedforward': 128, 'dim_feedforward_dec_frac': 0.5, 'beta': 8.899699395593995, 'gamma': 0.22304124740133036, 'pos_weight_scalar': 3.470631523081129, 'focal_gamma': 1.8863308042501084, 'n_enc_blocks': 4, 'n_dec_block_frac': 0.5, 'pretrain_frac': 0.5946879611427811, 'lr': 0.0036395448678943707, 'weight_decay': 0.0025171087931754456}. Best is trial 1 with value: 0.7283702213279678.
[I 2026-07-19 23:29:01,882] Trial 7 finished with value: 0.3553299492385787 and parameters: {'embed_dim': 256, 'dec_emb_frac': 1.0, 'contrast_dim': 16, 'mask_ratio': 0.5327101115647643, 'dropout': 0.21944273689704075, 'n_enc_heads': 2, 'n_dec_frac': 1.0, 'dim_feedforward': 256, 'dim_feedforward_dec_frac': 1.0, 'beta': 0.9454458876447123, 'gamma': 0.3945799464031122, 'pos_weight_scalar': 2.165212701229967, 'focal_gamma': 0.9551593148088378, 'n_enc_blocks': 4, 'n_dec_block_frac': 0.5, 'pretrain_frac': 0.8952397592147119, 'lr': 0.0016525290279586224, 'weight_decay': 0.003958680918763957}. Best is trial 1 with value: 0.7283702213279678.
[I 2026-07-19 23:45:18,145] Trial 8 finished with value: 0.3553299492385787 and parameters: {'embed_dim': 32, 'dec_emb_frac': 0.25, 'contrast_dim': 32, 'mask_ratio': 0.10793436048700746, 'dropout': 0.19593553345428988, 'n_enc_heads': 1, 'n_dec_frac': 0.5, 'dim_feedforward': 128, 'dim_feedforward_dec_frac': 0.25, 'beta': 9.692847918658229, 'gamma': 0.041191821451045336, 'pos_weight_scalar': 2.003581826135329, 'focal_gamma': 0.9362619846365487, 'n_enc_blocks': 6, 'n_dec_block_frac': 0.25, 'pretrain_frac': 0.818654147755931, 'lr': 0.003883074304635237, 'weight_decay': 0.00019190320980987918}. Best is trial 1 with value: 0.7283702213279678.
[I 2026-07-20 00:02:44,114] Trial 9 finished with value: 0.39119804400978 and parameters: {'embed_dim': 32, 'dec_emb_frac': 1.0, 'contrast_dim': 64, 'mask_ratio': 0.4090969002128415, 'dropout': 0.48956482600567064, 'n_enc_heads': 2, 'n_dec_frac': 0.5, 'dim_feedforward': 128, 'dim_feedforward_dec_frac': 0.5, 'beta': 4.245177198730269, 'gamma': 0.04344938306291201, 'pos_weight_scalar': 4.953946238760876, 'focal_gamma': 0.6632593337880759, 'n_enc_blocks': 4, 'n_dec_block_frac': 0.25, 'pretrain_frac': 0.7683558738050168, 'lr': 0.001770641987085541, 'weight_decay': 0.004416117518850577}. Best is trial 1 with value: 0.7283702213279678.
[I 2026-07-20 00:17:20,062] Trial 10 finished with value: 0.6655172413793103 and parameters: {'embed_dim': 128, 'dec_emb_frac': 1.0, 'contrast_dim': 16, 'mask_ratio': 0.3242441363105998, 'dropout': 0.3382218809690623, 'n_enc_heads': 4, 'n_dec_frac': 0.25, 'dim_feedforward': 256, 'dim_feedforward_dec_frac': 0.25, 'beta': 6.501785704009485, 'gamma': 0.09478169340595372, 'pos_weight_scalar': 1.0810207392014073, 'focal_gamma': 2.947099485232731, 'n_enc_blocks': 6, 'n_dec_block_frac': 1.0, 'pretrain_frac': 0.507027700784949, 'lr': 0.000101164819395638, 'weight_decay': 0.00013238828984142044}. Best is trial 1 with value: 0.7283702213279678.
[I 2026-07-20 00:28:23,235] Trial 11 pruned. 
[I 2026-07-20 00:46:33,417] Trial 12 finished with value: 0.6731898238747553 and parameters: {'embed_dim': 128, 'dec_emb_frac': 0.5, 'contrast_dim': 16, 'mask_ratio': 0.7309272071822511, 'dropout': 0.3424379157199847, 'n_enc_heads': 4, 'n_dec_frac': 1.0, 'dim_feedforward': 64, 'dim_feedforward_dec_frac': 1.0, 'beta': 2.8631577407268587, 'gamma': 0.012273793098288393, 'pos_weight_scalar': 2.412134491487141, 'focal_gamma': 0.005604123709152198, 'n_enc_blocks': 6, 'n_dec_block_frac': 0.25, 'pretrain_frac': 0.6604457468177554, 'lr': 0.000658968315417098, 'weight_decay': 0.009907035392107345}. Best is trial 1 with value: 0.7283702213279678.
[I 2026-07-20 00:58:40,003] Trial 13 finished with value: 0.5768500948766604 and parameters: {'embed_dim': 128, 'dec_emb_frac': 0.5, 'contrast_dim': 16, 'mask_ratio': 0.28293492495824846, 'dropout': 0.006182947385508092, 'n_enc_heads': 4, 'n_dec_frac': 1.0, 'dim_feedforward': 64, 'dim_feedforward_dec_frac': 1.0, 'beta': 0.16945084721296766, 'gamma': 0.02848171422673098, 'pos_weight_scalar': 1.558594916956669, 'focal_gamma': 0.037994715448073646, 'n_enc_blocks': 8, 'n_dec_block_frac': 0.25, 'pretrain_frac': 0.5743557373452467, 'lr': 0.00033030705943462086, 'weight_decay': 0.0007312230862362314}. Best is trial 1 with value: 0.7283702213279678.
[I 2026-07-20 01:12:18,811] Trial 14 pruned. 
[I 2026-07-20 01:30:16,314] Trial 15 finished with value: 0.6865671641791045 and parameters: {'embed_dim': 64, 'dec_emb_frac': 1.0, 'contrast_dim': 16, 'mask_ratio': 0.21829838553600864, 'dropout': 0.13045101786120322, 'n_enc_heads': 4, 'n_dec_frac': 0.25, 'dim_feedforward': 64, 'dim_feedforward_dec_frac': 0.25, 'beta': 4.547198463385685, 'gamma': 0.010318978437656324, 'pos_weight_scalar': 1.6361519950400014, 'focal_gamma': -0.9401857088936669, 'n_enc_blocks': 6, 'n_dec_block_frac': 0.5, 'pretrain_frac': 0.58450278819649, 'lr': 0.0003122682292879515, 'weight_decay': 0.0012984753585091227}. Best is trial 1 with value: 0.7283702213279678.
[I 2026-07-20 01:41:42,809] Trial 16 pruned. 
[I 2026-07-20 01:55:32,634] Trial 17 finished with value: 0.7296137339055794 and parameters: {'embed_dim': 64, 'dec_emb_frac': 1.0, 'contrast_dim': 16, 'mask_ratio': 0.4142678638210092, 'dropout': 0.3896346226982296, 'n_enc_heads': 4, 'n_dec_frac': 0.25, 'dim_feedforward': 256, 'dim_feedforward_dec_frac': 0.25, 'beta': 3.086811537791845, 'gamma': 0.018342893740467485, 'pos_weight_scalar': 1.000638933697604, 'focal_gamma': 2.9819983620200343, 'n_enc_blocks': 6, 'n_dec_block_frac': 0.5, 'pretrain_frac': 0.5996631176877191, 'lr': 0.00105311487275392, 'weight_decay': 0.0003671127194878597}. Best is trial 17 with value: 0.7296137339055794.
[I 2026-07-20 02:06:20,277] Trial 18 pruned. 
[I 2026-07-20 02:19:21,582] Trial 19 finished with value: 0.7125506072874493 and parameters: {'embed_dim': 64, 'dec_emb_frac': 1.0, 'contrast_dim': 64, 'mask_ratio': 0.3366606398145569, 'dropout': 0.39562144842085845, 'n_enc_heads': 1, 'n_dec_frac': 0.25, 'dim_feedforward': 256, 'dim_feedforward_dec_frac': 0.25, 'beta': 5.318182636974662, 'gamma': 0.05168766007353878, 'pos_weight_scalar': 1.565659147682327, 'focal_gamma': 2.3665358606549427, 'n_enc_blocks': 6, 'n_dec_block_frac': 1.0, 'pretrain_frac': 0.6186984207517892, 'lr': 0.0008448222739746537, 'weight_decay': 0.00012945266369008236}. Best is trial 17 with value: 0.7296137339055794.
[I 2026-07-20 02:39:36,193] Trial 20 pruned. 
[I 2026-07-20 02:52:37,732] Trial 21 finished with value: 0.7360308285163777 and parameters: {'embed_dim': 64, 'dec_emb_frac': 1.0, 'contrast_dim': 64, 'mask_ratio': 0.38095484455328654, 'dropout': 0.42473345525921524, 'n_enc_heads': 1, 'n_dec_frac': 0.25, 'dim_feedforward': 256, 'dim_feedforward_dec_frac': 0.25, 'beta': 5.504353992340201, 'gamma': 0.04393193459134172, 'pos_weight_scalar': 1.5635468600031412, 'focal_gamma': 2.534379456554074, 'n_enc_blocks': 6, 'n_dec_block_frac': 1.0, 'pretrain_frac': 0.6181381674972112, 'lr': 0.0009077830396154017, 'weight_decay': 0.00010600853299334791}. Best is trial 21 with value: 0.7360308285163777.
[I 2026-07-20 03:03:57,728] Trial 22 pruned. 
[I 2026-07-20 03:17:36,108] Trial 23 finished with value: 0.7269230769230769 and parameters: {'embed_dim': 64, 'dec_emb_frac': 1.0, 'contrast_dim': 64, 'mask_ratio': 0.36658649387861636, 'dropout': 0.3490077671726929, 'n_enc_heads': 1, 'n_dec_frac': 0.25, 'dim_feedforward': 256, 'dim_feedforward_dec_frac': 0.25, 'beta': 5.357960412912031, 'gamma': 0.034870038344421816, 'pos_weight_scalar': 1.2867037166191795, 'focal_gamma': 2.404973486804761, 'n_enc_blocks': 6, 'n_dec_block_frac': 1.0, 'pretrain_frac': 0.6184544681658094, 'lr': 0.0011722096534355349, 'weight_decay': 0.00010936411959553137}. Best is trial 21 with value: 0.7360308285163777.
[I 2026-07-20 03:30:57,503] Trial 24 pruned. 
[I 2026-07-20 03:41:02,119] Trial 25 pruned. 
[I 2026-07-20 03:58:46,803] Trial 26 finished with value: 0.7033398821218074 and parameters: {'embed_dim': 64, 'dec_emb_frac': 1.0, 'contrast_dim': 16, 'mask_ratio': 0.5818346862062656, 'dropout': 0.310959614464346, 'n_enc_heads': 4, 'n_dec_frac': 0.25, 'dim_feedforward': 256, 'dim_feedforward_dec_frac': 0.25, 'beta': 5.314531733741471, 'gamma': 0.02174428399427383, 'pos_weight_scalar': 1.2728580790898247, 'focal_gamma': 1.556072433436368, 'n_enc_blocks': 6, 'n_dec_block_frac': 0.5, 'pretrain_frac': 0.6963835805563143, 'lr': 0.00046776899406008866, 'weight_decay': 0.00024620723642511475}. Best is trial 21 with value: 0.7360308285163777.
[I 2026-07-20 04:09:44,797] Trial 27 pruned. 
[I 2026-07-20 04:21:40,113] Trial 28 pruned. 
[I 2026-07-20 04:34:39,407] Trial 29 pruned. 
[I 2026-07-20 04:54:45,707] Trial 30 pruned. 
[I 2026-07-20 05:07:53,709] Trial 31 finished with value: 0.7236580516898609 and parameters: {'embed_dim': 64, 'dec_emb_frac': 1.0, 'contrast_dim': 64, 'mask_ratio': 0.3687994993282005, 'dropout': 0.38030245452038947, 'n_enc_heads': 1, 'n_dec_frac': 0.25, 'dim_feedforward': 256, 'dim_feedforward_dec_frac': 0.25, 'beta': 5.275317987645374, 'gamma': 0.03412719253324866, 'pos_weight_scalar': 1.3388670419363038, 'focal_gamma': 2.3982787735741344, 'n_enc_blocks': 6, 'n_dec_block_frac': 1.0, 'pretrain_frac': 0.6138011100700929, 'lr': 0.0011312773596061274, 'weight_decay': 0.00010008502722860995}. Best is trial 21 with value: 0.7360308285163777.
[I 2026-07-20 05:22:10,593] Trial 32 finished with value: 0.7245283018867924 and parameters: {'embed_dim': 64, 'dec_emb_frac': 1.0, 'contrast_dim': 64, 'mask_ratio': 0.43216020971066266, 'dropout': 0.3401898150504601, 'n_enc_heads': 1, 'n_dec_frac': 0.25, 'dim_feedforward': 256, 'dim_feedforward_dec_frac': 0.25, 'beta': 4.986321335883385, 'gamma': 0.06246594383939663, 'pos_weight_scalar': 1.3205601520422923, 'focal_gamma': 2.6186769015469755, 'n_enc_blocks': 6, 'n_dec_block_frac': 1.0, 'pretrain_frac': 0.6429242774491213, 'lr': 0.0013886668276321757, 'weight_decay': 0.000143054878959164}. Best is trial 21 with value: 0.7360308285163777.
[I 2026-07-20 05:34:48,155] Trial 33 pruned. 
[I 2026-07-20 05:48:49,500] Trial 34 pruned. 
[I 2026-07-20 06:00:14,096] Trial 35 pruned. 
[I 2026-07-20 06:22:29,834] Trial 36 pruned. 
[I 2026-07-20 06:37:23,629] Trial 37 finished with value: 0.704331450094162 and parameters: {'embed_dim': 64, 'dec_emb_frac': 1.0, 'contrast_dim': 32, 'mask_ratio': 0.6942448343653237, 'dropout': 0.2567322247914014, 'n_enc_heads': 4, 'n_dec_frac': 0.5, 'dim_feedforward': 64, 'dim_feedforward_dec_frac': 1.0, 'beta': 2.2173550387166556, 'gamma': 0.013232149314172296, 'pos_weight_scalar': 4.422875824474476, 'focal_gamma': 1.2145596047824345, 'n_enc_blocks': 6, 'n_dec_block_frac': 0.5, 'pretrain_frac': 0.5998521232531284, 'lr': 0.0007456657335825125, 'weight_decay': 0.00022965112563789352}. Best is trial 21 with value: 0.7360308285163777.
[I 2026-07-20 06:51:57,421] Trial 38 pruned. 
[I 2026-07-20 07:21:05,257] Trial 39 pruned. 
[I 2026-07-20 07:37:04,772] Trial 40 finished with value: 0.7251461988304093 and parameters: {'embed_dim': 32, 'dec_emb_frac': 1.0, 'contrast_dim': 32, 'mask_ratio': 0.6672599936880765, 'dropout': 0.2188266523700041, 'n_enc_heads': 1, 'n_dec_frac': 0.25, 'dim_feedforward': 256, 'dim_feedforward_dec_frac': 0.25, 'beta': 2.311761651321717, 'gamma': 0.13488576241513792, 'pos_weight_scalar': 1.7610995218336125, 'focal_gamma': 2.960138579919435, 'n_enc_blocks': 6, 'n_dec_block_frac': 0.25, 'pretrain_frac': 0.7522312568712893, 'lr': 0.0013366851320642018, 'weight_decay': 0.00016768080855719515}. Best is trial 21 with value: 0.7360308285163777.
[I 2026-07-20 07:55:11,732] Trial 41 finished with value: 0.7058823529411765 and parameters: {'embed_dim': 32, 'dec_emb_frac': 1.0, 'contrast_dim': 32, 'mask_ratio': 0.6521205386883723, 'dropout': 0.21775430992005607, 'n_enc_heads': 1, 'n_dec_frac': 0.25, 'dim_feedforward': 256, 'dim_feedforward_dec_frac': 0.25, 'beta': 2.0597865979036944, 'gamma': 0.3638478788768807, 'pos_weight_scalar': 1.6505031520304931, 'focal_gamma': 2.827017814224658, 'n_enc_blocks': 6, 'n_dec_block_frac': 0.25, 'pretrain_frac': 0.7803585947983139, 'lr': 0.0013679188886608774, 'weight_decay': 0.00016310752259138624}. Best is trial 21 with value: 0.7360308285163777.
[I 2026-07-20 08:12:35,741] Trial 42 finished with value: 0.7021276595744681 and parameters: {'embed_dim': 32, 'dec_emb_frac': 1.0, 'contrast_dim': 32, 'mask_ratio': 0.6394448783511536, 'dropout': 0.18939345219848666, 'n_enc_heads': 1, 'n_dec_frac': 0.25, 'dim_feedforward': 256, 'dim_feedforward_dec_frac': 0.25, 'beta': 1.223176678194273, 'gamma': 0.13622419394723567, 'pos_weight_scalar': 1.160809641925966, 'focal_gamma': 2.996683203115894, 'n_enc_blocks': 6, 'n_dec_block_frac': 0.25, 'pretrain_frac': 0.8520967374162378, 'lr': 0.0017158325033872852, 'weight_decay': 0.0003084923548475345}. Best is trial 21 with value: 0.7360308285163777.
[I 2026-07-20 08:29:39,920] Trial 43 finished with value: 0.7044534412955465 and parameters: {'embed_dim': 32, 'dec_emb_frac': 1.0, 'contrast_dim': 32, 'mask_ratio': 0.6891825466140578, 'dropout': 0.2273988802478351, 'n_enc_heads': 1, 'n_dec_frac': 0.25, 'dim_feedforward': 256, 'dim_feedforward_dec_frac': 0.25, 'beta': 2.5663302892578828, 'gamma': 0.307708966601757, 'pos_weight_scalar': 1.9253243840076717, 'focal_gamma': 2.488343261997545, 'n_enc_blocks': 6, 'n_dec_block_frac': 0.25, 'pretrain_frac': 0.7666040852134585, 'lr': 0.0006276955242952959, 'weight_decay': 0.00011934878691818682}. Best is trial 21 with value: 0.7360308285163777.
[I 2026-07-20 08:44:27,699] Trial 44 pruned. 
[I 2026-07-20 08:54:59,662] Trial 45 pruned. 
[I 2026-07-20 09:09:20,792] Trial 46 pruned. 
[I 2026-07-20 09:25:29,667] Trial 47 pruned. 
[2026-07-20T09:27:41.017] error: *** JOB 11395162 ON della-i14g7 CANCELLED AT 2026-07-20T09:27:41 DUE TO TIME LIMIT ***
