[I 2026-06-21 05:09:59,978] Trial 145 finished with value: 0.8733480176211453 and parameters: {'embed_dim': 128, 'dec_emb_frac': 0.25, 'contrast_dim': 16, 'mask_ratio': 0.6461891394436309, 'dropout': 0.029450313514737786, 'n_enc_heads': 1, 'n_dec_frac': 0.25, 'dim_feedforward': 512, 'dim_feedforward_dec_frac': 0.25, 'beta': 1.4024478260866098, 'gamma': 0.010077939490046726, 'pos_weight_scalar': 4.320055476826079, 'n_enc_blocks': 8, 'n_dec_block_frac': 0.5, 'pretrain_frac': 0.75, 'lr': 0.0004875093942451423, 'weight_decay': 0.001001222607022132}. Best is trial 117 with value: 0.8799559471365639.
[I 2026-06-21 05:18:26,250] Trial 146 finished with value: 0.8722466960352423 and parameters: {'embed_dim': 128, 'dec_emb_frac': 0.25, 'contrast_dim': 16, 'mask_ratio': 0.6780660399267242, 'dropout': 0.05343230780721076, 'n_enc_heads': 1, 'n_dec_frac': 0.25, 'dim_feedforward': 512, 'dim_feedforward_dec_frac': 0.25, 'beta': 1.7328667360377377, 'gamma': 0.011234339843055162, 'pos_weight_scalar': 4.537677430486165, 'n_enc_blocks': 8, 'n_dec_block_frac': 0.5, 'pretrain_frac': 0.75, 'lr': 0.0005829101039044873, 'weight_decay': 0.0011580121565276393}. Best is trial 117 with value: 0.8799559471365639.
[I 2026-06-21 05:26:41,607] Trial 147 finished with value: 0.8689427312775331 and parameters: {'embed_dim': 128, 'dec_emb_frac': 0.25, 'contrast_dim': 16, 'mask_ratio': 0.6205750624132886, 'dropout': 0.0611407102101818, 'n_enc_heads': 1, 'n_dec_frac': 0.25, 'dim_feedforward': 512, 'dim_feedforward_dec_frac': 0.25, 'beta': 1.8330268076645264, 'gamma': 0.01421975341964416, 'pos_weight_scalar': 4.4563592851071165, 'n_enc_blocks': 8, 'n_dec_block_frac': 0.5, 'pretrain_frac': 0.75, 'lr': 0.0006321621769610991, 'weight_decay': 0.0010790674677682464}. Best is trial 117 with value: 0.8799559471365639.
[I 2026-06-21 05:35:39,528] Trial 148 finished with value: 0.8777533039647577 and parameters: {'embed_dim': 128, 'dec_emb_frac': 0.25, 'contrast_dim': 16, 'mask_ratio': 0.6623651722810421, 'dropout': 0.040666365723910976, 'n_enc_heads': 1, 'n_dec_frac': 0.25, 'dim_feedforward': 512, 'dim_feedforward_dec_frac': 0.25, 'beta': 0.3478586717627259, 'gamma': 0.012245305474551842, 'pos_weight_scalar': 4.651001564167171, 'n_enc_blocks': 8, 'n_dec_block_frac': 0.5, 'pretrain_frac': 0.75, 'lr': 0.0005462546994012953, 'weight_decay': 0.0013363094702394064}. Best is trial 117 with value: 0.8799559471365639.
[I 2026-06-21 05:42:12,200] Trial 149 finished with value: 0.8689427312775331 and parameters: {'embed_dim': 128, 'dec_emb_frac': 0.25, 'contrast_dim': 16, 'mask_ratio': 0.6641983106120461, 'dropout': 0.01463418338652158, 'n_enc_heads': 1, 'n_dec_frac': 0.25, 'dim_feedforward': 512, 'dim_feedforward_dec_frac': 0.25, 'beta': 0.3480646997437623, 'gamma': 0.01237691639266504, 'pos_weight_scalar': 4.647626872846561, 'n_enc_blocks': 8, 'n_dec_block_frac': 0.5, 'pretrain_frac': 0.5, 'lr': 0.0007198171842629588, 'weight_decay': 0.001201119711715653}. Best is trial 117 with value: 0.8799559471365639.
[I 2026-06-21 05:50:04,264] Trial 150 pruned. 
[I 2026-06-21 05:58:24,870] Trial 151 finished with value: 0.8755506607929515 and parameters: {'embed_dim': 128, 'dec_emb_frac': 0.25, 'contrast_dim': 16, 'mask_ratio': 0.689702059050763, 'dropout': 0.03928958497799598, 'n_enc_heads': 1, 'n_dec_frac': 0.25, 'dim_feedforward': 512, 'dim_feedforward_dec_frac': 0.25, 'beta': 0.10943557467886472, 'gamma': 0.013400565400288654, 'pos_weight_scalar': 4.419383143549121, 'n_enc_blocks': 8, 'n_dec_block_frac': 0.5, 'pretrain_frac': 0.75, 'lr': 0.0005562985668272029, 'weight_decay': 0.0008023226794081092}. Best is trial 117 with value: 0.8799559471365639.
[I 2026-06-21 06:06:38,366] Trial 152 finished with value: 0.8766519823788547 and parameters: {'embed_dim': 128, 'dec_emb_frac': 0.25, 'contrast_dim': 16, 'mask_ratio': 0.7071470852901726, 'dropout': 0.048254572194484605, 'n_enc_heads': 1, 'n_dec_frac': 0.25, 'dim_feedforward': 512, 'dim_feedforward_dec_frac': 0.25, 'beta': 1.595305638466697, 'gamma': 0.014851296282274542, 'pos_weight_scalar': 4.553498535148475, 'n_enc_blocks': 8, 'n_dec_block_frac': 0.5, 'pretrain_frac': 0.75, 'lr': 0.0006078374250189676, 'weight_decay': 0.0012717362452774245}. Best is trial 117 with value: 0.8799559471365639.
[I 2026-06-21 06:14:51,363] Trial 153 finished with value: 0.8711453744493393 and parameters: {'embed_dim': 128, 'dec_emb_frac': 0.25, 'contrast_dim': 16, 'mask_ratio': 0.6771056228462893, 'dropout': 0.06202542961511901, 'n_enc_heads': 1, 'n_dec_frac': 0.25, 'dim_feedforward': 512, 'dim_feedforward_dec_frac': 0.25, 'beta': 1.5924164822856912, 'gamma': 0.011888707323899498, 'pos_weight_scalar': 4.589504357936442, 'n_enc_blocks': 8, 'n_dec_block_frac': 0.5, 'pretrain_frac': 0.75, 'lr': 0.0006088176890476493, 'weight_decay': 0.0009078701789042153}. Best is trial 117 with value: 0.8799559471365639.
[I 2026-06-21 06:22:40,439] Trial 154 pruned. 
[I 2026-06-21 06:30:29,645] Trial 155 pruned. 
[I 2026-06-21 06:38:12,383] Trial 156 pruned. 
[I 2026-06-21 06:44:43,230] Trial 157 finished with value: 0.8821585903083701 and parameters: {'embed_dim': 128, 'dec_emb_frac': 0.25, 'contrast_dim': 16, 'mask_ratio': 0.6636309707490089, 'dropout': 0.060537472980888796, 'n_enc_heads': 1, 'n_dec_frac': 0.25, 'dim_feedforward': 512, 'dim_feedforward_dec_frac': 0.25, 'beta': 0.546551132360171, 'gamma': 0.015435848423475123, 'pos_weight_scalar': 4.586743708639972, 'n_enc_blocks': 8, 'n_dec_block_frac': 0.5, 'pretrain_frac': 0.5, 'lr': 0.0009593570668911947, 'weight_decay': 0.0013213309835481456}. Best is trial 157 with value: 0.8821585903083701.
[I 2026-06-21 06:52:29,433] Trial 158 pruned. 
[I 2026-06-21 07:00:06,695] Trial 159 pruned. 
[I 2026-06-21 07:08:21,383] Trial 160 finished with value: 0.8788546255506607 and parameters: {'embed_dim': 128, 'dec_emb_frac': 0.25, 'contrast_dim': 16, 'mask_ratio': 0.70598846368231, 'dropout': 0.00479406601757916, 'n_enc_heads': 1, 'n_dec_frac': 0.25, 'dim_feedforward': 512, 'dim_feedforward_dec_frac': 0.25, 'beta': 0.6004768128752809, 'gamma': 0.010027110734535754, 'pos_weight_scalar': 4.347888146895922, 'n_enc_blocks': 8, 'n_dec_block_frac': 0.5, 'pretrain_frac': 0.75, 'lr': 0.0004973608297468024, 'weight_decay': 0.001303790711132473}. Best is trial 157 with value: 0.8821585903083701.
[I 2026-06-21 07:17:07,042] Trial 161 finished with value: 0.8689427312775331 and parameters: {'embed_dim': 128, 'dec_emb_frac': 0.25, 'contrast_dim': 16, 'mask_ratio': 0.7003768970122802, 'dropout': 0.0018369754770599656, 'n_enc_heads': 1, 'n_dec_frac': 0.25, 'dim_feedforward': 512, 'dim_feedforward_dec_frac': 0.25, 'beta': 0.858448862455169, 'gamma': 0.010016460527904579, 'pos_weight_scalar': 4.330554849635926, 'n_enc_blocks': 8, 'n_dec_block_frac': 0.5, 'pretrain_frac': 0.75, 'lr': 0.0005912717940661071, 'weight_decay': 0.0005812564056044359}. Best is trial 157 with value: 0.8821585903083701.
[I 2026-06-21 07:25:52,529] Trial 162 finished with value: 0.8645374449339207 and parameters: {'embed_dim': 128, 'dec_emb_frac': 0.25, 'contrast_dim': 16, 'mask_ratio': 0.6835226402235198, 'dropout': 0.026446937151759362, 'n_enc_heads': 1, 'n_dec_frac': 0.25, 'dim_feedforward': 512, 'dim_feedforward_dec_frac': 0.25, 'beta': 0.7025655595258176, 'gamma': 0.011746091893203027, 'pos_weight_scalar': 4.394132236842792, 'n_enc_blocks': 8, 'n_dec_block_frac': 0.5, 'pretrain_frac': 0.75, 'lr': 0.0005059481381354336, 'weight_decay': 0.0013064652270077417}. Best is trial 157 with value: 0.8821585903083701.
[I 2026-06-21 07:33:38,149] Trial 163 pruned. 
[I 2026-06-21 07:41:27,128] Trial 164 pruned. 
[I 2026-06-21 07:49:45,536] Trial 165 finished with value: 0.8656387665198237 and parameters: {'embed_dim': 128, 'dec_emb_frac': 0.25, 'contrast_dim': 16, 'mask_ratio': 0.7270292562958007, 'dropout': 0.06421259273953414, 'n_enc_heads': 1, 'n_dec_frac': 0.25, 'dim_feedforward': 512, 'dim_feedforward_dec_frac': 0.25, 'beta': 0.19994491616090396, 'gamma': 0.011994536798825622, 'pos_weight_scalar': 4.576849346087358, 'n_enc_blocks': 8, 'n_dec_block_frac': 0.5, 'pretrain_frac': 0.75, 'lr': 0.0004549703176291178, 'weight_decay': 0.0015351656920978886}. Best is trial 157 with value: 0.8821585903083701.
[I 2026-06-21 07:56:23,283] Trial 166 finished with value: 0.8722466960352423 and parameters: {'embed_dim': 128, 'dec_emb_frac': 0.25, 'contrast_dim': 16, 'mask_ratio': 0.669172508764523, 'dropout': 0.10680957704532723, 'n_enc_heads': 1, 'n_dec_frac': 0.25, 'dim_feedforward': 512, 'dim_feedforward_dec_frac': 0.25, 'beta': 0.3186159628079365, 'gamma': 0.03375560419853931, 'pos_weight_scalar': 4.816224072040536, 'n_enc_blocks': 8, 'n_dec_block_frac': 0.5, 'pretrain_frac': 0.5, 'lr': 0.0004998733773605537, 'weight_decay': 0.0013040576383383}. Best is trial 157 with value: 0.8821585903083701.
[I 2026-06-21 08:04:46,368] Trial 167 finished with value: 0.8689427312775331 and parameters: {'embed_dim': 128, 'dec_emb_frac': 0.25, 'contrast_dim': 16, 'mask_ratio': 0.6889878791811247, 'dropout': 0.037869587484141695, 'n_enc_heads': 1, 'n_dec_frac': 0.25, 'dim_feedforward': 512, 'dim_feedforward_dec_frac': 0.25, 'beta': 1.665351265957949, 'gamma': 0.017367290957326302, 'pos_weight_scalar': 4.660712872004613, 'n_enc_blocks': 8, 'n_dec_block_frac': 0.25, 'pretrain_frac': 0.75, 'lr': 0.0007982908688932922, 'weight_decay': 0.0012206682549810559}. Best is trial 157 with value: 0.8821585903083701.
[I 2026-06-21 08:13:22,316] Trial 168 finished with value: 0.8799559471365639 and parameters: {'embed_dim': 128, 'dec_emb_frac': 0.25, 'contrast_dim': 16, 'mask_ratio': 0.6786632178753165, 'dropout': 0.0706374169557806, 'n_enc_heads': 1, 'n_dec_frac': 0.5, 'dim_feedforward': 512, 'dim_feedforward_dec_frac': 0.25, 'beta': 0.39883847238824055, 'gamma': 0.015077118562388468, 'pos_weight_scalar': 4.475906815477774, 'n_enc_blocks': 2, 'n_dec_block_frac': 0.5, 'pretrain_frac': 0.75, 'lr': 0.0009390963872041685, 'weight_decay': 0.0009556738093038146}. Best is trial 157 with value: 0.8821585903083701.
[I 2026-06-21 08:21:06,919] Trial 169 pruned. 
[I 2026-06-21 08:28:20,752] Trial 170 finished with value: 0.8733480176211453 and parameters: {'embed_dim': 128, 'dec_emb_frac': 0.25, 'contrast_dim': 16, 'mask_ratio': 0.6570694231553917, 'dropout': 0.081462579340716, 'n_enc_heads': 1, 'n_dec_frac': 0.5, 'dim_feedforward': 512, 'dim_feedforward_dec_frac': 0.25, 'beta': 0.6029305260986402, 'gamma': 0.030073832768340327, 'pos_weight_scalar': 4.431394997765867, 'n_enc_blocks': 2, 'n_dec_block_frac': 0.5, 'pretrain_frac': 0.5, 'lr': 0.0009705614869805786, 'weight_decay': 0.0006217264068498051}. Best is trial 157 with value: 0.8821585903083701.
[I 2026-06-21 08:36:51,144] Trial 171 finished with value: 0.8821585903083701 and parameters: {'embed_dim': 128, 'dec_emb_frac': 0.25, 'contrast_dim': 16, 'mask_ratio': 0.7159635417626122, 'dropout': 0.0962212043545527, 'n_enc_heads': 1, 'n_dec_frac': 0.5, 'dim_feedforward': 512, 'dim_feedforward_dec_frac': 0.25, 'beta': 0.4763989467977907, 'gamma': 0.014967135285125775, 'pos_weight_scalar': 4.490881016566043, 'n_enc_blocks': 2, 'n_dec_block_frac': 0.5, 'pretrain_frac': 0.75, 'lr': 0.0009094007900334534, 'weight_decay': 0.0008764872962545477}. Best is trial 157 with value: 0.8821585903083701.
[I 2026-06-21 08:45:41,318] Trial 172 finished with value: 0.8733480176211453 and parameters: {'embed_dim': 128, 'dec_emb_frac': 0.25, 'contrast_dim': 16, 'mask_ratio': 0.7115460575434293, 'dropout': 0.10054129378213311, 'n_enc_heads': 1, 'n_dec_frac': 0.5, 'dim_feedforward': 512, 'dim_feedforward_dec_frac': 0.25, 'beta': 0.40282105408462604, 'gamma': 0.015094402084211408, 'pos_weight_scalar': 4.3947485439211, 'n_enc_blocks': 2, 'n_dec_block_frac': 0.5, 'pretrain_frac': 0.75, 'lr': 0.0010814500108152594, 'weight_decay': 0.0008463756766133395}. Best is trial 157 with value: 0.8821585903083701.
[I 2026-06-21 08:54:31,813] Trial 173 finished with value: 0.8755506607929515 and parameters: {'embed_dim': 128, 'dec_emb_frac': 0.25, 'contrast_dim': 16, 'mask_ratio': 0.6973400099417983, 'dropout': 0.05519251020870025, 'n_enc_heads': 1, 'n_dec_frac': 0.5, 'dim_feedforward': 512, 'dim_feedforward_dec_frac': 0.25, 'beta': 0.5415822194814074, 'gamma': 0.013383178736114129, 'pos_weight_scalar': 4.523722314509381, 'n_enc_blocks': 2, 'n_dec_block_frac': 0.5, 'pretrain_frac': 0.75, 'lr': 0.0006920322176556503, 'weight_decay': 0.0010760922255914932}. Best is trial 157 with value: 0.8821585903083701.
[I 2026-06-21 09:02:57,681] Trial 174 finished with value: 0.8843612334801763 and parameters: {'embed_dim': 128, 'dec_emb_frac': 0.25, 'contrast_dim': 16, 'mask_ratio': 0.6773479840958045, 'dropout': 0.0914411838131387, 'n_enc_heads': 1, 'n_dec_frac': 0.5, 'dim_feedforward': 512, 'dim_feedforward_dec_frac': 0.25, 'beta': 0.7131127756499889, 'gamma': 0.01489146566278112, 'pos_weight_scalar': 4.75794166416639, 'n_enc_blocks': 2, 'n_dec_block_frac': 0.5, 'pretrain_frac': 0.75, 'lr': 0.0008446415403069286, 'weight_decay': 0.0009648479994914571}. Best is trial 174 with value: 0.8843612334801763.
[I 2026-06-21 09:10:59,707] Trial 175 finished with value: 0.8722466960352423 and parameters: {'embed_dim': 128, 'dec_emb_frac': 0.25, 'contrast_dim': 16, 'mask_ratio': 0.6835264064651038, 'dropout': 0.0893558189550281, 'n_enc_heads': 1, 'n_dec_frac': 0.5, 'dim_feedforward': 512, 'dim_feedforward_dec_frac': 0.25, 'beta': 0.7330064850330169, 'gamma': 0.011675700451543352, 'pos_weight_scalar': 4.7457922954021186, 'n_enc_blocks': 2, 'n_dec_block_frac': 0.5, 'pretrain_frac': 0.75, 'lr': 0.0008596959110900919, 'weight_decay': 0.0009406579317103203}. Best is trial 174 with value: 0.8843612334801763.
[I 2026-06-21 09:19:40,922] Trial 176 finished with value: 0.8678414096916299 and parameters: {'embed_dim': 128, 'dec_emb_frac': 0.25, 'contrast_dim': 16, 'mask_ratio': 0.6703444082332306, 'dropout': 0.07633874394126518, 'n_enc_heads': 1, 'n_dec_frac': 0.5, 'dim_feedforward': 512, 'dim_feedforward_dec_frac': 0.25, 'beta': 0.9726514649303266, 'gamma': 0.020075458339954708, 'pos_weight_scalar': 4.891022641149581, 'n_enc_blocks': 2, 'n_dec_block_frac': 0.5, 'pretrain_frac': 0.75, 'lr': 0.0009677883981420158, 'weight_decay': 0.0007892528263802665}. Best is trial 174 with value: 0.8843612334801763.
[I 2026-06-21 09:27:38,047] Trial 177 finished with value: 0.8711453744493393 and parameters: {'embed_dim': 128, 'dec_emb_frac': 0.25, 'contrast_dim': 16, 'mask_ratio': 0.647367242952017, 'dropout': 0.06806941260410414, 'n_enc_heads': 1, 'n_dec_frac': 0.5, 'dim_feedforward': 512, 'dim_feedforward_dec_frac': 0.25, 'beta': 0.4562923049887824, 'gamma': 0.012847760041823936, 'pos_weight_scalar': 4.185144197948614, 'n_enc_blocks': 2, 'n_dec_block_frac': 0.5, 'pretrain_frac': 0.75, 'lr': 0.0008385014110032122, 'weight_decay': 0.0006910545250201769}. Best is trial 174 with value: 0.8843612334801763.
[I 2026-06-21 09:36:19,009] Trial 178 finished with value: 0.8744493392070485 and parameters: {'embed_dim': 64, 'dec_emb_frac': 0.25, 'contrast_dim': 16, 'mask_ratio': 0.6931300732426809, 'dropout': 0.09493310701234214, 'n_enc_heads': 1, 'n_dec_frac': 0.5, 'dim_feedforward': 512, 'dim_feedforward_dec_frac': 0.25, 'beta': 0.6429129105377508, 'gamma': 0.01589081030682639, 'pos_weight_scalar': 4.837369530871669, 'n_enc_blocks': 2, 'n_dec_block_frac': 0.5, 'pretrain_frac': 0.75, 'lr': 0.0008843941643004224, 'weight_decay': 0.0006868468853809901}. Best is trial 174 with value: 0.8843612334801763.
[I 2026-06-21 09:42:08,939] Trial 179 pruned. 
[I 2026-06-21 09:50:50,615] Trial 180 finished with value: 0.8777533039647577 and parameters: {'embed_dim': 128, 'dec_emb_frac': 0.25, 'contrast_dim': 16, 'mask_ratio': 0.6794534213365226, 'dropout': 0.08377934062604284, 'n_enc_heads': 1, 'n_dec_frac': 0.5, 'dim_feedforward': 512, 'dim_feedforward_dec_frac': 0.5, 'beta': 0.3573360879787164, 'gamma': 0.0138495218778388, 'pos_weight_scalar': 4.940745100406618, 'n_enc_blocks': 2, 'n_dec_block_frac': 0.5, 'pretrain_frac': 0.75, 'lr': 0.0010958477412589145, 'weight_decay': 0.0024830123345339614}. Best is trial 174 with value: 0.8843612334801763.
[I 2026-06-21 09:58:52,154] Trial 181 pruned. 
[I 2026-06-21 10:06:30,433] Trial 182 pruned. 
[I 2026-06-21 10:15:08,821] Trial 183 finished with value: 0.8766519823788547 and parameters: {'embed_dim': 128, 'dec_emb_frac': 0.25, 'contrast_dim': 16, 'mask_ratio': 0.6874028350609168, 'dropout': 0.08261059697221279, 'n_enc_heads': 1, 'n_dec_frac': 0.5, 'dim_feedforward': 512, 'dim_feedforward_dec_frac': 0.5, 'beta': 0.5648857719594157, 'gamma': 0.010014059979900484, 'pos_weight_scalar': 4.788642719233239, 'n_enc_blocks': 2, 'n_dec_block_frac': 0.5, 'pretrain_frac': 0.75, 'lr': 0.0013266903396907301, 'weight_decay': 0.00188362586436781}. Best is trial 174 with value: 0.8843612334801763.
[I 2026-06-21 10:23:06,460] Trial 184 finished with value: 0.8645374449339207 and parameters: {'embed_dim': 128, 'dec_emb_frac': 0.25, 'contrast_dim': 16, 'mask_ratio': 0.6685523883369712, 'dropout': 0.07220385042632174, 'n_enc_heads': 1, 'n_dec_frac': 0.5, 'dim_feedforward': 512, 'dim_feedforward_dec_frac': 0.5, 'beta': 0.705441794990375, 'gamma': 0.01189934266557652, 'pos_weight_scalar': 4.902931254332467, 'n_enc_blocks': 2, 'n_dec_block_frac': 0.5, 'pretrain_frac': 0.75, 'lr': 0.0010067417009244186, 'weight_decay': 0.002237393901237738}. Best is trial 174 with value: 0.8843612334801763.
[I 2026-06-21 10:31:08,286] Trial 185 finished with value: 0.8634361233480177 and parameters: {'embed_dim': 128, 'dec_emb_frac': 0.25, 'contrast_dim': 16, 'mask_ratio': 0.6423829117653066, 'dropout': 0.09796712088022909, 'n_enc_heads': 1, 'n_dec_frac': 0.5, 'dim_feedforward': 512, 'dim_feedforward_dec_frac': 0.25, 'beta': 0.2821825348330691, 'gamma': 0.015373564969368883, 'pos_weight_scalar': 4.742464776512872, 'n_enc_blocks': 2, 'n_dec_block_frac': 0.5, 'pretrain_frac': 0.75, 'lr': 0.000779385386395553, 'weight_decay': 0.0010795194718791843}. Best is trial 174 with value: 0.8843612334801763.
[I 2026-06-21 10:39:49,868] Trial 186 finished with value: 0.8821585903083701 and parameters: {'embed_dim': 128, 'dec_emb_frac': 0.25, 'contrast_dim': 16, 'mask_ratio': 0.6982076036849615, 'dropout': 0.05764932044349543, 'n_enc_heads': 1, 'n_dec_frac': 0.5, 'dim_feedforward': 512, 'dim_feedforward_dec_frac': 0.25, 'beta': 1.2363344404444978, 'gamma': 0.016961221584939713, 'pos_weight_scalar': 4.621671071341749, 'n_enc_blocks': 2, 'n_dec_block_frac': 0.5, 'pretrain_frac': 0.75, 'lr': 0.0009083049571342082, 'weight_decay': 0.0009601179233423632}. Best is trial 174 with value: 0.8843612334801763.
[I 2026-06-21 10:48:30,417] Trial 187 finished with value: 0.8755506607929515 and parameters: {'embed_dim': 128, 'dec_emb_frac': 0.25, 'contrast_dim': 16, 'mask_ratio': 0.7058912348191789, 'dropout': 0.06084772248162271, 'n_enc_heads': 1, 'n_dec_frac': 0.5, 'dim_feedforward': 512, 'dim_feedforward_dec_frac': 0.25, 'beta': 1.2062530791532304, 'gamma': 0.017658365693912523, 'pos_weight_scalar': 4.639014157906705, 'n_enc_blocks': 2, 'n_dec_block_frac': 0.5, 'pretrain_frac': 0.75, 'lr': 0.0009146460669683207, 'weight_decay': 0.0009412694646116297}. Best is trial 174 with value: 0.8843612334801763.
[I 2026-06-21 10:54:04,229] Trial 188 pruned. 
[I 2026-06-21 11:02:44,702] Trial 189 finished with value: 0.8810572687224669 and parameters: {'embed_dim': 128, 'dec_emb_frac': 0.25, 'contrast_dim': 16, 'mask_ratio': 0.697088486403879, 'dropout': 0.10736385668955603, 'n_enc_heads': 1, 'n_dec_frac': 0.5, 'dim_feedforward': 512, 'dim_feedforward_dec_frac': 0.25, 'beta': 0.5385613643110876, 'gamma': 0.027321924109755577, 'pos_weight_scalar': 4.683013001868624, 'n_enc_blocks': 2, 'n_dec_block_frac': 0.5, 'pretrain_frac': 0.75, 'lr': 0.0014935622564864696, 'weight_decay': 0.0025486636273887465}. Best is trial 174 with value: 0.8843612334801763.
[I 2026-06-21 11:11:27,397] Trial 190 finished with value: 0.8711453744493393 and parameters: {'embed_dim': 128, 'dec_emb_frac': 0.25, 'contrast_dim': 16, 'mask_ratio': 0.7168839994650307, 'dropout': 0.10757737924562885, 'n_enc_heads': 1, 'n_dec_frac': 0.5, 'dim_feedforward': 512, 'dim_feedforward_dec_frac': 0.25, 'beta': 0.5063721348970573, 'gamma': 0.03635735339505745, 'pos_weight_scalar': 4.589697599464241, 'n_enc_blocks': 2, 'n_dec_block_frac': 0.5, 'pretrain_frac': 0.75, 'lr': 0.0019322163237667975, 'weight_decay': 0.002600607912446926}. Best is trial 174 with value: 0.8843612334801763.
[2026-06-21T11:16:18.020] error: *** JOB 10022578 ON della-l01g8 CANCELLED AT 2026-06-21T11:16:18 DUE TO TIME LIMIT ***
