[I 2026-06-20 23:11:07,438] Using an existing study with name 'cmae_optimize' instead of creating a new one.
[I 2026-06-20 23:19:37,891] Trial 100 finished with value: 0.8744493392070485 and parameters: {'embed_dim': 128, 'dec_emb_frac': 0.5, 'contrast_dim': 64, 'mask_ratio': 0.7355245345839921, 'dropout': 0.08880518229655307, 'n_enc_heads': 1, 'n_dec_frac': 0.25, 'dim_feedforward': 64, 'dim_feedforward_dec_frac': 0.25, 'beta': 1.1400057416927125, 'gamma': 0.015369140796947478, 'pos_weight_scalar': 4.772255498234416, 'n_enc_blocks': 8, 'n_dec_block_frac': 0.5, 'pretrain_frac': 0.75, 'lr': 0.00035147397967086075, 'weight_decay': 0.0033573287214774725}. Best is trial 74 with value: 0.8777533039647577.
[I 2026-06-20 23:28:06,560] Trial 101 finished with value: 0.8744493392070485 and parameters: {'embed_dim': 128, 'dec_emb_frac': 0.5, 'contrast_dim': 64, 'mask_ratio': 0.7385721640373678, 'dropout': 0.08942212499032207, 'n_enc_heads': 1, 'n_dec_frac': 0.25, 'dim_feedforward': 64, 'dim_feedforward_dec_frac': 0.25, 'beta': 1.1433850868028261, 'gamma': 0.015244611101846162, 'pos_weight_scalar': 4.770751586345361, 'n_enc_blocks': 8, 'n_dec_block_frac': 0.5, 'pretrain_frac': 0.75, 'lr': 0.0005626520535067497, 'weight_decay': 0.004021733465960439}. Best is trial 74 with value: 0.8777533039647577.
[I 2026-06-20 23:36:36,450] Trial 102 finished with value: 0.8744493392070485 and parameters: {'embed_dim': 128, 'dec_emb_frac': 0.5, 'contrast_dim': 64, 'mask_ratio': 0.7375907123284098, 'dropout': 0.0577502649945172, 'n_enc_heads': 1, 'n_dec_frac': 0.25, 'dim_feedforward': 64, 'dim_feedforward_dec_frac': 0.25, 'beta': 1.272791826245527, 'gamma': 0.012427147974686149, 'pos_weight_scalar': 4.607977411426813, 'n_enc_blocks': 8, 'n_dec_block_frac': 0.5, 'pretrain_frac': 0.75, 'lr': 0.0003571242319069691, 'weight_decay': 0.002959091005794594}. Best is trial 74 with value: 0.8777533039647577.
[I 2026-06-20 23:44:55,631] Trial 103 finished with value: 0.8711453744493393 and parameters: {'embed_dim': 128, 'dec_emb_frac': 0.5, 'contrast_dim': 64, 'mask_ratio': 0.7450209992700598, 'dropout': 0.0028682021914673422, 'n_enc_heads': 1, 'n_dec_frac': 0.25, 'dim_feedforward': 64, 'dim_feedforward_dec_frac': 0.25, 'beta': 1.2022558817483238, 'gamma': 0.011936805786292306, 'pos_weight_scalar': 4.589843212418033, 'n_enc_blocks': 8, 'n_dec_block_frac': 0.5, 'pretrain_frac': 0.75, 'lr': 0.0003529526430691317, 'weight_decay': 0.0033713120481555347}. Best is trial 74 with value: 0.8777533039647577.
[I 2026-06-20 23:53:25,162] Trial 104 finished with value: 0.8733480176211453 and parameters: {'embed_dim': 128, 'dec_emb_frac': 0.5, 'contrast_dim': 64, 'mask_ratio': 0.6861298619032778, 'dropout': 0.0627913063365487, 'n_enc_heads': 1, 'n_dec_frac': 0.25, 'dim_feedforward': 64, 'dim_feedforward_dec_frac': 0.25, 'beta': 1.6466051522987089, 'gamma': 0.010114102298233849, 'pos_weight_scalar': 4.810305455790403, 'n_enc_blocks': 8, 'n_dec_block_frac': 0.5, 'pretrain_frac': 0.75, 'lr': 0.0005560965931873424, 'weight_decay': 0.0028961677441711776}. Best is trial 74 with value: 0.8777533039647577.
[I 2026-06-21 00:01:54,625] Trial 105 finished with value: 0.8777533039647577 and parameters: {'embed_dim': 128, 'dec_emb_frac': 0.5, 'contrast_dim': 64, 'mask_ratio': 0.6811506161985584, 'dropout': 0.05480468035549542, 'n_enc_heads': 1, 'n_dec_frac': 0.25, 'dim_feedforward': 64, 'dim_feedforward_dec_frac': 0.25, 'beta': 1.6444669418252653, 'gamma': 0.01005347456939426, 'pos_weight_scalar': 4.764804465890913, 'n_enc_blocks': 8, 'n_dec_block_frac': 0.5, 'pretrain_frac': 0.75, 'lr': 0.0005604564260383169, 'weight_decay': 0.002812851667690857}. Best is trial 74 with value: 0.8777533039647577.
[I 2026-06-21 00:10:12,470] Trial 106 finished with value: 0.8788546255506607 and parameters: {'embed_dim': 128, 'dec_emb_frac': 0.5, 'contrast_dim': 64, 'mask_ratio': 0.6793357794974656, 'dropout': 0.05782628439002961, 'n_enc_heads': 1, 'n_dec_frac': 0.25, 'dim_feedforward': 64, 'dim_feedforward_dec_frac': 0.25, 'beta': 1.6761069966686002, 'gamma': 0.010203719458765047, 'pos_weight_scalar': 4.992930782104726, 'n_enc_blocks': 8, 'n_dec_block_frac': 0.5, 'pretrain_frac': 0.75, 'lr': 0.0005571613973679873, 'weight_decay': 0.002412806069255178}. Best is trial 106 with value: 0.8788546255506607.
[I 2026-06-21 00:18:28,918] Trial 107 finished with value: 0.8766519823788547 and parameters: {'embed_dim': 128, 'dec_emb_frac': 0.5, 'contrast_dim': 64, 'mask_ratio': 0.7115198607869004, 'dropout': 0.05383051622383789, 'n_enc_heads': 1, 'n_dec_frac': 0.25, 'dim_feedforward': 64, 'dim_feedforward_dec_frac': 0.25, 'beta': 1.9448710325456229, 'gamma': 0.013163246046547847, 'pos_weight_scalar': 4.667191024658484, 'n_enc_blocks': 8, 'n_dec_block_frac': 0.5, 'pretrain_frac': 0.75, 'lr': 0.0006200365378026052, 'weight_decay': 0.0023501649565993298}. Best is trial 106 with value: 0.8788546255506607.
[I 2026-06-21 00:26:48,025] Trial 108 finished with value: 0.8733480176211453 and parameters: {'embed_dim': 128, 'dec_emb_frac': 0.5, 'contrast_dim': 64, 'mask_ratio': 0.6489280478508845, 'dropout': 0.024465884742964267, 'n_enc_heads': 1, 'n_dec_frac': 0.25, 'dim_feedforward': 64, 'dim_feedforward_dec_frac': 0.25, 'beta': 1.950924282200589, 'gamma': 0.01357695738043855, 'pos_weight_scalar': 4.902658322043806, 'n_enc_blocks': 8, 'n_dec_block_frac': 0.5, 'pretrain_frac': 0.75, 'lr': 0.0006285734001092373, 'weight_decay': 0.002358101149661427}. Best is trial 106 with value: 0.8788546255506607.
[I 2026-06-21 00:33:10,294] Trial 109 finished with value: 0.8766519823788547 and parameters: {'embed_dim': 128, 'dec_emb_frac': 0.5, 'contrast_dim': 16, 'mask_ratio': 0.6280466385407966, 'dropout': 0.05939853967556033, 'n_enc_heads': 1, 'n_dec_frac': 0.25, 'dim_feedforward': 64, 'dim_feedforward_dec_frac': 0.25, 'beta': 1.513929049785749, 'gamma': 0.013192168097222963, 'pos_weight_scalar': 4.777277751797474, 'n_enc_blocks': 8, 'n_dec_block_frac': 0.5, 'pretrain_frac': 0.5, 'lr': 0.0008618391828767811, 'weight_decay': 0.00169218606122134}. Best is trial 106 with value: 0.8788546255506607.
[I 2026-06-21 00:39:28,759] Trial 110 finished with value: 0.8722466960352423 and parameters: {'embed_dim': 128, 'dec_emb_frac': 0.5, 'contrast_dim': 16, 'mask_ratio': 0.701864224369345, 'dropout': 0.07940428878870252, 'n_enc_heads': 1, 'n_dec_frac': 0.25, 'dim_feedforward': 64, 'dim_feedforward_dec_frac': 0.25, 'beta': 1.780288470990606, 'gamma': 0.011016653927677984, 'pos_weight_scalar': 4.968971797689204, 'n_enc_blocks': 8, 'n_dec_block_frac': 0.5, 'pretrain_frac': 0.5, 'lr': 0.0005804156313868324, 'weight_decay': 0.001422201346516979}. Best is trial 106 with value: 0.8788546255506607.
[I 2026-06-21 00:45:44,800] Trial 111 finished with value: 0.8755506607929515 and parameters: {'embed_dim': 128, 'dec_emb_frac': 0.5, 'contrast_dim': 16, 'mask_ratio': 0.6308056390941821, 'dropout': 0.058641580711632835, 'n_enc_heads': 1, 'n_dec_frac': 0.25, 'dim_feedforward': 64, 'dim_feedforward_dec_frac': 0.25, 'beta': 1.4743402373889647, 'gamma': 0.01317944458807336, 'pos_weight_scalar': 4.735536033250456, 'n_enc_blocks': 8, 'n_dec_block_frac': 0.5, 'pretrain_frac': 0.5, 'lr': 0.0010164871339911848, 'weight_decay': 0.0020729800119244093}. Best is trial 106 with value: 0.8788546255506607.
[I 2026-06-21 00:51:31,524] Trial 112 pruned. 
[I 2026-06-21 00:58:16,702] Trial 113 finished with value: 0.8689427312775331 and parameters: {'embed_dim': 128, 'dec_emb_frac': 0.5, 'contrast_dim': 16, 'mask_ratio': 0.6732554814777065, 'dropout': 0.07379223029480143, 'n_enc_heads': 1, 'n_dec_frac': 0.25, 'dim_feedforward': 64, 'dim_feedforward_dec_frac': 0.25, 'beta': 1.425149844514059, 'gamma': 0.017858239667476627, 'pos_weight_scalar': 4.845647141442031, 'n_enc_blocks': 8, 'n_dec_block_frac': 0.5, 'pretrain_frac': 0.5, 'lr': 0.0008198786633082485, 'weight_decay': 0.0018027554567034846}. Best is trial 106 with value: 0.8788546255506607.
[I 2026-06-21 01:04:35,427] Trial 114 finished with value: 0.8700440528634361 and parameters: {'embed_dim': 128, 'dec_emb_frac': 0.5, 'contrast_dim': 16, 'mask_ratio': 0.6362119296970596, 'dropout': 0.04553294094712852, 'n_enc_heads': 1, 'n_dec_frac': 0.25, 'dim_feedforward': 64, 'dim_feedforward_dec_frac': 0.25, 'beta': 2.0207223030019934, 'gamma': 0.015371348840560796, 'pos_weight_scalar': 4.523466714134893, 'n_enc_blocks': 8, 'n_dec_block_frac': 0.5, 'pretrain_frac': 0.5, 'lr': 0.0009504886233969753, 'weight_decay': 0.0016079650168015238}. Best is trial 106 with value: 0.8788546255506607.
[I 2026-06-21 01:10:19,888] Trial 115 pruned. 
[I 2026-06-21 01:17:23,040] Trial 116 finished with value: 0.8678414096916299 and parameters: {'embed_dim': 128, 'dec_emb_frac': 0.25, 'contrast_dim': 16, 'mask_ratio': 0.6586567155472435, 'dropout': 0.009549023300911064, 'n_enc_heads': 1, 'n_dec_frac': 0.25, 'dim_feedforward': 64, 'dim_feedforward_dec_frac': 0.25, 'beta': 1.0940986544988944, 'gamma': 0.03312775797572686, 'pos_weight_scalar': 4.982026660330265, 'n_enc_blocks': 8, 'n_dec_block_frac': 0.5, 'pretrain_frac': 0.5, 'lr': 0.0010782357547080084, 'weight_decay': 0.0022451094430310735}. Best is trial 106 with value: 0.8788546255506607.
[I 2026-06-21 01:23:44,024] Trial 117 finished with value: 0.8799559471365639 and parameters: {'embed_dim': 128, 'dec_emb_frac': 0.5, 'contrast_dim': 16, 'mask_ratio': 0.6792711751470346, 'dropout': 0.05702310639395711, 'n_enc_heads': 1, 'n_dec_frac': 0.25, 'dim_feedforward': 64, 'dim_feedforward_dec_frac': 0.25, 'beta': 1.5429409861839893, 'gamma': 0.025888816466848413, 'pos_weight_scalar': 4.693543559580767, 'n_enc_blocks': 8, 'n_dec_block_frac': 0.5, 'pretrain_frac': 0.5, 'lr': 0.00046496691740835906, 'weight_decay': 0.0019443235986656435}. Best is trial 117 with value: 0.8799559471365639.
[I 2026-06-21 01:29:52,107] Trial 118 finished with value: 0.8711453744493393 and parameters: {'embed_dim': 128, 'dec_emb_frac': 0.5, 'contrast_dim': 16, 'mask_ratio': 0.6931079854891563, 'dropout': 0.06871412218462017, 'n_enc_heads': 1, 'n_dec_frac': 0.25, 'dim_feedforward': 64, 'dim_feedforward_dec_frac': 0.25, 'beta': 1.3986616423674874, 'gamma': 0.02562891819932793, 'pos_weight_scalar': 4.689196096725791, 'n_enc_blocks': 8, 'n_dec_block_frac': 0.5, 'pretrain_frac': 0.5, 'lr': 0.00046032197032569086, 'weight_decay': 0.0018877536309240507}. Best is trial 117 with value: 0.8799559471365639.
[I 2026-06-21 01:35:35,149] Trial 119 pruned. 
[I 2026-06-21 01:41:19,050] Trial 120 pruned. 
[I 2026-06-21 01:46:59,659] Trial 121 pruned. 
[I 2026-06-21 01:55:31,421] Trial 122 finished with value: 0.8612334801762115 and parameters: {'embed_dim': 128, 'dec_emb_frac': 0.5, 'contrast_dim': 16, 'mask_ratio': 0.676404018582053, 'dropout': 0.026131958503365773, 'n_enc_heads': 1, 'n_dec_frac': 0.25, 'dim_feedforward': 64, 'dim_feedforward_dec_frac': 0.25, 'beta': 2.1080038836125072, 'gamma': 0.013051049090943007, 'pos_weight_scalar': 4.661561825788416, 'n_enc_blocks': 8, 'n_dec_block_frac': 0.5, 'pretrain_frac': 0.75, 'lr': 0.00042706969098279466, 'weight_decay': 0.00229462959374815}. Best is trial 117 with value: 0.8799559471365639.
[I 2026-06-21 02:04:01,680] Trial 123 finished with value: 0.8722466960352423 and parameters: {'embed_dim': 128, 'dec_emb_frac': 0.5, 'contrast_dim': 16, 'mask_ratio': 0.6828341134773926, 'dropout': 0.05973167779396891, 'n_enc_heads': 1, 'n_dec_frac': 0.25, 'dim_feedforward': 64, 'dim_feedforward_dec_frac': 0.25, 'beta': 0.27421085275492574, 'gamma': 0.037952913290026286, 'pos_weight_scalar': 4.472218692990922, 'n_enc_blocks': 8, 'n_dec_block_frac': 0.5, 'pretrain_frac': 0.75, 'lr': 0.0009022174845537001, 'weight_decay': 0.0012660150039874828}. Best is trial 117 with value: 0.8799559471365639.
[I 2026-06-21 02:12:40,515] Trial 124 finished with value: 0.8744493392070485 and parameters: {'embed_dim': 128, 'dec_emb_frac': 0.5, 'contrast_dim': 64, 'mask_ratio': 0.7309265455387439, 'dropout': 0.04509814245346205, 'n_enc_heads': 1, 'n_dec_frac': 0.25, 'dim_feedforward': 64, 'dim_feedforward_dec_frac': 0.25, 'beta': 1.3630907958900482, 'gamma': 0.017641390891557356, 'pos_weight_scalar': 4.8001417664155905, 'n_enc_blocks': 8, 'n_dec_block_frac': 0.5, 'pretrain_frac': 0.75, 'lr': 0.0005873379180209315, 'weight_decay': 0.0027191536466475374}. Best is trial 117 with value: 0.8799559471365639.
[I 2026-06-21 02:19:30,941] Trial 125 finished with value: 0.8667400881057269 and parameters: {'embed_dim': 128, 'dec_emb_frac': 0.5, 'contrast_dim': 16, 'mask_ratio': 0.6572163594044884, 'dropout': 0.015585796525186164, 'n_enc_heads': 1, 'n_dec_frac': 0.25, 'dim_feedforward': 64, 'dim_feedforward_dec_frac': 0.25, 'beta': 1.1674090821160117, 'gamma': 0.016350247053895386, 'pos_weight_scalar': 4.566797118266344, 'n_enc_blocks': 8, 'n_dec_block_frac': 0.5, 'pretrain_frac': 0.5, 'lr': 0.0004813352191769939, 'weight_decay': 0.0015875967318666182}. Best is trial 117 with value: 0.8799559471365639.
[I 2026-06-21 02:28:41,700] Trial 126 finished with value: 0.8722466960352423 and parameters: {'embed_dim': 128, 'dec_emb_frac': 0.5, 'contrast_dim': 64, 'mask_ratio': 0.6381625747511869, 'dropout': 0.07851447450265321, 'n_enc_heads': 1, 'n_dec_frac': 0.25, 'dim_feedforward': 64, 'dim_feedforward_dec_frac': 0.25, 'beta': 1.5548606761179318, 'gamma': 0.02482763819562086, 'pos_weight_scalar': 4.906340717199245, 'n_enc_blocks': 8, 'n_dec_block_frac': 0.5, 'pretrain_frac': 0.75, 'lr': 0.0003941202784315511, 'weight_decay': 0.003458691209707344}. Best is trial 117 with value: 0.8799559471365639.
[I 2026-06-21 02:41:00,769] Trial 127 pruned. 
[I 2026-06-21 02:49:04,332] Trial 128 pruned. 
[I 2026-06-21 02:55:11,561] Trial 129 finished with value: 0.8711453744493393 and parameters: {'embed_dim': 128, 'dec_emb_frac': 0.5, 'contrast_dim': 64, 'mask_ratio': 0.5931799787468074, 'dropout': 0.0710388291673861, 'n_enc_heads': 1, 'n_dec_frac': 0.25, 'dim_feedforward': 64, 'dim_feedforward_dec_frac': 0.25, 'beta': 1.49467889557485, 'gamma': 0.021393271449368458, 'pos_weight_scalar': 4.423489464288291, 'n_enc_blocks': 8, 'n_dec_block_frac': 0.5, 'pretrain_frac': 0.5, 'lr': 0.00044577868285818604, 'weight_decay': 0.0024091504367626114}. Best is trial 117 with value: 0.8799559471365639.
[I 2026-06-21 03:04:24,891] Trial 130 finished with value: 0.8788546255506607 and parameters: {'embed_dim': 128, 'dec_emb_frac': 0.25, 'contrast_dim': 16, 'mask_ratio': 0.6856577600737881, 'dropout': 0.09069485974991343, 'n_enc_heads': 1, 'n_dec_frac': 0.25, 'dim_feedforward': 64, 'dim_feedforward_dec_frac': 0.25, 'beta': 1.1266863575972852, 'gamma': 0.011136103871460487, 'pos_weight_scalar': 4.641952427045025, 'n_enc_blocks': 8, 'n_dec_block_frac': 0.5, 'pretrain_frac': 0.75, 'lr': 0.0005334165735772226, 'weight_decay': 0.002678491563115485}. Best is trial 117 with value: 0.8799559471365639.
[I 2026-06-21 03:13:04,055] Trial 131 finished with value: 0.8689427312775331 and parameters: {'embed_dim': 128, 'dec_emb_frac': 0.25, 'contrast_dim': 16, 'mask_ratio': 0.6605165032694267, 'dropout': 0.08733966740214062, 'n_enc_heads': 1, 'n_dec_frac': 0.25, 'dim_feedforward': 64, 'dim_feedforward_dec_frac': 0.25, 'beta': 1.091014189393683, 'gamma': 0.012536335801181145, 'pos_weight_scalar': 4.995510984923646, 'n_enc_blocks': 8, 'n_dec_block_frac': 0.5, 'pretrain_frac': 0.75, 'lr': 0.0005201848533621407, 'weight_decay': 0.0027358398213604266}. Best is trial 117 with value: 0.8799559471365639.
[I 2026-06-21 03:21:46,374] Trial 132 finished with value: 0.8700440528634361 and parameters: {'embed_dim': 128, 'dec_emb_frac': 0.25, 'contrast_dim': 16, 'mask_ratio': 0.6975685248537947, 'dropout': 0.05645796237147924, 'n_enc_heads': 1, 'n_dec_frac': 0.25, 'dim_feedforward': 64, 'dim_feedforward_dec_frac': 0.25, 'beta': 1.7110087135452532, 'gamma': 0.011099119541587519, 'pos_weight_scalar': 4.625869649017462, 'n_enc_blocks': 8, 'n_dec_block_frac': 0.5, 'pretrain_frac': 0.75, 'lr': 0.00046437291393781866, 'weight_decay': 0.0020591843649339814}. Best is trial 117 with value: 0.8799559471365639.
[I 2026-06-21 03:30:53,999] Trial 133 finished with value: 0.8799559471365639 and parameters: {'embed_dim': 128, 'dec_emb_frac': 0.25, 'contrast_dim': 16, 'mask_ratio': 0.7275715894129123, 'dropout': 0.0938233951369786, 'n_enc_heads': 1, 'n_dec_frac': 0.25, 'dim_feedforward': 64, 'dim_feedforward_dec_frac': 0.25, 'beta': 0.7433609836807441, 'gamma': 0.014728661106379718, 'pos_weight_scalar': 4.759506328127436, 'n_enc_blocks': 8, 'n_dec_block_frac': 0.5, 'pretrain_frac': 0.75, 'lr': 0.000725277136398985, 'weight_decay': 0.003804631506401299}. Best is trial 117 with value: 0.8799559471365639.
[I 2026-06-21 03:40:02,029] Trial 134 finished with value: 0.8656387665198237 and parameters: {'embed_dim': 128, 'dec_emb_frac': 0.25, 'contrast_dim': 16, 'mask_ratio': 0.6860662548103695, 'dropout': 0.041483298333681945, 'n_enc_heads': 1, 'n_dec_frac': 0.25, 'dim_feedforward': 64, 'dim_feedforward_dec_frac': 0.25, 'beta': 0.7624114543802507, 'gamma': 0.017669056352290664, 'pos_weight_scalar': 4.516449966219967, 'n_enc_blocks': 8, 'n_dec_block_frac': 0.5, 'pretrain_frac': 0.75, 'lr': 0.0007358983888872744, 'weight_decay': 0.0017616538579707055}. Best is trial 117 with value: 0.8799559471365639.
[I 2026-06-21 03:49:01,797] Trial 135 finished with value: 0.8678414096916299 and parameters: {'embed_dim': 128, 'dec_emb_frac': 0.25, 'contrast_dim': 16, 'mask_ratio': 0.6430062334453989, 'dropout': 0.06562995314740111, 'n_enc_heads': 1, 'n_dec_frac': 0.25, 'dim_feedforward': 64, 'dim_feedforward_dec_frac': 0.25, 'beta': 0.26911362636830827, 'gamma': 0.013941129146188233, 'pos_weight_scalar': 4.843629628926208, 'n_enc_blocks': 8, 'n_dec_block_frac': 0.5, 'pretrain_frac': 0.75, 'lr': 0.0008196770027623282, 'weight_decay': 0.002519567384486844}. Best is trial 117 with value: 0.8799559471365639.
[I 2026-06-21 03:56:59,396] Trial 136 pruned. 
[I 2026-06-21 04:04:50,781] Trial 137 pruned. 
[I 2026-06-21 04:13:43,877] Trial 138 finished with value: 0.8733480176211453 and parameters: {'embed_dim': 128, 'dec_emb_frac': 0.25, 'contrast_dim': 16, 'mask_ratio': 0.704217050692391, 'dropout': 0.1168474572962256, 'n_enc_heads': 1, 'n_dec_frac': 0.25, 'dim_feedforward': 64, 'dim_feedforward_dec_frac': 0.25, 'beta': 0.5017850190856106, 'gamma': 0.022629341513420786, 'pos_weight_scalar': 4.87979977923519, 'n_enc_blocks': 8, 'n_dec_block_frac': 0.5, 'pretrain_frac': 0.75, 'lr': 0.0006643765736457191, 'weight_decay': 0.002763116184114277}. Best is trial 117 with value: 0.8799559471365639.
[I 2026-06-21 04:19:10,050] Trial 139 pruned. 
[I 2026-06-21 04:28:04,161] Trial 140 finished with value: 0.8755506607929515 and parameters: {'embed_dim': 128, 'dec_emb_frac': 0.25, 'contrast_dim': 16, 'mask_ratio': 0.6948916187520178, 'dropout': 0.04675811475036716, 'n_enc_heads': 1, 'n_dec_frac': 0.25, 'dim_feedforward': 512, 'dim_feedforward_dec_frac': 0.25, 'beta': 1.313556476926039, 'gamma': 0.016538143459965654, 'pos_weight_scalar': 4.457527205701287, 'n_enc_blocks': 8, 'n_dec_block_frac': 0.5, 'pretrain_frac': 0.75, 'lr': 0.0004121242305446051, 'weight_decay': 0.0013121270214794002}. Best is trial 117 with value: 0.8799559471365639.
[I 2026-06-21 04:36:11,039] Trial 141 finished with value: 0.8634361233480177 and parameters: {'embed_dim': 128, 'dec_emb_frac': 0.25, 'contrast_dim': 16, 'mask_ratio': 0.6933506903021449, 'dropout': 0.033484896382123264, 'n_enc_heads': 1, 'n_dec_frac': 0.25, 'dim_feedforward': 64, 'dim_feedforward_dec_frac': 0.25, 'beta': 1.307477229324328, 'gamma': 0.016355934382597054, 'pos_weight_scalar': 4.37835952012321, 'n_enc_blocks': 8, 'n_dec_block_frac': 0.5, 'pretrain_frac': 0.75, 'lr': 0.0004274950182537339, 'weight_decay': 0.003586362535451519}. Best is trial 117 with value: 0.8799559471365639.
[I 2026-06-21 04:45:12,274] Trial 142 finished with value: 0.8766519823788547 and parameters: {'embed_dim': 128, 'dec_emb_frac': 0.25, 'contrast_dim': 16, 'mask_ratio': 0.6661040761982023, 'dropout': 0.04889255325475267, 'n_enc_heads': 1, 'n_dec_frac': 0.25, 'dim_feedforward': 512, 'dim_feedforward_dec_frac': 0.25, 'beta': 1.4265399737908482, 'gamma': 0.014927467622903418, 'pos_weight_scalar': 4.457423453340739, 'n_enc_blocks': 8, 'n_dec_block_frac': 0.5, 'pretrain_frac': 0.75, 'lr': 0.0004908560401431154, 'weight_decay': 0.0011809633244355613}. Best is trial 117 with value: 0.8799559471365639.
[I 2026-06-21 04:53:29,210] Trial 143 finished with value: 0.8799559471365639 and parameters: {'embed_dim': 128, 'dec_emb_frac': 0.25, 'contrast_dim': 16, 'mask_ratio': 0.6587475649823634, 'dropout': 0.048068176859869347, 'n_enc_heads': 1, 'n_dec_frac': 0.25, 'dim_feedforward': 512, 'dim_feedforward_dec_frac': 0.25, 'beta': 1.391041193041775, 'gamma': 0.010740928679985995, 'pos_weight_scalar': 4.4634009459156685, 'n_enc_blocks': 8, 'n_dec_block_frac': 0.5, 'pretrain_frac': 0.75, 'lr': 0.0005115907446171349, 'weight_decay': 0.0010832125226381759}. Best is trial 117 with value: 0.8799559471365639.
[I 2026-06-21 05:01:47,607] Trial 144 finished with value: 0.8700440528634361 and parameters: {'embed_dim': 128, 'dec_emb_frac': 0.25, 'contrast_dim': 16, 'mask_ratio': 0.6644270825648909, 'dropout': 0.04824243211067311, 'n_enc_heads': 1, 'n_dec_frac': 0.25, 'dim_feedforward': 512, 'dim_feedforward_dec_frac': 0.25, 'beta': 1.4657992028168352, 'gamma': 0.012257801890031542, 'pos_weight_scalar': 4.236507060608737, 'n_enc_blocks': 8, 'n_dec_block_frac': 0.5, 'pretrain_frac': 0.75, 'lr': 0.0005106970456707048, 'weight_decay': 0.0010259041834124898}. Best is trial 117 with value: 0.8799559471365639.
