[I 2026-09-22 02:04:18,451] Using an existing study with name 'cmae_optimize_freq' instead of creating a new one.
[I 2026-09-22 02:19:16,328] Trial 50 pruned. 
[I 2026-09-22 02:33:55,777] Trial 51 pruned. 
[I 2026-09-22 02:49:40,863] Trial 52 finished with value: 0.7484276729559748 and parameters: {'embed_dim': 64, 'dec_emb_frac': 0.5, 'contrast_dim': 32, 'mask_ratio': 0.7177677245116632, 'dropout': 0.07056568229696282, 'n_enc_heads': 1, 'n_dec_frac': 1.0, 'dim_feedforward': 128, 'dim_feedforward_dec_frac': 1.0, 'beta': 6.279899816822805, 'gamma': 0.6103277280245476, 'pos_weight_scalar': 3.9540051154103115, 'focal_gamma': 2.751900170226068, 'n_enc_blocks': 6, 'n_dec_block_frac': 0.25, 'pretrain_frac': 0.8840720229595558, 'lr': 0.0012837254020908566, 'weight_decay': 0.0014399359977619569}. Best is trial 32 with value: 0.7835051546391752.
[I 2026-09-22 03:04:22,965] Trial 53 finished with value: 0.749185667752443 and parameters: {'embed_dim': 64, 'dec_emb_frac': 0.5, 'contrast_dim': 32, 'mask_ratio': 0.6607706616725564, 'dropout': 0.05066515165687693, 'n_enc_heads': 1, 'n_dec_frac': 1.0, 'dim_feedforward': 128, 'dim_feedforward_dec_frac': 1.0, 'beta': 8.885532510381188, 'gamma': 0.5511324751284084, 'pos_weight_scalar': 4.14374936093115, 'focal_gamma': 2.8709521239975806, 'n_enc_blocks': 6, 'n_dec_block_frac': 0.25, 'pretrain_frac': 0.8408744725843652, 'lr': 0.0007741998678742106, 'weight_decay': 0.0016660698172272148}. Best is trial 32 with value: 0.7835051546391752.
[I 2026-09-22 03:19:31,008] Trial 54 finished with value: 0.7671232876712328 and parameters: {'embed_dim': 64, 'dec_emb_frac': 0.5, 'contrast_dim': 32, 'mask_ratio': 0.7284633656860597, 'dropout': 0.12936637743513674, 'n_enc_heads': 1, 'n_dec_frac': 1.0, 'dim_feedforward': 128, 'dim_feedforward_dec_frac': 1.0, 'beta': 8.225766356516685, 'gamma': 0.44592770049809927, 'pos_weight_scalar': 3.894321457539966, 'focal_gamma': 2.2212118382990225, 'n_enc_blocks': 6, 'n_dec_block_frac': 0.25, 'pretrain_frac': 0.8629541591012091, 'lr': 0.0017654279446529268, 'weight_decay': 0.0012943598472335799}. Best is trial 32 with value: 0.7835051546391752.
[I 2026-09-22 03:35:09,123] Trial 55 finished with value: 0.7744107744107744 and parameters: {'embed_dim': 64, 'dec_emb_frac': 1.0, 'contrast_dim': 32, 'mask_ratio': 0.3832039806208907, 'dropout': 0.13436082602837673, 'n_enc_heads': 1, 'n_dec_frac': 1.0, 'dim_feedforward': 128, 'dim_feedforward_dec_frac': 1.0, 'beta': 8.450092854607043, 'gamma': 0.3052981379798354, 'pos_weight_scalar': 3.4627543082087326, 'focal_gamma': 2.320330506296908, 'n_enc_blocks': 6, 'n_dec_block_frac': 0.25, 'pretrain_frac': 0.8600097091585204, 'lr': 0.0018101076974770913, 'weight_decay': 0.001335554660827538}. Best is trial 32 with value: 0.7835051546391752.
[I 2026-09-22 03:49:48,588] Trial 56 pruned. 
[I 2026-09-22 04:04:49,283] Trial 57 finished with value: 0.7759197324414716 and parameters: {'embed_dim': 64, 'dec_emb_frac': 1.0, 'contrast_dim': 32, 'mask_ratio': 0.6762307897816384, 'dropout': 0.17970751679202648, 'n_enc_heads': 1, 'n_dec_frac': 1.0, 'dim_feedforward': 128, 'dim_feedforward_dec_frac': 1.0, 'beta': 7.867679288637184, 'gamma': 0.24015344246941298, 'pos_weight_scalar': 2.9426869402213867, 'focal_gamma': 1.5971907329633044, 'n_enc_blocks': 6, 'n_dec_block_frac': 0.25, 'pretrain_frac': 0.8210529528645208, 'lr': 0.0018062588019751634, 'weight_decay': 0.0008401017895772164}. Best is trial 32 with value: 0.7835051546391752.
[I 2026-09-22 04:19:01,596] Trial 58 pruned. 
[I 2026-09-22 04:35:38,688] Trial 59 pruned. 
[I 2026-09-22 04:49:42,032] Trial 60 pruned. 
[I 2026-09-22 05:04:13,724] Trial 61 pruned. 
[I 2026-09-22 05:20:00,959] Trial 62 finished with value: 0.7542087542087542 and parameters: {'embed_dim': 64, 'dec_emb_frac': 1.0, 'contrast_dim': 32, 'mask_ratio': 0.6188451456709239, 'dropout': 0.12232687533439326, 'n_enc_heads': 1, 'n_dec_frac': 1.0, 'dim_feedforward': 128, 'dim_feedforward_dec_frac': 1.0, 'beta': 5.805117783354368, 'gamma': 0.39577050889031773, 'pos_weight_scalar': 3.672736556324624, 'focal_gamma': 2.2581596093283225, 'n_enc_blocks': 6, 'n_dec_block_frac': 0.25, 'pretrain_frac': 0.8810189038492425, 'lr': 0.001864344839037758, 'weight_decay': 0.0019808559669825063}. Best is trial 32 with value: 0.7835051546391752.
[I 2026-09-22 05:35:26,118] Trial 63 finished with value: 0.7762237762237763 and parameters: {'embed_dim': 64, 'dec_emb_frac': 1.0, 'contrast_dim': 32, 'mask_ratio': 0.6419034222703354, 'dropout': 0.10527070974573016, 'n_enc_heads': 1, 'n_dec_frac': 1.0, 'dim_feedforward': 128, 'dim_feedforward_dec_frac': 1.0, 'beta': 6.821857014524605, 'gamma': 0.2831322855815326, 'pos_weight_scalar': 3.264223887654463, 'focal_gamma': 0.7099339896580812, 'n_enc_blocks': 6, 'n_dec_block_frac': 0.25, 'pretrain_frac': 0.8544940683172128, 'lr': 0.0016862371880215453, 'weight_decay': 0.0027156482053036913}. Best is trial 32 with value: 0.7835051546391752.
[I 2026-09-22 05:51:02,849] Trial 64 finished with value: 0.7635135135135135 and parameters: {'embed_dim': 64, 'dec_emb_frac': 1.0, 'contrast_dim': 32, 'mask_ratio': 0.7234348122687845, 'dropout': 0.11913286666577858, 'n_enc_heads': 1, 'n_dec_frac': 1.0, 'dim_feedforward': 128, 'dim_feedforward_dec_frac': 1.0, 'beta': 7.007219830778711, 'gamma': 0.19834272616567436, 'pos_weight_scalar': 2.665243343617576, 'focal_gamma': 0.6157624508186651, 'n_enc_blocks': 6, 'n_dec_block_frac': 0.25, 'pretrain_frac': 0.8627530899015146, 'lr': 0.0011868091395744284, 'weight_decay': 0.0030248357411951834}. Best is trial 32 with value: 0.7835051546391752.
[I 2026-09-22 06:05:40,048] Trial 65 pruned. 
[I 2026-09-22 06:20:54,250] Trial 66 finished with value: 0.7735191637630662 and parameters: {'embed_dim': 64, 'dec_emb_frac': 1.0, 'contrast_dim': 32, 'mask_ratio': 0.6395532937298134, 'dropout': 0.12401935682764276, 'n_enc_heads': 1, 'n_dec_frac': 1.0, 'dim_feedforward': 128, 'dim_feedforward_dec_frac': 1.0, 'beta': 6.846269799966874, 'gamma': 0.26704829890672394, 'pos_weight_scalar': 3.2347697390193373, 'focal_gamma': 1.0594706310587059, 'n_enc_blocks': 6, 'n_dec_block_frac': 0.25, 'pretrain_frac': 0.8580232687143163, 'lr': 0.0016550547696676974, 'weight_decay': 0.0031567406086856664}. Best is trial 32 with value: 0.7835051546391752.
[I 2026-09-22 06:36:58,837] Trial 67 finished with value: 0.7527675276752768 and parameters: {'embed_dim': 64, 'dec_emb_frac': 1.0, 'contrast_dim': 32, 'mask_ratio': 0.6525151345570733, 'dropout': 0.12424947349844047, 'n_enc_heads': 1, 'n_dec_frac': 1.0, 'dim_feedforward': 128, 'dim_feedforward_dec_frac': 0.5, 'beta': 6.905344690149082, 'gamma': 0.12654098096028726, 'pos_weight_scalar': 3.405537944561357, 'focal_gamma': 1.0616213023727277, 'n_enc_blocks': 6, 'n_dec_block_frac': 0.25, 'pretrain_frac': 0.7753065819833709, 'lr': 0.0009726833992466592, 'weight_decay': 0.003190604476563247}. Best is trial 32 with value: 0.7835051546391752.
[I 2026-09-22 06:52:55,179] Trial 68 finished with value: 0.7571428571428571 and parameters: {'embed_dim': 64, 'dec_emb_frac': 1.0, 'contrast_dim': 32, 'mask_ratio': 0.587346675036347, 'dropout': 0.1689067479128169, 'n_enc_heads': 1, 'n_dec_frac': 1.0, 'dim_feedforward': 128, 'dim_feedforward_dec_frac': 1.0, 'beta': 8.232511007854267, 'gamma': 0.1490274540162754, 'pos_weight_scalar': 2.4794499249587423, 'focal_gamma': 0.9087403061096294, 'n_enc_blocks': 6, 'n_dec_block_frac': 0.25, 'pretrain_frac': 0.8619778556438896, 'lr': 0.0020703880413649317, 'weight_decay': 0.0036621767467411147}. Best is trial 32 with value: 0.7835051546391752.
[I 2026-09-22 07:07:18,230] Trial 69 pruned. 
[I 2026-09-22 07:21:41,396] Trial 70 finished with value: 0.7741935483870968 and parameters: {'embed_dim': 128, 'dec_emb_frac': 1.0, 'contrast_dim': 32, 'mask_ratio': 0.7249421161130148, 'dropout': 0.11982668022856707, 'n_enc_heads': 1, 'n_dec_frac': 0.25, 'dim_feedforward': 128, 'dim_feedforward_dec_frac': 1.0, 'beta': 7.0259403931534345, 'gamma': 0.2839479947603251, 'pos_weight_scalar': 2.7258271398241414, 'focal_gamma': 1.4058111602797156, 'n_enc_blocks': 6, 'n_dec_block_frac': 0.25, 'pretrain_frac': 0.8138787089279329, 'lr': 0.0008000597025971237, 'weight_decay': 0.004930364570759627}. Best is trial 32 with value: 0.7835051546391752.
[I 2026-09-22 07:34:31,456] Trial 71 pruned. 
[I 2026-09-22 07:49:49,595] Trial 72 finished with value: 0.7615658362989324 and parameters: {'embed_dim': 128, 'dec_emb_frac': 1.0, 'contrast_dim': 32, 'mask_ratio': 0.7169788060253528, 'dropout': 0.1207267104493671, 'n_enc_heads': 1, 'n_dec_frac': 0.25, 'dim_feedforward': 128, 'dim_feedforward_dec_frac': 1.0, 'beta': 7.12134088275541, 'gamma': 0.18642416902761136, 'pos_weight_scalar': 2.7620753705894314, 'focal_gamma': 1.1590013470697347, 'n_enc_blocks': 6, 'n_dec_block_frac': 0.25, 'pretrain_frac': 0.8186320596092199, 'lr': 0.0011767775632597966, 'weight_decay': 0.009816262429098752}. Best is trial 32 with value: 0.7835051546391752.
[I 2026-09-22 08:04:25,368] Trial 73 finished with value: 0.7647058823529411 and parameters: {'embed_dim': 128, 'dec_emb_frac': 1.0, 'contrast_dim': 32, 'mask_ratio': 0.7236794847065594, 'dropout': 0.136668048153304, 'n_enc_heads': 1, 'n_dec_frac': 0.25, 'dim_feedforward': 128, 'dim_feedforward_dec_frac': 1.0, 'beta': 6.273806388199571, 'gamma': 0.22911570793209357, 'pos_weight_scalar': 2.9788568505818267, 'focal_gamma': 1.5623769598261126, 'n_enc_blocks': 6, 'n_dec_block_frac': 0.25, 'pretrain_frac': 0.8020073873690168, 'lr': 0.0013915490368990391, 'weight_decay': 0.008030266606133455}. Best is trial 32 with value: 0.7835051546391752.
[I 2026-09-22 08:18:17,902] Trial 74 pruned. 
[I 2026-09-22 08:32:32,993] Trial 75 finished with value: 0.7635135135135135 and parameters: {'embed_dim': 128, 'dec_emb_frac': 1.0, 'contrast_dim': 32, 'mask_ratio': 0.6713202470119876, 'dropout': 0.15758441905828385, 'n_enc_heads': 1, 'n_dec_frac': 0.25, 'dim_feedforward': 128, 'dim_feedforward_dec_frac': 1.0, 'beta': 7.594988672486033, 'gamma': 0.46796753730552615, 'pos_weight_scalar': 3.2236297432577086, 'focal_gamma': 1.6410336233957183, 'n_enc_blocks': 6, 'n_dec_block_frac': 0.25, 'pretrain_frac': 0.804640184041648, 'lr': 0.0013770722413110144, 'weight_decay': 0.008635292307939918}. Best is trial 32 with value: 0.7835051546391752.
[I 2026-09-22 08:46:42,309] Trial 76 finished with value: 0.7524752475247525 and parameters: {'embed_dim': 128, 'dec_emb_frac': 1.0, 'contrast_dim': 32, 'mask_ratio': 0.7328455714569546, 'dropout': 0.08745673008509386, 'n_enc_heads': 1, 'n_dec_frac': 0.25, 'dim_feedforward': 128, 'dim_feedforward_dec_frac': 1.0, 'beta': 5.864255079483922, 'gamma': 0.27889825556931097, 'pos_weight_scalar': 3.831383991555601, 'focal_gamma': 0.8902427131386311, 'n_enc_blocks': 6, 'n_dec_block_frac': 0.25, 'pretrain_frac': 0.7877339514441256, 'lr': 0.0004075544803878191, 'weight_decay': 0.007473574657994924}. Best is trial 32 with value: 0.7835051546391752.
[I 2026-09-22 09:02:00,883] Trial 77 finished with value: 0.7929824561403509 and parameters: {'embed_dim': 128, 'dec_emb_frac': 1.0, 'contrast_dim': 32, 'mask_ratio': 0.6432549895129309, 'dropout': 0.17548884382616234, 'n_enc_heads': 1, 'n_dec_frac': 0.25, 'dim_feedforward': 128, 'dim_feedforward_dec_frac': 1.0, 'beta': 6.3995105157297125, 'gamma': 0.3542547591110353, 'pos_weight_scalar': 3.433549381299146, 'focal_gamma': 1.792458388799441, 'n_enc_blocks': 6, 'n_dec_block_frac': 0.25, 'pretrain_frac': 0.8355540202246319, 'lr': 0.0005908039267519742, 'weight_decay': 0.005106454139850454}. Best is trial 77 with value: 0.7929824561403509.
[I 2026-09-22 09:16:19,538] Trial 78 pruned. 
[I 2026-09-22 09:37:00,852] Trial 79 finished with value: 0.7748344370860927 and parameters: {'embed_dim': 512, 'dec_emb_frac': 1.0, 'contrast_dim': 32, 'mask_ratio': 0.5896138348466232, 'dropout': 0.1717553373377349, 'n_enc_heads': 1, 'n_dec_frac': 0.25, 'dim_feedforward': 128, 'dim_feedforward_dec_frac': 1.0, 'beta': 5.589788242349498, 'gamma': 0.4630426035610439, 'pos_weight_scalar': 3.6333638093543112, 'focal_gamma': 1.4153990814039974, 'n_enc_blocks': 6, 'n_dec_block_frac': 0.25, 'pretrain_frac': 0.8196027521273963, 'lr': 0.0004507123550126966, 'weight_decay': 0.00388502906785351}. Best is trial 77 with value: 0.7929824561403509.
[I 2026-09-22 09:56:15,026] Trial 80 finished with value: 0.7708333333333334 and parameters: {'embed_dim': 512, 'dec_emb_frac': 1.0, 'contrast_dim': 32, 'mask_ratio': 0.6110640699518849, 'dropout': 0.20744741668123243, 'n_enc_heads': 1, 'n_dec_frac': 0.25, 'dim_feedforward': 128, 'dim_feedforward_dec_frac': 0.5, 'beta': 6.434754945943143, 'gamma': 0.2823808665688361, 'pos_weight_scalar': 3.331036557978363, 'focal_gamma': 1.2507734050962958, 'n_enc_blocks': 6, 'n_dec_block_frac': 0.25, 'pretrain_frac': 0.7750860299572212, 'lr': 0.0004387549115734269, 'weight_decay': 0.003986897283824682}. Best is trial 77 with value: 0.7929824561403509.
[I 2026-09-22 10:19:19,114] Trial 81 pruned. 
[I 2026-09-22 10:40:07,234] Trial 82 finished with value: 0.784452296819788 and parameters: {'embed_dim': 512, 'dec_emb_frac': 1.0, 'contrast_dim': 32, 'mask_ratio': 0.614986224687198, 'dropout': 0.21383473346708323, 'n_enc_heads': 1, 'n_dec_frac': 0.25, 'dim_feedforward': 128, 'dim_feedforward_dec_frac': 0.5, 'beta': 6.858367696393475, 'gamma': 0.3658191357787583, 'pos_weight_scalar': 3.6591483523694546, 'focal_gamma': 1.2513475545745474, 'n_enc_blocks': 6, 'n_dec_block_frac': 0.25, 'pretrain_frac': 0.7764298327351637, 'lr': 0.0004166831057943113, 'weight_decay': 0.004240004696272533}. Best is trial 77 with value: 0.7929824561403509.
[I 2026-09-22 10:59:47,488] Trial 83 finished with value: 0.764505119453925 and parameters: {'embed_dim': 512, 'dec_emb_frac': 1.0, 'contrast_dim': 32, 'mask_ratio': 0.5768515151461152, 'dropout': 0.25277296216133255, 'n_enc_heads': 1, 'n_dec_frac': 0.25, 'dim_feedforward': 128, 'dim_feedforward_dec_frac': 0.5, 'beta': 6.784946889276532, 'gamma': 0.3742533644534959, 'pos_weight_scalar': 3.643053694852804, 'focal_gamma': 1.6783069004294826, 'n_enc_blocks': 6, 'n_dec_block_frac': 0.25, 'pretrain_frac': 0.7419860747202395, 'lr': 0.0003236351192523747, 'weight_decay': 0.003552705030850185}. Best is trial 77 with value: 0.7929824561403509.
[I 2026-09-22 11:22:41,929] Trial 84 finished with value: 0.7692307692307693 and parameters: {'embed_dim': 512, 'dec_emb_frac': 1.0, 'contrast_dim': 32, 'mask_ratio': 0.5530093492047478, 'dropout': 0.1509596913410774, 'n_enc_heads': 1, 'n_dec_frac': 0.25, 'dim_feedforward': 128, 'dim_feedforward_dec_frac': 0.5, 'beta': 6.006147031051427, 'gamma': 0.3675539755052159, 'pos_weight_scalar': 3.4400950175672476, 'focal_gamma': 1.175859376097129, 'n_enc_blocks': 6, 'n_dec_block_frac': 0.25, 'pretrain_frac': 0.8471712866179089, 'lr': 0.00031373066287640613, 'weight_decay': 0.004372487794978088}. Best is trial 77 with value: 0.7929824561403509.
[I 2026-09-22 11:42:35,355] Trial 85 finished with value: 0.7532467532467533 and parameters: {'embed_dim': 512, 'dec_emb_frac': 1.0, 'contrast_dim': 32, 'mask_ratio': 0.6293875591709095, 'dropout': 0.17996001281223695, 'n_enc_heads': 1, 'n_dec_frac': 0.25, 'dim_feedforward': 128, 'dim_feedforward_dec_frac': 0.5, 'beta': 6.509737079231441, 'gamma': 0.30528279335410186, 'pos_weight_scalar': 3.5823366765563005, 'focal_gamma': 0.9923050659340424, 'n_enc_blocks': 6, 'n_dec_block_frac': 0.25, 'pretrain_frac': 0.8347302831987539, 'lr': 0.0004826030987934361, 'weight_decay': 0.002581706598443196}. Best is trial 77 with value: 0.7929824561403509.
[I 2026-09-22 12:02:34,592] Trial 86 pruned. 
[I 2026-09-22 12:22:36,470] Trial 87 finished with value: 0.7841726618705036 and parameters: {'embed_dim': 512, 'dec_emb_frac': 1.0, 'contrast_dim': 32, 'mask_ratio': 0.649263793348593, 'dropout': 0.2778641538070993, 'n_enc_heads': 1, 'n_dec_frac': 0.25, 'dim_feedforward': 128, 'dim_feedforward_dec_frac': 1.0, 'beta': 7.215656736779499, 'gamma': 0.44119517273661724, 'pos_weight_scalar': 3.807284700965493, 'focal_gamma': 1.3278391364411297, 'n_enc_blocks': 6, 'n_dec_block_frac': 0.25, 'pretrain_frac': 0.7790488537956926, 'lr': 0.0002592065958967835, 'weight_decay': 0.002158186612025254}. Best is trial 77 with value: 0.7929824561403509.
[I 2026-09-22 12:36:10,156] Trial 88 pruned. 
[I 2026-09-22 12:58:54,090] Trial 89 finished with value: 0.759075907590759 and parameters: {'embed_dim': 512, 'dec_emb_frac': 1.0, 'contrast_dim': 32, 'mask_ratio': 0.7002311683421972, 'dropout': 0.33040427446971926, 'n_enc_heads': 1, 'n_dec_frac': 0.25, 'dim_feedforward': 256, 'dim_feedforward_dec_frac': 1.0, 'beta': 5.616973746456366, 'gamma': 0.43442603928415296, 'pos_weight_scalar': 4.019916820972219, 'focal_gamma': 2.5287943863239706, 'n_enc_blocks': 6, 'n_dec_block_frac': 0.5, 'pretrain_frac': 0.7693145707860402, 'lr': 0.0002571652547301511, 'weight_decay': 0.003914481050346022}. Best is trial 77 with value: 0.7929824561403509.
[I 2026-09-22 13:16:18,363] Trial 90 finished with value: 0.7466666666666667 and parameters: {'embed_dim': 512, 'dec_emb_frac': 0.25, 'contrast_dim': 32, 'mask_ratio': 0.6029535908228687, 'dropout': 0.3601655154898332, 'n_enc_heads': 1, 'n_dec_frac': 0.25, 'dim_feedforward': 128, 'dim_feedforward_dec_frac': 0.5, 'beta': 7.520938510266195, 'gamma': 0.3428152393449088, 'pos_weight_scalar': 3.8433927849472522, 'focal_gamma': 1.9014432986387122, 'n_enc_blocks': 6, 'n_dec_block_frac': 0.25, 'pretrain_frac': 0.7637655610561122, 'lr': 0.00029516197142407925, 'weight_decay': 0.0020635219692206695}. Best is trial 77 with value: 0.7929824561403509.
[I 2026-09-22 13:46:38,839] Trial 91 pruned. 
[I 2026-09-22 14:07:28,835] Trial 92 finished with value: 0.7619047619047619 and parameters: {'embed_dim': 512, 'dec_emb_frac': 1.0, 'contrast_dim': 32, 'mask_ratio': 0.6428665951870904, 'dropout': 0.2824627407781233, 'n_enc_heads': 1, 'n_dec_frac': 0.25, 'dim_feedforward': 128, 'dim_feedforward_dec_frac': 1.0, 'beta': 6.087427347137103, 'gamma': 0.2963445252175376, 'pos_weight_scalar': 3.348924770242415, 'focal_gamma': 1.333278496503731, 'n_enc_blocks': 6, 'n_dec_block_frac': 0.25, 'pretrain_frac': 0.8514231148986403, 'lr': 0.0002141145167438241, 'weight_decay': 0.003452720077405973}. Best is trial 77 with value: 0.7929824561403509.
[2026-09-22T14:09:02.228] error: *** JOB 14208703 ON della-i14g18 CANCELLED AT 2026-09-22T14:09:02 DUE TO TIME LIMIT ***
