[I 2026-07-20 13:14:24,829] Using an existing study with name 'cmae_optimize_freq' instead of creating a new one.
[I 2026-07-20 13:26:54,152] Trial 49 pruned. 
[I 2026-07-20 13:39:00,434] Trial 50 pruned. 
[I 2026-07-20 13:56:30,468] Trial 51 pruned. 
[I 2026-07-20 14:10:41,131] Trial 52 finished with value: 0.7183673469387755 and parameters: {'embed_dim': 64, 'dec_emb_frac': 1.0, 'contrast_dim': 64, 'mask_ratio': 0.43037196477363215, 'dropout': 0.34185447170943045, 'n_enc_heads': 1, 'n_dec_frac': 0.25, 'dim_feedforward': 256, 'dim_feedforward_dec_frac': 0.25, 'beta': 4.656413833124495, 'gamma': 0.059104890521302494, 'pos_weight_scalar': 1.2791458639127773, 'focal_gamma': 2.604552073294083, 'n_enc_blocks': 6, 'n_dec_block_frac': 1.0, 'pretrain_frac': 0.6455910065421873, 'lr': 0.0013832520152719568, 'weight_decay': 0.0001401741804169448}. Best is trial 21 with value: 0.7360308285163777.
[I 2026-07-20 14:25:14,201] Trial 53 finished with value: 0.7388781431334622 and parameters: {'embed_dim': 64, 'dec_emb_frac': 1.0, 'contrast_dim': 64, 'mask_ratio': 0.44159574474367913, 'dropout': 0.32563326271291926, 'n_enc_heads': 1, 'n_dec_frac': 0.25, 'dim_feedforward': 256, 'dim_feedforward_dec_frac': 0.25, 'beta': 4.8970711275611105, 'gamma': 0.011924150950569326, 'pos_weight_scalar': 1.185904640899904, 'focal_gamma': 2.8514984132154613, 'n_enc_blocks': 6, 'n_dec_block_frac': 1.0, 'pretrain_frac': 0.6071324631740961, 'lr': 0.0012284802081324688, 'weight_decay': 0.00012140408985890926}. Best is trial 53 with value: 0.7388781431334622.
[I 2026-07-20 14:39:10,045] Trial 54 finished with value: 0.7306122448979592 and parameters: {'embed_dim': 64, 'dec_emb_frac': 1.0, 'contrast_dim': 64, 'mask_ratio': 0.39981908464827715, 'dropout': 0.2336879812614757, 'n_enc_heads': 1, 'n_dec_frac': 0.25, 'dim_feedforward': 256, 'dim_feedforward_dec_frac': 0.25, 'beta': 4.063376570935702, 'gamma': 0.011592632413360254, 'pos_weight_scalar': 1.1390999529155996, 'focal_gamma': 2.849805943536887, 'n_enc_blocks': 6, 'n_dec_block_frac': 1.0, 'pretrain_frac': 0.6012994824476796, 'lr': 0.0011981746768852997, 'weight_decay': 0.00011681869350491016}. Best is trial 53 with value: 0.7388781431334622.
[I 2026-07-20 14:51:47,767] Trial 55 pruned. 
[I 2026-07-20 15:03:52,208] Trial 56 finished with value: 0.726890756302521 and parameters: {'embed_dim': 64, 'dec_emb_frac': 1.0, 'contrast_dim': 64, 'mask_ratio': 0.38865862946013385, 'dropout': 0.26996510872610713, 'n_enc_heads': 1, 'n_dec_frac': 0.25, 'dim_feedforward': 256, 'dim_feedforward_dec_frac': 0.25, 'beta': 4.266777409253262, 'gamma': 0.012878011111479458, 'pos_weight_scalar': 1.1967287015650314, 'focal_gamma': 2.816743127734952, 'n_enc_blocks': 6, 'n_dec_block_frac': 1.0, 'pretrain_frac': 0.5612357600753376, 'lr': 0.0011390869377667246, 'weight_decay': 0.005679627631549346}. Best is trial 53 with value: 0.7388781431334622.
[I 2026-07-20 15:18:28,226] Trial 57 finished with value: 0.7395626242544732 and parameters: {'embed_dim': 64, 'dec_emb_frac': 1.0, 'contrast_dim': 64, 'mask_ratio': 0.41363797052507506, 'dropout': 0.24308846333618442, 'n_enc_heads': 4, 'n_dec_frac': 0.25, 'dim_feedforward': 256, 'dim_feedforward_dec_frac': 0.25, 'beta': 4.875295555739722, 'gamma': 0.01205009026966113, 'pos_weight_scalar': 1.530956225894752, 'focal_gamma': 1.979087072188143, 'n_enc_blocks': 8, 'n_dec_block_frac': 1.0, 'pretrain_frac': 0.6005005490559187, 'lr': 0.0008125800628749078, 'weight_decay': 0.00011947235079072891}. Best is trial 57 with value: 0.7395626242544732.
[I 2026-07-20 15:32:36,364] Trial 58 finished with value: 0.7300970873786408 and parameters: {'embed_dim': 64, 'dec_emb_frac': 1.0, 'contrast_dim': 64, 'mask_ratio': 0.4137590591429842, 'dropout': 0.23998136691798444, 'n_enc_heads': 4, 'n_dec_frac': 0.25, 'dim_feedforward': 64, 'dim_feedforward_dec_frac': 1.0, 'beta': 4.85859801060106, 'gamma': 0.010185461281680394, 'pos_weight_scalar': 1.5839984184281726, 'focal_gamma': 1.9594135859253305, 'n_enc_blocks': 8, 'n_dec_block_frac': 1.0, 'pretrain_frac': 0.5850192727502621, 'lr': 0.0007802360275583637, 'weight_decay': 0.00021020035741787813}. Best is trial 57 with value: 0.7395626242544732.
[I 2026-07-20 15:47:00,463] Trial 59 finished with value: 0.7240704500978473 and parameters: {'embed_dim': 64, 'dec_emb_frac': 1.0, 'contrast_dim': 64, 'mask_ratio': 0.4206201336757616, 'dropout': 0.2395081444939011, 'n_enc_heads': 4, 'n_dec_frac': 0.25, 'dim_feedforward': 64, 'dim_feedforward_dec_frac': 0.25, 'beta': 4.786155512618496, 'gamma': 0.011682661597194381, 'pos_weight_scalar': 1.5639570445371165, 'focal_gamma': 1.933499457968819, 'n_enc_blocks': 8, 'n_dec_block_frac': 1.0, 'pretrain_frac': 0.602787996468725, 'lr': 0.0007666948559449894, 'weight_decay': 0.00012867688041830048}. Best is trial 57 with value: 0.7395626242544732.
[I 2026-07-20 16:02:28,707] Trial 60 finished with value: 0.7276341948310139 and parameters: {'embed_dim': 64, 'dec_emb_frac': 1.0, 'contrast_dim': 64, 'mask_ratio': 0.4499687347155437, 'dropout': 0.1769100128838942, 'n_enc_heads': 4, 'n_dec_frac': 0.25, 'dim_feedforward': 256, 'dim_feedforward_dec_frac': 1.0, 'beta': 5.043486001167996, 'gamma': 0.017336006442527366, 'pos_weight_scalar': 2.179510984656753, 'focal_gamma': 1.7925073080207354, 'n_enc_blocks': 8, 'n_dec_block_frac': 1.0, 'pretrain_frac': 0.5846243792215275, 'lr': 0.0003547555526163525, 'weight_decay': 0.00021502021067514404}. Best is trial 57 with value: 0.7395626242544732.
[I 2026-07-20 16:16:16,631] Trial 61 pruned. 
[I 2026-07-20 16:29:36,638] Trial 62 finished with value: 0.7157057654075547 and parameters: {'embed_dim': 64, 'dec_emb_frac': 1.0, 'contrast_dim': 64, 'mask_ratio': 0.3508655048749621, 'dropout': 0.28240044528517005, 'n_enc_heads': 4, 'n_dec_frac': 0.25, 'dim_feedforward': 64, 'dim_feedforward_dec_frac': 1.0, 'beta': 4.2883392535914435, 'gamma': 0.01356887885202691, 'pos_weight_scalar': 1.1111947880044366, 'focal_gamma': 2.869770803710363, 'n_enc_blocks': 8, 'n_dec_block_frac': 1.0, 'pretrain_frac': 0.5715907011348154, 'lr': 0.0009201418440674933, 'weight_decay': 0.00030336302589197055}. Best is trial 57 with value: 0.7395626242544732.
[I 2026-07-20 16:42:35,263] Trial 63 finished with value: 0.7345309381237525 and parameters: {'embed_dim': 64, 'dec_emb_frac': 1.0, 'contrast_dim': 64, 'mask_ratio': 0.5093743341204972, 'dropout': 0.2078104335486201, 'n_enc_heads': 4, 'n_dec_frac': 0.25, 'dim_feedforward': 64, 'dim_feedforward_dec_frac': 1.0, 'beta': 3.3625723656315434, 'gamma': 0.011886241367255072, 'pos_weight_scalar': 1.0073362827274488, 'focal_gamma': 1.0432289050061356, 'n_enc_blocks': 8, 'n_dec_block_frac': 1.0, 'pretrain_frac': 0.5336472708960593, 'lr': 0.0006692347548231619, 'weight_decay': 0.0001932722188838904}. Best is trial 57 with value: 0.7395626242544732.
[I 2026-07-20 16:54:33,982] Trial 64 pruned. 
[I 2026-07-20 17:08:18,173] Trial 65 pruned. 
[I 2026-07-20 17:21:14,810] Trial 66 pruned. 
[I 2026-07-20 17:32:58,084] Trial 67 pruned. 
[I 2026-07-20 17:47:47,881] Trial 68 finished with value: 0.7250996015936255 and parameters: {'embed_dim': 64, 'dec_emb_frac': 1.0, 'contrast_dim': 64, 'mask_ratio': 0.3994689475594502, 'dropout': 0.2705158141775656, 'n_enc_heads': 4, 'n_dec_frac': 0.25, 'dim_feedforward': 256, 'dim_feedforward_dec_frac': 0.25, 'beta': 4.410129218148597, 'gamma': 0.023987448024168145, 'pos_weight_scalar': 3.0514794151122855, 'focal_gamma': 2.5190249296585705, 'n_enc_blocks': 8, 'n_dec_block_frac': 1.0, 'pretrain_frac': 0.5571406954260724, 'lr': 0.0005345957266685926, 'weight_decay': 0.00015042447880709548}. Best is trial 57 with value: 0.7395626242544732.
[I 2026-07-20 18:01:08,087] Trial 69 pruned. 
[I 2026-07-20 18:42:41,409] Trial 70 pruned. 
[I 2026-07-20 18:52:55,555] Trial 71 pruned. 
[I 2026-07-20 19:05:07,136] Trial 72 pruned. 
[I 2026-07-20 19:18:21,939] Trial 73 finished with value: 0.7161410018552876 and parameters: {'embed_dim': 64, 'dec_emb_frac': 1.0, 'contrast_dim': 16, 'mask_ratio': 0.49731787153073614, 'dropout': 0.20532724905614244, 'n_enc_heads': 4, 'n_dec_frac': 0.25, 'dim_feedforward': 64, 'dim_feedforward_dec_frac': 1.0, 'beta': 3.3386961317685593, 'gamma': 0.014112882280808673, 'pos_weight_scalar': 1.36896440310493, 'focal_gamma': 0.20744885584000228, 'n_enc_blocks': 8, 'n_dec_block_frac': 1.0, 'pretrain_frac': 0.5726173280943392, 'lr': 0.0012098594615147595, 'weight_decay': 0.0003349621820712332}. Best is trial 57 with value: 0.7395626242544732.
[I 2026-07-20 19:31:06,984] Trial 74 pruned. 
[I 2026-07-20 19:43:26,091] Trial 75 finished with value: 0.7290448343079922 and parameters: {'embed_dim': 64, 'dec_emb_frac': 1.0, 'contrast_dim': 16, 'mask_ratio': 0.3548150210251708, 'dropout': 0.2531712767090266, 'n_enc_heads': 4, 'n_dec_frac': 0.25, 'dim_feedforward': 64, 'dim_feedforward_dec_frac': 1.0, 'beta': 6.082628366825613, 'gamma': 0.016508530198233073, 'pos_weight_scalar': 1.1018838752499587, 'focal_gamma': 0.9351248139736525, 'n_enc_blocks': 6, 'n_dec_block_frac': 1.0, 'pretrain_frac': 0.5452806079784601, 'lr': 0.0012399320586597405, 'weight_decay': 0.00039152170809403147}. Best is trial 57 with value: 0.7395626242544732.
[I 2026-07-20 19:55:21,494] Trial 76 finished with value: 0.725050916496945 and parameters: {'embed_dim': 64, 'dec_emb_frac': 1.0, 'contrast_dim': 16, 'mask_ratio': 0.35435001004519495, 'dropout': 0.2615744165362707, 'n_enc_heads': 4, 'n_dec_frac': 0.25, 'dim_feedforward': 64, 'dim_feedforward_dec_frac': 1.0, 'beta': 6.068427716429781, 'gamma': 0.016870318116529327, 'pos_weight_scalar': 1.0971251706299152, 'focal_gamma': 0.9890085140424975, 'n_enc_blocks': 6, 'n_dec_block_frac': 1.0, 'pretrain_frac': 0.5472872563417552, 'lr': 0.0009336219682550642, 'weight_decay': 0.00039815147059556606}. Best is trial 57 with value: 0.7395626242544732.
[I 2026-07-20 20:08:09,829] Trial 77 pruned. 
[I 2026-07-20 20:20:38,711] Trial 78 pruned. 
[I 2026-07-20 20:34:02,620] Trial 79 pruned. 
[I 2026-07-20 20:45:41,062] Trial 80 pruned. 
[I 2026-07-20 20:57:23,405] Trial 81 finished with value: 0.7350096711798839 and parameters: {'embed_dim': 64, 'dec_emb_frac': 1.0, 'contrast_dim': 64, 'mask_ratio': 0.4250334680936188, 'dropout': 0.24840202932908573, 'n_enc_heads': 2, 'n_dec_frac': 0.5, 'dim_feedforward': 256, 'dim_feedforward_dec_frac': 1.0, 'beta': 4.462908638699294, 'gamma': 0.018632192863435072, 'pos_weight_scalar': 1.0130120892038723, 'focal_gamma': 2.3763682163307434, 'n_enc_blocks': 6, 'n_dec_block_frac': 1.0, 'pretrain_frac': 0.5172928909505172, 'lr': 0.0007780102590828194, 'weight_decay': 0.0018167871341638257}. Best is trial 57 with value: 0.7395626242544732.
[I 2026-07-20 21:08:34,464] Trial 82 finished with value: 0.7325581395348837 and parameters: {'embed_dim': 64, 'dec_emb_frac': 1.0, 'contrast_dim': 64, 'mask_ratio': 0.4206713357786224, 'dropout': 0.25116849056365326, 'n_enc_heads': 2, 'n_dec_frac': 0.5, 'dim_feedforward': 256, 'dim_feedforward_dec_frac': 1.0, 'beta': 4.488541505268592, 'gamma': 0.01279598476325262, 'pos_weight_scalar': 1.0686784824298994, 'focal_gamma': 2.4208878158101794, 'n_enc_blocks': 6, 'n_dec_block_frac': 1.0, 'pretrain_frac': 0.5153257112616703, 'lr': 0.0007100549658567793, 'weight_decay': 0.0018544751937078182}. Best is trial 57 with value: 0.7395626242544732.
[I 2026-07-20 21:21:22,814] Trial 83 finished with value: 0.7279843444227005 and parameters: {'embed_dim': 64, 'dec_emb_frac': 1.0, 'contrast_dim': 64, 'mask_ratio': 0.47183905396348125, 'dropout': 0.2986585760133781, 'n_enc_heads': 2, 'n_dec_frac': 0.5, 'dim_feedforward': 256, 'dim_feedforward_dec_frac': 1.0, 'beta': 4.632213173302214, 'gamma': 0.012640125094786786, 'pos_weight_scalar': 1.0525170527955714, 'focal_gamma': 2.6156966463917266, 'n_enc_blocks': 6, 'n_dec_block_frac': 1.0, 'pretrain_frac': 0.5139997635788015, 'lr': 0.0007737792951107838, 'weight_decay': 0.0016280570235964382}. Best is trial 57 with value: 0.7395626242544732.
[I 2026-07-20 21:35:52,981] Trial 84 finished with value: 0.7283464566929134 and parameters: {'embed_dim': 64, 'dec_emb_frac': 1.0, 'contrast_dim': 64, 'mask_ratio': 0.4199321305371318, 'dropout': 0.23519413196774863, 'n_enc_heads': 2, 'n_dec_frac': 0.5, 'dim_feedforward': 256, 'dim_feedforward_dec_frac': 1.0, 'beta': 4.1387639909224765, 'gamma': 0.01097127584672032, 'pos_weight_scalar': 1.2347494974511615, 'focal_gamma': 2.4114562161230486, 'n_enc_blocks': 6, 'n_dec_block_frac': 1.0, 'pretrain_frac': 0.6338995244212908, 'lr': 0.0006940518692704733, 'weight_decay': 0.0035148707325229466}. Best is trial 57 with value: 0.7395626242544732.
[I 2026-07-20 21:47:25,868] Trial 85 finished with value: 0.7280163599182005 and parameters: {'embed_dim': 64, 'dec_emb_frac': 1.0, 'contrast_dim': 64, 'mask_ratio': 0.4546466668830242, 'dropout': 0.2109794316826501, 'n_enc_heads': 2, 'n_dec_frac': 0.5, 'dim_feedforward': 256, 'dim_feedforward_dec_frac': 1.0, 'beta': 5.591148478362523, 'gamma': 0.015289081602363874, 'pos_weight_scalar': 1.4983378806257517, 'focal_gamma': 2.0441602941673818, 'n_enc_blocks': 6, 'n_dec_block_frac': 1.0, 'pretrain_frac': 0.526362343938827, 'lr': 0.0008769178540979553, 'weight_decay': 0.0020421017949682056}. Best is trial 57 with value: 0.7395626242544732.
[I 2026-07-20 22:01:41,504] Trial 86 finished with value: 0.7387755102040816 and parameters: {'embed_dim': 256, 'dec_emb_frac': 1.0, 'contrast_dim': 64, 'mask_ratio': 0.3822253810466967, 'dropout': 0.3278920952286776, 'n_enc_heads': 2, 'n_dec_frac': 0.5, 'dim_feedforward': 256, 'dim_feedforward_dec_frac': 0.25, 'beta': 4.404188441407343, 'gamma': 0.010064037491674586, 'pos_weight_scalar': 1.0050601232996388, 'focal_gamma': 2.5545975235018257, 'n_enc_blocks': 6, 'n_dec_block_frac': 0.5, 'pretrain_frac': 0.5069776752619738, 'lr': 0.000602558298807375, 'weight_decay': 0.0016593368887478862}. Best is trial 57 with value: 0.7395626242544732.
[I 2026-07-20 22:15:31,905] Trial 87 pruned. 
[I 2026-07-20 22:28:55,446] Trial 88 pruned. 
[I 2026-07-20 22:45:11,942] Trial 89 pruned. 
[I 2026-07-20 22:57:47,153] Trial 90 finished with value: 0.7245841035120147 and parameters: {'embed_dim': 256, 'dec_emb_frac': 1.0, 'contrast_dim': 64, 'mask_ratio': 0.5507353017222114, 'dropout': 0.22497541061654736, 'n_enc_heads': 2, 'n_dec_frac': 0.5, 'dim_feedforward': 256, 'dim_feedforward_dec_frac': 1.0, 'beta': 3.637245153563149, 'gamma': 0.013801045118723342, 'pos_weight_scalar': 1.0048844184556989, 'focal_gamma': 2.1986316637068573, 'n_enc_blocks': 4, 'n_dec_block_frac': 1.0, 'pretrain_frac': 0.5209413020398448, 'lr': 0.00041995468481046885, 'weight_decay': 0.0017111320945011287}. Best is trial 57 with value: 0.7395626242544732.
[I 2026-07-20 23:33:29,748] Trial 91 finished with value: 0.7192307692307692 and parameters: {'embed_dim': 512, 'dec_emb_frac': 1.0, 'contrast_dim': 64, 'mask_ratio': 0.4890416723039229, 'dropout': 0.26089926247091877, 'n_enc_heads': 2, 'n_dec_frac': 0.5, 'dim_feedforward': 256, 'dim_feedforward_dec_frac': 0.25, 'beta': 5.135699590463878, 'gamma': 0.011462654074646797, 'pos_weight_scalar': 1.6665449603587534, 'focal_gamma': 2.7248998681521033, 'n_enc_blocks': 8, 'n_dec_block_frac': 1.0, 'pretrain_frac': 0.5402955137880702, 'lr': 0.0002729720986281301, 'weight_decay': 0.0031916698301401657}. Best is trial 57 with value: 0.7395626242544732.
[I 2026-07-20 23:46:16,241] Trial 92 finished with value: 0.722117202268431 and parameters: {'embed_dim': 64, 'dec_emb_frac': 1.0, 'contrast_dim': 64, 'mask_ratio': 0.42177409115609504, 'dropout': 0.3496950617679208, 'n_enc_heads': 2, 'n_dec_frac': 0.5, 'dim_feedforward': 256, 'dim_feedforward_dec_frac': 0.25, 'beta': 5.521678372024879, 'gamma': 0.018839978663698135, 'pos_weight_scalar': 1.2651758464071046, 'focal_gamma': 2.4333524094905776, 'n_enc_blocks': 6, 'n_dec_block_frac': 0.5, 'pretrain_frac': 0.5956110594795666, 'lr': 0.0010496940891623102, 'weight_decay': 0.0013812507035172994}. Best is trial 57 with value: 0.7395626242544732.
[I 2026-07-20 23:59:14,878] Trial 93 finished with value: 0.7286527514231499 and parameters: {'embed_dim': 64, 'dec_emb_frac': 1.0, 'contrast_dim': 64, 'mask_ratio': 0.4073356451624436, 'dropout': 0.3779532844305409, 'n_enc_heads': 2, 'n_dec_frac': 0.5, 'dim_feedforward': 256, 'dim_feedforward_dec_frac': 0.25, 'beta': 4.168780153947258, 'gamma': 0.02316592355496462, 'pos_weight_scalar': 1.0890010020044203, 'focal_gamma': 2.922333569874149, 'n_enc_blocks': 6, 'n_dec_block_frac': 0.5, 'pretrain_frac': 0.6052538894011344, 'lr': 0.0007752747628020844, 'weight_decay': 0.002408225739878493}. Best is trial 57 with value: 0.7395626242544732.
[I 2026-07-21 00:11:24,648] Trial 94 pruned. 
[I 2026-07-21 00:24:21,492] Trial 95 pruned. 
[I 2026-07-21 00:35:43,744] Trial 96 finished with value: 0.7235621521335807 and parameters: {'embed_dim': 64, 'dec_emb_frac': 1.0, 'contrast_dim': 64, 'mask_ratio': 0.3417490867268727, 'dropout': 0.3988777277043507, 'n_enc_heads': 2, 'n_dec_frac': 0.5, 'dim_feedforward': 256, 'dim_feedforward_dec_frac': 0.25, 'beta': 4.459284369479405, 'gamma': 0.014873853489792763, 'pos_weight_scalar': 1.4739508886536097, 'focal_gamma': 2.9859037437576075, 'n_enc_blocks': 6, 'n_dec_block_frac': 0.5, 'pretrain_frac': 0.5076040130665774, 'lr': 0.0009694096411226938, 'weight_decay': 0.006878638435221804}. Best is trial 57 with value: 0.7395626242544732.
[I 2026-07-21 00:52:57,506] Trial 97 pruned. 
[I 2026-07-21 01:05:17,568] Trial 98 pruned. 
[2026-07-21T01:19:24.017] error: *** JOB 11421880 ON della-i14g9 CANCELLED AT 2026-07-21T01:19:24 DUE TO TIME LIMIT ***
