[I 2026-06-28 06:40:05,684] A new study created in RDB with name: cmae_optimize
[I 2026-06-28 06:58:13,241] Trial 0 finished with value: 0.679920477137177 and parameters: {'embed_dim': 64, 'dec_emb_frac': 1.0, 'contrast_dim': 32, 'mask_ratio': 0.615301817661934, 'dropout': 0.22900120987462108, 'n_enc_heads': 1, 'n_dec_frac': 0.25, 'dim_feedforward': 256, 'dim_feedforward_dec_frac': 0.25, 'beta': 8.088865055629181, 'gamma': 0.03069825223049383, 'pos_weight_scalar': 1.0087436915450714, 'focal_gamma': 1.5072465598242824, 'n_enc_blocks': 8, 'n_dec_block_frac': 0.5, 'pretrain_frac': 0.8505984963453992, 'lr': 0.000695593696766431, 'weight_decay': 0.0063958853257370775}. Best is trial 0 with value: 0.679920477137177.
[I 2026-06-28 07:16:21,266] Trial 1 finished with value: 0.5366795366795367 and parameters: {'embed_dim': 128, 'dec_emb_frac': 0.5, 'contrast_dim': 64, 'mask_ratio': 0.551935233420164, 'dropout': 0.3415651011791792, 'n_enc_heads': 2, 'n_dec_frac': 0.5, 'dim_feedforward': 256, 'dim_feedforward_dec_frac': 0.25, 'beta': 7.928981741238307, 'gamma': 0.0677100748717707, 'pos_weight_scalar': 1.9617866064873422, 'focal_gamma': 0.5232600518305914, 'n_enc_blocks': 8, 'n_dec_block_frac': 0.25, 'pretrain_frac': 0.6133974905192908, 'lr': 0.00012160469503342848, 'weight_decay': 0.00035566107921467107}. Best is trial 0 with value: 0.679920477137177.
[I 2026-06-28 07:33:56,723] Trial 2 finished with value: 0.6679841897233202 and parameters: {'embed_dim': 128, 'dec_emb_frac': 1.0, 'contrast_dim': 64, 'mask_ratio': 0.1476340226824072, 'dropout': 0.28441560967956575, 'n_enc_heads': 1, 'n_dec_frac': 0.25, 'dim_feedforward': 512, 'dim_feedforward_dec_frac': 0.25, 'beta': 5.948319280545579, 'gamma': 0.43825882777646535, 'pos_weight_scalar': 3.966262961214182, 'focal_gamma': 1.1834935770778756, 'n_enc_blocks': 4, 'n_dec_block_frac': 0.25, 'pretrain_frac': 0.7913130584871926, 'lr': 0.0015427290021266292, 'weight_decay': 0.00031974546590959896}. Best is trial 0 with value: 0.679920477137177.
[I 2026-06-28 07:47:39,424] Trial 3 finished with value: 0.387458006718925 and parameters: {'embed_dim': 512, 'dec_emb_frac': 0.5, 'contrast_dim': 64, 'mask_ratio': 0.4570466268523109, 'dropout': 0.14816476639635, 'n_enc_heads': 1, 'n_dec_frac': 0.5, 'dim_feedforward': 128, 'dim_feedforward_dec_frac': 0.25, 'beta': 4.80882591771793, 'gamma': 0.39435103974604246, 'pos_weight_scalar': 3.729526019497501, 'focal_gamma': -0.11933232626495593, 'n_enc_blocks': 4, 'n_dec_block_frac': 0.5, 'pretrain_frac': 0.6527751384431074, 'lr': 0.0005861353684348965, 'weight_decay': 0.0008794224515452262}. Best is trial 0 with value: 0.679920477137177.
[I 2026-06-28 08:03:23,179] Trial 4 finished with value: 0.603290676416819 and parameters: {'embed_dim': 128, 'dec_emb_frac': 0.5, 'contrast_dim': 64, 'mask_ratio': 0.4270995342781858, 'dropout': 0.3749382905811627, 'n_enc_heads': 2, 'n_dec_frac': 0.25, 'dim_feedforward': 256, 'dim_feedforward_dec_frac': 0.25, 'beta': 8.67144975358232, 'gamma': 0.018064756538183777, 'pos_weight_scalar': 2.795900750744625, 'focal_gamma': 2.8573306614503404, 'n_enc_blocks': 8, 'n_dec_block_frac': 0.25, 'pretrain_frac': 0.5607163067739892, 'lr': 0.00034621550847812205, 'weight_decay': 0.009994779805567016}. Best is trial 0 with value: 0.679920477137177.
[I 2026-06-28 08:21:05,935] Trial 5 finished with value: 0.43831640058055155 and parameters: {'embed_dim': 32, 'dec_emb_frac': 0.5, 'contrast_dim': 32, 'mask_ratio': 0.6534260296838463, 'dropout': 0.474060298338827, 'n_enc_heads': 4, 'n_dec_frac': 0.5, 'dim_feedforward': 256, 'dim_feedforward_dec_frac': 0.5, 'beta': 7.490149487511777, 'gamma': 0.015194210345904229, 'pos_weight_scalar': 4.758074562707119, 'focal_gamma': 0.6329519429475692, 'n_enc_blocks': 2, 'n_dec_block_frac': 0.25, 'pretrain_frac': 0.7719737621136094, 'lr': 0.0002039609587871889, 'weight_decay': 0.0005602837812359586}. Best is trial 0 with value: 0.679920477137177.
[I 2026-06-28 08:38:50,782] Trial 6 finished with value: 0.526148969889065 and parameters: {'embed_dim': 64, 'dec_emb_frac': 0.25, 'contrast_dim': 32, 'mask_ratio': 0.706875473411701, 'dropout': 0.17231219360614292, 'n_enc_heads': 1, 'n_dec_frac': 0.25, 'dim_feedforward': 512, 'dim_feedforward_dec_frac': 0.5, 'beta': 3.7313599385672456, 'gamma': 0.015129561553595882, 'pos_weight_scalar': 3.7988444693565793, 'focal_gamma': -0.689861106193697, 'n_enc_blocks': 2, 'n_dec_block_frac': 0.25, 'pretrain_frac': 0.7539223342257564, 'lr': 0.0005554179754925922, 'weight_decay': 0.003054928908919238}. Best is trial 0 with value: 0.679920477137177.
[I 2026-06-28 08:57:08,653] Trial 7 finished with value: 0.5038759689922481 and parameters: {'embed_dim': 64, 'dec_emb_frac': 1.0, 'contrast_dim': 64, 'mask_ratio': 0.14398270322323364, 'dropout': 0.43631496614004056, 'n_enc_heads': 1, 'n_dec_frac': 0.5, 'dim_feedforward': 256, 'dim_feedforward_dec_frac': 1.0, 'beta': 5.626650615668298, 'gamma': 0.48267449751355157, 'pos_weight_scalar': 2.285568333645022, 'focal_gamma': 0.6340242634440321, 'n_enc_blocks': 8, 'n_dec_block_frac': 0.25, 'pretrain_frac': 0.8181633755245286, 'lr': 0.0007511192981684646, 'weight_decay': 0.0067215030000502135}. Best is trial 0 with value: 0.679920477137177.
[I 2026-06-28 09:13:05,728] Trial 8 finished with value: 0.6796116504854369 and parameters: {'embed_dim': 64, 'dec_emb_frac': 0.5, 'contrast_dim': 64, 'mask_ratio': 0.5954692607290132, 'dropout': 0.1627584749089337, 'n_enc_heads': 1, 'n_dec_frac': 0.5, 'dim_feedforward': 128, 'dim_feedforward_dec_frac': 1.0, 'beta': 5.165980252907156, 'gamma': 0.42220819488223765, 'pos_weight_scalar': 1.0926733920734537, 'focal_gamma': 2.892575999380048, 'n_enc_blocks': 8, 'n_dec_block_frac': 0.25, 'pretrain_frac': 0.5980252486168909, 'lr': 0.0015800265337014778, 'weight_decay': 0.00012112892105968093}. Best is trial 0 with value: 0.679920477137177.
[I 2026-06-28 09:25:53,006] Trial 9 finished with value: 0.5073529411764706 and parameters: {'embed_dim': 32, 'dec_emb_frac': 0.5, 'contrast_dim': 16, 'mask_ratio': 0.5847028379890861, 'dropout': 0.34939029998607646, 'n_enc_heads': 1, 'n_dec_frac': 0.25, 'dim_feedforward': 128, 'dim_feedforward_dec_frac': 0.25, 'beta': 4.1800755073239495, 'gamma': 0.05780091061955571, 'pos_weight_scalar': 1.6512310644584538, 'focal_gamma': -0.8011986809175173, 'n_enc_blocks': 8, 'n_dec_block_frac': 0.25, 'pretrain_frac': 0.5209328410732152, 'lr': 0.0013841383055199453, 'weight_decay': 0.0004250023915353481}. Best is trial 0 with value: 0.679920477137177.
[I 2026-06-28 09:43:28,778] Trial 10 pruned. 
[I 2026-06-28 09:58:03,777] Trial 11 pruned. 
[I 2026-06-28 10:15:43,511] Trial 12 finished with value: 0.6348547717842323 and parameters: {'embed_dim': 64, 'dec_emb_frac': 1.0, 'contrast_dim': 32, 'mask_ratio': 0.511028263003789, 'dropout': 0.04424929631225322, 'n_enc_heads': 1, 'n_dec_frac': 0.25, 'dim_feedforward': 64, 'dim_feedforward_dec_frac': 1.0, 'beta': 1.9318921787212893, 'gamma': 0.9386860423846418, 'pos_weight_scalar': 1.0024043506572062, 'focal_gamma': 2.024686972163644, 'n_enc_blocks': 6, 'n_dec_block_frac': 0.5, 'pretrain_frac': 0.8818556112723515, 'lr': 0.001238545373754588, 'weight_decay': 0.00014959093437565807}. Best is trial 0 with value: 0.679920477137177.
[I 2026-06-28 10:31:05,172] Trial 13 pruned. 
[I 2026-06-28 10:45:30,672] Trial 14 pruned. 
[I 2026-06-28 10:58:34,373] Trial 15 finished with value: 0.6857142857142857 and parameters: {'embed_dim': 256, 'dec_emb_frac': 0.5, 'contrast_dim': 64, 'mask_ratio': 0.6673119564820947, 'dropout': 0.10152838577694291, 'n_enc_heads': 2, 'n_dec_frac': 0.25, 'dim_feedforward': 128, 'dim_feedforward_dec_frac': 0.25, 'beta': 9.56344220854631, 'gamma': 0.03213770949715355, 'pos_weight_scalar': 2.153805342008008, 'focal_gamma': 2.353076498501647, 'n_enc_blocks': 8, 'n_dec_block_frac': 0.5, 'pretrain_frac': 0.6042969056868975, 'lr': 0.0003200800482780993, 'weight_decay': 0.004823998430886386}. Best is trial 15 with value: 0.6857142857142857.
[I 2026-06-28 11:16:25,053] Trial 16 finished with value: 0.6577946768060836 and parameters: {'embed_dim': 256, 'dec_emb_frac': 1.0, 'contrast_dim': 32, 'mask_ratio': 0.6696539848032844, 'dropout': 0.09359593984862213, 'n_enc_heads': 2, 'n_dec_frac': 0.25, 'dim_feedforward': 64, 'dim_feedforward_dec_frac': 0.25, 'beta': 9.924784959575996, 'gamma': 0.031603972967028666, 'pos_weight_scalar': 2.3561886344057204, 'focal_gamma': 2.3717348094628026, 'n_enc_blocks': 2, 'n_dec_block_frac': 0.5, 'pretrain_frac': 0.8496653642718092, 'lr': 0.0003670512916888625, 'weight_decay': 0.004245856017396886}. Best is trial 15 with value: 0.6857142857142857.
[I 2026-06-28 11:31:21,078] Trial 17 finished with value: 0.665158371040724 and parameters: {'embed_dim': 256, 'dec_emb_frac': 1.0, 'contrast_dim': 64, 'mask_ratio': 0.5049098430251895, 'dropout': 0.00487389463328472, 'n_enc_heads': 2, 'n_dec_frac': 0.25, 'dim_feedforward': 512, 'dim_feedforward_dec_frac': 0.25, 'beta': 8.909024722102012, 'gamma': 0.010298976993902347, 'pos_weight_scalar': 3.045984758924706, 'focal_gamma': 1.303906448098239, 'n_enc_blocks': 6, 'n_dec_block_frac': 0.5, 'pretrain_frac': 0.7254316072389464, 'lr': 0.00025791736781102044, 'weight_decay': 0.005880119399989711}. Best is trial 15 with value: 0.6857142857142857.
[I 2026-06-28 11:45:32,195] Trial 18 finished with value: 0.6593406593406593 and parameters: {'embed_dim': 256, 'dec_emb_frac': 0.5, 'contrast_dim': 32, 'mask_ratio': 0.7406159754483621, 'dropout': 0.22435514293654218, 'n_enc_heads': 2, 'n_dec_frac': 0.25, 'dim_feedforward': 256, 'dim_feedforward_dec_frac': 0.25, 'beta': 7.093254715454175, 'gamma': 0.03609729919711674, 'pos_weight_scalar': 1.8787113634084749, 'focal_gamma': 2.3323855437915375, 'n_enc_blocks': 4, 'n_dec_block_frac': 0.5, 'pretrain_frac': 0.6343848090061344, 'lr': 0.00012887054250905694, 'weight_decay': 0.0027048498467719118}. Best is trial 15 with value: 0.6857142857142857.
[I 2026-06-28 11:57:52,758] Trial 19 finished with value: 0.6865079365079365 and parameters: {'embed_dim': 256, 'dec_emb_frac': 0.25, 'contrast_dim': 16, 'mask_ratio': 0.659823887303923, 'dropout': 0.28455816525564676, 'n_enc_heads': 2, 'n_dec_frac': 0.25, 'dim_feedforward': 128, 'dim_feedforward_dec_frac': 0.25, 'beta': 8.538252716874254, 'gamma': 0.07757816913436436, 'pos_weight_scalar': 2.606910174319199, 'focal_gamma': 1.6472992211386381, 'n_enc_blocks': 8, 'n_dec_block_frac': 0.5, 'pretrain_frac': 0.5690851296171381, 'lr': 0.00041949953490458107, 'weight_decay': 0.009154196807995662}. Best is trial 19 with value: 0.6865079365079365.
[I 2026-06-28 12:11:13,712] Trial 20 finished with value: 0.6680327868852459 and parameters: {'embed_dim': 256, 'dec_emb_frac': 0.25, 'contrast_dim': 16, 'mask_ratio': 0.6824787812386047, 'dropout': 0.30934617142877224, 'n_enc_heads': 2, 'n_dec_frac': 0.25, 'dim_feedforward': 128, 'dim_feedforward_dec_frac': 0.25, 'beta': 9.169917513077838, 'gamma': 0.06970413173456436, 'pos_weight_scalar': 3.335690576311146, 'focal_gamma': 2.402678483914128, 'n_enc_blocks': 8, 'n_dec_block_frac': 1.0, 'pretrain_frac': 0.5608670867581868, 'lr': 0.00020377180232638298, 'weight_decay': 0.009556239024294621}. Best is trial 19 with value: 0.6865079365079365.
[I 2026-06-28 12:23:19,786] Trial 21 pruned. 
[I 2026-06-28 12:37:36,559] Trial 22 finished with value: 0.7010309278350515 and parameters: {'embed_dim': 256, 'dec_emb_frac': 0.25, 'contrast_dim': 16, 'mask_ratio': 0.5549344071981199, 'dropout': 0.1909515411372876, 'n_enc_heads': 2, 'n_dec_frac': 0.25, 'dim_feedforward': 128, 'dim_feedforward_dec_frac': 0.25, 'beta': 6.922860079094676, 'gamma': 0.05027756843547121, 'pos_weight_scalar': 2.0363706428055925, 'focal_gamma': 1.1471648405911794, 'n_enc_blocks': 8, 'n_dec_block_frac': 0.5, 'pretrain_frac': 0.6601930081236664, 'lr': 0.0002822187897409274, 'weight_decay': 0.0035022029220726394}. Best is trial 22 with value: 0.7010309278350515.
[I 2026-06-28 12:51:06,558] Trial 23 pruned. 
[I 2026-06-28 13:03:43,673] Trial 24 finished with value: 0.6853448275862069 and parameters: {'embed_dim': 256, 'dec_emb_frac': 0.25, 'contrast_dim': 16, 'mask_ratio': 0.4430678698370559, 'dropout': 0.10237362187507393, 'n_enc_heads': 2, 'n_dec_frac': 0.25, 'dim_feedforward': 128, 'dim_feedforward_dec_frac': 0.25, 'beta': 9.209865008087768, 'gamma': 0.04888379662273049, 'pos_weight_scalar': 2.629065225754179, 'focal_gamma': 0.9279216773125488, 'n_enc_blocks': 8, 'n_dec_block_frac': 0.5, 'pretrain_frac': 0.5546362189496516, 'lr': 0.00016707274300430794, 'weight_decay': 0.0037456910526801938}. Best is trial 22 with value: 0.7010309278350515.
[I 2026-06-28 13:17:51,119] Trial 25 finished with value: 0.7034220532319392 and parameters: {'embed_dim': 256, 'dec_emb_frac': 0.25, 'contrast_dim': 16, 'mask_ratio': 0.7006449431672793, 'dropout': 0.40211049352149864, 'n_enc_heads': 2, 'n_dec_frac': 1.0, 'dim_feedforward': 128, 'dim_feedforward_dec_frac': 0.5, 'beta': 6.618265841744205, 'gamma': 0.11113422844471142, 'pos_weight_scalar': 2.140082981887594, 'focal_gamma': 1.8168820740375788, 'n_enc_blocks': 8, 'n_dec_block_frac': 0.5, 'pretrain_frac': 0.6224633968703659, 'lr': 0.00034371204278895167, 'weight_decay': 0.007488339874567742}. Best is trial 25 with value: 0.7034220532319392.
[I 2026-06-28 13:31:39,131] Trial 26 finished with value: 0.6861598440545809 and parameters: {'embed_dim': 256, 'dec_emb_frac': 0.25, 'contrast_dim': 16, 'mask_ratio': 0.7162618326813407, 'dropout': 0.42029806991109153, 'n_enc_heads': 2, 'n_dec_frac': 1.0, 'dim_feedforward': 128, 'dim_feedforward_dec_frac': 0.5, 'beta': 6.290980553790886, 'gamma': 0.13684442382804415, 'pos_weight_scalar': 3.1495013010424717, 'focal_gamma': 1.722354347262585, 'n_enc_blocks': 6, 'n_dec_block_frac': 0.5, 'pretrain_frac': 0.6741160600627564, 'lr': 0.0004685387091864589, 'weight_decay': 0.008423761021011143}. Best is trial 25 with value: 0.7034220532319392.
[I 2026-06-28 13:45:25,929] Trial 27 finished with value: 0.6980392156862745 and parameters: {'embed_dim': 256, 'dec_emb_frac': 0.25, 'contrast_dim': 16, 'mask_ratio': 0.5736262557781059, 'dropout': 0.3856210855830592, 'n_enc_heads': 2, 'n_dec_frac': 1.0, 'dim_feedforward': 128, 'dim_feedforward_dec_frac': 0.5, 'beta': 6.852310701439789, 'gamma': 0.2402121851799767, 'pos_weight_scalar': 1.814149276745233, 'focal_gamma': 0.2016251429673389, 'n_enc_blocks': 2, 'n_dec_block_frac': 1.0, 'pretrain_frac': 0.6308301615132168, 'lr': 0.0002030321478023311, 'weight_decay': 0.007392371516307344}. Best is trial 25 with value: 0.7034220532319392.
[I 2026-06-28 13:59:03,287] Trial 28 pruned. 
[I 2026-06-28 14:11:51,074] Trial 29 finished with value: 0.6707818930041153 and parameters: {'embed_dim': 512, 'dec_emb_frac': 0.25, 'contrast_dim': 16, 'mask_ratio': 0.576399420013853, 'dropout': 0.3897349329945201, 'n_enc_heads': 4, 'n_dec_frac': 1.0, 'dim_feedforward': 128, 'dim_feedforward_dec_frac': 0.5, 'beta': 3.5079819849277496, 'gamma': 0.24946728586185052, 'pos_weight_scalar': 1.5044728573872472, 'focal_gamma': 0.10214062422244843, 'n_enc_blocks': 2, 'n_dec_block_frac': 1.0, 'pretrain_frac': 0.6378502243550486, 'lr': 0.0002451207396869514, 'weight_decay': 0.005896875554598847}. Best is trial 25 with value: 0.7034220532319392.
[I 2026-06-28 14:23:58,487] Trial 30 pruned. 
[I 2026-06-28 14:35:28,563] Trial 31 pruned. 
[I 2026-06-28 14:48:07,371] Trial 32 finished with value: 0.6724511930585684 and parameters: {'embed_dim': 256, 'dec_emb_frac': 0.25, 'contrast_dim': 16, 'mask_ratio': 0.5594357216487673, 'dropout': 0.39006779609330605, 'n_enc_heads': 2, 'n_dec_frac': 1.0, 'dim_feedforward': 128, 'dim_feedforward_dec_frac': 0.5, 'beta': 7.366777664959878, 'gamma': 0.1548787526499768, 'pos_weight_scalar': 1.9295242181722188, 'focal_gamma': 1.369105925146941, 'n_enc_blocks': 8, 'n_dec_block_frac': 1.0, 'pretrain_frac': 0.5458529905014753, 'lr': 0.0003062555658201425, 'weight_decay': 0.007698339840230908}. Best is trial 25 with value: 0.7034220532319392.
[I 2026-06-28 15:01:36,120] Trial 33 pruned. 
[I 2026-06-28 15:14:18,731] Trial 34 pruned. 
[I 2026-06-28 15:27:26,549] Trial 35 finished with value: 0.6963249516441006 and parameters: {'embed_dim': 256, 'dec_emb_frac': 0.25, 'contrast_dim': 16, 'mask_ratio': 0.7044660306181272, 'dropout': 0.35353304827054877, 'n_enc_heads': 2, 'n_dec_frac': 1.0, 'dim_feedforward': 128, 'dim_feedforward_dec_frac': 0.5, 'beta': 7.88796068539238, 'gamma': 0.2453563375585487, 'pos_weight_scalar': 2.740397669113218, 'focal_gamma': 1.14772510025298, 'n_enc_blocks': 4, 'n_dec_block_frac': 1.0, 'pretrain_frac': 0.6424046584308862, 'lr': 0.0006187009243331906, 'weight_decay': 0.009839688480273095}. Best is trial 25 with value: 0.7034220532319392.
[I 2026-06-28 15:41:03,839] Trial 36 finished with value: 0.6932270916334662 and parameters: {'embed_dim': 128, 'dec_emb_frac': 0.25, 'contrast_dim': 16, 'mask_ratio': 0.7015812221641196, 'dropout': 0.3659445410000868, 'n_enc_heads': 2, 'n_dec_frac': 1.0, 'dim_feedforward': 128, 'dim_feedforward_dec_frac': 0.5, 'beta': 7.786493711061387, 'gamma': 0.2691931684458115, 'pos_weight_scalar': 3.4040115874880503, 'focal_gamma': 0.39615913213704135, 'n_enc_blocks': 4, 'n_dec_block_frac': 1.0, 'pretrain_frac': 0.6549948719458146, 'lr': 0.000619864646507283, 'weight_decay': 0.003396310929591576}. Best is trial 25 with value: 0.7034220532319392.
[I 2026-06-28 15:56:59,829] Trial 37 pruned. 
[I 2026-06-28 16:12:23,681] Trial 38 finished with value: 0.6718146718146718 and parameters: {'embed_dim': 256, 'dec_emb_frac': 0.25, 'contrast_dim': 16, 'mask_ratio': 0.4700232010343092, 'dropout': 0.4537624027888741, 'n_enc_heads': 4, 'n_dec_frac': 1.0, 'dim_feedforward': 128, 'dim_feedforward_dec_frac': 0.5, 'beta': 4.594008745918094, 'gamma': 0.21531879923775435, 'pos_weight_scalar': 2.810089106429909, 'focal_gamma': 0.750792940118924, 'n_enc_blocks': 4, 'n_dec_block_frac': 1.0, 'pretrain_frac': 0.7492470727008183, 'lr': 0.00013618344405961355, 'weight_decay': 0.0013765049928156717}. Best is trial 25 with value: 0.7034220532319392.
[I 2026-06-28 16:24:57,285] Trial 39 pruned. 
[I 2026-06-28 16:38:15,790] Trial 40 pruned. 
[I 2026-06-28 16:52:19,950] Trial 41 finished with value: 0.6926070038910506 and parameters: {'embed_dim': 128, 'dec_emb_frac': 0.25, 'contrast_dim': 16, 'mask_ratio': 0.7005689879439174, 'dropout': 0.3608687285606295, 'n_enc_heads': 2, 'n_dec_frac': 1.0, 'dim_feedforward': 128, 'dim_feedforward_dec_frac': 0.5, 'beta': 8.049615514720774, 'gamma': 0.31742021295324246, 'pos_weight_scalar': 3.402668287670811, 'focal_gamma': 0.4432914647706342, 'n_enc_blocks': 4, 'n_dec_block_frac': 1.0, 'pretrain_frac': 0.6514108584089412, 'lr': 0.0006601744295796279, 'weight_decay': 0.0022526623867341797}. Best is trial 25 with value: 0.7034220532319392.
[I 2026-06-28 17:08:35,905] Trial 42 finished with value: 0.6757281553398058 and parameters: {'embed_dim': 128, 'dec_emb_frac': 0.25, 'contrast_dim': 16, 'mask_ratio': 0.7165446364765984, 'dropout': 0.36254973598427914, 'n_enc_heads': 2, 'n_dec_frac': 1.0, 'dim_feedforward': 128, 'dim_feedforward_dec_frac': 0.5, 'beta': 7.721692322247226, 'gamma': 0.242156542103987, 'pos_weight_scalar': 4.249416624016898, 'focal_gamma': 0.18643689301692923, 'n_enc_blocks': 4, 'n_dec_block_frac': 1.0, 'pretrain_frac': 0.6969874552540343, 'lr': 0.0006513825669565645, 'weight_decay': 0.0032667523670826632}. Best is trial 25 with value: 0.7034220532319392.
[I 2026-06-28 17:20:25,551] Trial 43 pruned. 
[I 2026-06-28 17:35:01,443] Trial 44 finished with value: 0.6851851851851852 and parameters: {'embed_dim': 128, 'dec_emb_frac': 0.25, 'contrast_dim': 16, 'mask_ratio': 0.6981853032658831, 'dropout': 0.46220944626625543, 'n_enc_heads': 2, 'n_dec_frac': 1.0, 'dim_feedforward': 128, 'dim_feedforward_dec_frac': 0.5, 'beta': 6.7852855722980125, 'gamma': 0.5007887985283539, 'pos_weight_scalar': 3.7292600115936194, 'focal_gamma': -0.07546743329832117, 'n_enc_blocks': 4, 'n_dec_block_frac': 0.25, 'pretrain_frac': 0.6525371772903585, 'lr': 0.0002886554722577616, 'weight_decay': 0.003675883213936215}. Best is trial 25 with value: 0.7034220532319392.
[I 2026-06-28 17:47:13,172] Trial 45 pruned. 
[I 2026-06-28 18:00:33,675] Trial 46 pruned. 
[I 2026-06-28 18:14:10,443] Trial 47 finished with value: 0.7036328871892925 and parameters: {'embed_dim': 256, 'dec_emb_frac': 0.25, 'contrast_dim': 16, 'mask_ratio': 0.60202202089639, 'dropout': 0.4062367558379165, 'n_enc_heads': 2, 'n_dec_frac': 1.0, 'dim_feedforward': 128, 'dim_feedforward_dec_frac': 0.5, 'beta': 5.752188156272309, 'gamma': 0.22450224972622246, 'pos_weight_scalar': 1.7231025945719858, 'focal_gamma': -0.49824063923367334, 'n_enc_blocks': 4, 'n_dec_block_frac': 0.25, 'pretrain_frac': 0.6356388801539391, 'lr': 0.0002111881640265239, 'weight_decay': 0.004375100856436634}. Best is trial 47 with value: 0.7036328871892925.
[I 2026-06-28 18:25:23,352] Trial 48 finished with value: 0.700587084148728 and parameters: {'embed_dim': 256, 'dec_emb_frac': 0.25, 'contrast_dim': 16, 'mask_ratio': 0.5153596341732318, 'dropout': 0.39882076187925, 'n_enc_heads': 1, 'n_dec_frac': 1.0, 'dim_feedforward': 512, 'dim_feedforward_dec_frac': 1.0, 'beta': 4.8548058223398725, 'gamma': 0.11037975123472771, 'pos_weight_scalar': 1.7270687342988174, 'focal_gamma': -0.9887350190806115, 'n_enc_blocks': 6, 'n_dec_block_frac': 0.25, 'pretrain_frac': 0.5312576448853235, 'lr': 0.00020576833317875862, 'weight_decay': 0.007766069731803212}. Best is trial 47 with value: 0.7036328871892925.
[I 2026-06-28 18:36:16,456] Trial 49 pruned. 
[2026-06-28T18:45:16.014] error: *** JOB 10364657 ON della-i14g5 CANCELLED AT 2026-06-28T18:45:16 DUE TO TIME LIMIT ***
